running egg_info
writing ../build/weeding/weeding.egg-info/PKG-INFO
writing dependency_links to ../build/weeding/weeding.egg-info/dependency_links.txt
writing entry points to ../build/weeding/weeding.egg-info/entry_points.txt
writing requirements to ../build/weeding/weeding.egg-info/requires.txt
writing top-level names to ../build/weeding/weeding.egg-info/top_level.txt
reading manifest file '../build/weeding/weeding.egg-info/SOURCES.txt'
writing manifest file '../build/weeding/weeding.egg-info/SOURCES.txt'
running build
running build_py
copying weeding/scripts.py -> /media/psf/Home/Desktop/machine/src/build/weeding/build/lib/weeding
running install
/home/parallels/.local/lib/python3.8/site-packages/setuptools/command/install.py:34: SetuptoolsDeprecationWarning: setup.py install is deprecated. Use build and pip and other standards-based tools.
  warnings.warn(
running install_lib
copying /media/psf/Home/Desktop/machine/src/build/weeding/build/lib/weeding/scripts.py -> /media/psf/Home/Desktop/machine/src/install/weeding/lib/python3.8/site-packages/weeding
byte-compiling /media/psf/Home/Desktop/machine/src/install/weeding/lib/python3.8/site-packages/weeding/scripts.py to scripts.cpython-38.pyc
running install_data
running install_egg_info
removing '/media/psf/Home/Desktop/machine/src/install/weeding/lib/python3.8/site-packages/weeding-0.0.0-py3.8.egg-info' (and everything under it)
Copying ../build/weeding/weeding.egg-info to /media/psf/Home/Desktop/machine/src/install/weeding/lib/python3.8/site-packages/weeding-0.0.0-py3.8.egg-info
running install_scripts
Installing camera_node script to /media/psf/Home/Desktop/machine/src/install/weeding/lib/weeding
Installing weeding_node script to /media/psf/Home/Desktop/machine/src/install/weeding/lib/weeding
writing list of installed files to '/media/psf/Home/Desktop/machine/src/build/weeding/install.log'
