[2.111s] Invoking command in '/media/psf/Home/Desktop/machine/src/weeding': PYTHONPATH=/media/psf/Home/Desktop/machine/src/install/weeding/lib/python3.8/site-packages:${PYTHONPATH} /usr/bin/python3 setup.py egg_info --egg-base ../build/weeding build --build-base /media/psf/Home/Desktop/machine/src/build/weeding/build install --prefix /media/psf/Home/Desktop/machine/src/install/weeding --record /media/psf/Home/Desktop/machine/src/build/weeding/install.log --single-version-externally-managed
[3.088s] running egg_info
[3.155s] writing ../build/weeding/weeding.egg-info/PKG-INFO
[3.221s] writing dependency_links to ../build/weeding/weeding.egg-info/dependency_links.txt
[3.382s] writing entry points to ../build/weeding/weeding.egg-info/entry_points.txt
[3.493s] writing requirements to ../build/weeding/weeding.egg-info/requires.txt
[3.545s] writing top-level names to ../build/weeding/weeding.egg-info/top_level.txt
[3.648s] reading manifest file '../build/weeding/weeding.egg-info/SOURCES.txt'
[3.650s] writing manifest file '../build/weeding/weeding.egg-info/SOURCES.txt'
[3.651s] running build
[3.652s] running build_py
[3.653s] copying weeding/scripts.py -> /media/psf/Home/Desktop/machine/src/build/weeding/build/lib/weeding
[3.656s] running install
[3.656s] /home/parallels/.local/lib/python3.8/site-packages/setuptools/command/install.py:34: SetuptoolsDeprecationWarning: setup.py install is deprecated. Use build and pip and other standards-based tools.
[3.657s]   warnings.warn(
[3.661s] running install_lib
[3.735s] copying /media/psf/Home/Desktop/machine/src/build/weeding/build/lib/weeding/scripts.py -> /media/psf/Home/Desktop/machine/src/install/weeding/lib/python3.8/site-packages/weeding
[3.739s] byte-compiling /media/psf/Home/Desktop/machine/src/install/weeding/lib/python3.8/site-packages/weeding/scripts.py to scripts.cpython-38.pyc
[3.742s] running install_data
[3.759s] running install_egg_info
[3.823s] removing '/media/psf/Home/Desktop/machine/src/install/weeding/lib/python3.8/site-packages/weeding-0.0.0-py3.8.egg-info' (and everything under it)
[3.829s] Copying ../build/weeding/weeding.egg-info to /media/psf/Home/Desktop/machine/src/install/weeding/lib/python3.8/site-packages/weeding-0.0.0-py3.8.egg-info
[3.846s] running install_scripts
[3.987s] Installing camera_node script to /media/psf/Home/Desktop/machine/src/install/weeding/lib/weeding
[3.989s] Installing weeding_node script to /media/psf/Home/Desktop/machine/src/install/weeding/lib/weeding
[3.993s] writing list of installed files to '/media/psf/Home/Desktop/machine/src/build/weeding/install.log'
[4.029s] Invoked command in '/media/psf/Home/Desktop/machine/src/weeding' returned '0': PYTHONPATH=/media/psf/Home/Desktop/machine/src/install/weeding/lib/python3.8/site-packages:${PYTHONPATH} /usr/bin/python3 setup.py egg_info --egg-base ../build/weeding build --build-base /media/psf/Home/Desktop/machine/src/build/weeding/build install --prefix /media/psf/Home/Desktop/machine/src/install/weeding --record /media/psf/Home/Desktop/machine/src/build/weeding/install.log --single-version-externally-managed
