[0.989s] Invoking command in '/media/psf/Home/Desktop/machine/src/configure': PYTHONPATH=/media/psf/Home/Desktop/machine/src/install/configure/lib/python3.8/site-packages:${PYTHONPATH} /usr/bin/python3 setup.py egg_info --egg-base ../build/configure build --build-base /media/psf/Home/Desktop/machine/src/build/configure/build install --prefix /media/psf/Home/Desktop/machine/src/install/configure --record /media/psf/Home/Desktop/machine/src/build/configure/install.log --single-version-externally-managed
[1.220s] running egg_info
[1.221s] writing ../build/configure/configure.egg-info/PKG-INFO
[1.224s] writing dependency_links to ../build/configure/configure.egg-info/dependency_links.txt
[1.227s] writing entry points to ../build/configure/configure.egg-info/entry_points.txt
[1.229s] writing requirements to ../build/configure/configure.egg-info/requires.txt
[1.230s] writing top-level names to ../build/configure/configure.egg-info/top_level.txt
[1.274s] reading manifest file '../build/configure/configure.egg-info/SOURCES.txt'
[1.277s] writing manifest file '../build/configure/configure.egg-info/SOURCES.txt'
[1.278s] running build
[1.278s] running build_py
[1.280s] running install
[1.281s] running install_lib
[1.284s] running install_data
[1.285s] running install_egg_info
[1.287s] removing '/media/psf/Home/Desktop/machine/src/install/configure/lib/python3.8/site-packages/configure-0.0.0-py3.8.egg-info' (and everything under it)
[1.291s] Copying ../build/configure/configure.egg-info to /media/psf/Home/Desktop/machine/src/install/configure/lib/python3.8/site-packages/configure-0.0.0-py3.8.egg-info
[1.313s] running install_scripts
[1.335s] Installing configure_node script to /media/psf/Home/Desktop/machine/src/install/configure/lib/configure
[1.337s] writing list of installed files to '/media/psf/Home/Desktop/machine/src/build/configure/install.log'
[1.361s] Invoked command in '/media/psf/Home/Desktop/machine/src/configure' returned '0': PYTHONPATH=/media/psf/Home/Desktop/machine/src/install/configure/lib/python3.8/site-packages:${PYTHONPATH} /usr/bin/python3 setup.py egg_info --egg-base ../build/configure build --build-base /media/psf/Home/Desktop/machine/src/build/configure/build install --prefix /media/psf/Home/Desktop/machine/src/install/configure --record /media/psf/Home/Desktop/machine/src/build/configure/install.log --single-version-externally-managed
