[0.587s] Invoking command in '/media/psf/Home/Desktop/machine/src/wheel': PYTHONPATH=/media/psf/Home/Desktop/machine/src/install/wheel/lib/python3.8/site-packages:${PYTHONPATH} /usr/bin/python3 setup.py egg_info --egg-base ../build/wheel build --build-base /media/psf/Home/Desktop/machine/src/build/wheel/build install --prefix /media/psf/Home/Desktop/machine/src/install/wheel --record /media/psf/Home/Desktop/machine/src/build/wheel/install.log --single-version-externally-managed
[0.781s] running egg_info
[0.782s] writing ../build/wheel/wheel.egg-info/PKG-INFO
[0.783s] writing dependency_links to ../build/wheel/wheel.egg-info/dependency_links.txt
[0.785s] writing entry points to ../build/wheel/wheel.egg-info/entry_points.txt
[0.786s] writing requirements to ../build/wheel/wheel.egg-info/requires.txt
[0.787s] writing top-level names to ../build/wheel/wheel.egg-info/top_level.txt
[0.826s] reading manifest file '../build/wheel/wheel.egg-info/SOURCES.txt'
[0.828s] writing manifest file '../build/wheel/wheel.egg-info/SOURCES.txt'
[0.829s] running build
[0.829s] running build_py
[0.831s] running install
[0.831s] running install_lib
[0.835s] running install_data
[0.835s] running install_egg_info
[0.837s] removing '/media/psf/Home/Desktop/machine/src/install/wheel/lib/python3.8/site-packages/wheel-0.0.0-py3.8.egg-info' (and everything under it)
[0.840s] Copying ../build/wheel/wheel.egg-info to /media/psf/Home/Desktop/machine/src/install/wheel/lib/python3.8/site-packages/wheel-0.0.0-py3.8.egg-info
[0.863s] running install_scripts
[0.882s] Installing wheel_node_go script to /media/psf/Home/Desktop/machine/src/install/wheel/lib/wheel
[0.885s] Installing wheel_node_stop script to /media/psf/Home/Desktop/machine/src/install/wheel/lib/wheel
[0.888s] writing list of installed files to '/media/psf/Home/Desktop/machine/src/build/wheel/install.log'
[0.924s] Invoked command in '/media/psf/Home/Desktop/machine/src/wheel' returned '0': PYTHONPATH=/media/psf/Home/Desktop/machine/src/install/wheel/lib/python3.8/site-packages:${PYTHONPATH} /usr/bin/python3 setup.py egg_info --egg-base ../build/wheel build --build-base /media/psf/Home/Desktop/machine/src/build/wheel/build install --prefix /media/psf/Home/Desktop/machine/src/install/wheel --record /media/psf/Home/Desktop/machine/src/build/wheel/install.log --single-version-externally-managed
