running egg_info
creating ../build/weeding/weeding.egg-info
writing ../build/weeding/weeding.egg-info/PKG-INFO
writing dependency_links to ../build/weeding/weeding.egg-info/dependency_links.txt
writing entry points to ../build/weeding/weeding.egg-info/entry_points.txt
writing requirements to ../build/weeding/weeding.egg-info/requires.txt
writing top-level names to ../build/weeding/weeding.egg-info/top_level.txt
writing manifest file '../build/weeding/weeding.egg-info/SOURCES.txt'
reading manifest file '../build/weeding/weeding.egg-info/SOURCES.txt'
writing manifest file '../build/weeding/weeding.egg-info/SOURCES.txt'
running build
running build_py
creating /media/psf/Home/Desktop/machine/src/build/weeding/build
creating /media/psf/Home/Desktop/machine/src/build/weeding/build/lib
creating /media/psf/Home/Desktop/machine/src/build/weeding/build/lib/weeding
copying weeding/__init__.py -> /media/psf/Home/Desktop/machine/src/build/weeding/build/lib/weeding
copying weeding/weeding.py -> /media/psf/Home/Desktop/machine/src/build/weeding/build/lib/weeding
running install
running install_lib
creating /media/psf/Home/Desktop/machine/src/install/weeding/lib/python3.8/site-packages/weeding
copying /media/psf/Home/Desktop/machine/src/build/weeding/build/lib/weeding/__init__.py -> /media/psf/Home/Desktop/machine/src/install/weeding/lib/python3.8/site-packages/weeding
copying /media/psf/Home/Desktop/machine/src/build/weeding/build/lib/weeding/weeding.py -> /media/psf/Home/Desktop/machine/src/install/weeding/lib/python3.8/site-packages/weeding
byte-compiling /media/psf/Home/Desktop/machine/src/install/weeding/lib/python3.8/site-packages/weeding/__init__.py to __init__.cpython-38.pyc
byte-compiling /media/psf/Home/Desktop/machine/src/install/weeding/lib/python3.8/site-packages/weeding/weeding.py to weeding.cpython-38.pyc
running install_data
creating /media/psf/Home/Desktop/machine/src/install/weeding/share/ament_index
creating /media/psf/Home/Desktop/machine/src/install/weeding/share/ament_index/resource_index
creating /media/psf/Home/Desktop/machine/src/install/weeding/share/ament_index/resource_index/packages
copying resource/weeding -> /media/psf/Home/Desktop/machine/src/install/weeding/share/ament_index/resource_index/packages
copying package.xml -> /media/psf/Home/Desktop/machine/src/install/weeding/share/weeding
running install_egg_info
Copying ../build/weeding/weeding.egg-info to /media/psf/Home/Desktop/machine/src/install/weeding/lib/python3.8/site-packages/weeding-0.0.0-py3.8.egg-info
running install_scripts
Installing weeding_node script to /media/psf/Home/Desktop/machine/src/install/weeding/lib/weeding
writing list of installed files to '/media/psf/Home/Desktop/machine/src/build/weeding/install.log'
