[1.943s] Invoking command in '/media/psf/Home/Desktop/machine/src/weeding': PYTHONPATH=/media/psf/Home/Desktop/machine/src/install/weeding/lib/python3.8/site-packages:${PYTHONPATH} /usr/bin/python3 setup.py egg_info --egg-base ../build/weeding build --build-base /media/psf/Home/Desktop/machine/src/build/weeding/build install --prefix /media/psf/Home/Desktop/machine/src/install/weeding --record /media/psf/Home/Desktop/machine/src/build/weeding/install.log --single-version-externally-managed
[2.220s] /home/parallels/.local/lib/python3.8/site-packages/setuptools/dist.py:772: UserWarning: Usage of dash-separated 'script-dir' will not be supported in future versions. Please use the underscore name 'script_dir' instead
[2.221s]   warnings.warn(
[2.222s] /home/parallels/.local/lib/python3.8/site-packages/setuptools/dist.py:772: UserWarning: Usage of dash-separated 'install-scripts' will not be supported in future versions. Please use the underscore name 'install_scripts' instead
[2.223s]   warnings.warn(
[2.841s] running egg_info
[2.842s] creating ../build/weeding/weeding.egg-info
[2.905s] writing ../build/weeding/weeding.egg-info/PKG-INFO
[2.955s] writing dependency_links to ../build/weeding/weeding.egg-info/dependency_links.txt
[3.109s] writing entry points to ../build/weeding/weeding.egg-info/entry_points.txt
[3.206s] writing requirements to ../build/weeding/weeding.egg-info/requires.txt
[3.257s] writing top-level names to ../build/weeding/weeding.egg-info/top_level.txt
[3.261s] writing manifest file '../build/weeding/weeding.egg-info/SOURCES.txt'
[3.358s] reading manifest file '../build/weeding/weeding.egg-info/SOURCES.txt'
[3.360s] writing manifest file '../build/weeding/weeding.egg-info/SOURCES.txt'
[3.361s] running build
[3.361s] running build_py
[3.362s] creating /media/psf/Home/Desktop/machine/src/build/weeding/build
[3.363s] creating /media/psf/Home/Desktop/machine/src/build/weeding/build/lib
[3.363s] creating /media/psf/Home/Desktop/machine/src/build/weeding/build/lib/weeding
[3.364s] copying weeding/__init__.py -> /media/psf/Home/Desktop/machine/src/build/weeding/build/lib/weeding
[3.366s] copying weeding/weeding.py -> /media/psf/Home/Desktop/machine/src/build/weeding/build/lib/weeding
[3.368s] running install
[3.369s] /home/parallels/.local/lib/python3.8/site-packages/setuptools/command/install.py:34: SetuptoolsDeprecationWarning: setup.py install is deprecated. Use build and pip and other standards-based tools.
[3.370s]   warnings.warn(
[3.373s] running install_lib
[3.441s] creating /media/psf/Home/Desktop/machine/src/install/weeding/lib/python3.8/site-packages/weeding
[3.442s] copying /media/psf/Home/Desktop/machine/src/build/weeding/build/lib/weeding/__init__.py -> /media/psf/Home/Desktop/machine/src/install/weeding/lib/python3.8/site-packages/weeding
[3.445s] copying /media/psf/Home/Desktop/machine/src/build/weeding/build/lib/weeding/weeding.py -> /media/psf/Home/Desktop/machine/src/install/weeding/lib/python3.8/site-packages/weeding
[3.447s] byte-compiling /media/psf/Home/Desktop/machine/src/install/weeding/lib/python3.8/site-packages/weeding/__init__.py to __init__.cpython-38.pyc
[3.450s] byte-compiling /media/psf/Home/Desktop/machine/src/install/weeding/lib/python3.8/site-packages/weeding/weeding.py to weeding.cpython-38.pyc
[3.452s] running install_data
[3.468s] creating /media/psf/Home/Desktop/machine/src/install/weeding/share/ament_index
[3.469s] creating /media/psf/Home/Desktop/machine/src/install/weeding/share/ament_index/resource_index
[3.469s] creating /media/psf/Home/Desktop/machine/src/install/weeding/share/ament_index/resource_index/packages
[3.470s] copying resource/weeding -> /media/psf/Home/Desktop/machine/src/install/weeding/share/ament_index/resource_index/packages
[3.473s] copying package.xml -> /media/psf/Home/Desktop/machine/src/install/weeding/share/weeding
[3.475s] running install_egg_info
[3.546s] Copying ../build/weeding/weeding.egg-info to /media/psf/Home/Desktop/machine/src/install/weeding/lib/python3.8/site-packages/weeding-0.0.0-py3.8.egg-info
[3.564s] running install_scripts
[3.693s] Installing weeding_node script to /media/psf/Home/Desktop/machine/src/install/weeding/lib/weeding
[3.695s] writing list of installed files to '/media/psf/Home/Desktop/machine/src/build/weeding/install.log'
[3.726s] Invoked command in '/media/psf/Home/Desktop/machine/src/weeding' returned '0': PYTHONPATH=/media/psf/Home/Desktop/machine/src/install/weeding/lib/python3.8/site-packages:${PYTHONPATH} /usr/bin/python3 setup.py egg_info --egg-base ../build/weeding build --build-base /media/psf/Home/Desktop/machine/src/build/weeding/build install --prefix /media/psf/Home/Desktop/machine/src/install/weeding --record /media/psf/Home/Desktop/machine/src/build/weeding/install.log --single-version-externally-managed
