[1.364s] Invoking command in '/media/psf/Home/Desktop/machine/src/weeding': PYTHONPATH=/media/psf/Home/Desktop/machine/src/install/weeding/lib/python3.8/site-packages:${PYTHONPATH} /usr/bin/python3 setup.py egg_info --egg-base ../build/weeding build --build-base /media/psf/Home/Desktop/machine/src/build/weeding/build install --prefix /media/psf/Home/Desktop/machine/src/install/weeding --record /media/psf/Home/Desktop/machine/src/build/weeding/install.log --single-version-externally-managed
[1.915s] running egg_info
[1.916s] writing ../build/weeding/weeding.egg-info/PKG-INFO
[1.918s] writing dependency_links to ../build/weeding/weeding.egg-info/dependency_links.txt
[1.919s] writing entry points to ../build/weeding/weeding.egg-info/entry_points.txt
[1.920s] writing requirements to ../build/weeding/weeding.egg-info/requires.txt
[1.921s] writing top-level names to ../build/weeding/weeding.egg-info/top_level.txt
[1.931s] reading manifest file '../build/weeding/weeding.egg-info/SOURCES.txt'
[1.938s] writing manifest file '../build/weeding/weeding.egg-info/SOURCES.txt'
[1.939s] running build
[1.940s] running build_py
[1.943s] running install
[1.944s] running install_lib
[1.951s] running install_data
[1.955s] running install_egg_info
[1.960s] removing '/media/psf/Home/Desktop/machine/src/install/weeding/lib/python3.8/site-packages/weeding-0.0.0-py3.8.egg-info' (and everything under it)
[1.965s] Copying ../build/weeding/weeding.egg-info to /media/psf/Home/Desktop/machine/src/install/weeding/lib/python3.8/site-packages/weeding-0.0.0-py3.8.egg-info
[1.991s] running install_scripts
[2.028s] Installing camera_node script to /media/psf/Home/Desktop/machine/src/install/weeding/lib/weeding
[2.034s] Installing weeding_node script to /media/psf/Home/Desktop/machine/src/install/weeding/lib/weeding
[2.037s] writing list of installed files to '/media/psf/Home/Desktop/machine/src/build/weeding/install.log'
[2.084s] Invoked command in '/media/psf/Home/Desktop/machine/src/weeding' returned '0': PYTHONPATH=/media/psf/Home/Desktop/machine/src/install/weeding/lib/python3.8/site-packages:${PYTHONPATH} /usr/bin/python3 setup.py egg_info --egg-base ../build/weeding build --build-base /media/psf/Home/Desktop/machine/src/build/weeding/build install --prefix /media/psf/Home/Desktop/machine/src/install/weeding --record /media/psf/Home/Desktop/machine/src/build/weeding/install.log --single-version-externally-managed
