[0.769s] Invoking command in '/home/machine/src/wheel': PYTHONPATH=/home/machine/src/install/wheel/lib/python3.8/site-packages:${PYTHONPATH} /usr/bin/python3 setup.py egg_info --egg-base ../build/wheel build --build-base /home/machine/src/build/wheel/build install --prefix /home/machine/src/install/wheel --record /home/machine/src/build/wheel/install.log --single-version-externally-managed
[1.094s] running egg_info
[1.099s] writing ../build/wheel/wheel.egg-info/PKG-INFO
[1.103s] writing dependency_links to ../build/wheel/wheel.egg-info/dependency_links.txt
[1.111s] writing entry points to ../build/wheel/wheel.egg-info/entry_points.txt
[1.116s] writing requirements to ../build/wheel/wheel.egg-info/requires.txt
[1.122s] writing top-level names to ../build/wheel/wheel.egg-info/top_level.txt
[1.200s] reading manifest file '../build/wheel/wheel.egg-info/SOURCES.txt'
[1.212s] writing manifest file '../build/wheel/wheel.egg-info/SOURCES.txt'
[1.218s] running build
[1.221s] running build_py
[1.226s] running install
[1.230s] running install_lib
[1.239s] running install_data
[1.243s] running install_egg_info
[1.248s] removing '/home/machine/src/install/wheel/lib/python3.8/site-packages/wheel-0.0.0-py3.8.egg-info' (and everything under it)
[1.268s] Copying ../build/wheel/wheel.egg-info to /home/machine/src/install/wheel/lib/python3.8/site-packages/wheel-0.0.0-py3.8.egg-info
[1.404s] running install_scripts
[1.444s] Installing wheel_node_go script to /home/machine/src/install/wheel/lib/wheel
[1.459s] Installing wheel_node_stop script to /home/machine/src/install/wheel/lib/wheel
[1.467s] writing list of installed files to '/home/machine/src/build/wheel/install.log'
[1.511s] Invoked command in '/home/machine/src/wheel' returned '0': PYTHONPATH=/home/machine/src/install/wheel/lib/python3.8/site-packages:${PYTHONPATH} /usr/bin/python3 setup.py egg_info --egg-base ../build/wheel build --build-base /home/machine/src/build/wheel/build install --prefix /home/machine/src/install/wheel --record /home/machine/src/build/wheel/install.log --single-version-externally-managed
