[0.648s] Invoking command in '/media/psf/Home/Desktop/machine/src/wheel': PYTHONPATH=/media/psf/Home/Desktop/machine/src/install/wheel/lib/python3.8/site-packages:${PYTHONPATH} /usr/bin/python3 setup.py egg_info --egg-base ../build/wheel build --build-base /media/psf/Home/Desktop/machine/src/build/wheel/build install --prefix /media/psf/Home/Desktop/machine/src/install/wheel --record /media/psf/Home/Desktop/machine/src/build/wheel/install.log --single-version-externally-managed
[0.854s] running egg_info
[0.855s] writing ../build/wheel/wheel.egg-info/PKG-INFO
[0.858s] writing dependency_links to ../build/wheel/wheel.egg-info/dependency_links.txt
[0.859s] writing entry points to ../build/wheel/wheel.egg-info/entry_points.txt
[0.861s] writing requirements to ../build/wheel/wheel.egg-info/requires.txt
[0.862s] writing top-level names to ../build/wheel/wheel.egg-info/top_level.txt
[0.906s] reading manifest file '../build/wheel/wheel.egg-info/SOURCES.txt'
[0.908s] writing manifest file '../build/wheel/wheel.egg-info/SOURCES.txt'
[0.909s] running build
[0.910s] running build_py
[0.912s] running install
[0.912s] running install_lib
[0.916s] running install_data
[0.917s] running install_egg_info
[0.919s] removing '/media/psf/Home/Desktop/machine/src/install/wheel/lib/python3.8/site-packages/wheel-0.0.0-py3.8.egg-info' (and everything under it)
[0.921s] Copying ../build/wheel/wheel.egg-info to /media/psf/Home/Desktop/machine/src/install/wheel/lib/python3.8/site-packages/wheel-0.0.0-py3.8.egg-info
[0.946s] running install_scripts
[0.960s] Installing wheel_node_go script to /media/psf/Home/Desktop/machine/src/install/wheel/lib/wheel
[0.963s] Installing wheel_node_stop script to /media/psf/Home/Desktop/machine/src/install/wheel/lib/wheel
[0.967s] writing list of installed files to '/media/psf/Home/Desktop/machine/src/build/wheel/install.log'
[0.987s] Invoked command in '/media/psf/Home/Desktop/machine/src/wheel' returned '0': PYTHONPATH=/media/psf/Home/Desktop/machine/src/install/wheel/lib/python3.8/site-packages:${PYTHONPATH} /usr/bin/python3 setup.py egg_info --egg-base ../build/wheel build --build-base /media/psf/Home/Desktop/machine/src/build/wheel/build install --prefix /media/psf/Home/Desktop/machine/src/install/wheel --record /media/psf/Home/Desktop/machine/src/build/wheel/install.log --single-version-externally-managed
