[2.967s] Invoking command in '/media/psf/Home/Desktop/machine/src/configure': PYTHONPATH=/media/psf/Home/Desktop/machine/src/install/configure/lib/python3.8/site-packages:${PYTHONPATH} /usr/bin/python3 setup.py egg_info --egg-base ../build/configure build --build-base /media/psf/Home/Desktop/machine/src/build/configure/build install --prefix /media/psf/Home/Desktop/machine/src/install/configure --record /media/psf/Home/Desktop/machine/src/build/configure/install.log --single-version-externally-managed
[3.289s] /home/parallels/.local/lib/python3.8/site-packages/setuptools/dist.py:772: UserWarning: Usage of dash-separated 'script-dir' will not be supported in future versions. Please use the underscore name 'script_dir' instead
[3.289s]   warnings.warn(
[3.291s] /home/parallels/.local/lib/python3.8/site-packages/setuptools/dist.py:772: UserWarning: Usage of dash-separated 'install-scripts' will not be supported in future versions. Please use the underscore name 'install_scripts' instead
[3.291s]   warnings.warn(
[4.018s] running egg_info
[4.086s] writing ../build/configure/configure.egg-info/PKG-INFO
[4.144s] writing dependency_links to ../build/configure/configure.egg-info/dependency_links.txt
[4.296s] writing entry points to ../build/configure/configure.egg-info/entry_points.txt
[4.406s] writing requirements to ../build/configure/configure.egg-info/requires.txt
[4.455s] writing top-level names to ../build/configure/configure.egg-info/top_level.txt
[4.553s] reading manifest file '../build/configure/configure.egg-info/SOURCES.txt'
[4.556s] writing manifest file '../build/configure/configure.egg-info/SOURCES.txt'
[4.558s] running build
[4.559s] running build_py
[4.561s] running install
[4.561s] /home/parallels/.local/lib/python3.8/site-packages/setuptools/command/install.py:34: SetuptoolsDeprecationWarning: setup.py install is deprecated. Use build and pip and other standards-based tools.
[4.562s]   warnings.warn(
[4.568s] running install_lib
[4.646s] running install_data
[4.666s] running install_egg_info
[4.744s] removing '/media/psf/Home/Desktop/machine/src/install/configure/lib/python3.8/site-packages/configure-0.0.0-py3.8.egg-info' (and everything under it)
[4.750s] Copying ../build/configure/configure.egg-info to /media/psf/Home/Desktop/machine/src/install/configure/lib/python3.8/site-packages/configure-0.0.0-py3.8.egg-info
[4.772s] running install_scripts
[4.923s] Installing configure_node script to /media/psf/Home/Desktop/machine/src/install/configure/lib/configure
[4.927s] writing list of installed files to '/media/psf/Home/Desktop/machine/src/build/configure/install.log'
[4.975s] Invoked command in '/media/psf/Home/Desktop/machine/src/configure' returned '0': PYTHONPATH=/media/psf/Home/Desktop/machine/src/install/configure/lib/python3.8/site-packages:${PYTHONPATH} /usr/bin/python3 setup.py egg_info --egg-base ../build/configure build --build-base /media/psf/Home/Desktop/machine/src/build/configure/build install --prefix /media/psf/Home/Desktop/machine/src/install/configure --record /media/psf/Home/Desktop/machine/src/build/configure/install.log --single-version-externally-managed
