[0.848s] Invoking command in '/media/psf/Home/Desktop/machine/src/build/itof': CMAKE_PREFIX_PATH=${CMAKE_PREFIX_PATH}:/media/psf/Home/Desktop/machine/src/install/header:/media/psf/Home/Desktop/machine/src/install/configure:/media/psf/Home/Desktop/machine/src/install/config:/media/psf/Home/Desktop/machine/src/install/wheel:/opt/ros/foxy /usr/bin/cmake --build /media/psf/Home/Desktop/machine/src/build/itof -- -j2 -l2
[0.962s] [100%] Built target itof_node
[0.979s] Invoked command in '/media/psf/Home/Desktop/machine/src/build/itof' returned '0': CMAKE_PREFIX_PATH=${CMAKE_PREFIX_PATH}:/media/psf/Home/Desktop/machine/src/install/header:/media/psf/Home/Desktop/machine/src/install/configure:/media/psf/Home/Desktop/machine/src/install/config:/media/psf/Home/Desktop/machine/src/install/wheel:/opt/ros/foxy /usr/bin/cmake --build /media/psf/Home/Desktop/machine/src/build/itof -- -j2 -l2
[1.042s] Invoking command in '/media/psf/Home/Desktop/machine/src/build/itof': CMAKE_PREFIX_PATH=${CMAKE_PREFIX_PATH}:/media/psf/Home/Desktop/machine/src/install/header:/media/psf/Home/Desktop/machine/src/install/configure:/media/psf/Home/Desktop/machine/src/install/config:/media/psf/Home/Desktop/machine/src/install/wheel:/opt/ros/foxy /usr/bin/cmake --install /media/psf/Home/Desktop/machine/src/build/itof
[1.056s] -- Install configuration: ""
[1.057s] -- Up-to-date: /media/psf/Home/Desktop/machine/src/install/itof/share/ament_index/resource_index/package_run_dependencies/itof
[1.058s] -- Up-to-date: /media/psf/Home/Desktop/machine/src/install/itof/share/ament_index/resource_index/parent_prefix_path/itof
[1.059s] -- Up-to-date: /media/psf/Home/Desktop/machine/src/install/itof/share/itof/environment/ament_prefix_path.sh
[1.061s] -- Up-to-date: /media/psf/Home/Desktop/machine/src/install/itof/share/itof/environment/ament_prefix_path.dsv
[1.062s] -- Up-to-date: /media/psf/Home/Desktop/machine/src/install/itof/share/itof/environment/path.sh
[1.064s] -- Up-to-date: /media/psf/Home/Desktop/machine/src/install/itof/share/itof/environment/path.dsv
[1.065s] -- Up-to-date: /media/psf/Home/Desktop/machine/src/install/itof/share/itof/local_setup.bash
[1.066s] -- Up-to-date: /media/psf/Home/Desktop/machine/src/install/itof/share/itof/local_setup.sh
[1.067s] -- Up-to-date: /media/psf/Home/Desktop/machine/src/install/itof/share/itof/local_setup.zsh
[1.068s] -- Up-to-date: /media/psf/Home/Desktop/machine/src/install/itof/share/itof/local_setup.dsv
[1.069s] -- Installing: /media/psf/Home/Desktop/machine/src/install/itof/share/itof/package.dsv
[1.076s] -- Up-to-date: /media/psf/Home/Desktop/machine/src/install/itof/share/ament_index/resource_index/packages/itof
[1.078s] -- Up-to-date: /media/psf/Home/Desktop/machine/src/install/itof/share/itof/cmake/itofConfig.cmake
[1.079s] -- Up-to-date: /media/psf/Home/Desktop/machine/src/install/itof/share/itof/cmake/itofConfig-version.cmake
[1.080s] -- Up-to-date: /media/psf/Home/Desktop/machine/src/install/itof/share/itof/package.xml
[1.082s] -- Up-to-date: /media/psf/Home/Desktop/machine/src/install/itof/lib/itof/itof_node
[1.090s] Invoked command in '/media/psf/Home/Desktop/machine/src/build/itof' returned '0': CMAKE_PREFIX_PATH=${CMAKE_PREFIX_PATH}:/media/psf/Home/Desktop/machine/src/install/header:/media/psf/Home/Desktop/machine/src/install/configure:/media/psf/Home/Desktop/machine/src/install/config:/media/psf/Home/Desktop/machine/src/install/wheel:/opt/ros/foxy /usr/bin/cmake --install /media/psf/Home/Desktop/machine/src/build/itof
