[1.774s] Invoking command in '/media/psf/Home/Desktop/machine/src/weeding': PYTHONPATH=/media/psf/Home/Desktop/machine/src/install/weeding/lib/python3.8/site-packages:${PYTHONPATH} /usr/bin/python3 setup.py egg_info --egg-base ../build/weeding build --build-base /media/psf/Home/Desktop/machine/src/build/weeding/build install --prefix /media/psf/Home/Desktop/machine/src/install/weeding --record /media/psf/Home/Desktop/machine/src/build/weeding/install.log --single-version-externally-managed
[2.736s] running egg_info
[2.794s] writing ../build/weeding/weeding.egg-info/PKG-INFO
[2.844s] writing dependency_links to ../build/weeding/weeding.egg-info/dependency_links.txt
[2.979s] writing entry points to ../build/weeding/weeding.egg-info/entry_points.txt
[3.073s] writing requirements to ../build/weeding/weeding.egg-info/requires.txt
[3.119s] writing top-level names to ../build/weeding/weeding.egg-info/top_level.txt
[3.198s] reading manifest file '../build/weeding/weeding.egg-info/SOURCES.txt'
[3.200s] writing manifest file '../build/weeding/weeding.egg-info/SOURCES.txt'
[3.201s] running build
[3.201s] running build_py
[3.203s] running install
[3.204s] /home/parallels/.local/lib/python3.8/site-packages/setuptools/command/install.py:34: SetuptoolsDeprecationWarning: setup.py install is deprecated. Use build and pip and other standards-based tools.
[3.204s]   warnings.warn(
[3.208s] running install_lib
[3.270s] running install_data
[3.285s] running install_egg_info
[3.361s] removing '/media/psf/Home/Desktop/machine/src/install/weeding/lib/python3.8/site-packages/weeding-0.0.0-py3.8.egg-info' (and everything under it)
[3.366s] Copying ../build/weeding/weeding.egg-info to /media/psf/Home/Desktop/machine/src/install/weeding/lib/python3.8/site-packages/weeding-0.0.0-py3.8.egg-info
[3.382s] running install_scripts
[3.490s] Installing weeding_node script to /media/psf/Home/Desktop/machine/src/install/weeding/lib/weeding
[3.493s] writing list of installed files to '/media/psf/Home/Desktop/machine/src/build/weeding/install.log'
[3.524s] Invoked command in '/media/psf/Home/Desktop/machine/src/weeding' returned '0': PYTHONPATH=/media/psf/Home/Desktop/machine/src/install/weeding/lib/python3.8/site-packages:${PYTHONPATH} /usr/bin/python3 setup.py egg_info --egg-base ../build/weeding build --build-base /media/psf/Home/Desktop/machine/src/build/weeding/build install --prefix /media/psf/Home/Desktop/machine/src/install/weeding --record /media/psf/Home/Desktop/machine/src/build/weeding/install.log --single-version-externally-managed
