running egg_info
creating ../build/config/config.egg-info
writing ../build/config/config.egg-info/PKG-INFO
writing dependency_links to ../build/config/config.egg-info/dependency_links.txt
writing requirements to ../build/config/config.egg-info/requires.txt
writing top-level names to ../build/config/config.egg-info/top_level.txt
writing manifest file '../build/config/config.egg-info/SOURCES.txt'
reading manifest file '../build/config/config.egg-info/SOURCES.txt'
writing manifest file '../build/config/config.egg-info/SOURCES.txt'
running build
running build_py
creating /media/psf/Home/Desktop/machine/src/build/config/build
creating /media/psf/Home/Desktop/machine/src/build/config/build/lib
creating /media/psf/Home/Desktop/machine/src/build/config/build/lib/config
copying config/__init__.py -> /media/psf/Home/Desktop/machine/src/build/config/build/lib/config
running install
running install_lib
creating /media/psf/Home/Desktop/machine/src/install/config/lib/python3.8/site-packages/config
copying /media/psf/Home/Desktop/machine/src/build/config/build/lib/config/__init__.py -> /media/psf/Home/Desktop/machine/src/install/config/lib/python3.8/site-packages/config
byte-compiling /media/psf/Home/Desktop/machine/src/install/config/lib/python3.8/site-packages/config/__init__.py to __init__.cpython-38.pyc
running install_data
creating /media/psf/Home/Desktop/machine/src/install/config/share/ament_index
creating /media/psf/Home/Desktop/machine/src/install/config/share/ament_index/resource_index
creating /media/psf/Home/Desktop/machine/src/install/config/share/ament_index/resource_index/packages
copying resource/config -> /media/psf/Home/Desktop/machine/src/install/config/share/ament_index/resource_index/packages
copying package.xml -> /media/psf/Home/Desktop/machine/src/install/config/share/config
running install_egg_info
Copying ../build/config/config.egg-info to /media/psf/Home/Desktop/machine/src/install/config/lib/python3.8/site-packages/config-0.0.0-py3.8.egg-info
running install_scripts
writing list of installed files to '/media/psf/Home/Desktop/machine/src/build/config/install.log'
