[0.716s] Invoking command in '/media/psf/Home/Desktop/machine/src/weeding': PYTHONPATH=/media/psf/Home/Desktop/machine/src/install/weeding/lib/python3.8/site-packages:${PYTHONPATH} /usr/bin/python3 setup.py egg_info --egg-base ../build/weeding build --build-base /media/psf/Home/Desktop/machine/src/build/weeding/build install --prefix /media/psf/Home/Desktop/machine/src/install/weeding --record /media/psf/Home/Desktop/machine/src/build/weeding/install.log --single-version-externally-managed
[1.006s] running egg_info
[1.007s] writing ../build/weeding/weeding.egg-info/PKG-INFO
[1.009s] writing dependency_links to ../build/weeding/weeding.egg-info/dependency_links.txt
[1.011s] writing entry points to ../build/weeding/weeding.egg-info/entry_points.txt
[1.013s] writing requirements to ../build/weeding/weeding.egg-info/requires.txt
[1.014s] writing top-level names to ../build/weeding/weeding.egg-info/top_level.txt
[1.022s] reading manifest file '../build/weeding/weeding.egg-info/SOURCES.txt'
[1.024s] writing manifest file '../build/weeding/weeding.egg-info/SOURCES.txt'
[1.024s] running build
[1.025s] running build_py
[1.027s] running install
[1.029s] running install_lib
[1.033s] running install_data
[1.035s] running install_egg_info
[1.037s] removing '/media/psf/Home/Desktop/machine/src/install/weeding/lib/python3.8/site-packages/weeding-0.0.0-py3.8.egg-info' (and everything under it)
[1.041s] Copying ../build/weeding/weeding.egg-info to /media/psf/Home/Desktop/machine/src/install/weeding/lib/python3.8/site-packages/weeding-0.0.0-py3.8.egg-info
[1.059s] running install_scripts
[1.077s] Installing weeding_node script to /media/psf/Home/Desktop/machine/src/install/weeding/lib/weeding
[1.080s] writing list of installed files to '/media/psf/Home/Desktop/machine/src/build/weeding/install.log'
[1.104s] Invoked command in '/media/psf/Home/Desktop/machine/src/weeding' returned '0': PYTHONPATH=/media/psf/Home/Desktop/machine/src/install/weeding/lib/python3.8/site-packages:${PYTHONPATH} /usr/bin/python3 setup.py egg_info --egg-base ../build/weeding build --build-base /media/psf/Home/Desktop/machine/src/build/weeding/build install --prefix /media/psf/Home/Desktop/machine/src/install/weeding --record /media/psf/Home/Desktop/machine/src/build/weeding/install.log --single-version-externally-managed
