running egg_info
creating ../build/weeding/weeding.egg-info
writing ../build/weeding/weeding.egg-info/PKG-INFO
writing dependency_links to ../build/weeding/weeding.egg-info/dependency_links.txt
writing entry points to ../build/weeding/weeding.egg-info/entry_points.txt
writing requirements to ../build/weeding/weeding.egg-info/requires.txt
writing top-level names to ../build/weeding/weeding.egg-info/top_level.txt
writing manifest file '../build/weeding/weeding.egg-info/SOURCES.txt'
reading manifest file '../build/weeding/weeding.egg-info/SOURCES.txt'
writing manifest file '../build/weeding/weeding.egg-info/SOURCES.txt'
running build
running build_py
creating /home/machine/src/build/weeding/build
creating /home/machine/src/build/weeding/build/lib
creating /home/machine/src/build/weeding/build/lib/weeding
copying weeding/__init__.py -> /home/machine/src/build/weeding/build/lib/weeding
copying weeding/weeding.py -> /home/machine/src/build/weeding/build/lib/weeding
running install
running install_lib
creating /home/machine/src/install/weeding/lib/python3.8/site-packages/weeding
copying /home/machine/src/build/weeding/build/lib/weeding/__init__.py -> /home/machine/src/install/weeding/lib/python3.8/site-packages/weeding
copying /home/machine/src/build/weeding/build/lib/weeding/weeding.py -> /home/machine/src/install/weeding/lib/python3.8/site-packages/weeding
byte-compiling /home/machine/src/install/weeding/lib/python3.8/site-packages/weeding/__init__.py to __init__.cpython-38.pyc
byte-compiling /home/machine/src/install/weeding/lib/python3.8/site-packages/weeding/weeding.py to weeding.cpython-38.pyc
running install_data
creating /home/machine/src/install/weeding/share/ament_index
creating /home/machine/src/install/weeding/share/ament_index/resource_index
creating /home/machine/src/install/weeding/share/ament_index/resource_index/packages
copying resource/weeding -> /home/machine/src/install/weeding/share/ament_index/resource_index/packages
copying package.xml -> /home/machine/src/install/weeding/share/weeding
running install_egg_info
Copying ../build/weeding/weeding.egg-info to /home/machine/src/install/weeding/lib/python3.8/site-packages/weeding-0.0.0-py3.8.egg-info
running install_scripts
writing list of installed files to '/home/machine/src/build/weeding/install.log'
