[0.534s] Invoking command in '/media/psf/Home/Desktop/machine/src/wheel': PYTHONPATH=/media/psf/Home/Desktop/machine/src/install/wheel/lib/python3.8/site-packages:${PYTHONPATH} /usr/bin/python3 setup.py egg_info --egg-base ../build/wheel build --build-base /media/psf/Home/Desktop/machine/src/build/wheel/build install --prefix /media/psf/Home/Desktop/machine/src/install/wheel --record /media/psf/Home/Desktop/machine/src/build/wheel/install.log --single-version-externally-managed
[0.739s] running egg_info
[0.741s] writing ../build/wheel/wheel.egg-info/PKG-INFO
[0.742s] writing dependency_links to ../build/wheel/wheel.egg-info/dependency_links.txt
[0.744s] writing entry points to ../build/wheel/wheel.egg-info/entry_points.txt
[0.746s] writing requirements to ../build/wheel/wheel.egg-info/requires.txt
[0.747s] writing top-level names to ../build/wheel/wheel.egg-info/top_level.txt
[0.789s] reading manifest file '../build/wheel/wheel.egg-info/SOURCES.txt'
[0.792s] writing manifest file '../build/wheel/wheel.egg-info/SOURCES.txt'
[0.794s] running build
[0.794s] running build_py
[0.796s] running install
[0.797s] running install_lib
[0.801s] running install_data
[0.802s] running install_egg_info
[0.804s] removing '/media/psf/Home/Desktop/machine/src/install/wheel/lib/python3.8/site-packages/wheel-0.0.0-py3.8.egg-info' (and everything under it)
[0.808s] Copying ../build/wheel/wheel.egg-info to /media/psf/Home/Desktop/machine/src/install/wheel/lib/python3.8/site-packages/wheel-0.0.0-py3.8.egg-info
[0.827s] running install_scripts
[0.843s] Installing wheel_node_go script to /media/psf/Home/Desktop/machine/src/install/wheel/lib/wheel
[0.845s] Installing wheel_node_stop script to /media/psf/Home/Desktop/machine/src/install/wheel/lib/wheel
[0.848s] writing list of installed files to '/media/psf/Home/Desktop/machine/src/build/wheel/install.log'
[0.871s] Invoked command in '/media/psf/Home/Desktop/machine/src/wheel' returned '0': PYTHONPATH=/media/psf/Home/Desktop/machine/src/install/wheel/lib/python3.8/site-packages:${PYTHONPATH} /usr/bin/python3 setup.py egg_info --egg-base ../build/wheel build --build-base /media/psf/Home/Desktop/machine/src/build/wheel/build install --prefix /media/psf/Home/Desktop/machine/src/install/wheel --record /media/psf/Home/Desktop/machine/src/build/wheel/install.log --single-version-externally-managed
