[2.101s] Invoking command in '/media/psf/Home/Desktop/machine/src/weeding': PYTHONPATH=/media/psf/Home/Desktop/machine/src/install/weeding/lib/python3.8/site-packages:${PYTHONPATH} /usr/bin/python3 setup.py egg_info --egg-base ../build/weeding build --build-base /media/psf/Home/Desktop/machine/src/build/weeding/build install --prefix /media/psf/Home/Desktop/machine/src/install/weeding --record /media/psf/Home/Desktop/machine/src/build/weeding/install.log --single-version-externally-managed
[3.098s] running egg_info
[3.173s] writing ../build/weeding/weeding.egg-info/PKG-INFO
[3.234s] writing dependency_links to ../build/weeding/weeding.egg-info/dependency_links.txt
[3.403s] writing entry points to ../build/weeding/weeding.egg-info/entry_points.txt
[3.522s] writing requirements to ../build/weeding/weeding.egg-info/requires.txt
[3.580s] writing top-level names to ../build/weeding/weeding.egg-info/top_level.txt
[3.676s] reading manifest file '../build/weeding/weeding.egg-info/SOURCES.txt'
[3.678s] writing manifest file '../build/weeding/weeding.egg-info/SOURCES.txt'
[3.679s] running build
[3.679s] running build_py
[3.681s] running install
[3.682s] /home/parallels/.local/lib/python3.8/site-packages/setuptools/command/install.py:34: SetuptoolsDeprecationWarning: setup.py install is deprecated. Use build and pip and other standards-based tools.
[3.682s]   warnings.warn(
[3.687s] running install_lib
[3.772s] running install_data
[3.790s] running install_egg_info
[3.860s] removing '/media/psf/Home/Desktop/machine/src/install/weeding/lib/python3.8/site-packages/weeding-0.0.0-py3.8.egg-info' (and everything under it)
[3.865s] Copying ../build/weeding/weeding.egg-info to /media/psf/Home/Desktop/machine/src/install/weeding/lib/python3.8/site-packages/weeding-0.0.0-py3.8.egg-info
[3.886s] running install_scripts
[4.024s] Installing weeding_node script to /media/psf/Home/Desktop/machine/src/install/weeding/lib/weeding
[4.027s] writing list of installed files to '/media/psf/Home/Desktop/machine/src/build/weeding/install.log'
[4.073s] Invoked command in '/media/psf/Home/Desktop/machine/src/weeding' returned '0': PYTHONPATH=/media/psf/Home/Desktop/machine/src/install/weeding/lib/python3.8/site-packages:${PYTHONPATH} /usr/bin/python3 setup.py egg_info --egg-base ../build/weeding build --build-base /media/psf/Home/Desktop/machine/src/build/weeding/build install --prefix /media/psf/Home/Desktop/machine/src/install/weeding --record /media/psf/Home/Desktop/machine/src/build/weeding/install.log --single-version-externally-managed
