[0.604s] Invoking command in '/media/psf/Home/Desktop/machine/src/wheel': PYTHONPATH=/media/psf/Home/Desktop/machine/src/install/wheel/lib/python3.8/site-packages:${PYTHONPATH} /usr/bin/python3 setup.py egg_info --egg-base ../build/wheel build --build-base /media/psf/Home/Desktop/machine/src/build/wheel/build install --prefix /media/psf/Home/Desktop/machine/src/install/wheel --record /media/psf/Home/Desktop/machine/src/build/wheel/install.log --single-version-externally-managed
[0.802s] running egg_info
[0.803s] writing ../build/wheel/wheel.egg-info/PKG-INFO
[0.804s] writing dependency_links to ../build/wheel/wheel.egg-info/dependency_links.txt
[0.806s] writing entry points to ../build/wheel/wheel.egg-info/entry_points.txt
[0.807s] writing requirements to ../build/wheel/wheel.egg-info/requires.txt
[0.809s] writing top-level names to ../build/wheel/wheel.egg-info/top_level.txt
[0.847s] reading manifest file '../build/wheel/wheel.egg-info/SOURCES.txt'
[0.849s] writing manifest file '../build/wheel/wheel.egg-info/SOURCES.txt'
[0.850s] running build
[0.852s] running build_py
[0.855s] running install
[0.855s] running install_lib
[0.858s] running install_data
[0.859s] running install_egg_info
[0.861s] removing '/media/psf/Home/Desktop/machine/src/install/wheel/lib/python3.8/site-packages/wheel-0.0.0-py3.8.egg-info' (and everything under it)
[0.868s] Copying ../build/wheel/wheel.egg-info to /media/psf/Home/Desktop/machine/src/install/wheel/lib/python3.8/site-packages/wheel-0.0.0-py3.8.egg-info
[0.884s] running install_scripts
[0.900s] Installing wheel_node_go script to /media/psf/Home/Desktop/machine/src/install/wheel/lib/wheel
[0.902s] Installing wheel_node_stop script to /media/psf/Home/Desktop/machine/src/install/wheel/lib/wheel
[0.904s] writing list of installed files to '/media/psf/Home/Desktop/machine/src/build/wheel/install.log'
[0.925s] Invoked command in '/media/psf/Home/Desktop/machine/src/wheel' returned '0': PYTHONPATH=/media/psf/Home/Desktop/machine/src/install/wheel/lib/python3.8/site-packages:${PYTHONPATH} /usr/bin/python3 setup.py egg_info --egg-base ../build/wheel build --build-base /media/psf/Home/Desktop/machine/src/build/wheel/build install --prefix /media/psf/Home/Desktop/machine/src/install/wheel --record /media/psf/Home/Desktop/machine/src/build/wheel/install.log --single-version-externally-managed
