[0.578s] Invoking command in '/media/psf/Home/Desktop/machine/src/wheel': PYTHONPATH=/media/psf/Home/Desktop/machine/src/install/wheel/lib/python3.8/site-packages:${PYTHONPATH} /usr/bin/python3 setup.py egg_info --egg-base ../build/wheel build --build-base /media/psf/Home/Desktop/machine/src/build/wheel/build install --prefix /media/psf/Home/Desktop/machine/src/install/wheel --record /media/psf/Home/Desktop/machine/src/build/wheel/install.log --single-version-externally-managed
[0.769s] running egg_info
[0.771s] writing ../build/wheel/wheel.egg-info/PKG-INFO
[0.774s] writing dependency_links to ../build/wheel/wheel.egg-info/dependency_links.txt
[0.776s] writing entry points to ../build/wheel/wheel.egg-info/entry_points.txt
[0.778s] writing requirements to ../build/wheel/wheel.egg-info/requires.txt
[0.779s] writing top-level names to ../build/wheel/wheel.egg-info/top_level.txt
[0.823s] reading manifest file '../build/wheel/wheel.egg-info/SOURCES.txt'
[0.825s] writing manifest file '../build/wheel/wheel.egg-info/SOURCES.txt'
[0.826s] running build
[0.827s] running build_py
[0.828s] copying wheel/wheel_go.py -> /media/psf/Home/Desktop/machine/src/build/wheel/build/lib/wheel
[0.831s] running install
[0.831s] running install_lib
[0.835s] copying /media/psf/Home/Desktop/machine/src/build/wheel/build/lib/wheel/wheel_go.py -> /media/psf/Home/Desktop/machine/src/install/wheel/lib/python3.8/site-packages/wheel
[0.849s] byte-compiling /media/psf/Home/Desktop/machine/src/install/wheel/lib/python3.8/site-packages/wheel/wheel_go.py to wheel_go.cpython-38.pyc
[0.852s] running install_data
[0.853s] running install_egg_info
[0.854s] removing '/media/psf/Home/Desktop/machine/src/install/wheel/lib/python3.8/site-packages/wheel-0.0.0-py3.8.egg-info' (and everything under it)
[0.857s] Copying ../build/wheel/wheel.egg-info to /media/psf/Home/Desktop/machine/src/install/wheel/lib/python3.8/site-packages/wheel-0.0.0-py3.8.egg-info
[0.873s] running install_scripts
[0.890s] Installing wheel_node_go script to /media/psf/Home/Desktop/machine/src/install/wheel/lib/wheel
[0.893s] Installing wheel_node_stop script to /media/psf/Home/Desktop/machine/src/install/wheel/lib/wheel
[0.896s] writing list of installed files to '/media/psf/Home/Desktop/machine/src/build/wheel/install.log'
[0.917s] Invoked command in '/media/psf/Home/Desktop/machine/src/wheel' returned '0': PYTHONPATH=/media/psf/Home/Desktop/machine/src/install/wheel/lib/python3.8/site-packages:${PYTHONPATH} /usr/bin/python3 setup.py egg_info --egg-base ../build/wheel build --build-base /media/psf/Home/Desktop/machine/src/build/wheel/build install --prefix /media/psf/Home/Desktop/machine/src/install/wheel --record /media/psf/Home/Desktop/machine/src/build/wheel/install.log --single-version-externally-managed
