[2.740s] Invoking command in '/media/psf/Home/Desktop/machine/src/weeding': PYTHONPATH=/media/psf/Home/Desktop/machine/src/install/weeding/lib/python3.8/site-packages:${PYTHONPATH} /usr/bin/python3 setup.py egg_info --egg-base ../build/weeding build --build-base /media/psf/Home/Desktop/machine/src/build/weeding/build install --prefix /media/psf/Home/Desktop/machine/src/install/weeding --record /media/psf/Home/Desktop/machine/src/build/weeding/install.log --single-version-externally-managed
[3.038s] /home/parallels/.local/lib/python3.8/site-packages/setuptools/dist.py:772: UserWarning: Usage of dash-separated 'script-dir' will not be supported in future versions. Please use the underscore name 'script_dir' instead
[3.039s]   warnings.warn(
[3.039s] /home/parallels/.local/lib/python3.8/site-packages/setuptools/dist.py:772: UserWarning: Usage of dash-separated 'install-scripts' will not be supported in future versions. Please use the underscore name 'install_scripts' instead
[3.040s]   warnings.warn(
[3.747s] running egg_info
[3.814s] writing ../build/weeding/weeding.egg-info/PKG-INFO
[3.861s] writing dependency_links to ../build/weeding/weeding.egg-info/dependency_links.txt
[4.007s] writing entry points to ../build/weeding/weeding.egg-info/entry_points.txt
[4.102s] writing requirements to ../build/weeding/weeding.egg-info/requires.txt
[4.150s] writing top-level names to ../build/weeding/weeding.egg-info/top_level.txt
[4.237s] reading manifest file '../build/weeding/weeding.egg-info/SOURCES.txt'
[4.240s] writing manifest file '../build/weeding/weeding.egg-info/SOURCES.txt'
[4.241s] running build
[4.242s] running build_py
[4.243s] copying weeding/weeding.py -> /media/psf/Home/Desktop/machine/src/build/weeding/build/lib/weeding
[4.247s] running install
[4.248s] /home/parallels/.local/lib/python3.8/site-packages/setuptools/command/install.py:34: SetuptoolsDeprecationWarning: setup.py install is deprecated. Use build and pip and other standards-based tools.
[4.248s]   warnings.warn(
[4.254s] running install_lib
[4.327s] copying /media/psf/Home/Desktop/machine/src/build/weeding/build/lib/weeding/weeding.py -> /media/psf/Home/Desktop/machine/src/install/weeding/lib/python3.8/site-packages/weeding
[4.330s] byte-compiling /media/psf/Home/Desktop/machine/src/install/weeding/lib/python3.8/site-packages/weeding/weeding.py to weeding.cpython-38.pyc
[4.332s] running install_data
[4.353s] running install_egg_info
[4.431s] removing '/media/psf/Home/Desktop/machine/src/install/weeding/lib/python3.8/site-packages/weeding-0.0.0-py3.8.egg-info' (and everything under it)
[4.434s] Copying ../build/weeding/weeding.egg-info to /media/psf/Home/Desktop/machine/src/install/weeding/lib/python3.8/site-packages/weeding-0.0.0-py3.8.egg-info
[4.454s] running install_scripts
[4.586s] Installing weeding_node script to /media/psf/Home/Desktop/machine/src/install/weeding/lib/weeding
[4.588s] writing list of installed files to '/media/psf/Home/Desktop/machine/src/build/weeding/install.log'
[4.642s] Invoked command in '/media/psf/Home/Desktop/machine/src/weeding' returned '0': PYTHONPATH=/media/psf/Home/Desktop/machine/src/install/weeding/lib/python3.8/site-packages:${PYTHONPATH} /usr/bin/python3 setup.py egg_info --egg-base ../build/weeding build --build-base /media/psf/Home/Desktop/machine/src/build/weeding/build install --prefix /media/psf/Home/Desktop/machine/src/install/weeding --record /media/psf/Home/Desktop/machine/src/build/weeding/install.log --single-version-externally-managed
