[1.200s] Invoking command in '/media/psf/Home/Desktop/machine/src/motor': PYTHONPATH=/media/psf/Home/Desktop/machine/src/install/motor/lib/python3.8/site-packages:${PYTHONPATH} /usr/bin/python3 setup.py egg_info --egg-base ../build/motor build --build-base /media/psf/Home/Desktop/machine/src/build/motor/build install --prefix /media/psf/Home/Desktop/machine/src/install/motor --record /media/psf/Home/Desktop/machine/src/build/motor/install.log --single-version-externally-managed
[1.523s] running egg_info
[1.523s] writing ../build/motor/motor.egg-info/PKG-INFO
[1.525s] writing dependency_links to ../build/motor/motor.egg-info/dependency_links.txt
[1.526s] writing entry points to ../build/motor/motor.egg-info/entry_points.txt
[1.527s] writing requirements to ../build/motor/motor.egg-info/requires.txt
[1.528s] writing top-level names to ../build/motor/motor.egg-info/top_level.txt
[1.539s] reading manifest file '../build/motor/motor.egg-info/SOURCES.txt'
[1.544s] writing manifest file '../build/motor/motor.egg-info/SOURCES.txt'
[1.545s] running build
[1.545s] running build_py
[1.549s] copying motor/motor.py -> /media/psf/Home/Desktop/machine/src/build/motor/build/lib/motor
[1.551s] running install
[1.553s] running install_lib
[1.556s] copying /media/psf/Home/Desktop/machine/src/build/motor/build/lib/motor/motor.py -> /media/psf/Home/Desktop/machine/src/install/motor/lib/python3.8/site-packages/motor
[1.561s] byte-compiling /media/psf/Home/Desktop/machine/src/install/motor/lib/python3.8/site-packages/motor/motor.py to motor.cpython-38.pyc
[1.565s] running install_data
[1.568s] running install_egg_info
[1.573s] removing '/media/psf/Home/Desktop/machine/src/install/motor/lib/python3.8/site-packages/motor-0.0.0-py3.8.egg-info' (and everything under it)
[1.578s] Copying ../build/motor/motor.egg-info to /media/psf/Home/Desktop/machine/src/install/motor/lib/python3.8/site-packages/motor-0.0.0-py3.8.egg-info
[1.607s] running install_scripts
[1.634s] Installing motor_node script to /media/psf/Home/Desktop/machine/src/install/motor/lib/motor
[1.637s] writing list of installed files to '/media/psf/Home/Desktop/machine/src/build/motor/install.log'
[1.700s] Invoked command in '/media/psf/Home/Desktop/machine/src/motor' returned '0': PYTHONPATH=/media/psf/Home/Desktop/machine/src/install/motor/lib/python3.8/site-packages:${PYTHONPATH} /usr/bin/python3 setup.py egg_info --egg-base ../build/motor build --build-base /media/psf/Home/Desktop/machine/src/build/motor/build install --prefix /media/psf/Home/Desktop/machine/src/install/motor --record /media/psf/Home/Desktop/machine/src/build/motor/install.log --single-version-externally-managed
