[0.058s] Invoking command in '/media/psf/Home/Desktop/machine/src/build/itof': CMAKE_PREFIX_PATH=${CMAKE_PREFIX_PATH}:/home/parallels/Desktop/Parallels Shared Folders/Home/Desktop/machine/src/install/wheel:/opt/ros/foxy /usr/bin/cmake --build /media/psf/Home/Desktop/machine/src/build/itof -- -j2 -l2
[0.094s] -- Found ament_cmake: 0.9.9 (/opt/ros/foxy/share/ament_cmake/cmake)
[0.121s] -- Using PYTHON_EXECUTABLE: /usr/bin/python3
[0.337s] -- Found rclcpp: 2.4.1 (/opt/ros/foxy/share/rclcpp/cmake)
[0.387s] -- Using all available rosidl_typesupport_c: rosidl_typesupport_fastrtps_c;rosidl_typesupport_introspection_c
[0.391s] -- Found rosidl_adapter: 1.2.1 (/opt/ros/foxy/share/rosidl_adapter/cmake)
[0.614s] -- Using all available rosidl_typesupport_cpp: rosidl_typesupport_fastrtps_cpp;rosidl_typesupport_introspection_cpp
[0.670s] -- Found rmw_implementation_cmake: 1.0.3 (/opt/ros/foxy/share/rmw_implementation_cmake/cmake)
[0.672s] -- Using RMW implementation 'rmw_fastrtps_cpp' as default
[0.831s] -- Found ament_lint_auto: 0.9.6 (/opt/ros/foxy/share/ament_lint_auto/cmake)
[0.921s] -- Added test 'copyright' to check source files copyright and LICENSE
[0.960s] -- Added test 'cppcheck' to perform static code analysis on C / C++ code
[0.961s] -- Configured cppcheck include dirs: 
[0.961s] -- Configured cppcheck exclude dirs and/or files: 
[0.987s] -- Added test 'cpplint' to check C / C++ code against the Google style
[0.987s] -- Configured cpplint exclude dirs and/or files: 
[1.004s] -- Added test 'lint_cmake' to check CMake code style
[1.039s] -- Added test 'uncrustify' to check C / C++ code style
[1.040s] -- Configured uncrustify additional arguments: 
[1.044s] -- Added test 'xmllint' to check XML markup files
[1.052s] CMake Error at CMakeLists.txt:56 (install):
[1.053s]   install DIRECTORY given no DESTINATION!
[1.053s] 
[1.054s] 
[1.057s] -- Configuring incomplete, errors occurred!
[1.057s] See also "/media/psf/Home/Desktop/machine/src/build/itof/CMakeFiles/CMakeOutput.log".
[1.058s] See also "/media/psf/Home/Desktop/machine/src/build/itof/CMakeFiles/CMakeError.log".
[1.069s] make: *** [Makefile:266: cmake_check_build_system] Error 1
[1.070s] Invoked command in '/media/psf/Home/Desktop/machine/src/build/itof' returned '2': CMAKE_PREFIX_PATH=${CMAKE_PREFIX_PATH}:/home/parallels/Desktop/Parallels Shared Folders/Home/Desktop/machine/src/install/wheel:/opt/ros/foxy /usr/bin/cmake --build /media/psf/Home/Desktop/machine/src/build/itof -- -j2 -l2
