[1.132s] Invoking command in '/media/psf/Home/Desktop/machine/src/configure': PYTHONPATH=/media/psf/Home/Desktop/machine/src/install/configure/lib/python3.8/site-packages:${PYTHONPATH} /usr/bin/python3 setup.py egg_info --egg-base ../build/configure build --build-base /media/psf/Home/Desktop/machine/src/build/configure/build install --prefix /media/psf/Home/Desktop/machine/src/install/configure --record /media/psf/Home/Desktop/machine/src/build/configure/install.log --single-version-externally-managed
[1.369s] running egg_info
[1.370s] writing ../build/configure/configure.egg-info/PKG-INFO
[1.372s] writing dependency_links to ../build/configure/configure.egg-info/dependency_links.txt
[1.374s] writing entry points to ../build/configure/configure.egg-info/entry_points.txt
[1.376s] writing requirements to ../build/configure/configure.egg-info/requires.txt
[1.377s] writing top-level names to ../build/configure/configure.egg-info/top_level.txt
[1.419s] reading manifest file '../build/configure/configure.egg-info/SOURCES.txt'
[1.421s] writing manifest file '../build/configure/configure.egg-info/SOURCES.txt'
[1.422s] running build
[1.422s] running build_py
[1.423s] running install
[1.424s] running install_lib
[1.428s] running install_data
[1.430s] running install_egg_info
[1.433s] removing '/media/psf/Home/Desktop/machine/src/install/configure/lib/python3.8/site-packages/configure-0.0.0-py3.8.egg-info' (and everything under it)
[1.440s] Copying ../build/configure/configure.egg-info to /media/psf/Home/Desktop/machine/src/install/configure/lib/python3.8/site-packages/configure-0.0.0-py3.8.egg-info
[1.463s] running install_scripts
[1.485s] Installing configure script to /media/psf/Home/Desktop/machine/src/install/configure/lib/configure
[1.489s] writing list of installed files to '/media/psf/Home/Desktop/machine/src/build/configure/install.log'
[1.512s] Invoked command in '/media/psf/Home/Desktop/machine/src/configure' returned '0': PYTHONPATH=/media/psf/Home/Desktop/machine/src/install/configure/lib/python3.8/site-packages:${PYTHONPATH} /usr/bin/python3 setup.py egg_info --egg-base ../build/configure build --build-base /media/psf/Home/Desktop/machine/src/build/configure/build install --prefix /media/psf/Home/Desktop/machine/src/install/configure --record /media/psf/Home/Desktop/machine/src/build/configure/install.log --single-version-externally-managed
