[2.935s] Invoking command in '/media/psf/Home/Desktop/machine/src/weeding': PYTHONPATH=/media/psf/Home/Desktop/machine/src/install/weeding/lib/python3.8/site-packages:${PYTHONPATH} /usr/bin/python3 setup.py egg_info --egg-base ../build/weeding build --build-base /media/psf/Home/Desktop/machine/src/build/weeding/build install --prefix /media/psf/Home/Desktop/machine/src/install/weeding --record /media/psf/Home/Desktop/machine/src/build/weeding/install.log --single-version-externally-managed
[3.269s] /home/parallels/.local/lib/python3.8/site-packages/setuptools/dist.py:772: UserWarning: Usage of dash-separated 'script-dir' will not be supported in future versions. Please use the underscore name 'script_dir' instead
[3.269s]   warnings.warn(
[3.271s] /home/parallels/.local/lib/python3.8/site-packages/setuptools/dist.py:772: UserWarning: Usage of dash-separated 'install-scripts' will not be supported in future versions. Please use the underscore name 'install_scripts' instead
[3.272s]   warnings.warn(
[4.006s] running egg_info
[4.077s] writing ../build/weeding/weeding.egg-info/PKG-INFO
[4.133s] writing dependency_links to ../build/weeding/weeding.egg-info/dependency_links.txt
[4.285s] writing entry points to ../build/weeding/weeding.egg-info/entry_points.txt
[4.392s] writing requirements to ../build/weeding/weeding.egg-info/requires.txt
[4.443s] writing top-level names to ../build/weeding/weeding.egg-info/top_level.txt
[4.533s] reading manifest file '../build/weeding/weeding.egg-info/SOURCES.txt'
[4.536s] writing manifest file '../build/weeding/weeding.egg-info/SOURCES.txt'
[4.538s] running build
[4.539s] running build_py
[4.541s] running install
[4.542s] /home/parallels/.local/lib/python3.8/site-packages/setuptools/command/install.py:34: SetuptoolsDeprecationWarning: setup.py install is deprecated. Use build and pip and other standards-based tools.
[4.543s]   warnings.warn(
[4.548s] running install_lib
[4.626s] running install_data
[4.645s] running install_egg_info
[4.724s] removing '/media/psf/Home/Desktop/machine/src/install/weeding/lib/python3.8/site-packages/weeding-0.0.0-py3.8.egg-info' (and everything under it)
[4.730s] Copying ../build/weeding/weeding.egg-info to /media/psf/Home/Desktop/machine/src/install/weeding/lib/python3.8/site-packages/weeding-0.0.0-py3.8.egg-info
[4.752s] running install_scripts
[4.900s] Installing weeding_node script to /media/psf/Home/Desktop/machine/src/install/weeding/lib/weeding
[4.904s] writing list of installed files to '/media/psf/Home/Desktop/machine/src/build/weeding/install.log'
[5.038s] Invoked command in '/media/psf/Home/Desktop/machine/src/weeding' returned '0': PYTHONPATH=/media/psf/Home/Desktop/machine/src/install/weeding/lib/python3.8/site-packages:${PYTHONPATH} /usr/bin/python3 setup.py egg_info --egg-base ../build/weeding build --build-base /media/psf/Home/Desktop/machine/src/build/weeding/build install --prefix /media/psf/Home/Desktop/machine/src/install/weeding --record /media/psf/Home/Desktop/machine/src/build/weeding/install.log --single-version-externally-managed
