[0.737s] Invoking command in '/media/psf/Home/Desktop/machine/src/wheel': PYTHONPATH=/media/psf/Home/Desktop/machine/src/install/wheel/lib/python3.8/site-packages:${PYTHONPATH} /usr/bin/python3 setup.py egg_info --egg-base ../build/wheel build --build-base /media/psf/Home/Desktop/machine/src/build/wheel/build install --prefix /media/psf/Home/Desktop/machine/src/install/wheel --record /media/psf/Home/Desktop/machine/src/build/wheel/install.log --single-version-externally-managed
[0.962s] running egg_info
[0.963s] writing ../build/wheel/wheel.egg-info/PKG-INFO
[0.965s] writing dependency_links to ../build/wheel/wheel.egg-info/dependency_links.txt
[0.966s] writing entry points to ../build/wheel/wheel.egg-info/entry_points.txt
[0.968s] writing requirements to ../build/wheel/wheel.egg-info/requires.txt
[0.969s] writing top-level names to ../build/wheel/wheel.egg-info/top_level.txt
[1.010s] reading manifest file '../build/wheel/wheel.egg-info/SOURCES.txt'
[1.014s] writing manifest file '../build/wheel/wheel.egg-info/SOURCES.txt'
[1.015s] running build
[1.016s] running build_py
[1.019s] running install
[1.020s] running install_lib
[1.024s] running install_data
[1.026s] running install_egg_info
[1.028s] removing '/media/psf/Home/Desktop/machine/src/install/wheel/lib/python3.8/site-packages/wheel-0.0.0-py3.8.egg-info' (and everything under it)
[1.032s] Copying ../build/wheel/wheel.egg-info to /media/psf/Home/Desktop/machine/src/install/wheel/lib/python3.8/site-packages/wheel-0.0.0-py3.8.egg-info
[1.049s] running install_scripts
[1.067s] Installing wheel_node_go script to /media/psf/Home/Desktop/machine/src/install/wheel/lib/wheel
[1.069s] Installing wheel_node_stop script to /media/psf/Home/Desktop/machine/src/install/wheel/lib/wheel
[1.071s] writing list of installed files to '/media/psf/Home/Desktop/machine/src/build/wheel/install.log'
[1.094s] Invoked command in '/media/psf/Home/Desktop/machine/src/wheel' returned '0': PYTHONPATH=/media/psf/Home/Desktop/machine/src/install/wheel/lib/python3.8/site-packages:${PYTHONPATH} /usr/bin/python3 setup.py egg_info --egg-base ../build/wheel build --build-base /media/psf/Home/Desktop/machine/src/build/wheel/build install --prefix /media/psf/Home/Desktop/machine/src/install/wheel --record /media/psf/Home/Desktop/machine/src/build/wheel/install.log --single-version-externally-managed
