[1.202s] Invoking command in '/home/machine/src/weeding': PYTHONPATH=/home/machine/src/install/weeding/lib/python3.8/site-packages:${PYTHONPATH} /usr/bin/python3 setup.py egg_info --egg-base ../build/weeding build --build-base /home/machine/src/build/weeding/build install --prefix /home/machine/src/install/weeding --record /home/machine/src/build/weeding/install.log --single-version-externally-managed
[1.781s] running egg_info
[1.793s] writing ../build/weeding/weeding.egg-info/PKG-INFO
[1.806s] writing dependency_links to ../build/weeding/weeding.egg-info/dependency_links.txt
[1.818s] writing entry points to ../build/weeding/weeding.egg-info/entry_points.txt
[1.829s] writing requirements to ../build/weeding/weeding.egg-info/requires.txt
[1.857s] writing top-level names to ../build/weeding/weeding.egg-info/top_level.txt
[2.006s] reading manifest file '../build/weeding/weeding.egg-info/SOURCES.txt'
[2.030s] writing manifest file '../build/weeding/weeding.egg-info/SOURCES.txt'
[2.043s] running build
[2.086s] running build_py
[2.111s] running install
[2.121s] running install_lib
[2.133s] running install_data
[2.142s] running install_egg_info
[2.160s] removing '/home/machine/src/install/weeding/lib/python3.8/site-packages/weeding-0.0.0-py3.8.egg-info' (and everything under it)
[2.196s] Copying ../build/weeding/weeding.egg-info to /home/machine/src/install/weeding/lib/python3.8/site-packages/weeding-0.0.0-py3.8.egg-info
[2.416s] running install_scripts
[2.481s] Installing weeding_node script to /home/machine/src/install/weeding/lib/weeding
[2.491s] writing list of installed files to '/home/machine/src/build/weeding/install.log'
[2.571s] Invoked command in '/home/machine/src/weeding' returned '0': PYTHONPATH=/home/machine/src/install/weeding/lib/python3.8/site-packages:${PYTHONPATH} /usr/bin/python3 setup.py egg_info --egg-base ../build/weeding build --build-base /home/machine/src/build/weeding/build install --prefix /home/machine/src/install/weeding --record /home/machine/src/build/weeding/install.log --single-version-externally-managed
