running egg_info
creating ../build/wheel/wheel.egg-info
writing ../build/wheel/wheel.egg-info/PKG-INFO
writing dependency_links to ../build/wheel/wheel.egg-info/dependency_links.txt
writing entry points to ../build/wheel/wheel.egg-info/entry_points.txt
writing requirements to ../build/wheel/wheel.egg-info/requires.txt
writing top-level names to ../build/wheel/wheel.egg-info/top_level.txt
writing manifest file '../build/wheel/wheel.egg-info/SOURCES.txt'
reading manifest file '../build/wheel/wheel.egg-info/SOURCES.txt'
writing manifest file '../build/wheel/wheel.egg-info/SOURCES.txt'
running build
running build_py
creating /media/psf/Home/Desktop/machine/src/build/wheel/build
creating /media/psf/Home/Desktop/machine/src/build/wheel/build/lib
creating /media/psf/Home/Desktop/machine/src/build/wheel/build/lib/wheel
copying wheel/wheel_stop.py -> /media/psf/Home/Desktop/machine/src/build/wheel/build/lib/wheel
copying wheel/wheel_go.py -> /media/psf/Home/Desktop/machine/src/build/wheel/build/lib/wheel
copying wheel/__init__.py -> /media/psf/Home/Desktop/machine/src/build/wheel/build/lib/wheel
running install
running install_lib
creating /media/psf/Home/Desktop/machine/src/install/wheel/lib/python3.8/site-packages/wheel
copying /media/psf/Home/Desktop/machine/src/build/wheel/build/lib/wheel/wheel_stop.py -> /media/psf/Home/Desktop/machine/src/install/wheel/lib/python3.8/site-packages/wheel
copying /media/psf/Home/Desktop/machine/src/build/wheel/build/lib/wheel/wheel_go.py -> /media/psf/Home/Desktop/machine/src/install/wheel/lib/python3.8/site-packages/wheel
copying /media/psf/Home/Desktop/machine/src/build/wheel/build/lib/wheel/__init__.py -> /media/psf/Home/Desktop/machine/src/install/wheel/lib/python3.8/site-packages/wheel
byte-compiling /media/psf/Home/Desktop/machine/src/install/wheel/lib/python3.8/site-packages/wheel/wheel_stop.py to wheel_stop.cpython-38.pyc
byte-compiling /media/psf/Home/Desktop/machine/src/install/wheel/lib/python3.8/site-packages/wheel/wheel_go.py to wheel_go.cpython-38.pyc
byte-compiling /media/psf/Home/Desktop/machine/src/install/wheel/lib/python3.8/site-packages/wheel/__init__.py to __init__.cpython-38.pyc
running install_data
creating /media/psf/Home/Desktop/machine/src/install/wheel/share/ament_index
creating /media/psf/Home/Desktop/machine/src/install/wheel/share/ament_index/resource_index
creating /media/psf/Home/Desktop/machine/src/install/wheel/share/ament_index/resource_index/packages
copying resource/wheel -> /media/psf/Home/Desktop/machine/src/install/wheel/share/ament_index/resource_index/packages
copying package.xml -> /media/psf/Home/Desktop/machine/src/install/wheel/share/wheel
running install_egg_info
Copying ../build/wheel/wheel.egg-info to /media/psf/Home/Desktop/machine/src/install/wheel/lib/python3.8/site-packages/wheel-0.0.0-py3.8.egg-info
running install_scripts
Installing wheel_node_go script to /media/psf/Home/Desktop/machine/src/install/wheel/lib/wheel
Installing wheel_node_stop script to /media/psf/Home/Desktop/machine/src/install/wheel/lib/wheel
writing list of installed files to '/media/psf/Home/Desktop/machine/src/build/wheel/install.log'
