[0.689s] Invoking command in '/media/psf/Home/Desktop/machine/src/wheel': PYTHONPATH=/media/psf/Home/Desktop/machine/src/install/wheel/lib/python3.8/site-packages:${PYTHONPATH} /usr/bin/python3 setup.py egg_info --egg-base ../build/wheel build --build-base /media/psf/Home/Desktop/machine/src/build/wheel/build install --prefix /media/psf/Home/Desktop/machine/src/install/wheel --record /media/psf/Home/Desktop/machine/src/build/wheel/install.log --single-version-externally-managed
[0.877s] running egg_info
[0.878s] creating ../build/wheel/wheel.egg-info
[0.879s] writing ../build/wheel/wheel.egg-info/PKG-INFO
[0.882s] writing dependency_links to ../build/wheel/wheel.egg-info/dependency_links.txt
[0.883s] writing entry points to ../build/wheel/wheel.egg-info/entry_points.txt
[0.885s] writing requirements to ../build/wheel/wheel.egg-info/requires.txt
[0.887s] writing top-level names to ../build/wheel/wheel.egg-info/top_level.txt
[0.892s] writing manifest file '../build/wheel/wheel.egg-info/SOURCES.txt'
[0.929s] reading manifest file '../build/wheel/wheel.egg-info/SOURCES.txt'
[0.931s] writing manifest file '../build/wheel/wheel.egg-info/SOURCES.txt'
[0.931s] running build
[0.932s] running build_py
[0.932s] creating /media/psf/Home/Desktop/machine/src/build/wheel/build
[0.933s] creating /media/psf/Home/Desktop/machine/src/build/wheel/build/lib
[0.933s] creating /media/psf/Home/Desktop/machine/src/build/wheel/build/lib/wheel
[0.934s] copying wheel/wheel_stop.py -> /media/psf/Home/Desktop/machine/src/build/wheel/build/lib/wheel
[0.936s] copying wheel/wheel_go.py -> /media/psf/Home/Desktop/machine/src/build/wheel/build/lib/wheel
[0.938s] copying wheel/__init__.py -> /media/psf/Home/Desktop/machine/src/build/wheel/build/lib/wheel
[0.940s] running install
[0.941s] running install_lib
[0.943s] creating /media/psf/Home/Desktop/machine/src/install/wheel/lib/python3.8/site-packages/wheel
[0.945s] copying /media/psf/Home/Desktop/machine/src/build/wheel/build/lib/wheel/wheel_stop.py -> /media/psf/Home/Desktop/machine/src/install/wheel/lib/python3.8/site-packages/wheel
[0.951s] copying /media/psf/Home/Desktop/machine/src/build/wheel/build/lib/wheel/wheel_go.py -> /media/psf/Home/Desktop/machine/src/install/wheel/lib/python3.8/site-packages/wheel
[0.955s] copying /media/psf/Home/Desktop/machine/src/build/wheel/build/lib/wheel/__init__.py -> /media/psf/Home/Desktop/machine/src/install/wheel/lib/python3.8/site-packages/wheel
[0.960s] byte-compiling /media/psf/Home/Desktop/machine/src/install/wheel/lib/python3.8/site-packages/wheel/wheel_stop.py to wheel_stop.cpython-38.pyc
[0.967s] byte-compiling /media/psf/Home/Desktop/machine/src/install/wheel/lib/python3.8/site-packages/wheel/wheel_go.py to wheel_go.cpython-38.pyc
[0.974s] byte-compiling /media/psf/Home/Desktop/machine/src/install/wheel/lib/python3.8/site-packages/wheel/__init__.py to __init__.cpython-38.pyc
[0.976s] running install_data
[0.979s] creating /media/psf/Home/Desktop/machine/src/install/wheel/share/ament_index
[0.980s] creating /media/psf/Home/Desktop/machine/src/install/wheel/share/ament_index/resource_index
[0.981s] creating /media/psf/Home/Desktop/machine/src/install/wheel/share/ament_index/resource_index/packages
[0.982s] copying resource/wheel -> /media/psf/Home/Desktop/machine/src/install/wheel/share/ament_index/resource_index/packages
[0.985s] copying package.xml -> /media/psf/Home/Desktop/machine/src/install/wheel/share/wheel
[0.987s] running install_egg_info
[0.989s] Copying ../build/wheel/wheel.egg-info to /media/psf/Home/Desktop/machine/src/install/wheel/lib/python3.8/site-packages/wheel-0.0.0-py3.8.egg-info
[1.015s] running install_scripts
[1.035s] Installing wheel_node_go script to /media/psf/Home/Desktop/machine/src/install/wheel/lib/wheel
[1.038s] Installing wheel_node_stop script to /media/psf/Home/Desktop/machine/src/install/wheel/lib/wheel
[1.041s] writing list of installed files to '/media/psf/Home/Desktop/machine/src/build/wheel/install.log'
[1.070s] Invoked command in '/media/psf/Home/Desktop/machine/src/wheel' returned '0': PYTHONPATH=/media/psf/Home/Desktop/machine/src/install/wheel/lib/python3.8/site-packages:${PYTHONPATH} /usr/bin/python3 setup.py egg_info --egg-base ../build/wheel build --build-base /media/psf/Home/Desktop/machine/src/build/wheel/build install --prefix /media/psf/Home/Desktop/machine/src/install/wheel --record /media/psf/Home/Desktop/machine/src/build/wheel/install.log --single-version-externally-managed
