[2.806s] Invoking command in '/media/psf/Home/Desktop/machine/src/configure': PYTHONPATH=/media/psf/Home/Desktop/machine/src/install/configure/lib/python3.8/site-packages:${PYTHONPATH} /usr/bin/python3 setup.py egg_info --egg-base ../build/configure build --build-base /media/psf/Home/Desktop/machine/src/build/configure/build install --prefix /media/psf/Home/Desktop/machine/src/install/configure --record /media/psf/Home/Desktop/machine/src/build/configure/install.log --single-version-externally-managed
[3.106s] /home/parallels/.local/lib/python3.8/site-packages/setuptools/dist.py:772: UserWarning: Usage of dash-separated 'script-dir' will not be supported in future versions. Please use the underscore name 'script_dir' instead
[3.107s]   warnings.warn(
[3.107s] /home/parallels/.local/lib/python3.8/site-packages/setuptools/dist.py:772: UserWarning: Usage of dash-separated 'install-scripts' will not be supported in future versions. Please use the underscore name 'install_scripts' instead
[3.108s]   warnings.warn(
[3.841s] running egg_info
[3.905s] writing ../build/configure/configure.egg-info/PKG-INFO
[3.953s] writing dependency_links to ../build/configure/configure.egg-info/dependency_links.txt
[4.103s] writing entry points to ../build/configure/configure.egg-info/entry_points.txt
[4.204s] writing requirements to ../build/configure/configure.egg-info/requires.txt
[4.256s] writing top-level names to ../build/configure/configure.egg-info/top_level.txt
[4.357s] reading manifest file '../build/configure/configure.egg-info/SOURCES.txt'
[4.359s] writing manifest file '../build/configure/configure.egg-info/SOURCES.txt'
[4.360s] running build
[4.361s] running build_py
[4.363s] running install
[4.364s] /home/parallels/.local/lib/python3.8/site-packages/setuptools/command/install.py:34: SetuptoolsDeprecationWarning: setup.py install is deprecated. Use build and pip and other standards-based tools.
[4.364s]   warnings.warn(
[4.369s] running install_lib
[4.442s] running install_data
[4.462s] running install_egg_info
[4.543s] removing '/media/psf/Home/Desktop/machine/src/install/configure/lib/python3.8/site-packages/configure-0.0.0-py3.8.egg-info' (and everything under it)
[4.548s] Copying ../build/configure/configure.egg-info to /media/psf/Home/Desktop/machine/src/install/configure/lib/python3.8/site-packages/configure-0.0.0-py3.8.egg-info
[4.563s] running install_scripts
[4.728s] Installing configure_node script to /media/psf/Home/Desktop/machine/src/install/configure/lib/configure
[4.731s] writing list of installed files to '/media/psf/Home/Desktop/machine/src/build/configure/install.log'
[5.626s] Invoked command in '/media/psf/Home/Desktop/machine/src/configure' returned '0': PYTHONPATH=/media/psf/Home/Desktop/machine/src/install/configure/lib/python3.8/site-packages:${PYTHONPATH} /usr/bin/python3 setup.py egg_info --egg-base ../build/configure build --build-base /media/psf/Home/Desktop/machine/src/build/configure/build install --prefix /media/psf/Home/Desktop/machine/src/install/configure --record /media/psf/Home/Desktop/machine/src/build/configure/install.log --single-version-externally-managed
