[2.266s] Invoking command in '/media/psf/Home/Desktop/machine/src/configure': PYTHONPATH=/media/psf/Home/Desktop/machine/src/install/configure/lib/python3.8/site-packages:${PYTHONPATH} /usr/bin/python3 setup.py egg_info --egg-base ../build/configure build --build-base /media/psf/Home/Desktop/machine/src/build/configure/build install --prefix /media/psf/Home/Desktop/machine/src/install/configure --record /media/psf/Home/Desktop/machine/src/build/configure/install.log --single-version-externally-managed
[2.580s] /home/parallels/.local/lib/python3.8/site-packages/setuptools/dist.py:772: UserWarning: Usage of dash-separated 'script-dir' will not be supported in future versions. Please use the underscore name 'script_dir' instead
[2.581s]   warnings.warn(
[2.581s] /home/parallels/.local/lib/python3.8/site-packages/setuptools/dist.py:772: UserWarning: Usage of dash-separated 'install-scripts' will not be supported in future versions. Please use the underscore name 'install_scripts' instead
[2.582s]   warnings.warn(
[3.278s] running egg_info
[3.280s] creating ../build/configure/configure.egg-info
[3.356s] writing ../build/configure/configure.egg-info/PKG-INFO
[3.423s] writing dependency_links to ../build/configure/configure.egg-info/dependency_links.txt
[3.577s] writing entry points to ../build/configure/configure.egg-info/entry_points.txt
[3.668s] writing requirements to ../build/configure/configure.egg-info/requires.txt
[3.722s] writing top-level names to ../build/configure/configure.egg-info/top_level.txt
[3.727s] writing manifest file '../build/configure/configure.egg-info/SOURCES.txt'
[3.811s] reading manifest file '../build/configure/configure.egg-info/SOURCES.txt'
[3.815s] writing manifest file '../build/configure/configure.egg-info/SOURCES.txt'
[3.816s] running build
[3.816s] running build_py
[3.817s] creating /media/psf/Home/Desktop/machine/src/build/configure/build
[3.818s] creating /media/psf/Home/Desktop/machine/src/build/configure/build/lib
[3.819s] creating /media/psf/Home/Desktop/machine/src/build/configure/build/lib/configure
[3.820s] copying configure/configure.py -> /media/psf/Home/Desktop/machine/src/build/configure/build/lib/configure
[3.822s] copying configure/__init__.py -> /media/psf/Home/Desktop/machine/src/build/configure/build/lib/configure
[3.824s] running install
[3.825s] /home/parallels/.local/lib/python3.8/site-packages/setuptools/command/install.py:34: SetuptoolsDeprecationWarning: setup.py install is deprecated. Use build and pip and other standards-based tools.
[3.825s]   warnings.warn(
[3.831s] running install_lib
[3.908s] creating /media/psf/Home/Desktop/machine/src/install/configure/lib/python3.8/site-packages/configure
[3.909s] copying /media/psf/Home/Desktop/machine/src/build/configure/build/lib/configure/configure.py -> /media/psf/Home/Desktop/machine/src/install/configure/lib/python3.8/site-packages/configure
[3.912s] copying /media/psf/Home/Desktop/machine/src/build/configure/build/lib/configure/__init__.py -> /media/psf/Home/Desktop/machine/src/install/configure/lib/python3.8/site-packages/configure
[3.915s] byte-compiling /media/psf/Home/Desktop/machine/src/install/configure/lib/python3.8/site-packages/configure/configure.py to configure.cpython-38.pyc
[3.918s] byte-compiling /media/psf/Home/Desktop/machine/src/install/configure/lib/python3.8/site-packages/configure/__init__.py to __init__.cpython-38.pyc
[3.920s] running install_data
[3.938s] creating /media/psf/Home/Desktop/machine/src/install/configure/share/ament_index
[3.939s] creating /media/psf/Home/Desktop/machine/src/install/configure/share/ament_index/resource_index
[3.939s] creating /media/psf/Home/Desktop/machine/src/install/configure/share/ament_index/resource_index/packages
[3.940s] copying resource/configure -> /media/psf/Home/Desktop/machine/src/install/configure/share/ament_index/resource_index/packages
[3.942s] copying package.xml -> /media/psf/Home/Desktop/machine/src/install/configure/share/configure
[3.944s] running install_egg_info
[4.020s] Copying ../build/configure/configure.egg-info to /media/psf/Home/Desktop/machine/src/install/configure/lib/python3.8/site-packages/configure-0.0.0-py3.8.egg-info
[4.042s] running install_scripts
[4.173s] Installing configure script to /media/psf/Home/Desktop/machine/src/install/configure/lib/configure
[4.176s] writing list of installed files to '/media/psf/Home/Desktop/machine/src/build/configure/install.log'
[4.215s] Invoked command in '/media/psf/Home/Desktop/machine/src/configure' returned '0': PYTHONPATH=/media/psf/Home/Desktop/machine/src/install/configure/lib/python3.8/site-packages:${PYTHONPATH} /usr/bin/python3 setup.py egg_info --egg-base ../build/configure build --build-base /media/psf/Home/Desktop/machine/src/build/configure/build install --prefix /media/psf/Home/Desktop/machine/src/install/configure --record /media/psf/Home/Desktop/machine/src/build/configure/install.log --single-version-externally-managed
