[2.237s] Invoking command in '/media/psf/Home/Desktop/machine/src/configure': PYTHONPATH=/media/psf/Home/Desktop/machine/src/install/configure/lib/python3.8/site-packages:${PYTHONPATH} /usr/bin/python3 setup.py egg_info --egg-base ../build/configure build --build-base /media/psf/Home/Desktop/machine/src/build/configure/build install --prefix /media/psf/Home/Desktop/machine/src/install/configure --record /media/psf/Home/Desktop/machine/src/build/configure/install.log --single-version-externally-managed
[2.565s] /home/parallels/.local/lib/python3.8/site-packages/setuptools/dist.py:772: UserWarning: Usage of dash-separated 'script-dir' will not be supported in future versions. Please use the underscore name 'script_dir' instead
[2.566s]   warnings.warn(
[2.567s] /home/parallels/.local/lib/python3.8/site-packages/setuptools/dist.py:772: UserWarning: Usage of dash-separated 'install-scripts' will not be supported in future versions. Please use the underscore name 'install_scripts' instead
[2.567s]   warnings.warn(
[3.242s] running egg_info
[3.315s] writing ../build/configure/configure.egg-info/PKG-INFO
[3.381s] writing dependency_links to ../build/configure/configure.egg-info/dependency_links.txt
[3.529s] writing entry points to ../build/configure/configure.egg-info/entry_points.txt
[3.630s] writing requirements to ../build/configure/configure.egg-info/requires.txt
[3.690s] writing top-level names to ../build/configure/configure.egg-info/top_level.txt
[3.787s] reading manifest file '../build/configure/configure.egg-info/SOURCES.txt'
[3.790s] writing manifest file '../build/configure/configure.egg-info/SOURCES.txt'
[3.791s] running build
[3.792s] running build_py
[3.794s] copying configure/configure.py -> /media/psf/Home/Desktop/machine/src/build/configure/build/lib/configure
[3.797s] running install
[3.798s] /home/parallels/.local/lib/python3.8/site-packages/setuptools/command/install.py:34: SetuptoolsDeprecationWarning: setup.py install is deprecated. Use build and pip and other standards-based tools.
[3.798s]   warnings.warn(
[3.804s] running install_lib
[3.879s] copying /media/psf/Home/Desktop/machine/src/build/configure/build/lib/configure/configure.py -> /media/psf/Home/Desktop/machine/src/install/configure/lib/python3.8/site-packages/configure
[3.883s] byte-compiling /media/psf/Home/Desktop/machine/src/install/configure/lib/python3.8/site-packages/configure/configure.py to configure.cpython-38.pyc
[3.889s] running install_data
[3.907s] running install_egg_info
[3.980s] removing '/media/psf/Home/Desktop/machine/src/install/configure/lib/python3.8/site-packages/configure-0.0.0-py3.8.egg-info' (and everything under it)
[3.984s] Copying ../build/configure/configure.egg-info to /media/psf/Home/Desktop/machine/src/install/configure/lib/python3.8/site-packages/configure-0.0.0-py3.8.egg-info
[4.003s] running install_scripts
[4.122s] Installing configure script to /media/psf/Home/Desktop/machine/src/install/configure/lib/configure
[4.124s] writing list of installed files to '/media/psf/Home/Desktop/machine/src/build/configure/install.log'
[4.156s] Invoked command in '/media/psf/Home/Desktop/machine/src/configure' returned '0': PYTHONPATH=/media/psf/Home/Desktop/machine/src/install/configure/lib/python3.8/site-packages:${PYTHONPATH} /usr/bin/python3 setup.py egg_info --egg-base ../build/configure build --build-base /media/psf/Home/Desktop/machine/src/build/configure/build install --prefix /media/psf/Home/Desktop/machine/src/install/configure --record /media/psf/Home/Desktop/machine/src/build/configure/install.log --single-version-externally-managed
