[0.884s] Invoking command in '/media/psf/Home/Desktop/machine/src/wheel': PYTHONPATH=/media/psf/Home/Desktop/machine/src/install/wheel/lib/python3.8/site-packages:${PYTHONPATH} /usr/bin/python3 setup.py egg_info --egg-base ../build/wheel build --build-base /media/psf/Home/Desktop/machine/src/build/wheel/build install --prefix /media/psf/Home/Desktop/machine/src/install/wheel --record /media/psf/Home/Desktop/machine/src/build/wheel/install.log --single-version-externally-managed
[1.127s] running egg_info
[1.128s] writing ../build/wheel/wheel.egg-info/PKG-INFO
[1.130s] writing dependency_links to ../build/wheel/wheel.egg-info/dependency_links.txt
[1.132s] writing entry points to ../build/wheel/wheel.egg-info/entry_points.txt
[1.133s] writing requirements to ../build/wheel/wheel.egg-info/requires.txt
[1.134s] writing top-level names to ../build/wheel/wheel.egg-info/top_level.txt
[1.178s] reading manifest file '../build/wheel/wheel.egg-info/SOURCES.txt'
[1.183s] writing manifest file '../build/wheel/wheel.egg-info/SOURCES.txt'
[1.184s] running build
[1.185s] running build_py
[1.188s] running install
[1.189s] running install_lib
[1.195s] running install_data
[1.197s] running install_egg_info
[1.200s] removing '/media/psf/Home/Desktop/machine/src/install/wheel/lib/python3.8/site-packages/wheel-0.0.0-py3.8.egg-info' (and everything under it)
[1.204s] Copying ../build/wheel/wheel.egg-info to /media/psf/Home/Desktop/machine/src/install/wheel/lib/python3.8/site-packages/wheel-0.0.0-py3.8.egg-info
[1.228s] running install_scripts
[1.251s] Installing wheel_node_go script to /media/psf/Home/Desktop/machine/src/install/wheel/lib/wheel
[1.253s] Installing wheel_node_stop script to /media/psf/Home/Desktop/machine/src/install/wheel/lib/wheel
[1.255s] writing list of installed files to '/media/psf/Home/Desktop/machine/src/build/wheel/install.log'
[1.277s] Invoked command in '/media/psf/Home/Desktop/machine/src/wheel' returned '0': PYTHONPATH=/media/psf/Home/Desktop/machine/src/install/wheel/lib/python3.8/site-packages:${PYTHONPATH} /usr/bin/python3 setup.py egg_info --egg-base ../build/wheel build --build-base /media/psf/Home/Desktop/machine/src/build/wheel/build install --prefix /media/psf/Home/Desktop/machine/src/install/wheel --record /media/psf/Home/Desktop/machine/src/build/wheel/install.log --single-version-externally-managed
