[0.049s] Invoking command in '/media/psf/Home/Desktop/machine/src/build/itof': CMAKE_PREFIX_PATH=${CMAKE_PREFIX_PATH}:/home/parallels/Desktop/Parallels Shared Folders/Home/Desktop/machine/src/install/wheel:/opt/ros/foxy /usr/bin/cmake --build /media/psf/Home/Desktop/machine/src/build/itof -- -j2 -l2
[0.085s] -- Found ament_cmake: 0.9.9 (/opt/ros/foxy/share/ament_cmake/cmake)
[0.105s] -- Using PYTHON_EXECUTABLE: /usr/bin/python3
[0.283s] -- Found rclcpp: 2.4.1 (/opt/ros/foxy/share/rclcpp/cmake)
[0.319s] -- Using all available rosidl_typesupport_c: rosidl_typesupport_fastrtps_c;rosidl_typesupport_introspection_c
[0.322s] -- Found rosidl_adapter: 1.2.1 (/opt/ros/foxy/share/rosidl_adapter/cmake)
[0.539s] -- Using all available rosidl_typesupport_cpp: rosidl_typesupport_fastrtps_cpp;rosidl_typesupport_introspection_cpp
[0.591s] -- Found rmw_implementation_cmake: 1.0.3 (/opt/ros/foxy/share/rmw_implementation_cmake/cmake)
[0.594s] -- Using RMW implementation 'rmw_fastrtps_cpp' as default
[0.742s] -- Found ament_lint_auto: 0.9.6 (/opt/ros/foxy/share/ament_lint_auto/cmake)
[0.838s] -- Added test 'copyright' to check source files copyright and LICENSE
[0.854s] -- Added test 'cppcheck' to perform static code analysis on C / C++ code
[0.855s] -- Configured cppcheck include dirs: 
[0.855s] -- Configured cppcheck exclude dirs and/or files: 
[0.877s] -- Added test 'cpplint' to check C / C++ code against the Google style
[0.877s] -- Configured cpplint exclude dirs and/or files: 
[0.889s] -- Added test 'lint_cmake' to check CMake code style
[0.909s] -- Added test 'uncrustify' to check C / C++ code style
[0.909s] -- Configured uncrustify additional arguments: 
[0.913s] -- Added test 'xmllint' to check XML markup files
[0.924s] -- Configuring done
[0.990s] -- Generating done
[1.006s] -- Build files have been written to: /media/psf/Home/Desktop/machine/src/build/itof
[1.065s] [35m[1mScanning dependencies of target itof_node[0m
[1.489s] [ 50%] [32mBuilding CXX object CMakeFiles/itof_node.dir/src/itof.cpp.o[0m
[3.033s] [100%] [32m[1mLinking CXX executable itof_node[0m
[3.166s] [100%] Built target itof_node
[3.179s] Invoked command in '/media/psf/Home/Desktop/machine/src/build/itof' returned '0': CMAKE_PREFIX_PATH=${CMAKE_PREFIX_PATH}:/home/parallels/Desktop/Parallels Shared Folders/Home/Desktop/machine/src/install/wheel:/opt/ros/foxy /usr/bin/cmake --build /media/psf/Home/Desktop/machine/src/build/itof -- -j2 -l2
[3.228s] Invoking command in '/media/psf/Home/Desktop/machine/src/build/itof': CMAKE_PREFIX_PATH=${CMAKE_PREFIX_PATH}:/home/parallels/Desktop/Parallels Shared Folders/Home/Desktop/machine/src/install/wheel:/opt/ros/foxy /usr/bin/cmake --install /media/psf/Home/Desktop/machine/src/build/itof
[3.237s] -- Install configuration: ""
[3.239s] -- Up-to-date: /media/psf/Home/Desktop/machine/src/install/itof/share/ament_index/resource_index/package_run_dependencies/itof
[3.240s] -- Installing: /media/psf/Home/Desktop/machine/src/install/itof/share/ament_index/resource_index/parent_prefix_path/itof
[3.245s] -- Up-to-date: /media/psf/Home/Desktop/machine/src/install/itof/share/itof/environment/ament_prefix_path.sh
[3.246s] -- Installing: /media/psf/Home/Desktop/machine/src/install/itof/share/itof/environment/ament_prefix_path.dsv
[3.251s] -- Up-to-date: /media/psf/Home/Desktop/machine/src/install/itof/share/itof/environment/path.sh
[3.252s] -- Installing: /media/psf/Home/Desktop/machine/src/install/itof/share/itof/environment/path.dsv
[3.257s] -- Up-to-date: /media/psf/Home/Desktop/machine/src/install/itof/share/itof/local_setup.bash
[3.257s] -- Up-to-date: /media/psf/Home/Desktop/machine/src/install/itof/share/itof/local_setup.sh
[3.259s] -- Up-to-date: /media/psf/Home/Desktop/machine/src/install/itof/share/itof/local_setup.zsh
[3.259s] -- Installing: /media/psf/Home/Desktop/machine/src/install/itof/share/itof/local_setup.dsv
[3.264s] -- Installing: /media/psf/Home/Desktop/machine/src/install/itof/share/itof/package.dsv
[3.268s] -- Up-to-date: /media/psf/Home/Desktop/machine/src/install/itof/share/ament_index/resource_index/packages/itof
[3.269s] -- Up-to-date: /media/psf/Home/Desktop/machine/src/install/itof/share/itof/cmake/itofConfig.cmake
[3.270s] -- Up-to-date: /media/psf/Home/Desktop/machine/src/install/itof/share/itof/cmake/itofConfig-version.cmake
[3.271s] -- Up-to-date: /media/psf/Home/Desktop/machine/src/install/itof/share/itof/package.xml
[3.272s] -- Installing: /media/psf/Home/Desktop/machine/src/install/itof/lib/itof/itof_node
[3.344s] -- Set runtime path of "/media/psf/Home/Desktop/machine/src/install/itof/lib/itof/itof_node" to ""
[3.348s] Invoked command in '/media/psf/Home/Desktop/machine/src/build/itof' returned '0': CMAKE_PREFIX_PATH=${CMAKE_PREFIX_PATH}:/home/parallels/Desktop/Parallels Shared Folders/Home/Desktop/machine/src/install/wheel:/opt/ros/foxy /usr/bin/cmake --install /media/psf/Home/Desktop/machine/src/build/itof
