[0.700s] Invoking command in '/media/psf/Home/Desktop/machine/src/weeding': PYTHONPATH=/media/psf/Home/Desktop/machine/src/install/weeding/lib/python3.8/site-packages:${PYTHONPATH} /usr/bin/python3 setup.py egg_info --egg-base ../build/weeding build --build-base /media/psf/Home/Desktop/machine/src/build/weeding/build install --prefix /media/psf/Home/Desktop/machine/src/install/weeding --record /media/psf/Home/Desktop/machine/src/build/weeding/install.log --single-version-externally-managed
[0.974s] running egg_info
[0.975s] writing ../build/weeding/weeding.egg-info/PKG-INFO
[0.977s] writing dependency_links to ../build/weeding/weeding.egg-info/dependency_links.txt
[0.984s] writing entry points to ../build/weeding/weeding.egg-info/entry_points.txt
[0.986s] writing requirements to ../build/weeding/weeding.egg-info/requires.txt
[0.988s] writing top-level names to ../build/weeding/weeding.egg-info/top_level.txt
[0.995s] reading manifest file '../build/weeding/weeding.egg-info/SOURCES.txt'
[0.999s] writing manifest file '../build/weeding/weeding.egg-info/SOURCES.txt'
[1.000s] running build
[1.001s] running build_py
[1.003s] running install
[1.004s] running install_lib
[1.008s] running install_data
[1.010s] running install_egg_info
[1.011s] removing '/media/psf/Home/Desktop/machine/src/install/weeding/lib/python3.8/site-packages/weeding-0.0.0-py3.8.egg-info' (and everything under it)
[1.015s] Copying ../build/weeding/weeding.egg-info to /media/psf/Home/Desktop/machine/src/install/weeding/lib/python3.8/site-packages/weeding-0.0.0-py3.8.egg-info
[1.037s] running install_scripts
[1.056s] Installing weeding_node script to /media/psf/Home/Desktop/machine/src/install/weeding/lib/weeding
[1.059s] writing list of installed files to '/media/psf/Home/Desktop/machine/src/build/weeding/install.log'
[1.081s] Invoked command in '/media/psf/Home/Desktop/machine/src/weeding' returned '0': PYTHONPATH=/media/psf/Home/Desktop/machine/src/install/weeding/lib/python3.8/site-packages:${PYTHONPATH} /usr/bin/python3 setup.py egg_info --egg-base ../build/weeding build --build-base /media/psf/Home/Desktop/machine/src/build/weeding/build install --prefix /media/psf/Home/Desktop/machine/src/install/weeding --record /media/psf/Home/Desktop/machine/src/build/weeding/install.log --single-version-externally-managed
