running egg_info
writing ../build/wheel/wheel.egg-info/PKG-INFO
writing dependency_links to ../build/wheel/wheel.egg-info/dependency_links.txt
writing entry points to ../build/wheel/wheel.egg-info/entry_points.txt
writing requirements to ../build/wheel/wheel.egg-info/requires.txt
writing top-level names to ../build/wheel/wheel.egg-info/top_level.txt
reading manifest file '../build/wheel/wheel.egg-info/SOURCES.txt'
writing manifest file '../build/wheel/wheel.egg-info/SOURCES.txt'
running build
running build_py
copying wheel/wheel_go.py -> /media/psf/Home/Desktop/machine/src/build/wheel/build/lib/wheel
running install
running install_lib
copying /media/psf/Home/Desktop/machine/src/build/wheel/build/lib/wheel/wheel_go.py -> /media/psf/Home/Desktop/machine/src/install/wheel/lib/python3.8/site-packages/wheel
byte-compiling /media/psf/Home/Desktop/machine/src/install/wheel/lib/python3.8/site-packages/wheel/wheel_go.py to wheel_go.cpython-38.pyc
running install_data
creating /media/psf/Home/Desktop/machine/src/install/wheel/share/wheel/launch
copying launch/wheel.launch.py -> /media/psf/Home/Desktop/machine/src/install/wheel/share/wheel/launch
running install_egg_info
removing '/media/psf/Home/Desktop/machine/src/install/wheel/lib/python3.8/site-packages/wheel-0.0.0-py3.8.egg-info' (and everything under it)
Copying ../build/wheel/wheel.egg-info to /media/psf/Home/Desktop/machine/src/install/wheel/lib/python3.8/site-packages/wheel-0.0.0-py3.8.egg-info
running install_scripts
Installing wheel_node_go script to /media/psf/Home/Desktop/machine/src/install/wheel/lib/wheel
Installing wheel_node_stop script to /media/psf/Home/Desktop/machine/src/install/wheel/lib/wheel
writing list of installed files to '/media/psf/Home/Desktop/machine/src/build/wheel/install.log'
