[0.612s] Invoking command in '/media/psf/Home/Desktop/machine/src/wheel': PYTHONPATH=/media/psf/Home/Desktop/machine/src/install/wheel/lib/python3.8/site-packages:${PYTHONPATH} /usr/bin/python3 setup.py egg_info --egg-base ../build/wheel build --build-base /media/psf/Home/Desktop/machine/src/build/wheel/build install --prefix /media/psf/Home/Desktop/machine/src/install/wheel --record /media/psf/Home/Desktop/machine/src/build/wheel/install.log --single-version-externally-managed
[0.828s] running egg_info
[0.830s] writing ../build/wheel/wheel.egg-info/PKG-INFO
[0.831s] writing dependency_links to ../build/wheel/wheel.egg-info/dependency_links.txt
[0.833s] writing entry points to ../build/wheel/wheel.egg-info/entry_points.txt
[0.835s] writing requirements to ../build/wheel/wheel.egg-info/requires.txt
[0.841s] writing top-level names to ../build/wheel/wheel.egg-info/top_level.txt
[0.876s] reading manifest file '../build/wheel/wheel.egg-info/SOURCES.txt'
[0.879s] writing manifest file '../build/wheel/wheel.egg-info/SOURCES.txt'
[0.880s] running build
[0.881s] running build_py
[0.883s] copying wheel/wheel_stop.py -> /media/psf/Home/Desktop/machine/src/build/wheel/build/lib/wheel
[0.888s] running install
[0.889s] running install_lib
[0.892s] copying /media/psf/Home/Desktop/machine/src/build/wheel/build/lib/wheel/wheel_stop.py -> /media/psf/Home/Desktop/machine/src/install/wheel/lib/python3.8/site-packages/wheel
[0.895s] byte-compiling /media/psf/Home/Desktop/machine/src/install/wheel/lib/python3.8/site-packages/wheel/wheel_stop.py to wheel_stop.cpython-38.pyc
[0.898s] running install_data
[0.900s] running install_egg_info
[0.901s] removing '/media/psf/Home/Desktop/machine/src/install/wheel/lib/python3.8/site-packages/wheel-0.0.0-py3.8.egg-info' (and everything under it)
[0.904s] Copying ../build/wheel/wheel.egg-info to /media/psf/Home/Desktop/machine/src/install/wheel/lib/python3.8/site-packages/wheel-0.0.0-py3.8.egg-info
[0.924s] running install_scripts
[0.943s] Installing wheel_node_go script to /media/psf/Home/Desktop/machine/src/install/wheel/lib/wheel
[0.944s] Installing wheel_node_stop script to /media/psf/Home/Desktop/machine/src/install/wheel/lib/wheel
[0.946s] writing list of installed files to '/media/psf/Home/Desktop/machine/src/build/wheel/install.log'
[0.977s] Invoked command in '/media/psf/Home/Desktop/machine/src/wheel' returned '0': PYTHONPATH=/media/psf/Home/Desktop/machine/src/install/wheel/lib/python3.8/site-packages:${PYTHONPATH} /usr/bin/python3 setup.py egg_info --egg-base ../build/wheel build --build-base /media/psf/Home/Desktop/machine/src/build/wheel/build install --prefix /media/psf/Home/Desktop/machine/src/install/wheel --record /media/psf/Home/Desktop/machine/src/build/wheel/install.log --single-version-externally-managed
