[0.320s] Invoking command in '/media/psf/Home/Desktop/machine/src/build/itof': CMAKE_PREFIX_PATH=${CMAKE_PREFIX_PATH}:/media/psf/Home/Desktop/machine/src/install/wheel:/media/psf/Home/Desktop/machine/src/install/header:/media/psf/Home/Desktop/machine/src/install/configure:/media/psf/Home/Desktop/machine/src/install/config:/opt/ros/foxy /usr/bin/cmake --build /media/psf/Home/Desktop/machine/src/build/itof -- -j2 -l2
[0.459s] [100%] Built target itof_node
[0.475s] Invoked command in '/media/psf/Home/Desktop/machine/src/build/itof' returned '0': CMAKE_PREFIX_PATH=${CMAKE_PREFIX_PATH}:/media/psf/Home/Desktop/machine/src/install/wheel:/media/psf/Home/Desktop/machine/src/install/header:/media/psf/Home/Desktop/machine/src/install/configure:/media/psf/Home/Desktop/machine/src/install/config:/opt/ros/foxy /usr/bin/cmake --build /media/psf/Home/Desktop/machine/src/build/itof -- -j2 -l2
[0.542s] Invoking command in '/media/psf/Home/Desktop/machine/src/build/itof': CMAKE_PREFIX_PATH=${CMAKE_PREFIX_PATH}:/media/psf/Home/Desktop/machine/src/install/wheel:/media/psf/Home/Desktop/machine/src/install/header:/media/psf/Home/Desktop/machine/src/install/configure:/media/psf/Home/Desktop/machine/src/install/config:/opt/ros/foxy /usr/bin/cmake --install /media/psf/Home/Desktop/machine/src/build/itof
[0.556s] -- Install configuration: ""
[0.556s] -- Up-to-date: /media/psf/Home/Desktop/machine/src/install/itof/share/ament_index/resource_index/package_run_dependencies/itof
[0.557s] -- Up-to-date: /media/psf/Home/Desktop/machine/src/install/itof/share/ament_index/resource_index/parent_prefix_path/itof
[0.558s] -- Up-to-date: /media/psf/Home/Desktop/machine/src/install/itof/share/itof/environment/ament_prefix_path.sh
[0.559s] -- Up-to-date: /media/psf/Home/Desktop/machine/src/install/itof/share/itof/environment/ament_prefix_path.dsv
[0.560s] -- Up-to-date: /media/psf/Home/Desktop/machine/src/install/itof/share/itof/environment/path.sh
[0.561s] -- Up-to-date: /media/psf/Home/Desktop/machine/src/install/itof/share/itof/environment/path.dsv
[0.562s] -- Up-to-date: /media/psf/Home/Desktop/machine/src/install/itof/share/itof/local_setup.bash
[0.562s] -- Up-to-date: /media/psf/Home/Desktop/machine/src/install/itof/share/itof/local_setup.sh
[0.563s] -- Up-to-date: /media/psf/Home/Desktop/machine/src/install/itof/share/itof/local_setup.zsh
[0.564s] -- Up-to-date: /media/psf/Home/Desktop/machine/src/install/itof/share/itof/local_setup.dsv
[0.565s] -- Installing: /media/psf/Home/Desktop/machine/src/install/itof/share/itof/package.dsv
[0.571s] -- Up-to-date: /media/psf/Home/Desktop/machine/src/install/itof/share/ament_index/resource_index/packages/itof
[0.571s] -- Up-to-date: /media/psf/Home/Desktop/machine/src/install/itof/share/itof/cmake/itofConfig.cmake
[0.572s] -- Up-to-date: /media/psf/Home/Desktop/machine/src/install/itof/share/itof/cmake/itofConfig-version.cmake
[0.573s] -- Up-to-date: /media/psf/Home/Desktop/machine/src/install/itof/share/itof/package.xml
[0.575s] -- Up-to-date: /media/psf/Home/Desktop/machine/src/install/itof/lib/itof/itof_node
[0.583s] Invoked command in '/media/psf/Home/Desktop/machine/src/build/itof' returned '0': CMAKE_PREFIX_PATH=${CMAKE_PREFIX_PATH}:/media/psf/Home/Desktop/machine/src/install/wheel:/media/psf/Home/Desktop/machine/src/install/header:/media/psf/Home/Desktop/machine/src/install/configure:/media/psf/Home/Desktop/machine/src/install/config:/opt/ros/foxy /usr/bin/cmake --install /media/psf/Home/Desktop/machine/src/build/itof
