running egg_info
writing ../build/wheel/wheel.egg-info/PKG-INFO
writing dependency_links to ../build/wheel/wheel.egg-info/dependency_links.txt
writing entry points to ../build/wheel/wheel.egg-info/entry_points.txt
writing requirements to ../build/wheel/wheel.egg-info/requires.txt
writing top-level names to ../build/wheel/wheel.egg-info/top_level.txt
reading manifest file '../build/wheel/wheel.egg-info/SOURCES.txt'
writing manifest file '../build/wheel/wheel.egg-info/SOURCES.txt'
running build
running build_py
copying wheel/__init__.py -> /home/machine/src/build/wheel/build/lib/wheel
copying wheel/wheel_go.py -> /home/machine/src/build/wheel/build/lib/wheel
copying wheel/wheel_stop.py -> /home/machine/src/build/wheel/build/lib/wheel
running install
running install_lib
copying /home/machine/src/build/wheel/build/lib/wheel/__init__.py -> /home/machine/src/install/wheel/lib/python3.8/site-packages/wheel
copying /home/machine/src/build/wheel/build/lib/wheel/wheel_go.py -> /home/machine/src/install/wheel/lib/python3.8/site-packages/wheel
copying /home/machine/src/build/wheel/build/lib/wheel/wheel_stop.py -> /home/machine/src/install/wheel/lib/python3.8/site-packages/wheel
byte-compiling /home/machine/src/install/wheel/lib/python3.8/site-packages/wheel/__init__.py to __init__.cpython-38.pyc
byte-compiling /home/machine/src/install/wheel/lib/python3.8/site-packages/wheel/wheel_go.py to wheel_go.cpython-38.pyc
running install_data
copying resource/wheel -> /home/machine/src/install/wheel/share/ament_index/resource_index/packages
copying package.xml -> /home/machine/src/install/wheel/share/wheel
running install_egg_info
removing '/home/machine/src/install/wheel/lib/python3.8/site-packages/wheel-0.0.0-py3.8.egg-info' (and everything under it)
Copying ../build/wheel/wheel.egg-info to /home/machine/src/install/wheel/lib/python3.8/site-packages/wheel-0.0.0-py3.8.egg-info
running install_scripts
Installing wheel_node_go script to /home/machine/src/install/wheel/lib/wheel
Installing wheel_node_stop script to /home/machine/src/install/wheel/lib/wheel
writing list of installed files to '/home/machine/src/build/wheel/install.log'
