[1.040s] Invoking command in '/media/psf/Home/Desktop/machine/src/configure': PYTHONPATH=/media/psf/Home/Desktop/machine/src/install/configure/lib/python3.8/site-packages:${PYTHONPATH} /usr/bin/python3 setup.py egg_info --egg-base ../build/configure build --build-base /media/psf/Home/Desktop/machine/src/build/configure/build install --prefix /media/psf/Home/Desktop/machine/src/install/configure --record /media/psf/Home/Desktop/machine/src/build/configure/install.log --single-version-externally-managed
[1.318s] running egg_info
[1.319s] writing ../build/configure/configure.egg-info/PKG-INFO
[1.322s] writing dependency_links to ../build/configure/configure.egg-info/dependency_links.txt
[1.324s] writing entry points to ../build/configure/configure.egg-info/entry_points.txt
[1.326s] writing requirements to ../build/configure/configure.egg-info/requires.txt
[1.327s] writing top-level names to ../build/configure/configure.egg-info/top_level.txt
[1.387s] reading manifest file '../build/configure/configure.egg-info/SOURCES.txt'
[1.390s] writing manifest file '../build/configure/configure.egg-info/SOURCES.txt'
[1.392s] running build
[1.392s] running build_py
[1.394s] copying configure/configure.py -> /media/psf/Home/Desktop/machine/src/build/configure/build/lib/configure
[1.399s] running install
[1.400s] running install_lib
[1.403s] copying /media/psf/Home/Desktop/machine/src/build/configure/build/lib/configure/configure.py -> /media/psf/Home/Desktop/machine/src/install/configure/lib/python3.8/site-packages/configure
[1.407s] byte-compiling /media/psf/Home/Desktop/machine/src/install/configure/lib/python3.8/site-packages/configure/configure.py to configure.cpython-38.pyc
[1.412s] running install_data
[1.414s] running install_egg_info
[1.416s] removing '/media/psf/Home/Desktop/machine/src/install/configure/lib/python3.8/site-packages/configure-0.0.0-py3.8.egg-info' (and everything under it)
[1.420s] Copying ../build/configure/configure.egg-info to /media/psf/Home/Desktop/machine/src/install/configure/lib/python3.8/site-packages/configure-0.0.0-py3.8.egg-info
[1.438s] running install_scripts
[1.458s] Installing configure_node script to /media/psf/Home/Desktop/machine/src/install/configure/lib/configure
[1.461s] writing list of installed files to '/media/psf/Home/Desktop/machine/src/build/configure/install.log'
[1.485s] Invoked command in '/media/psf/Home/Desktop/machine/src/configure' returned '0': PYTHONPATH=/media/psf/Home/Desktop/machine/src/install/configure/lib/python3.8/site-packages:${PYTHONPATH} /usr/bin/python3 setup.py egg_info --egg-base ../build/configure build --build-base /media/psf/Home/Desktop/machine/src/build/configure/build install --prefix /media/psf/Home/Desktop/machine/src/install/configure --record /media/psf/Home/Desktop/machine/src/build/configure/install.log --single-version-externally-managed
