[0.848s] Invoking command in '/media/psf/Home/Desktop/machine/src/wheel': PYTHONPATH=/media/psf/Home/Desktop/machine/src/install/wheel/lib/python3.8/site-packages:${PYTHONPATH} /usr/bin/python3 setup.py egg_info --egg-base ../build/wheel build --build-base /media/psf/Home/Desktop/machine/src/build/wheel/build install --prefix /media/psf/Home/Desktop/machine/src/install/wheel --record /media/psf/Home/Desktop/machine/src/build/wheel/install.log --single-version-externally-managed
[1.091s] running egg_info
[1.092s] writing ../build/wheel/wheel.egg-info/PKG-INFO
[1.094s] writing dependency_links to ../build/wheel/wheel.egg-info/dependency_links.txt
[1.096s] writing entry points to ../build/wheel/wheel.egg-info/entry_points.txt
[1.097s] writing requirements to ../build/wheel/wheel.egg-info/requires.txt
[1.099s] writing top-level names to ../build/wheel/wheel.egg-info/top_level.txt
[1.146s] reading manifest file '../build/wheel/wheel.egg-info/SOURCES.txt'
[1.149s] writing manifest file '../build/wheel/wheel.egg-info/SOURCES.txt'
[1.150s] running build
[1.151s] running build_py
[1.154s] running install
[1.156s] running install_lib
[1.162s] running install_data
[1.164s] running install_egg_info
[1.167s] removing '/media/psf/Home/Desktop/machine/src/install/wheel/lib/python3.8/site-packages/wheel-0.0.0-py3.8.egg-info' (and everything under it)
[1.172s] Copying ../build/wheel/wheel.egg-info to /media/psf/Home/Desktop/machine/src/install/wheel/lib/python3.8/site-packages/wheel-0.0.0-py3.8.egg-info
[1.202s] running install_scripts
[1.227s] Installing wheel_node_go script to /media/psf/Home/Desktop/machine/src/install/wheel/lib/wheel
[1.229s] Installing wheel_node_stop script to /media/psf/Home/Desktop/machine/src/install/wheel/lib/wheel
[1.232s] writing list of installed files to '/media/psf/Home/Desktop/machine/src/build/wheel/install.log'
[1.256s] Invoked command in '/media/psf/Home/Desktop/machine/src/wheel' returned '0': PYTHONPATH=/media/psf/Home/Desktop/machine/src/install/wheel/lib/python3.8/site-packages:${PYTHONPATH} /usr/bin/python3 setup.py egg_info --egg-base ../build/wheel build --build-base /media/psf/Home/Desktop/machine/src/build/wheel/build install --prefix /media/psf/Home/Desktop/machine/src/install/wheel --record /media/psf/Home/Desktop/machine/src/build/wheel/install.log --single-version-externally-managed
