[0.830s] Invoking command in '/media/psf/Home/Desktop/machine/src/wheel': PYTHONPATH=/media/psf/Home/Desktop/machine/src/install/wheel/lib/python3.8/site-packages:${PYTHONPATH} /usr/bin/python3 setup.py egg_info --egg-base ../build/wheel build --build-base /media/psf/Home/Desktop/machine/src/build/wheel/build install --prefix /media/psf/Home/Desktop/machine/src/install/wheel --record /media/psf/Home/Desktop/machine/src/build/wheel/install.log --single-version-externally-managed
[1.074s] running egg_info
[1.075s] writing ../build/wheel/wheel.egg-info/PKG-INFO
[1.077s] writing dependency_links to ../build/wheel/wheel.egg-info/dependency_links.txt
[1.079s] writing entry points to ../build/wheel/wheel.egg-info/entry_points.txt
[1.080s] writing requirements to ../build/wheel/wheel.egg-info/requires.txt
[1.081s] writing top-level names to ../build/wheel/wheel.egg-info/top_level.txt
[1.120s] reading manifest file '../build/wheel/wheel.egg-info/SOURCES.txt'
[1.124s] writing manifest file '../build/wheel/wheel.egg-info/SOURCES.txt'
[1.126s] running build
[1.127s] running build_py
[1.129s] running install
[1.130s] running install_lib
[1.134s] running install_data
[1.136s] running install_egg_info
[1.138s] removing '/media/psf/Home/Desktop/machine/src/install/wheel/lib/python3.8/site-packages/wheel-0.0.0-py3.8.egg-info' (and everything under it)
[1.141s] Copying ../build/wheel/wheel.egg-info to /media/psf/Home/Desktop/machine/src/install/wheel/lib/python3.8/site-packages/wheel-0.0.0-py3.8.egg-info
[1.163s] running install_scripts
[1.186s] Installing wheel_node_go script to /media/psf/Home/Desktop/machine/src/install/wheel/lib/wheel
[1.188s] Installing wheel_node_stop script to /media/psf/Home/Desktop/machine/src/install/wheel/lib/wheel
[1.192s] writing list of installed files to '/media/psf/Home/Desktop/machine/src/build/wheel/install.log'
[1.219s] Invoked command in '/media/psf/Home/Desktop/machine/src/wheel' returned '0': PYTHONPATH=/media/psf/Home/Desktop/machine/src/install/wheel/lib/python3.8/site-packages:${PYTHONPATH} /usr/bin/python3 setup.py egg_info --egg-base ../build/wheel build --build-base /media/psf/Home/Desktop/machine/src/build/wheel/build install --prefix /media/psf/Home/Desktop/machine/src/install/wheel --record /media/psf/Home/Desktop/machine/src/build/wheel/install.log --single-version-externally-managed
