[0.810s] Invoking command in '/media/psf/Home/Desktop/machine/src/wheel': PYTHONPATH=/media/psf/Home/Desktop/machine/src/install/wheel/lib/python3.8/site-packages:${PYTHONPATH} /usr/bin/python3 setup.py egg_info --egg-base ../build/wheel build --build-base /media/psf/Home/Desktop/machine/src/build/wheel/build install --prefix /media/psf/Home/Desktop/machine/src/install/wheel --record /media/psf/Home/Desktop/machine/src/build/wheel/install.log --single-version-externally-managed
[1.110s] running egg_info
[1.111s] writing ../build/wheel/wheel.egg-info/PKG-INFO
[1.114s] writing dependency_links to ../build/wheel/wheel.egg-info/dependency_links.txt
[1.116s] writing entry points to ../build/wheel/wheel.egg-info/entry_points.txt
[1.117s] writing requirements to ../build/wheel/wheel.egg-info/requires.txt
[1.118s] writing top-level names to ../build/wheel/wheel.egg-info/top_level.txt
[1.167s] reading manifest file '../build/wheel/wheel.egg-info/SOURCES.txt'
[1.170s] writing manifest file '../build/wheel/wheel.egg-info/SOURCES.txt'
[1.170s] running build
[1.171s] running build_py
[1.173s] running install
[1.175s] running install_lib
[1.181s] running install_data
[1.183s] running install_egg_info
[1.186s] removing '/media/psf/Home/Desktop/machine/src/install/wheel/lib/python3.8/site-packages/wheel-0.0.0-py3.8.egg-info' (and everything under it)
[1.191s] Copying ../build/wheel/wheel.egg-info to /media/psf/Home/Desktop/machine/src/install/wheel/lib/python3.8/site-packages/wheel-0.0.0-py3.8.egg-info
[1.220s] running install_scripts
[1.245s] Installing wheel_node_go script to /media/psf/Home/Desktop/machine/src/install/wheel/lib/wheel
[1.247s] Installing wheel_node_stop script to /media/psf/Home/Desktop/machine/src/install/wheel/lib/wheel
[1.249s] writing list of installed files to '/media/psf/Home/Desktop/machine/src/build/wheel/install.log'
