[0.512s] DEBUG:colcon:Command line arguments: ['/usr/bin/colcon', 'build']
[0.513s] DEBUG:colcon:Parsed command line arguments: Namespace(ament_cmake_args=None, base_paths=['.'], build_base='build', catkin_cmake_args=None, catkin_skip_building_tests=False, cmake_args=None, cmake_clean_cache=False, cmake_clean_first=False, cmake_force_configure=False, cmake_target=None, cmake_target_skip_unavailable=False, continue_on_error=False, event_handlers=None, executor='parallel', ignore_user_meta=False, install_base='install', log_base=None, log_level=None, main=<bound method BuildVerb.main of <colcon_core.verb.build.BuildVerb object at 0x7f1ac27a2ee0>>, merge_install=False, metas=['./colcon.meta'], mixin=None, mixin_files=None, mixin_verb=('build',), packages_above=None, packages_above_and_dependencies=None, packages_above_depth=None, packages_end=None, packages_ignore=None, packages_ignore_regex=None, packages_select=None, packages_select_build_failed=False, packages_select_by_dep=None, packages_select_regex=None, packages_select_test_failures=False, packages_skip=None, packages_skip_build_finished=False, packages_skip_by_dep=None, packages_skip_regex=None, packages_skip_test_passed=False, packages_skip_up_to=None, packages_start=None, packages_up_to=None, packages_up_to_regex=None, parallel_workers=2, paths=None, symlink_install=False, test_result_base=None, verb_extension=<colcon_core.verb.build.BuildVerb object at 0x7f1ac27a2ee0>, verb_name='build', verb_parser=<colcon_mixin.mixin.mixin_argument.MixinArgumentDecorator object at 0x7f1ac27af4f0>)
[0.540s] Level 1:colcon.colcon_core.package_discovery:discover_packages(colcon_meta) check parameters
[0.551s] INFO:colcon.colcon_metadata.package_discovery.colcon_meta:Using configuration from '/root/.colcon/metadata/default/Gazebo.meta'
[0.553s] INFO:colcon.colcon_metadata.package_discovery.colcon_meta:Using configuration from '/root/.colcon/metadata/default/fastrtps.meta'
[0.556s] Level 1:colcon.colcon_core.package_discovery:discover_packages(recursive) check parameters
[0.557s] Level 1:colcon.colcon_core.package_discovery:discover_packages(ignore) check parameters
[0.558s] Level 1:colcon.colcon_core.package_discovery:discover_packages(path) check parameters
[0.559s] Level 1:colcon.colcon_core.package_discovery:discover_packages(colcon_meta) discover
[0.561s] Level 1:colcon.colcon_core.package_discovery:discover_packages(recursive) discover
[0.562s] INFO:colcon.colcon_core.package_discovery:Crawling recursively for packages in '/home/machine/src'
[0.564s] Level 1:colcon.colcon_core.package_identification:_identify(.) by extensions ['ignore', 'ignore_ament_install']
[0.565s] Level 1:colcon.colcon_core.package_identification:_identify(.) by extension 'ignore'
[0.567s] Level 1:colcon.colcon_core.package_identification:_identify(.) by extension 'ignore_ament_install'
[0.571s] Level 1:colcon.colcon_core.package_identification:_identify(.) by extensions ['colcon_pkg']
[0.572s] Level 1:colcon.colcon_core.package_identification:_identify(.) by extension 'colcon_pkg'
[0.575s] Level 1:colcon.colcon_core.package_identification:_identify(.) by extensions ['colcon_meta']
[0.576s] Level 1:colcon.colcon_core.package_identification:_identify(.) by extension 'colcon_meta'
[0.577s] Level 1:colcon.colcon_core.package_identification:_identify(.) by extensions ['ros']
[0.578s] Level 1:colcon.colcon_core.package_identification:_identify(.) by extension 'ros'
[0.604s] Level 1:colcon.colcon_core.package_identification:_identify(.) by extensions ['cmake', 'python']
[0.605s] Level 1:colcon.colcon_core.package_identification:_identify(.) by extension 'cmake'
[0.608s] Level 1:colcon.colcon_core.package_identification:_identify(.) by extension 'python'
[0.610s] Level 1:colcon.colcon_core.package_identification:_identify(.) by extensions ['python_setup_py']
[0.611s] Level 1:colcon.colcon_core.package_identification:_identify(.) by extension 'python_setup_py'
[0.613s] Level 1:colcon.colcon_core.package_identification:_identify(build) by extensions ['ignore', 'ignore_ament_install']
[0.615s] Level 1:colcon.colcon_core.package_identification:_identify(build) by extension 'ignore'
[0.616s] Level 1:colcon.colcon_core.package_identification:_identify(build) ignored
[0.619s] Level 1:colcon.colcon_core.package_identification:_identify(configure) by extensions ['ignore', 'ignore_ament_install']
[0.621s] Level 1:colcon.colcon_core.package_identification:_identify(configure) by extension 'ignore'
[0.623s] Level 1:colcon.colcon_core.package_identification:_identify(configure) by extension 'ignore_ament_install'
[0.627s] Level 1:colcon.colcon_core.package_identification:_identify(configure) by extensions ['colcon_pkg']
[0.628s] Level 1:colcon.colcon_core.package_identification:_identify(configure) by extension 'colcon_pkg'
[0.630s] Level 1:colcon.colcon_core.package_identification:_identify(configure) by extensions ['colcon_meta']
[0.631s] Level 1:colcon.colcon_core.package_identification:_identify(configure) by extension 'colcon_meta'
[0.632s] Level 1:colcon.colcon_core.package_identification:_identify(configure) by extensions ['ros']
[0.633s] Level 1:colcon.colcon_core.package_identification:_identify(configure) by extension 'ros'
[0.647s] DEBUG:colcon.colcon_core.package_identification:Package 'configure' with type 'ros.ament_python' and name 'configure'
[0.649s] Level 1:colcon.colcon_core.package_identification:_identify(install) by extensions ['ignore', 'ignore_ament_install']
[0.651s] Level 1:colcon.colcon_core.package_identification:_identify(install) by extension 'ignore'
[0.653s] Level 1:colcon.colcon_core.package_identification:_identify(install) ignored
[0.669s] Level 1:colcon.colcon_core.package_identification:_identify(log) by extensions ['ignore', 'ignore_ament_install']
[0.670s] Level 1:colcon.colcon_core.package_identification:_identify(log) by extension 'ignore'
[0.671s] Level 1:colcon.colcon_core.package_identification:_identify(log) ignored
[0.675s] Level 1:colcon.colcon_core.package_identification:_identify(weeding) by extensions ['ignore', 'ignore_ament_install']
[0.676s] Level 1:colcon.colcon_core.package_identification:_identify(weeding) by extension 'ignore'
[0.679s] Level 1:colcon.colcon_core.package_identification:_identify(weeding) by extension 'ignore_ament_install'
[0.682s] Level 1:colcon.colcon_core.package_identification:_identify(weeding) by extensions ['colcon_pkg']
[0.683s] Level 1:colcon.colcon_core.package_identification:_identify(weeding) by extension 'colcon_pkg'
[0.686s] Level 1:colcon.colcon_core.package_identification:_identify(weeding) by extensions ['colcon_meta']
[0.687s] Level 1:colcon.colcon_core.package_identification:_identify(weeding) by extension 'colcon_meta'
[0.688s] Level 1:colcon.colcon_core.package_identification:_identify(weeding) by extensions ['ros']
[0.689s] Level 1:colcon.colcon_core.package_identification:_identify(weeding) by extension 'ros'
[0.701s] DEBUG:colcon.colcon_core.package_identification:Package 'weeding' with type 'ros.ament_python' and name 'weeding'
[0.704s] Level 1:colcon.colcon_core.package_identification:_identify(wheel) by extensions ['ignore', 'ignore_ament_install']
[0.706s] Level 1:colcon.colcon_core.package_identification:_identify(wheel) by extension 'ignore'
[0.708s] Level 1:colcon.colcon_core.package_identification:_identify(wheel) by extension 'ignore_ament_install'
[0.712s] Level 1:colcon.colcon_core.package_identification:_identify(wheel) by extensions ['colcon_pkg']
[0.713s] Level 1:colcon.colcon_core.package_identification:_identify(wheel) by extension 'colcon_pkg'
[0.716s] Level 1:colcon.colcon_core.package_identification:_identify(wheel) by extensions ['colcon_meta']
[0.717s] Level 1:colcon.colcon_core.package_identification:_identify(wheel) by extension 'colcon_meta'
[0.718s] Level 1:colcon.colcon_core.package_identification:_identify(wheel) by extensions ['ros']
[0.719s] Level 1:colcon.colcon_core.package_identification:_identify(wheel) by extension 'ros'
[0.731s] DEBUG:colcon.colcon_core.package_identification:Package 'wheel' with type 'ros.ament_python' and name 'wheel'
[0.732s] Level 1:colcon.colcon_core.package_discovery:discover_packages(recursive) using defaults
[0.734s] Level 1:colcon.colcon_core.package_discovery:discover_packages(ignore) discover
[0.735s] Level 1:colcon.colcon_core.package_discovery:discover_packages(ignore) using defaults
[0.736s] Level 1:colcon.colcon_core.package_discovery:discover_packages(path) discover
[0.737s] Level 1:colcon.colcon_core.package_discovery:discover_packages(path) using defaults
[0.772s] Level 5:colcon.colcon_core.verb:set package 'configure' build argument 'cmake_args' from command line to 'None'
[0.774s] Level 5:colcon.colcon_core.verb:set package 'configure' build argument 'cmake_target' from command line to 'None'
[0.775s] Level 5:colcon.colcon_core.verb:set package 'configure' build argument 'cmake_target_skip_unavailable' from command line to 'False'
[0.776s] Level 5:colcon.colcon_core.verb:set package 'configure' build argument 'cmake_clean_cache' from command line to 'False'
[0.777s] Level 5:colcon.colcon_core.verb:set package 'configure' build argument 'cmake_clean_first' from command line to 'False'
[0.778s] Level 5:colcon.colcon_core.verb:set package 'configure' build argument 'cmake_force_configure' from command line to 'False'
[0.780s] Level 5:colcon.colcon_core.verb:set package 'configure' build argument 'ament_cmake_args' from command line to 'None'
[0.781s] Level 5:colcon.colcon_core.verb:set package 'configure' build argument 'catkin_cmake_args' from command line to 'None'
[0.782s] Level 5:colcon.colcon_core.verb:set package 'configure' build argument 'catkin_skip_building_tests' from command line to 'False'
[0.783s] DEBUG:colcon.colcon_core.verb:Building package 'configure' with the following arguments: {'ament_cmake_args': None, 'build_base': '/home/machine/src/build/configure', 'catkin_cmake_args': None, 'catkin_skip_building_tests': False, 'cmake_args': None, 'cmake_clean_cache': False, 'cmake_clean_first': False, 'cmake_force_configure': False, 'cmake_target': None, 'cmake_target_skip_unavailable': False, 'install_base': '/home/machine/src/install/configure', 'merge_install': False, 'path': '/home/machine/src/configure', 'symlink_install': False, 'test_result_base': None}
[0.789s] Level 5:colcon.colcon_core.verb:set package 'weeding' build argument 'cmake_args' from command line to 'None'
[0.790s] Level 5:colcon.colcon_core.verb:set package 'weeding' build argument 'cmake_target' from command line to 'None'
[0.792s] Level 5:colcon.colcon_core.verb:set package 'weeding' build argument 'cmake_target_skip_unavailable' from command line to 'False'
[0.793s] Level 5:colcon.colcon_core.verb:set package 'weeding' build argument 'cmake_clean_cache' from command line to 'False'
[0.794s] Level 5:colcon.colcon_core.verb:set package 'weeding' build argument 'cmake_clean_first' from command line to 'False'
[0.795s] Level 5:colcon.colcon_core.verb:set package 'weeding' build argument 'cmake_force_configure' from command line to 'False'
[0.796s] Level 5:colcon.colcon_core.verb:set package 'weeding' build argument 'ament_cmake_args' from command line to 'None'
[0.797s] Level 5:colcon.colcon_core.verb:set package 'weeding' build argument 'catkin_cmake_args' from command line to 'None'
[0.799s] Level 5:colcon.colcon_core.verb:set package 'weeding' build argument 'catkin_skip_building_tests' from command line to 'False'
[0.800s] DEBUG:colcon.colcon_core.verb:Building package 'weeding' with the following arguments: {'ament_cmake_args': None, 'build_base': '/home/machine/src/build/weeding', 'catkin_cmake_args': None, 'catkin_skip_building_tests': False, 'cmake_args': None, 'cmake_clean_cache': False, 'cmake_clean_first': False, 'cmake_force_configure': False, 'cmake_target': None, 'cmake_target_skip_unavailable': False, 'install_base': '/home/machine/src/install/weeding', 'merge_install': False, 'path': '/home/machine/src/weeding', 'symlink_install': False, 'test_result_base': None}
[0.806s] Level 5:colcon.colcon_core.verb:set package 'wheel' build argument 'cmake_args' from command line to 'None'
[0.807s] Level 5:colcon.colcon_core.verb:set package 'wheel' build argument 'cmake_target' from command line to 'None'
[0.808s] Level 5:colcon.colcon_core.verb:set package 'wheel' build argument 'cmake_target_skip_unavailable' from command line to 'False'
[0.809s] Level 5:colcon.colcon_core.verb:set package 'wheel' build argument 'cmake_clean_cache' from command line to 'False'
[0.811s] Level 5:colcon.colcon_core.verb:set package 'wheel' build argument 'cmake_clean_first' from command line to 'False'
[0.812s] Level 5:colcon.colcon_core.verb:set package 'wheel' build argument 'cmake_force_configure' from command line to 'False'
[0.813s] Level 5:colcon.colcon_core.verb:set package 'wheel' build argument 'ament_cmake_args' from command line to 'None'
[0.814s] Level 5:colcon.colcon_core.verb:set package 'wheel' build argument 'catkin_cmake_args' from command line to 'None'
[0.815s] Level 5:colcon.colcon_core.verb:set package 'wheel' build argument 'catkin_skip_building_tests' from command line to 'False'
[0.816s] DEBUG:colcon.colcon_core.verb:Building package 'wheel' with the following arguments: {'ament_cmake_args': None, 'build_base': '/home/machine/src/build/wheel', 'catkin_cmake_args': None, 'catkin_skip_building_tests': False, 'cmake_args': None, 'cmake_clean_cache': False, 'cmake_clean_first': False, 'cmake_force_configure': False, 'cmake_target': None, 'cmake_target_skip_unavailable': False, 'install_base': '/home/machine/src/install/wheel', 'merge_install': False, 'path': '/home/machine/src/wheel', 'symlink_install': False, 'test_result_base': None}
[0.819s] INFO:colcon.colcon_core.executor:Executing jobs using 'parallel' executor
[0.824s] DEBUG:colcon.colcon_parallel_executor.executor.parallel:run_until_complete
[0.826s] INFO:colcon.colcon_ros.task.ament_python.build:Building ROS package in '/home/machine/src/configure' with build type 'ament_python'
[0.828s] Level 1:colcon.colcon_core.shell:create_environment_hook('configure', 'ament_prefix_path')
[0.846s] INFO:colcon.colcon_core.plugin_system:Skipping extension 'colcon_core.shell.bat': Not used on non-Windows systems
[0.848s] INFO:colcon.colcon_core.shell:Creating environment hook '/home/machine/src/install/configure/share/configure/hook/ament_prefix_path.ps1'
[0.869s] INFO:colcon.colcon_core.shell:Creating environment descriptor '/home/machine/src/install/configure/share/configure/hook/ament_prefix_path.dsv'
[0.878s] INFO:colcon.colcon_core.shell:Creating environment hook '/home/machine/src/install/configure/share/configure/hook/ament_prefix_path.sh'
[0.891s] INFO:colcon.colcon_core.shell:Skip shell extension 'powershell' for command environment: Not usable outside of PowerShell
[0.893s] DEBUG:colcon.colcon_core.shell:Skip shell extension 'dsv' for command environment
[0.982s] DEBUG:colcon.colcon_core.shell:Ignoring prefix path '/opt/ros/foxy'
[1.000s] INFO:colcon.colcon_ros.task.ament_python.build:Building ROS package in '/home/machine/src/weeding' with build type 'ament_python'
[1.003s] Level 1:colcon.colcon_core.shell:create_environment_hook('weeding', 'ament_prefix_path')
[1.008s] INFO:colcon.colcon_core.shell:Creating environment hook '/home/machine/src/install/weeding/share/weeding/hook/ament_prefix_path.ps1'
[1.041s] INFO:colcon.colcon_core.shell:Creating environment descriptor '/home/machine/src/install/weeding/share/weeding/hook/ament_prefix_path.dsv'
[1.058s] INFO:colcon.colcon_core.shell:Creating environment hook '/home/machine/src/install/weeding/share/weeding/hook/ament_prefix_path.sh'
[1.074s] INFO:colcon.colcon_core.shell:Skip shell extension 'powershell' for command environment: Not usable outside of PowerShell
[1.076s] DEBUG:colcon.colcon_core.shell:Skip shell extension 'dsv' for command environment
[1.100s] DEBUG:colcon.colcon_core.shell:Ignoring prefix path '/opt/ros/foxy'
[1.547s] INFO:colcon.colcon_core.task.python.build:Building Python package in '/home/machine/src/configure'
[1.551s] INFO:colcon.colcon_core.shell:Skip shell extension 'powershell' for command environment: Not usable outside of PowerShell
[1.552s] DEBUG:colcon.colcon_core.shell:Skip shell extension 'dsv' for command environment
[1.571s] DEBUG:colcon.colcon_core.shell:Ignoring prefix path '/opt/ros/foxy'
[2.042s] INFO:colcon.colcon_core.task.python.build:Building Python package in '/home/machine/src/weeding'
[2.044s] INFO:colcon.colcon_core.shell:Skip shell extension 'powershell' for command environment: Not usable outside of PowerShell
[2.045s] DEBUG:colcon.colcon_core.shell:Skip shell extension 'dsv' for command environment
[2.067s] DEBUG:colcon.colcon_core.shell:Ignoring prefix path '/opt/ros/foxy'
[2.157s] DEBUG:colcon.colcon_core.event_handler.log_command:Invoking command in '/home/machine/src/configure': PYTHONPATH=/home/machine/src/install/configure/lib/python3.8/site-packages:${PYTHONPATH} /usr/bin/python3 setup.py egg_info --egg-base ../build/configure build --build-base /home/machine/src/build/configure/build install --prefix /home/machine/src/install/configure --record /home/machine/src/build/configure/install.log --single-version-externally-managed
[2.207s] DEBUG:colcon.colcon_core.event_handler.log_command:Invoking command in '/home/machine/src/weeding': PYTHONPATH=/home/machine/src/install/weeding/lib/python3.8/site-packages:${PYTHONPATH} /usr/bin/python3 setup.py egg_info --egg-base ../build/weeding build --build-base /home/machine/src/build/weeding/build install --prefix /home/machine/src/install/weeding --record /home/machine/src/build/weeding/install.log --single-version-externally-managed
[3.576s] DEBUG:colcon.colcon_core.event_handler.log_command:Invoked command in '/home/machine/src/weeding' returned '0': PYTHONPATH=/home/machine/src/install/weeding/lib/python3.8/site-packages:${PYTHONPATH} /usr/bin/python3 setup.py egg_info --egg-base ../build/weeding build --build-base /home/machine/src/build/weeding/build install --prefix /home/machine/src/install/weeding --record /home/machine/src/build/weeding/install.log --single-version-externally-managed
[3.599s] Level 1:colcon.colcon_core.environment:checking '/home/machine/src/install/weeding' for CMake module files
[3.726s] Level 1:colcon.colcon_core.environment:checking '/home/machine/src/install/weeding' for CMake config files
[3.779s] Level 1:colcon.colcon_core.environment:checking '/home/machine/src/install/weeding/lib'
[3.783s] Level 1:colcon.colcon_core.environment:checking '/home/machine/src/install/weeding/bin'
[3.786s] Level 1:colcon.colcon_core.environment:checking '/home/machine/src/install/weeding/lib/pkgconfig/weeding.pc'
[3.789s] Level 1:colcon.colcon_core.environment:checking '/home/machine/src/install/weeding/lib/python3.8/site-packages'
[3.791s] Level 1:colcon.colcon_core.shell:create_environment_hook('weeding', 'pythonpath')
[3.794s] INFO:colcon.colcon_core.shell:Creating environment hook '/home/machine/src/install/weeding/share/weeding/hook/pythonpath.ps1'
[3.804s] INFO:colcon.colcon_core.shell:Creating environment descriptor '/home/machine/src/install/weeding/share/weeding/hook/pythonpath.dsv'
[3.816s] INFO:colcon.colcon_core.shell:Creating environment hook '/home/machine/src/install/weeding/share/weeding/hook/pythonpath.sh'
[3.828s] Level 1:colcon.colcon_core.environment:create_environment_scripts_only(weeding)
[3.833s] INFO:colcon.colcon_core.shell:Creating package script '/home/machine/src/install/weeding/share/weeding/package.ps1'
[3.842s] INFO:colcon.colcon_core.shell:Creating package descriptor '/home/machine/src/install/weeding/share/weeding/package.dsv'
[3.850s] INFO:colcon.colcon_core.shell:Creating package script '/home/machine/src/install/weeding/share/weeding/package.sh'
[3.861s] INFO:colcon.colcon_core.shell:Creating package script '/home/machine/src/install/weeding/share/weeding/package.bash'
[3.868s] INFO:colcon.colcon_core.shell:Creating package script '/home/machine/src/install/weeding/share/weeding/package.zsh'
[3.884s] Level 1:colcon.colcon_core.environment:create_file_with_runtime_dependencies(/home/machine/src/install/weeding/share/colcon-core/packages/weeding)
[3.894s] INFO:colcon.colcon_ros.task.ament_python.build:Building ROS package in '/home/machine/src/wheel' with build type 'ament_python'
[3.897s] Level 1:colcon.colcon_core.shell:create_environment_hook('wheel', 'ament_prefix_path')
[3.908s] INFO:colcon.colcon_core.shell:Creating environment hook '/home/machine/src/install/wheel/share/wheel/hook/ament_prefix_path.ps1'
[3.945s] INFO:colcon.colcon_core.shell:Creating environment descriptor '/home/machine/src/install/wheel/share/wheel/hook/ament_prefix_path.dsv'
[3.955s] INFO:colcon.colcon_core.shell:Creating environment hook '/home/machine/src/install/wheel/share/wheel/hook/ament_prefix_path.sh'
[3.964s] INFO:colcon.colcon_core.shell:Skip shell extension 'powershell' for command environment: Not usable outside of PowerShell
[3.965s] DEBUG:colcon.colcon_core.shell:Skip shell extension 'dsv' for command environment
[3.994s] DEBUG:colcon.colcon_core.shell:Ignoring prefix path '/opt/ros/foxy'
[4.011s] Level 1:colcon.colcon_core.environment:checking '/home/machine/src/install/configure' for CMake module files
[4.017s] DEBUG:colcon.colcon_core.event_handler.log_command:Invoked command in '/home/machine/src/configure' returned '0': PYTHONPATH=/home/machine/src/install/configure/lib/python3.8/site-packages:${PYTHONPATH} /usr/bin/python3 setup.py egg_info --egg-base ../build/configure build --build-base /home/machine/src/build/configure/build install --prefix /home/machine/src/install/configure --record /home/machine/src/build/configure/install.log --single-version-externally-managed
[4.089s] Level 1:colcon.colcon_core.environment:checking '/home/machine/src/install/configure' for CMake config files
[4.103s] Level 1:colcon.colcon_core.environment:checking '/home/machine/src/install/configure/lib'
[4.106s] Level 1:colcon.colcon_core.environment:checking '/home/machine/src/install/configure/bin'
[4.110s] Level 1:colcon.colcon_core.environment:checking '/home/machine/src/install/configure/lib/pkgconfig/configure.pc'
[4.114s] Level 1:colcon.colcon_core.environment:checking '/home/machine/src/install/configure/lib/python3.8/site-packages'
[4.116s] Level 1:colcon.colcon_core.shell:create_environment_hook('configure', 'pythonpath')
[4.119s] INFO:colcon.colcon_core.shell:Creating environment hook '/home/machine/src/install/configure/share/configure/hook/pythonpath.ps1'
[4.135s] INFO:colcon.colcon_core.shell:Creating environment descriptor '/home/machine/src/install/configure/share/configure/hook/pythonpath.dsv'
[4.148s] INFO:colcon.colcon_core.shell:Creating environment hook '/home/machine/src/install/configure/share/configure/hook/pythonpath.sh'
[4.160s] Level 1:colcon.colcon_core.environment:create_environment_scripts_only(configure)
[4.164s] INFO:colcon.colcon_core.shell:Creating package script '/home/machine/src/install/configure/share/configure/package.ps1'
[4.178s] INFO:colcon.colcon_core.shell:Creating package descriptor '/home/machine/src/install/configure/share/configure/package.dsv'
[4.192s] INFO:colcon.colcon_core.shell:Creating package script '/home/machine/src/install/configure/share/configure/package.sh'
[4.203s] INFO:colcon.colcon_core.shell:Creating package script '/home/machine/src/install/configure/share/configure/package.bash'
[4.212s] INFO:colcon.colcon_core.shell:Creating package script '/home/machine/src/install/configure/share/configure/package.zsh'
[4.220s] Level 1:colcon.colcon_core.environment:create_file_with_runtime_dependencies(/home/machine/src/install/configure/share/colcon-core/packages/configure)
[4.744s] INFO:colcon.colcon_core.task.python.build:Building Python package in '/home/machine/src/wheel'
[4.747s] INFO:colcon.colcon_core.shell:Skip shell extension 'powershell' for command environment: Not usable outside of PowerShell
[4.748s] DEBUG:colcon.colcon_core.shell:Skip shell extension 'dsv' for command environment
[4.768s] DEBUG:colcon.colcon_core.shell:Ignoring prefix path '/opt/ros/foxy'
[4.840s] DEBUG:colcon.colcon_core.event_handler.log_command:Invoking command in '/home/machine/src/wheel': PYTHONPATH=/home/machine/src/install/wheel/lib/python3.8/site-packages:${PYTHONPATH} /usr/bin/python3 setup.py egg_info --egg-base ../build/wheel build --build-base /home/machine/src/build/wheel/build install --prefix /home/machine/src/install/wheel --record /home/machine/src/build/wheel/install.log --single-version-externally-managed
[5.916s] Level 1:colcon.colcon_core.environment:checking '/home/machine/src/install/wheel' for CMake module files
[5.922s] DEBUG:colcon.colcon_core.event_handler.log_command:Invoked command in '/home/machine/src/wheel' returned '0': PYTHONPATH=/home/machine/src/install/wheel/lib/python3.8/site-packages:${PYTHONPATH} /usr/bin/python3 setup.py egg_info --egg-base ../build/wheel build --build-base /home/machine/src/build/wheel/build install --prefix /home/machine/src/install/wheel --record /home/machine/src/build/wheel/install.log --single-version-externally-managed
[5.955s] Level 1:colcon.colcon_core.environment:checking '/home/machine/src/install/wheel' for CMake config files
[5.968s] Level 1:colcon.colcon_core.environment:checking '/home/machine/src/install/wheel/lib'
[5.970s] Level 1:colcon.colcon_core.environment:checking '/home/machine/src/install/wheel/bin'
[5.972s] Level 1:colcon.colcon_core.environment:checking '/home/machine/src/install/wheel/lib/pkgconfig/wheel.pc'
[5.974s] Level 1:colcon.colcon_core.environment:checking '/home/machine/src/install/wheel/lib/python3.8/site-packages'
[5.975s] Level 1:colcon.colcon_core.shell:create_environment_hook('wheel', 'pythonpath')
[5.978s] INFO:colcon.colcon_core.shell:Creating environment hook '/home/machine/src/install/wheel/share/wheel/hook/pythonpath.ps1'
[5.986s] INFO:colcon.colcon_core.shell:Creating environment descriptor '/home/machine/src/install/wheel/share/wheel/hook/pythonpath.dsv'
[5.993s] INFO:colcon.colcon_core.shell:Creating environment hook '/home/machine/src/install/wheel/share/wheel/hook/pythonpath.sh'
[6.004s] Level 1:colcon.colcon_core.environment:create_environment_scripts_only(wheel)
[6.007s] INFO:colcon.colcon_core.shell:Creating package script '/home/machine/src/install/wheel/share/wheel/package.ps1'
[6.014s] INFO:colcon.colcon_core.shell:Creating package descriptor '/home/machine/src/install/wheel/share/wheel/package.dsv'
[6.024s] INFO:colcon.colcon_core.shell:Creating package script '/home/machine/src/install/wheel/share/wheel/package.sh'
[6.033s] INFO:colcon.colcon_core.shell:Creating package script '/home/machine/src/install/wheel/share/wheel/package.bash'
[6.040s] INFO:colcon.colcon_core.shell:Creating package script '/home/machine/src/install/wheel/share/wheel/package.zsh'
[6.051s] Level 1:colcon.colcon_core.environment:create_file_with_runtime_dependencies(/home/machine/src/install/wheel/share/colcon-core/packages/wheel)
[6.058s] DEBUG:colcon.colcon_parallel_executor.executor.parallel:closing loop
[6.060s] DEBUG:colcon.colcon_parallel_executor.executor.parallel:loop closed
[6.064s] DEBUG:colcon.colcon_parallel_executor.executor.parallel:run_until_complete finished with '0'
[6.068s] DEBUG:colcon.colcon_core.event_reactor:joining thread
[6.101s] INFO:colcon.colcon_core.plugin_system:Skipping extension 'colcon_notification.desktop_notification.notify_send': Could not find 'notify-send'
[6.103s] INFO:colcon.colcon_core.plugin_system:Skipping extension 'colcon_notification.desktop_notification.terminal_notifier': Not used on non-Darwin systems
[6.104s] INFO:colcon.colcon_core.plugin_system:Skipping extension 'colcon_notification.desktop_notification.win32': Not used on non-Windows systems
[6.106s] INFO:colcon.colcon_notification.desktop_notification:Sending desktop notification using 'notify2'
[6.107s] DEBUG:colcon.colcon_notification.desktop_notification.notify2:Failed to initialize notify2: org.freedesktop.DBus.Error.NotSupported: Unable to autolaunch a dbus-daemon without a $DISPLAY for X11
[6.109s] DEBUG:colcon.colcon_core.event_reactor:joined thread
[6.111s] INFO:colcon.colcon_core.shell:Creating prefix script '/home/machine/src/install/local_setup.ps1'
[6.123s] INFO:colcon.colcon_core.shell:Creating prefix util module '/home/machine/src/install/_local_setup_util_ps1.py'
[6.132s] INFO:colcon.colcon_core.shell:Creating prefix chain script '/home/machine/src/install/setup.ps1'
[6.154s] INFO:colcon.colcon_core.shell:Creating prefix script '/home/machine/src/install/local_setup.sh'
[6.160s] INFO:colcon.colcon_core.shell:Creating prefix util module '/home/machine/src/install/_local_setup_util_sh.py'
[6.167s] INFO:colcon.colcon_core.shell:Creating prefix chain script '/home/machine/src/install/setup.sh'
[6.212s] INFO:colcon.colcon_core.shell:Creating prefix script '/home/machine/src/install/local_setup.bash'
[6.235s] INFO:colcon.colcon_core.shell:Creating prefix chain script '/home/machine/src/install/setup.bash'
[6.268s] INFO:colcon.colcon_core.shell:Creating prefix script '/home/machine/src/install/local_setup.zsh'
[6.280s] INFO:colcon.colcon_core.shell:Creating prefix chain script '/home/machine/src/install/setup.zsh'
