[0.109s] DEBUG:colcon:Command line arguments: ['/usr/bin/colcon', 'build']
[0.109s] DEBUG:colcon:Parsed command line arguments: Namespace(allow_overriding=[], ament_cmake_args=None, base_paths=['.'], build_base='build', catkin_cmake_args=None, catkin_skip_building_tests=False, cmake_args=None, cmake_clean_cache=False, cmake_clean_first=False, cmake_force_configure=False, cmake_target=None, cmake_target_skip_unavailable=False, continue_on_error=False, event_handlers=None, executor='parallel', ignore_user_meta=False, install_base='install', log_base=None, log_level=None, main=<bound method BuildVerb.main of <colcon_core.verb.build.BuildVerb object at 0x7fd8a8015b20>>, merge_install=False, metas=['./colcon.meta'], packages_above=None, packages_above_and_dependencies=None, packages_above_depth=None, packages_end=None, packages_ignore=None, packages_ignore_regex=None, packages_select=None, packages_select_build_failed=False, packages_select_by_dep=None, packages_select_regex=None, packages_select_test_failures=False, packages_skip=None, packages_skip_build_finished=False, packages_skip_by_dep=None, packages_skip_regex=None, packages_skip_test_passed=False, packages_skip_up_to=None, packages_start=None, packages_up_to=None, packages_up_to_regex=None, parallel_workers=2, paths=None, symlink_install=False, test_result_base=None, verb_extension=<colcon_core.verb.build.BuildVerb object at 0x7fd8a8015b20>, verb_name='build', verb_parser=<colcon_defaults.argument_parser.defaults.DefaultArgumentsDecorator object at 0x7fd8a7fa10d0>)
[0.131s] Level 1:colcon.colcon_core.package_discovery:discover_packages(colcon_meta) check parameters
[0.131s] Level 1:colcon.colcon_core.package_discovery:discover_packages(recursive) check parameters
[0.131s] Level 1:colcon.colcon_core.package_discovery:discover_packages(ignore) check parameters
[0.131s] Level 1:colcon.colcon_core.package_discovery:discover_packages(path) check parameters
[0.131s] Level 1:colcon.colcon_core.package_discovery:discover_packages(colcon_meta) discover
[0.131s] Level 1:colcon.colcon_core.package_discovery:discover_packages(recursive) discover
[0.132s] INFO:colcon.colcon_core.package_discovery:Crawling recursively for packages in '/media/psf/Home/Desktop/machine/src'
[0.133s] Level 1:colcon.colcon_core.package_identification:_identify(.) by extensions ['ignore', 'ignore_ament_install']
[0.133s] Level 1:colcon.colcon_core.package_identification:_identify(.) by extension 'ignore'
[0.134s] Level 1:colcon.colcon_core.package_identification:_identify(.) by extension 'ignore_ament_install'
[0.134s] Level 1:colcon.colcon_core.package_identification:_identify(.) by extensions ['colcon_pkg']
[0.134s] Level 1:colcon.colcon_core.package_identification:_identify(.) by extension 'colcon_pkg'
[0.135s] Level 1:colcon.colcon_core.package_identification:_identify(.) by extensions ['colcon_meta']
[0.135s] Level 1:colcon.colcon_core.package_identification:_identify(.) by extension 'colcon_meta'
[0.135s] Level 1:colcon.colcon_core.package_identification:_identify(.) by extensions ['ros']
[0.135s] Level 1:colcon.colcon_core.package_identification:_identify(.) by extension 'ros'
[0.144s] Level 1:colcon.colcon_core.package_identification:_identify(.) by extensions ['cmake', 'python']
[0.144s] Level 1:colcon.colcon_core.package_identification:_identify(.) by extension 'cmake'
[0.145s] Level 1:colcon.colcon_core.package_identification:_identify(.) by extension 'python'
[0.145s] Level 1:colcon.colcon_core.package_identification:_identify(.) by extensions ['python_setup_py']
[0.146s] Level 1:colcon.colcon_core.package_identification:_identify(.) by extension 'python_setup_py'
[0.146s] Level 1:colcon.colcon_core.package_identification:_identify(build) by extensions ['ignore', 'ignore_ament_install']
[0.147s] Level 1:colcon.colcon_core.package_identification:_identify(build) by extension 'ignore'
[0.147s] Level 1:colcon.colcon_core.package_identification:_identify(build) ignored
[0.148s] Level 1:colcon.colcon_core.package_identification:_identify(configure) by extensions ['ignore', 'ignore_ament_install']
[0.148s] Level 1:colcon.colcon_core.package_identification:_identify(configure) by extension 'ignore'
[0.148s] Level 1:colcon.colcon_core.package_identification:_identify(configure) by extension 'ignore_ament_install'
[0.149s] Level 1:colcon.colcon_core.package_identification:_identify(configure) by extensions ['colcon_pkg']
[0.149s] Level 1:colcon.colcon_core.package_identification:_identify(configure) by extension 'colcon_pkg'
[0.149s] Level 1:colcon.colcon_core.package_identification:_identify(configure) by extensions ['colcon_meta']
[0.149s] Level 1:colcon.colcon_core.package_identification:_identify(configure) by extension 'colcon_meta'
[0.149s] Level 1:colcon.colcon_core.package_identification:_identify(configure) by extensions ['ros']
[0.149s] Level 1:colcon.colcon_core.package_identification:_identify(configure) by extension 'ros'
[0.152s] DEBUG:colcon.colcon_core.package_identification:Package 'configure' with type 'ros.ament_python' and name 'configure'
[0.153s] Level 1:colcon.colcon_core.package_identification:_identify(install) by extensions ['ignore', 'ignore_ament_install']
[0.153s] Level 1:colcon.colcon_core.package_identification:_identify(install) by extension 'ignore'
[0.153s] Level 1:colcon.colcon_core.package_identification:_identify(install) ignored
[0.154s] Level 1:colcon.colcon_core.package_identification:_identify(itof) by extensions ['ignore', 'ignore_ament_install']
[0.154s] Level 1:colcon.colcon_core.package_identification:_identify(itof) by extension 'ignore'
[0.154s] Level 1:colcon.colcon_core.package_identification:_identify(itof) by extension 'ignore_ament_install'
[0.154s] Level 1:colcon.colcon_core.package_identification:_identify(itof) by extensions ['colcon_pkg']
[0.154s] Level 1:colcon.colcon_core.package_identification:_identify(itof) by extension 'colcon_pkg'
[0.154s] Level 1:colcon.colcon_core.package_identification:_identify(itof) by extensions ['colcon_meta']
[0.154s] Level 1:colcon.colcon_core.package_identification:_identify(itof) by extension 'colcon_meta'
[0.155s] Level 1:colcon.colcon_core.package_identification:_identify(itof) by extensions ['ros']
[0.155s] Level 1:colcon.colcon_core.package_identification:_identify(itof) by extension 'ros'
[0.156s] DEBUG:colcon.colcon_core.package_identification:Package 'itof' with type 'ros.ament_cmake' and name 'itof'
[0.157s] Level 1:colcon.colcon_core.package_identification:_identify(log) by extensions ['ignore', 'ignore_ament_install']
[0.157s] Level 1:colcon.colcon_core.package_identification:_identify(log) by extension 'ignore'
[0.157s] Level 1:colcon.colcon_core.package_identification:_identify(log) ignored
[0.158s] Level 1:colcon.colcon_core.package_identification:_identify(wheel) by extensions ['ignore', 'ignore_ament_install']
[0.158s] Level 1:colcon.colcon_core.package_identification:_identify(wheel) by extension 'ignore'
[0.158s] Level 1:colcon.colcon_core.package_identification:_identify(wheel) by extension 'ignore_ament_install'
[0.158s] Level 1:colcon.colcon_core.package_identification:_identify(wheel) by extensions ['colcon_pkg']
[0.158s] Level 1:colcon.colcon_core.package_identification:_identify(wheel) by extension 'colcon_pkg'
[0.158s] Level 1:colcon.colcon_core.package_identification:_identify(wheel) by extensions ['colcon_meta']
[0.159s] Level 1:colcon.colcon_core.package_identification:_identify(wheel) by extension 'colcon_meta'
[0.159s] Level 1:colcon.colcon_core.package_identification:_identify(wheel) by extensions ['ros']
[0.159s] Level 1:colcon.colcon_core.package_identification:_identify(wheel) by extension 'ros'
[0.160s] DEBUG:colcon.colcon_core.package_identification:Package 'wheel' with type 'ros.ament_python' and name 'wheel'
[0.160s] Level 1:colcon.colcon_core.package_discovery:discover_packages(recursive) using defaults
[0.160s] Level 1:colcon.colcon_core.package_discovery:discover_packages(ignore) discover
[0.160s] Level 1:colcon.colcon_core.package_discovery:discover_packages(ignore) using defaults
[0.160s] Level 1:colcon.colcon_core.package_discovery:discover_packages(path) discover
[0.160s] Level 1:colcon.colcon_core.package_discovery:discover_packages(path) using defaults
[0.178s] Level 1:colcon.colcon_core.package_discovery:discover_packages(prefix_path) check parameters
[0.178s] Level 1:colcon.colcon_core.package_discovery:discover_packages(prefix_path) discover
[0.194s] DEBUG:colcon.colcon_installed_package_information.package_discovery:Found 5 installed packages in /media/psf/Home/Desktop/machine/src/install
[0.195s] DEBUG:colcon.colcon_installed_package_information.package_discovery:Found 256 installed packages in /opt/ros/foxy
[0.196s] Level 1:colcon.colcon_core.package_discovery:discover_packages(prefix_path) using defaults
[0.278s] Level 5:colcon.colcon_core.verb:set package 'configure' build argument 'cmake_args' from command line to 'None'
[0.278s] Level 5:colcon.colcon_core.verb:set package 'configure' build argument 'cmake_target' from command line to 'None'
[0.278s] Level 5:colcon.colcon_core.verb:set package 'configure' build argument 'cmake_target_skip_unavailable' from command line to 'False'
[0.279s] Level 5:colcon.colcon_core.verb:set package 'configure' build argument 'cmake_clean_cache' from command line to 'False'
[0.279s] Level 5:colcon.colcon_core.verb:set package 'configure' build argument 'cmake_clean_first' from command line to 'False'
[0.279s] Level 5:colcon.colcon_core.verb:set package 'configure' build argument 'cmake_force_configure' from command line to 'False'
[0.279s] Level 5:colcon.colcon_core.verb:set package 'configure' build argument 'ament_cmake_args' from command line to 'None'
[0.279s] Level 5:colcon.colcon_core.verb:set package 'configure' build argument 'catkin_cmake_args' from command line to 'None'
[0.279s] Level 5:colcon.colcon_core.verb:set package 'configure' build argument 'catkin_skip_building_tests' from command line to 'False'
[0.280s] DEBUG:colcon.colcon_core.verb:Building package 'configure' with the following arguments: {'ament_cmake_args': None, 'build_base': '/media/psf/Home/Desktop/machine/src/build/configure', 'catkin_cmake_args': None, 'catkin_skip_building_tests': False, 'cmake_args': None, 'cmake_clean_cache': False, 'cmake_clean_first': False, 'cmake_force_configure': False, 'cmake_target': None, 'cmake_target_skip_unavailable': False, 'install_base': '/media/psf/Home/Desktop/machine/src/install/configure', 'merge_install': False, 'path': '/media/psf/Home/Desktop/machine/src/configure', 'symlink_install': False, 'test_result_base': None}
[0.280s] Level 5:colcon.colcon_core.verb:set package 'itof' build argument 'cmake_args' from command line to 'None'
[0.281s] Level 5:colcon.colcon_core.verb:set package 'itof' build argument 'cmake_target' from command line to 'None'
[0.281s] Level 5:colcon.colcon_core.verb:set package 'itof' build argument 'cmake_target_skip_unavailable' from command line to 'False'
[0.281s] Level 5:colcon.colcon_core.verb:set package 'itof' build argument 'cmake_clean_cache' from command line to 'False'
[0.281s] Level 5:colcon.colcon_core.verb:set package 'itof' build argument 'cmake_clean_first' from command line to 'False'
[0.281s] Level 5:colcon.colcon_core.verb:set package 'itof' build argument 'cmake_force_configure' from command line to 'False'
[0.282s] Level 5:colcon.colcon_core.verb:set package 'itof' build argument 'ament_cmake_args' from command line to 'None'
[0.282s] Level 5:colcon.colcon_core.verb:set package 'itof' build argument 'catkin_cmake_args' from command line to 'None'
[0.282s] Level 5:colcon.colcon_core.verb:set package 'itof' build argument 'catkin_skip_building_tests' from command line to 'False'
[0.282s] DEBUG:colcon.colcon_core.verb:Building package 'itof' with the following arguments: {'ament_cmake_args': None, 'build_base': '/media/psf/Home/Desktop/machine/src/build/itof', 'catkin_cmake_args': None, 'catkin_skip_building_tests': False, 'cmake_args': None, 'cmake_clean_cache': False, 'cmake_clean_first': False, 'cmake_force_configure': False, 'cmake_target': None, 'cmake_target_skip_unavailable': False, 'install_base': '/media/psf/Home/Desktop/machine/src/install/itof', 'merge_install': False, 'path': '/media/psf/Home/Desktop/machine/src/itof', 'symlink_install': False, 'test_result_base': None}
[0.283s] Level 5:colcon.colcon_core.verb:set package 'wheel' build argument 'cmake_args' from command line to 'None'
[0.283s] Level 5:colcon.colcon_core.verb:set package 'wheel' build argument 'cmake_target' from command line to 'None'
[0.283s] Level 5:colcon.colcon_core.verb:set package 'wheel' build argument 'cmake_target_skip_unavailable' from command line to 'False'
[0.283s] Level 5:colcon.colcon_core.verb:set package 'wheel' build argument 'cmake_clean_cache' from command line to 'False'
[0.283s] Level 5:colcon.colcon_core.verb:set package 'wheel' build argument 'cmake_clean_first' from command line to 'False'
[0.284s] Level 5:colcon.colcon_core.verb:set package 'wheel' build argument 'cmake_force_configure' from command line to 'False'
[0.284s] Level 5:colcon.colcon_core.verb:set package 'wheel' build argument 'ament_cmake_args' from command line to 'None'
[0.284s] Level 5:colcon.colcon_core.verb:set package 'wheel' build argument 'catkin_cmake_args' from command line to 'None'
[0.284s] Level 5:colcon.colcon_core.verb:set package 'wheel' build argument 'catkin_skip_building_tests' from command line to 'False'
[0.284s] DEBUG:colcon.colcon_core.verb:Building package 'wheel' with the following arguments: {'ament_cmake_args': None, 'build_base': '/media/psf/Home/Desktop/machine/src/build/wheel', 'catkin_cmake_args': None, 'catkin_skip_building_tests': False, 'cmake_args': None, 'cmake_clean_cache': False, 'cmake_clean_first': False, 'cmake_force_configure': False, 'cmake_target': None, 'cmake_target_skip_unavailable': False, 'install_base': '/media/psf/Home/Desktop/machine/src/install/wheel', 'merge_install': False, 'path': '/media/psf/Home/Desktop/machine/src/wheel', 'symlink_install': False, 'test_result_base': None}
[0.284s] INFO:colcon.colcon_core.executor:Executing jobs using 'parallel' executor
[0.286s] DEBUG:colcon.colcon_parallel_executor.executor.parallel:run_until_complete
[0.286s] INFO:colcon.colcon_ros.task.ament_python.build:Building ROS package in '/media/psf/Home/Desktop/machine/src/configure' with build type 'ament_python'
[0.286s] Level 1:colcon.colcon_core.shell:create_environment_hook('configure', 'ament_prefix_path')
[0.290s] INFO:colcon.colcon_core.plugin_system:Skipping extension 'colcon_core.shell.bat': Not used on non-Windows systems
[0.290s] INFO:colcon.colcon_core.shell:Creating environment hook '/media/psf/Home/Desktop/machine/src/install/configure/share/configure/hook/ament_prefix_path.ps1'
[0.292s] INFO:colcon.colcon_core.shell:Creating environment descriptor '/media/psf/Home/Desktop/machine/src/install/configure/share/configure/hook/ament_prefix_path.dsv'
[0.293s] INFO:colcon.colcon_core.shell:Creating environment hook '/media/psf/Home/Desktop/machine/src/install/configure/share/configure/hook/ament_prefix_path.sh'
[0.295s] INFO:colcon.colcon_core.shell:Skip shell extension 'powershell' for command environment: Not usable outside of PowerShell
[0.295s] DEBUG:colcon.colcon_core.shell:Skip shell extension 'dsv' for command environment
[0.309s] INFO:colcon.colcon_ros.task.ament_cmake.build:Building ROS package in '/media/psf/Home/Desktop/machine/src/itof' with build type 'ament_cmake'
[0.309s] INFO:colcon.colcon_cmake.task.cmake.build:Building CMake package in '/media/psf/Home/Desktop/machine/src/itof'
[0.310s] INFO:colcon.colcon_core.shell:Skip shell extension 'powershell' for command environment: Not usable outside of PowerShell
[0.310s] DEBUG:colcon.colcon_core.shell:Skip shell extension 'dsv' for command environment
[0.553s] INFO:colcon.colcon_core.task.python.build:Building Python package in '/media/psf/Home/Desktop/machine/src/configure'
[0.554s] INFO:colcon.colcon_core.shell:Skip shell extension 'powershell' for command environment: Not usable outside of PowerShell
[0.554s] DEBUG:colcon.colcon_core.shell:Skip shell extension 'dsv' for command environment
[0.582s] DEBUG:colcon.colcon_core.event_handler.log_command:Invoking command in '/media/psf/Home/Desktop/machine/src/build/itof': CMAKE_PREFIX_PATH=${CMAKE_PREFIX_PATH}:/media/psf/Home/Desktop/machine/src/install/wheel:/media/psf/Home/Desktop/machine/src/install/header:/media/psf/Home/Desktop/machine/src/install/configure:/media/psf/Home/Desktop/machine/src/install/config:/opt/ros/foxy /usr/bin/cmake --build /media/psf/Home/Desktop/machine/src/build/itof -- -j2 -l2
[0.743s] DEBUG:colcon.colcon_core.event_handler.log_command:Invoked command in '/media/psf/Home/Desktop/machine/src/build/itof' returned '0': CMAKE_PREFIX_PATH=${CMAKE_PREFIX_PATH}:/media/psf/Home/Desktop/machine/src/install/wheel:/media/psf/Home/Desktop/machine/src/install/header:/media/psf/Home/Desktop/machine/src/install/configure:/media/psf/Home/Desktop/machine/src/install/config:/opt/ros/foxy /usr/bin/cmake --build /media/psf/Home/Desktop/machine/src/build/itof -- -j2 -l2
[0.803s] DEBUG:colcon.colcon_core.event_handler.log_command:Invoking command in '/media/psf/Home/Desktop/machine/src/build/itof': CMAKE_PREFIX_PATH=${CMAKE_PREFIX_PATH}:/media/psf/Home/Desktop/machine/src/install/wheel:/media/psf/Home/Desktop/machine/src/install/header:/media/psf/Home/Desktop/machine/src/install/configure:/media/psf/Home/Desktop/machine/src/install/config:/opt/ros/foxy /usr/bin/cmake --install /media/psf/Home/Desktop/machine/src/build/itof
[0.841s] Level 1:colcon.colcon_core.environment:create_environment_scripts_only(itof)
[0.845s] DEBUG:colcon.colcon_core.event_handler.log_command:Invoked command in '/media/psf/Home/Desktop/machine/src/build/itof' returned '0': CMAKE_PREFIX_PATH=${CMAKE_PREFIX_PATH}:/media/psf/Home/Desktop/machine/src/install/wheel:/media/psf/Home/Desktop/machine/src/install/header:/media/psf/Home/Desktop/machine/src/install/configure:/media/psf/Home/Desktop/machine/src/install/config:/opt/ros/foxy /usr/bin/cmake --install /media/psf/Home/Desktop/machine/src/build/itof
[0.846s] Level 1:colcon.colcon_core.environment:checking '/media/psf/Home/Desktop/machine/src/install/itof' for CMake module files
[0.855s] Level 1:colcon.colcon_core.environment:checking '/media/psf/Home/Desktop/machine/src/install/itof' for CMake config files
[0.857s] Level 1:colcon.colcon_core.shell:create_environment_hook('itof', 'cmake_prefix_path')
[0.858s] INFO:colcon.colcon_core.shell:Creating environment hook '/media/psf/Home/Desktop/machine/src/install/itof/share/itof/hook/cmake_prefix_path.ps1'
[0.860s] INFO:colcon.colcon_core.shell:Creating environment descriptor '/media/psf/Home/Desktop/machine/src/install/itof/share/itof/hook/cmake_prefix_path.dsv'
[0.861s] INFO:colcon.colcon_core.shell:Creating environment hook '/media/psf/Home/Desktop/machine/src/install/itof/share/itof/hook/cmake_prefix_path.sh'
[0.864s] Level 1:colcon.colcon_core.environment:checking '/media/psf/Home/Desktop/machine/src/install/itof/lib'
[0.864s] Level 1:colcon.colcon_core.environment:checking '/media/psf/Home/Desktop/machine/src/install/itof/bin'
[0.865s] Level 1:colcon.colcon_core.environment:checking '/media/psf/Home/Desktop/machine/src/install/itof/lib/pkgconfig/itof.pc'
[0.865s] Level 1:colcon.colcon_core.environment:checking '/media/psf/Home/Desktop/machine/src/install/itof/lib/python3.8/site-packages'
[0.866s] Level 1:colcon.colcon_core.environment:checking '/media/psf/Home/Desktop/machine/src/install/itof/bin'
[0.866s] INFO:colcon.colcon_core.shell:Creating package script '/media/psf/Home/Desktop/machine/src/install/itof/share/itof/package.ps1'
[0.868s] INFO:colcon.colcon_core.shell:Creating package descriptor '/media/psf/Home/Desktop/machine/src/install/itof/share/itof/package.dsv'
[0.871s] INFO:colcon.colcon_core.shell:Creating package script '/media/psf/Home/Desktop/machine/src/install/itof/share/itof/package.sh'
[0.874s] INFO:colcon.colcon_core.shell:Creating package script '/media/psf/Home/Desktop/machine/src/install/itof/share/itof/package.bash'
[0.877s] INFO:colcon.colcon_core.shell:Creating package script '/media/psf/Home/Desktop/machine/src/install/itof/share/itof/package.zsh'
[0.879s] Level 1:colcon.colcon_core.environment:create_file_with_runtime_dependencies(/media/psf/Home/Desktop/machine/src/install/itof/share/colcon-core/packages/itof)
[0.928s] Level 1:colcon.colcon_core.environment:create_environment_scripts_only(itof)
[0.929s] Level 1:colcon.colcon_core.environment:checking '/media/psf/Home/Desktop/machine/src/install/itof' for CMake module files
[0.935s] Level 1:colcon.colcon_core.environment:checking '/media/psf/Home/Desktop/machine/src/install/itof' for CMake config files
[0.938s] Level 1:colcon.colcon_core.shell:create_environment_hook('itof', 'cmake_prefix_path')
[0.938s] INFO:colcon.colcon_core.shell:Creating environment hook '/media/psf/Home/Desktop/machine/src/install/itof/share/itof/hook/cmake_prefix_path.ps1'
[0.940s] INFO:colcon.colcon_core.shell:Creating environment descriptor '/media/psf/Home/Desktop/machine/src/install/itof/share/itof/hook/cmake_prefix_path.dsv'
[0.941s] INFO:colcon.colcon_core.shell:Creating environment hook '/media/psf/Home/Desktop/machine/src/install/itof/share/itof/hook/cmake_prefix_path.sh'
[0.943s] Level 1:colcon.colcon_core.environment:checking '/media/psf/Home/Desktop/machine/src/install/itof/lib'
[0.944s] Level 1:colcon.colcon_core.environment:checking '/media/psf/Home/Desktop/machine/src/install/itof/bin'
[0.944s] Level 1:colcon.colcon_core.environment:checking '/media/psf/Home/Desktop/machine/src/install/itof/lib/pkgconfig/itof.pc'
[0.945s] Level 1:colcon.colcon_core.environment:checking '/media/psf/Home/Desktop/machine/src/install/itof/lib/python3.8/site-packages'
[0.945s] Level 1:colcon.colcon_core.environment:checking '/media/psf/Home/Desktop/machine/src/install/itof/bin'
[0.946s] INFO:colcon.colcon_core.shell:Creating package script '/media/psf/Home/Desktop/machine/src/install/itof/share/itof/package.ps1'
[0.948s] INFO:colcon.colcon_core.shell:Creating package descriptor '/media/psf/Home/Desktop/machine/src/install/itof/share/itof/package.dsv'
[0.949s] INFO:colcon.colcon_core.shell:Creating package script '/media/psf/Home/Desktop/machine/src/install/itof/share/itof/package.sh'
[0.950s] INFO:colcon.colcon_core.shell:Creating package script '/media/psf/Home/Desktop/machine/src/install/itof/share/itof/package.bash'
[0.952s] INFO:colcon.colcon_core.shell:Creating package script '/media/psf/Home/Desktop/machine/src/install/itof/share/itof/package.zsh'
[0.953s] Level 1:colcon.colcon_core.environment:create_file_with_runtime_dependencies(/media/psf/Home/Desktop/machine/src/install/itof/share/colcon-core/packages/itof)
[0.954s] INFO:colcon.colcon_ros.task.ament_python.build:Building ROS package in '/media/psf/Home/Desktop/machine/src/wheel' with build type 'ament_python'
[0.955s] Level 1:colcon.colcon_core.shell:create_environment_hook('wheel', 'ament_prefix_path')
[0.956s] INFO:colcon.colcon_core.shell:Creating environment hook '/media/psf/Home/Desktop/machine/src/install/wheel/share/wheel/hook/ament_prefix_path.ps1'
[0.958s] INFO:colcon.colcon_core.shell:Creating environment descriptor '/media/psf/Home/Desktop/machine/src/install/wheel/share/wheel/hook/ament_prefix_path.dsv'
[0.959s] INFO:colcon.colcon_core.shell:Creating environment hook '/media/psf/Home/Desktop/machine/src/install/wheel/share/wheel/hook/ament_prefix_path.sh'
[0.962s] INFO:colcon.colcon_core.shell:Skip shell extension 'powershell' for command environment: Not usable outside of PowerShell
[0.962s] DEBUG:colcon.colcon_core.shell:Skip shell extension 'dsv' for command environment
[1.247s] INFO:colcon.colcon_core.task.python.build:Building Python package in '/media/psf/Home/Desktop/machine/src/wheel'
[1.248s] INFO:colcon.colcon_core.shell:Skip shell extension 'powershell' for command environment: Not usable outside of PowerShell
[1.248s] DEBUG:colcon.colcon_core.shell:Skip shell extension 'dsv' for command environment
[1.292s] DEBUG:colcon.colcon_core.event_handler.log_command:Invoking command in '/media/psf/Home/Desktop/machine/src/configure': PYTHONPATH=/media/psf/Home/Desktop/machine/src/install/configure/lib/python3.8/site-packages:${PYTHONPATH} /usr/bin/python3 setup.py egg_info --egg-base ../build/configure build --build-base /media/psf/Home/Desktop/machine/src/build/configure/build install --prefix /media/psf/Home/Desktop/machine/src/install/configure --record /media/psf/Home/Desktop/machine/src/build/configure/install.log --single-version-externally-managed
[1.682s] Level 1:colcon.colcon_core.environment:checking '/media/psf/Home/Desktop/machine/src/install/configure' for CMake module files
[1.683s] DEBUG:colcon.colcon_core.event_handler.log_command:Invoked command in '/media/psf/Home/Desktop/machine/src/configure' returned '0': PYTHONPATH=/media/psf/Home/Desktop/machine/src/install/configure/lib/python3.8/site-packages:${PYTHONPATH} /usr/bin/python3 setup.py egg_info --egg-base ../build/configure build --build-base /media/psf/Home/Desktop/machine/src/build/configure/build install --prefix /media/psf/Home/Desktop/machine/src/install/configure --record /media/psf/Home/Desktop/machine/src/build/configure/install.log --single-version-externally-managed
[1.690s] Level 1:colcon.colcon_core.environment:checking '/media/psf/Home/Desktop/machine/src/install/configure' for CMake config files
[1.700s] Level 1:colcon.colcon_core.environment:checking '/media/psf/Home/Desktop/machine/src/install/configure/lib'
[1.701s] Level 1:colcon.colcon_core.environment:checking '/media/psf/Home/Desktop/machine/src/install/configure/bin'
[1.701s] Level 1:colcon.colcon_core.environment:checking '/media/psf/Home/Desktop/machine/src/install/configure/lib/pkgconfig/configure.pc'
[1.702s] Level 1:colcon.colcon_core.environment:checking '/media/psf/Home/Desktop/machine/src/install/configure/lib/python3.8/site-packages'
[1.702s] Level 1:colcon.colcon_core.shell:create_environment_hook('configure', 'pythonpath')
[1.703s] INFO:colcon.colcon_core.shell:Creating environment hook '/media/psf/Home/Desktop/machine/src/install/configure/share/configure/hook/pythonpath.ps1'
[1.704s] INFO:colcon.colcon_core.shell:Creating environment descriptor '/media/psf/Home/Desktop/machine/src/install/configure/share/configure/hook/pythonpath.dsv'
[1.706s] INFO:colcon.colcon_core.shell:Creating environment hook '/media/psf/Home/Desktop/machine/src/install/configure/share/configure/hook/pythonpath.sh'
[1.707s] Level 1:colcon.colcon_core.environment:checking '/media/psf/Home/Desktop/machine/src/install/configure/bin'
[1.707s] Level 1:colcon.colcon_core.environment:create_environment_scripts_only(configure)
[1.708s] INFO:colcon.colcon_core.shell:Creating package script '/media/psf/Home/Desktop/machine/src/install/configure/share/configure/package.ps1'
[1.710s] INFO:colcon.colcon_core.shell:Creating package descriptor '/media/psf/Home/Desktop/machine/src/install/configure/share/configure/package.dsv'
[1.711s] INFO:colcon.colcon_core.shell:Creating package script '/media/psf/Home/Desktop/machine/src/install/configure/share/configure/package.sh'
[1.712s] INFO:colcon.colcon_core.shell:Creating package script '/media/psf/Home/Desktop/machine/src/install/configure/share/configure/package.bash'
[1.714s] INFO:colcon.colcon_core.shell:Creating package script '/media/psf/Home/Desktop/machine/src/install/configure/share/configure/package.zsh'
[1.715s] Level 1:colcon.colcon_core.environment:create_file_with_runtime_dependencies(/media/psf/Home/Desktop/machine/src/install/configure/share/colcon-core/packages/configure)
[1.757s] DEBUG:colcon.colcon_core.event_handler.log_command:Invoking command in '/media/psf/Home/Desktop/machine/src/wheel': PYTHONPATH=/media/psf/Home/Desktop/machine/src/install/wheel/lib/python3.8/site-packages:${PYTHONPATH} /usr/bin/python3 setup.py egg_info --egg-base ../build/wheel build --build-base /media/psf/Home/Desktop/machine/src/build/wheel/build install --prefix /media/psf/Home/Desktop/machine/src/install/wheel --record /media/psf/Home/Desktop/machine/src/build/wheel/install.log --single-version-externally-managed
[2.147s] Level 1:colcon.colcon_core.environment:checking '/media/psf/Home/Desktop/machine/src/install/wheel' for CMake module files
[2.149s] DEBUG:colcon.colcon_core.event_handler.log_command:Invoked command in '/media/psf/Home/Desktop/machine/src/wheel' returned '0': PYTHONPATH=/media/psf/Home/Desktop/machine/src/install/wheel/lib/python3.8/site-packages:${PYTHONPATH} /usr/bin/python3 setup.py egg_info --egg-base ../build/wheel build --build-base /media/psf/Home/Desktop/machine/src/build/wheel/build install --prefix /media/psf/Home/Desktop/machine/src/install/wheel --record /media/psf/Home/Desktop/machine/src/build/wheel/install.log --single-version-externally-managed
[2.154s] Level 1:colcon.colcon_core.environment:checking '/media/psf/Home/Desktop/machine/src/install/wheel' for CMake config files
[2.165s] Level 1:colcon.colcon_core.environment:checking '/media/psf/Home/Desktop/machine/src/install/wheel/lib'
[2.166s] Level 1:colcon.colcon_core.environment:checking '/media/psf/Home/Desktop/machine/src/install/wheel/bin'
[2.166s] Level 1:colcon.colcon_core.environment:checking '/media/psf/Home/Desktop/machine/src/install/wheel/lib/pkgconfig/wheel.pc'
[2.167s] Level 1:colcon.colcon_core.environment:checking '/media/psf/Home/Desktop/machine/src/install/wheel/lib/python3.8/site-packages'
[2.167s] Level 1:colcon.colcon_core.shell:create_environment_hook('wheel', 'pythonpath')
[2.167s] INFO:colcon.colcon_core.shell:Creating environment hook '/media/psf/Home/Desktop/machine/src/install/wheel/share/wheel/hook/pythonpath.ps1'
[2.169s] INFO:colcon.colcon_core.shell:Creating environment descriptor '/media/psf/Home/Desktop/machine/src/install/wheel/share/wheel/hook/pythonpath.dsv'
[2.170s] INFO:colcon.colcon_core.shell:Creating environment hook '/media/psf/Home/Desktop/machine/src/install/wheel/share/wheel/hook/pythonpath.sh'
[2.172s] Level 1:colcon.colcon_core.environment:checking '/media/psf/Home/Desktop/machine/src/install/wheel/bin'
[2.172s] Level 1:colcon.colcon_core.environment:create_environment_scripts_only(wheel)
[2.173s] INFO:colcon.colcon_core.shell:Creating package script '/media/psf/Home/Desktop/machine/src/install/wheel/share/wheel/package.ps1'
[2.175s] INFO:colcon.colcon_core.shell:Creating package descriptor '/media/psf/Home/Desktop/machine/src/install/wheel/share/wheel/package.dsv'
[2.176s] INFO:colcon.colcon_core.shell:Creating package script '/media/psf/Home/Desktop/machine/src/install/wheel/share/wheel/package.sh'
[2.178s] INFO:colcon.colcon_core.shell:Creating package script '/media/psf/Home/Desktop/machine/src/install/wheel/share/wheel/package.bash'
[2.179s] INFO:colcon.colcon_core.shell:Creating package script '/media/psf/Home/Desktop/machine/src/install/wheel/share/wheel/package.zsh'
[2.181s] Level 1:colcon.colcon_core.environment:create_file_with_runtime_dependencies(/media/psf/Home/Desktop/machine/src/install/wheel/share/colcon-core/packages/wheel)
[2.183s] DEBUG:colcon.colcon_parallel_executor.executor.parallel:closing loop
[2.183s] DEBUG:colcon.colcon_parallel_executor.executor.parallel:loop closed
[2.183s] DEBUG:colcon.colcon_parallel_executor.executor.parallel:run_until_complete finished with '0'
[2.183s] DEBUG:colcon.colcon_core.event_reactor:joining thread
[2.194s] INFO:colcon.colcon_core.plugin_system:Skipping extension 'colcon_notification.desktop_notification.terminal_notifier': Not used on non-Darwin systems
[2.194s] INFO:colcon.colcon_core.plugin_system:Skipping extension 'colcon_notification.desktop_notification.win32': Not used on non-Windows systems
[2.195s] INFO:colcon.colcon_notification.desktop_notification:Sending desktop notification using 'notify2'
[2.217s] DEBUG:colcon.colcon_core.event_reactor:joined thread
[2.218s] INFO:colcon.colcon_core.shell:Creating prefix script '/media/psf/Home/Desktop/machine/src/install/local_setup.ps1'
[2.222s] INFO:colcon.colcon_core.shell:Creating prefix util module '/media/psf/Home/Desktop/machine/src/install/_local_setup_util_ps1.py'
[2.227s] INFO:colcon.colcon_core.shell:Creating prefix chain script '/media/psf/Home/Desktop/machine/src/install/setup.ps1'
[2.238s] INFO:colcon.colcon_core.shell:Creating prefix script '/media/psf/Home/Desktop/machine/src/install/local_setup.sh'
[2.240s] INFO:colcon.colcon_core.shell:Creating prefix util module '/media/psf/Home/Desktop/machine/src/install/_local_setup_util_sh.py'
[2.242s] INFO:colcon.colcon_core.shell:Creating prefix chain script '/media/psf/Home/Desktop/machine/src/install/setup.sh'
[2.251s] INFO:colcon.colcon_core.shell:Creating prefix script '/media/psf/Home/Desktop/machine/src/install/local_setup.bash'
[2.253s] INFO:colcon.colcon_core.shell:Creating prefix chain script '/media/psf/Home/Desktop/machine/src/install/setup.bash'
[2.262s] INFO:colcon.colcon_core.shell:Creating prefix script '/media/psf/Home/Desktop/machine/src/install/local_setup.zsh'
[2.264s] INFO:colcon.colcon_core.shell:Creating prefix chain script '/media/psf/Home/Desktop/machine/src/install/setup.zsh'
