[2.097s] Invoking command in '/media/psf/Home/Desktop/machine/src/weeding': PYTHONPATH=/media/psf/Home/Desktop/machine/src/install/weeding/lib/python3.8/site-packages:${PYTHONPATH} /usr/bin/python3 setup.py egg_info --egg-base ../build/weeding build --build-base /media/psf/Home/Desktop/machine/src/build/weeding/build install --prefix /media/psf/Home/Desktop/machine/src/install/weeding --record /media/psf/Home/Desktop/machine/src/build/weeding/install.log --single-version-externally-managed
[3.133s] running egg_info
[3.204s] writing ../build/weeding/weeding.egg-info/PKG-INFO
[3.265s] writing dependency_links to ../build/weeding/weeding.egg-info/dependency_links.txt
[3.440s] writing entry points to ../build/weeding/weeding.egg-info/entry_points.txt
[3.560s] writing requirements to ../build/weeding/weeding.egg-info/requires.txt
[3.619s] writing top-level names to ../build/weeding/weeding.egg-info/top_level.txt
[3.713s] reading manifest file '../build/weeding/weeding.egg-info/SOURCES.txt'
[3.716s] writing manifest file '../build/weeding/weeding.egg-info/SOURCES.txt'
[3.717s] running build
[3.717s] running build_py
[3.720s] running install
[3.720s] /home/parallels/.local/lib/python3.8/site-packages/setuptools/command/install.py:34: SetuptoolsDeprecationWarning: setup.py install is deprecated. Use build and pip and other standards-based tools.
[3.721s]   warnings.warn(
[3.725s] running install_lib
[3.804s] running install_data
[3.820s] running install_egg_info
[3.890s] removing '/media/psf/Home/Desktop/machine/src/install/weeding/lib/python3.8/site-packages/weeding-0.0.0-py3.8.egg-info' (and everything under it)
[3.895s] Copying ../build/weeding/weeding.egg-info to /media/psf/Home/Desktop/machine/src/install/weeding/lib/python3.8/site-packages/weeding-0.0.0-py3.8.egg-info
[3.917s] running install_scripts
[4.040s] Installing weeding_node script to /media/psf/Home/Desktop/machine/src/install/weeding/lib/weeding
[4.044s] writing list of installed files to '/media/psf/Home/Desktop/machine/src/build/weeding/install.log'
[4.088s] Invoked command in '/media/psf/Home/Desktop/machine/src/weeding' returned '0': PYTHONPATH=/media/psf/Home/Desktop/machine/src/install/weeding/lib/python3.8/site-packages:${PYTHONPATH} /usr/bin/python3 setup.py egg_info --egg-base ../build/weeding build --build-base /media/psf/Home/Desktop/machine/src/build/weeding/build install --prefix /media/psf/Home/Desktop/machine/src/install/weeding --record /media/psf/Home/Desktop/machine/src/build/weeding/install.log --single-version-externally-managed
