[1.121s] Invoking command in '/home/machine/src/weeding': PYTHONPATH=/home/machine/src/install/weeding/lib/python3.8/site-packages:${PYTHONPATH} /usr/bin/python3 setup.py egg_info --egg-base ../build/weeding build --build-base /home/machine/src/build/weeding/build install --prefix /home/machine/src/install/weeding --record /home/machine/src/build/weeding/install.log --single-version-externally-managed
[2.008s] running egg_info
[2.013s] creating ../build/weeding/weeding.egg-info
[2.021s] writing ../build/weeding/weeding.egg-info/PKG-INFO
[2.032s] writing dependency_links to ../build/weeding/weeding.egg-info/dependency_links.txt
[2.042s] writing entry points to ../build/weeding/weeding.egg-info/entry_points.txt
[2.050s] writing requirements to ../build/weeding/weeding.egg-info/requires.txt
[2.054s] writing top-level names to ../build/weeding/weeding.egg-info/top_level.txt
[2.070s] writing manifest file '../build/weeding/weeding.egg-info/SOURCES.txt'
[2.354s] reading manifest file '../build/weeding/weeding.egg-info/SOURCES.txt'
[2.381s] writing manifest file '../build/weeding/weeding.egg-info/SOURCES.txt'
[2.386s] running build
[2.394s] running build_py
[2.405s] creating /home/machine/src/build/weeding/build
[2.411s] creating /home/machine/src/build/weeding/build/lib
[2.417s] creating /home/machine/src/build/weeding/build/lib/weeding
[2.429s] copying weeding/__init__.py -> /home/machine/src/build/weeding/build/lib/weeding
[2.454s] copying weeding/weeding.py -> /home/machine/src/build/weeding/build/lib/weeding
[2.471s] running install
[2.477s] running install_lib
[2.490s] creating /home/machine/src/install/weeding/lib/python3.8/site-packages/weeding
[2.517s] copying /home/machine/src/build/weeding/build/lib/weeding/__init__.py -> /home/machine/src/install/weeding/lib/python3.8/site-packages/weeding
[2.589s] copying /home/machine/src/build/weeding/build/lib/weeding/weeding.py -> /home/machine/src/install/weeding/lib/python3.8/site-packages/weeding
[2.638s] byte-compiling /home/machine/src/install/weeding/lib/python3.8/site-packages/weeding/__init__.py to __init__.cpython-38.pyc
[2.697s] byte-compiling /home/machine/src/install/weeding/lib/python3.8/site-packages/weeding/weeding.py to weeding.cpython-38.pyc
[2.722s] running install_data
[2.734s] creating /home/machine/src/install/weeding/share/ament_index
[2.744s] creating /home/machine/src/install/weeding/share/ament_index/resource_index
[2.761s] creating /home/machine/src/install/weeding/share/ament_index/resource_index/packages
[2.771s] copying resource/weeding -> /home/machine/src/install/weeding/share/ament_index/resource_index/packages
[2.793s] copying package.xml -> /home/machine/src/install/weeding/share/weeding
[2.828s] running install_egg_info
[2.835s] Copying ../build/weeding/weeding.egg-info to /home/machine/src/install/weeding/lib/python3.8/site-packages/weeding-0.0.0-py3.8.egg-info
[3.055s] running install_scripts
[3.113s] writing list of installed files to '/home/machine/src/build/weeding/install.log'
[3.826s] Invoked command in '/home/machine/src/weeding' returned '0': PYTHONPATH=/home/machine/src/install/weeding/lib/python3.8/site-packages:${PYTHONPATH} /usr/bin/python3 setup.py egg_info --egg-base ../build/weeding build --build-base /home/machine/src/build/weeding/build install --prefix /home/machine/src/install/weeding --record /home/machine/src/build/weeding/install.log --single-version-externally-managed
