[35m[1mScanning dependencies of target itof_node[0m
[ 50%] [32mBuilding CXX object CMakeFiles/itof_node.dir/src/itof.cpp.o[0m
[100%] [32m[1mLinking CXX executable itof_node[0m
[100%] Built target itof_node
-- Install configuration: ""
-- Up-to-date: /media/psf/Home/Desktop/machine/src/install/itof/share/ament_index/resource_index/package_run_dependencies/itof
-- Up-to-date: /media/psf/Home/Desktop/machine/src/install/itof/share/ament_index/resource_index/parent_prefix_path/itof
-- Up-to-date: /media/psf/Home/Desktop/machine/src/install/itof/share/itof/environment/ament_prefix_path.sh
-- Up-to-date: /media/psf/Home/Desktop/machine/src/install/itof/share/itof/environment/ament_prefix_path.dsv
-- Up-to-date: /media/psf/Home/Desktop/machine/src/install/itof/share/itof/environment/path.sh
-- Up-to-date: /media/psf/Home/Desktop/machine/src/install/itof/share/itof/environment/path.dsv
-- Up-to-date: /media/psf/Home/Desktop/machine/src/install/itof/share/itof/local_setup.bash
-- Up-to-date: /media/psf/Home/Desktop/machine/src/install/itof/share/itof/local_setup.sh
-- Up-to-date: /media/psf/Home/Desktop/machine/src/install/itof/share/itof/local_setup.zsh
-- Up-to-date: /media/psf/Home/Desktop/machine/src/install/itof/share/itof/local_setup.dsv
-- Installing: /media/psf/Home/Desktop/machine/src/install/itof/share/itof/package.dsv
-- Up-to-date: /media/psf/Home/Desktop/machine/src/install/itof/share/ament_index/resource_index/packages/itof
-- Up-to-date: /media/psf/Home/Desktop/machine/src/install/itof/share/itof/cmake/itofConfig.cmake
-- Up-to-date: /media/psf/Home/Desktop/machine/src/install/itof/share/itof/cmake/itofConfig-version.cmake
-- Up-to-date: /media/psf/Home/Desktop/machine/src/install/itof/share/itof/package.xml
-- Installing: /media/psf/Home/Desktop/machine/src/install/itof/lib/itof/itof_node
-- Set runtime path of "/media/psf/Home/Desktop/machine/src/install/itof/lib/itof/itof_node" to ""
