[0.969s] Invoking command in '/media/psf/Home/Desktop/machine/src/configure': PYTHONPATH=/media/psf/Home/Desktop/machine/src/install/configure/lib/python3.8/site-packages:${PYTHONPATH} /usr/bin/python3 setup.py egg_info --egg-base ../build/configure build --build-base /media/psf/Home/Desktop/machine/src/build/configure/build install --prefix /media/psf/Home/Desktop/machine/src/install/configure --record /media/psf/Home/Desktop/machine/src/build/configure/install.log --single-version-externally-managed
[1.218s] running egg_info
[1.219s] writing ../build/configure/configure.egg-info/PKG-INFO
[1.220s] writing dependency_links to ../build/configure/configure.egg-info/dependency_links.txt
[1.222s] writing entry points to ../build/configure/configure.egg-info/entry_points.txt
[1.223s] writing requirements to ../build/configure/configure.egg-info/requires.txt
[1.224s] writing top-level names to ../build/configure/configure.egg-info/top_level.txt
[1.268s] reading manifest file '../build/configure/configure.egg-info/SOURCES.txt'
[1.270s] writing manifest file '../build/configure/configure.egg-info/SOURCES.txt'
[1.270s] running build
[1.271s] running build_py
[1.271s] copying configure/configure.py -> /media/psf/Home/Desktop/machine/src/build/configure/build/lib/configure
[1.274s] running install
[1.275s] running install_lib
[1.279s] copying /media/psf/Home/Desktop/machine/src/build/configure/build/lib/configure/configure.py -> /media/psf/Home/Desktop/machine/src/install/configure/lib/python3.8/site-packages/configure
[1.282s] byte-compiling /media/psf/Home/Desktop/machine/src/install/configure/lib/python3.8/site-packages/configure/configure.py to configure.cpython-38.pyc
[1.287s] running install_data
[1.289s] running install_egg_info
[1.291s] removing '/media/psf/Home/Desktop/machine/src/install/configure/lib/python3.8/site-packages/configure-0.0.0-py3.8.egg-info' (and everything under it)
[1.296s] Copying ../build/configure/configure.egg-info to /media/psf/Home/Desktop/machine/src/install/configure/lib/python3.8/site-packages/configure-0.0.0-py3.8.egg-info
[1.317s] running install_scripts
[1.340s] Installing configure_node script to /media/psf/Home/Desktop/machine/src/install/configure/lib/configure
[1.344s] writing list of installed files to '/media/psf/Home/Desktop/machine/src/build/configure/install.log'
[1.369s] Invoked command in '/media/psf/Home/Desktop/machine/src/configure' returned '0': PYTHONPATH=/media/psf/Home/Desktop/machine/src/install/configure/lib/python3.8/site-packages:${PYTHONPATH} /usr/bin/python3 setup.py egg_info --egg-base ../build/configure build --build-base /media/psf/Home/Desktop/machine/src/build/configure/build install --prefix /media/psf/Home/Desktop/machine/src/install/configure --record /media/psf/Home/Desktop/machine/src/build/configure/install.log --single-version-externally-managed
