[0.807s] Invoking command in '/media/psf/Home/Desktop/machine/src/wheel': PYTHONPATH=/media/psf/Home/Desktop/machine/src/install/wheel/lib/python3.8/site-packages:${PYTHONPATH} /usr/bin/python3 setup.py egg_info --egg-base ../build/wheel build --build-base /media/psf/Home/Desktop/machine/src/build/wheel/build install --prefix /media/psf/Home/Desktop/machine/src/install/wheel --record /media/psf/Home/Desktop/machine/src/build/wheel/install.log --single-version-externally-managed
[1.057s] running egg_info
[1.059s] writing ../build/wheel/wheel.egg-info/PKG-INFO
[1.062s] writing dependency_links to ../build/wheel/wheel.egg-info/dependency_links.txt
[1.064s] writing entry points to ../build/wheel/wheel.egg-info/entry_points.txt
[1.065s] writing requirements to ../build/wheel/wheel.egg-info/requires.txt
[1.066s] writing top-level names to ../build/wheel/wheel.egg-info/top_level.txt
[1.110s] reading manifest file '../build/wheel/wheel.egg-info/SOURCES.txt'
[1.113s] writing manifest file '../build/wheel/wheel.egg-info/SOURCES.txt'
[1.114s] running build
[1.114s] running build_py
[1.116s] running install
[1.117s] running install_lib
[1.121s] running install_data
[1.122s] running install_egg_info
[1.124s] removing '/media/psf/Home/Desktop/machine/src/install/wheel/lib/python3.8/site-packages/wheel-0.0.0-py3.8.egg-info' (and everything under it)
[1.128s] Copying ../build/wheel/wheel.egg-info to /media/psf/Home/Desktop/machine/src/install/wheel/lib/python3.8/site-packages/wheel-0.0.0-py3.8.egg-info
[1.149s] running install_scripts
[1.168s] Installing wheel_node_go script to /media/psf/Home/Desktop/machine/src/install/wheel/lib/wheel
[1.170s] Installing wheel_node_stop script to /media/psf/Home/Desktop/machine/src/install/wheel/lib/wheel
[1.173s] writing list of installed files to '/media/psf/Home/Desktop/machine/src/build/wheel/install.log'
[1.198s] Invoked command in '/media/psf/Home/Desktop/machine/src/wheel' returned '0': PYTHONPATH=/media/psf/Home/Desktop/machine/src/install/wheel/lib/python3.8/site-packages:${PYTHONPATH} /usr/bin/python3 setup.py egg_info --egg-base ../build/wheel build --build-base /media/psf/Home/Desktop/machine/src/build/wheel/build install --prefix /media/psf/Home/Desktop/machine/src/install/wheel --record /media/psf/Home/Desktop/machine/src/build/wheel/install.log --single-version-externally-managed
