[1.107s] Invoking command in '/home/machine/src/wheel': PYTHONPATH=/home/machine/src/install/wheel/lib/python3.8/site-packages:${PYTHONPATH} /usr/bin/python3 setup.py egg_info --egg-base ../build/wheel build --build-base /home/machine/src/build/wheel/build install --prefix /home/machine/src/install/wheel --record /home/machine/src/build/wheel/install.log --single-version-externally-managed
[1.575s] running egg_info
[1.585s] writing ../build/wheel/wheel.egg-info/PKG-INFO
[1.616s] writing dependency_links to ../build/wheel/wheel.egg-info/dependency_links.txt
[1.640s] writing entry points to ../build/wheel/wheel.egg-info/entry_points.txt
[1.657s] writing requirements to ../build/wheel/wheel.egg-info/requires.txt
[1.666s] writing top-level names to ../build/wheel/wheel.egg-info/top_level.txt
[1.758s] reading manifest file '../build/wheel/wheel.egg-info/SOURCES.txt'
[1.779s] writing manifest file '../build/wheel/wheel.egg-info/SOURCES.txt'
[1.798s] running build
[1.808s] running build_py
[1.820s] running install
[1.825s] running install_lib
[1.832s] running install_data
[1.837s] running install_egg_info
[1.844s] removing '/home/machine/src/install/wheel/lib/python3.8/site-packages/wheel-0.0.0-py3.8.egg-info' (and everything under it)
[1.849s] Copying ../build/wheel/wheel.egg-info to /home/machine/src/install/wheel/lib/python3.8/site-packages/wheel-0.0.0-py3.8.egg-info
[1.997s] running install_scripts
[2.037s] Installing wheel_node_go script to /home/machine/src/install/wheel/lib/wheel
[2.052s] Installing wheel_node_stop script to /home/machine/src/install/wheel/lib/wheel
[2.080s] writing list of installed files to '/home/machine/src/build/wheel/install.log'
[2.154s] Invoked command in '/home/machine/src/wheel' returned '0': PYTHONPATH=/home/machine/src/install/wheel/lib/python3.8/site-packages:${PYTHONPATH} /usr/bin/python3 setup.py egg_info --egg-base ../build/wheel build --build-base /home/machine/src/build/wheel/build install --prefix /home/machine/src/install/wheel --record /home/machine/src/build/wheel/install.log --single-version-externally-managed
