[0.856s] Invoking command in '/home/machine/src/weeding': PYTHONPATH=/home/machine/src/install/weeding/lib/python3.8/site-packages: /usr/bin/python3 setup.py egg_info --egg-base ../build/weeding build --build-base /home/machine/src/build/weeding/build install --prefix /home/machine/src/install/weeding --record /home/machine/src/build/weeding/install.log --single-version-externally-managed
[1.530s] running egg_info
[1.549s] writing ../build/weeding/weeding.egg-info/PKG-INFO
[1.661s] writing dependency_links to ../build/weeding/weeding.egg-info/dependency_links.txt
[1.712s] writing entry points to ../build/weeding/weeding.egg-info/entry_points.txt
[1.737s] writing requirements to ../build/weeding/weeding.egg-info/requires.txt
[1.755s] writing top-level names to ../build/weeding/weeding.egg-info/top_level.txt
[1.849s] reading manifest file '../build/weeding/weeding.egg-info/SOURCES.txt'
[1.892s] writing manifest file '../build/weeding/weeding.egg-info/SOURCES.txt'
[1.904s] running build
[1.913s] running build_py
[1.925s] running install
[1.940s] running install_lib
[1.945s] running install_data
[1.957s] running install_egg_info
[1.962s] removing '/home/machine/src/install/weeding/lib/python3.8/site-packages/weeding-0.0.0-py3.8.egg-info' (and everything under it)
[1.978s] Copying ../build/weeding/weeding.egg-info to /home/machine/src/install/weeding/lib/python3.8/site-packages/weeding-0.0.0-py3.8.egg-info
[2.385s] running install_scripts
[2.476s] Installing weeding_node script to /home/machine/src/install/weeding/lib/weeding
[2.493s] writing list of installed files to '/home/machine/src/build/weeding/install.log'
[2.584s] Invoked command in '/home/machine/src/weeding' returned '0': PYTHONPATH=/home/machine/src/install/weeding/lib/python3.8/site-packages: /usr/bin/python3 setup.py egg_info --egg-base ../build/weeding build --build-base /home/machine/src/build/weeding/build install --prefix /home/machine/src/install/weeding --record /home/machine/src/build/weeding/install.log --single-version-externally-managed
