[2.044s] Invoking command in '/media/psf/Home/Desktop/machine/src/wheel': PYTHONPATH=/media/psf/Home/Desktop/machine/src/install/wheel/lib/python3.8/site-packages:${PYTHONPATH} /usr/bin/python3 setup.py egg_info --egg-base ../build/wheel build --build-base /media/psf/Home/Desktop/machine/src/build/wheel/build install --prefix /media/psf/Home/Desktop/machine/src/install/wheel --record /media/psf/Home/Desktop/machine/src/build/wheel/install.log --single-version-externally-managed
[2.308s] /home/parallels/.local/lib/python3.8/site-packages/setuptools/dist.py:772: UserWarning: Usage of dash-separated 'script-dir' will not be supported in future versions. Please use the underscore name 'script_dir' instead
[2.308s]   warnings.warn(
[2.309s] /home/parallels/.local/lib/python3.8/site-packages/setuptools/dist.py:772: UserWarning: Usage of dash-separated 'install-scripts' will not be supported in future versions. Please use the underscore name 'install_scripts' instead
[2.309s]   warnings.warn(
[2.951s] running egg_info
[3.019s] writing ../build/wheel/wheel.egg-info/PKG-INFO
[3.073s] writing dependency_links to ../build/wheel/wheel.egg-info/dependency_links.txt
[3.240s] writing entry points to ../build/wheel/wheel.egg-info/entry_points.txt
[3.335s] writing requirements to ../build/wheel/wheel.egg-info/requires.txt
[3.384s] writing top-level names to ../build/wheel/wheel.egg-info/top_level.txt
[3.464s] reading manifest file '../build/wheel/wheel.egg-info/SOURCES.txt'
[3.466s] writing manifest file '../build/wheel/wheel.egg-info/SOURCES.txt'
[3.467s] running build
[3.468s] running build_py
[3.469s] running install
[3.470s] /home/parallels/.local/lib/python3.8/site-packages/setuptools/command/install.py:34: SetuptoolsDeprecationWarning: setup.py install is deprecated. Use build and pip and other standards-based tools.
[3.470s]   warnings.warn(
[3.473s] running install_lib
[3.538s] running install_data
[3.555s] copying launch/wheel.launch.py -> /media/psf/Home/Desktop/machine/src/install/wheel/share/wheel/launch
[3.558s] running install_egg_info
[3.634s] removing '/media/psf/Home/Desktop/machine/src/install/wheel/lib/python3.8/site-packages/wheel-0.0.0-py3.8.egg-info' (and everything under it)
[3.639s] Copying ../build/wheel/wheel.egg-info to /media/psf/Home/Desktop/machine/src/install/wheel/lib/python3.8/site-packages/wheel-0.0.0-py3.8.egg-info
[3.656s] running install_scripts
[3.764s] Installing wheel_node_go script to /media/psf/Home/Desktop/machine/src/install/wheel/lib/wheel
[3.765s] Installing wheel_node_stop script to /media/psf/Home/Desktop/machine/src/install/wheel/lib/wheel
[3.768s] writing list of installed files to '/media/psf/Home/Desktop/machine/src/build/wheel/install.log'
[3.801s] Invoked command in '/media/psf/Home/Desktop/machine/src/wheel' returned '0': PYTHONPATH=/media/psf/Home/Desktop/machine/src/install/wheel/lib/python3.8/site-packages:${PYTHONPATH} /usr/bin/python3 setup.py egg_info --egg-base ../build/wheel build --build-base /media/psf/Home/Desktop/machine/src/build/wheel/build install --prefix /media/psf/Home/Desktop/machine/src/install/wheel --record /media/psf/Home/Desktop/machine/src/build/wheel/install.log --single-version-externally-managed
