[0.822s] Invoking command in '/media/psf/Home/Desktop/machine/src/wheel': PYTHONPATH=/media/psf/Home/Desktop/machine/src/install/wheel/lib/python3.8/site-packages:${PYTHONPATH} /usr/bin/python3 setup.py egg_info --egg-base ../build/wheel build --build-base /media/psf/Home/Desktop/machine/src/build/wheel/build install --prefix /media/psf/Home/Desktop/machine/src/install/wheel --record /media/psf/Home/Desktop/machine/src/build/wheel/install.log --single-version-externally-managed
[1.054s] running egg_info
[1.054s] writing ../build/wheel/wheel.egg-info/PKG-INFO
[1.056s] writing dependency_links to ../build/wheel/wheel.egg-info/dependency_links.txt
[1.058s] writing entry points to ../build/wheel/wheel.egg-info/entry_points.txt
[1.060s] writing requirements to ../build/wheel/wheel.egg-info/requires.txt
[1.062s] writing top-level names to ../build/wheel/wheel.egg-info/top_level.txt
[1.105s] reading manifest file '../build/wheel/wheel.egg-info/SOURCES.txt'
[1.109s] writing manifest file '../build/wheel/wheel.egg-info/SOURCES.txt'
[1.110s] running build
[1.111s] running build_py
[1.114s] running install
[1.115s] running install_lib
[1.119s] running install_data
[1.121s] running install_egg_info
[1.122s] removing '/media/psf/Home/Desktop/machine/src/install/wheel/lib/python3.8/site-packages/wheel-0.0.0-py3.8.egg-info' (and everything under it)
[1.126s] Copying ../build/wheel/wheel.egg-info to /media/psf/Home/Desktop/machine/src/install/wheel/lib/python3.8/site-packages/wheel-0.0.0-py3.8.egg-info
[1.146s] running install_scripts
[1.171s] Installing wheel_node_go script to /media/psf/Home/Desktop/machine/src/install/wheel/lib/wheel
[1.173s] Installing wheel_node_stop script to /media/psf/Home/Desktop/machine/src/install/wheel/lib/wheel
[1.175s] writing list of installed files to '/media/psf/Home/Desktop/machine/src/build/wheel/install.log'
[1.196s] Invoked command in '/media/psf/Home/Desktop/machine/src/wheel' returned '0': PYTHONPATH=/media/psf/Home/Desktop/machine/src/install/wheel/lib/python3.8/site-packages:${PYTHONPATH} /usr/bin/python3 setup.py egg_info --egg-base ../build/wheel build --build-base /media/psf/Home/Desktop/machine/src/build/wheel/build install --prefix /media/psf/Home/Desktop/machine/src/install/wheel --record /media/psf/Home/Desktop/machine/src/build/wheel/install.log --single-version-externally-managed
