[1.024s] Invoking command in '/media/psf/Home/Desktop/machine/src/configure': PYTHONPATH=/media/psf/Home/Desktop/machine/src/install/configure/lib/python3.8/site-packages:${PYTHONPATH} /usr/bin/python3 setup.py egg_info --egg-base ../build/configure build --build-base /media/psf/Home/Desktop/machine/src/build/configure/build install --prefix /media/psf/Home/Desktop/machine/src/install/configure --record /media/psf/Home/Desktop/machine/src/build/configure/install.log --single-version-externally-managed
[1.274s] running egg_info
[1.275s] writing ../build/configure/configure.egg-info/PKG-INFO
[1.277s] writing dependency_links to ../build/configure/configure.egg-info/dependency_links.txt
[1.279s] writing entry points to ../build/configure/configure.egg-info/entry_points.txt
[1.280s] writing requirements to ../build/configure/configure.egg-info/requires.txt
[1.282s] writing top-level names to ../build/configure/configure.egg-info/top_level.txt
[1.323s] reading manifest file '../build/configure/configure.egg-info/SOURCES.txt'
[1.328s] writing manifest file '../build/configure/configure.egg-info/SOURCES.txt'
[1.329s] running build
[1.330s] running build_py
[1.332s] running install
[1.333s] running install_lib
[1.339s] running install_data
[1.341s] running install_egg_info
[1.343s] removing '/media/psf/Home/Desktop/machine/src/install/configure/lib/python3.8/site-packages/configure-0.0.0-py3.8.egg-info' (and everything under it)
[1.347s] Copying ../build/configure/configure.egg-info to /media/psf/Home/Desktop/machine/src/install/configure/lib/python3.8/site-packages/configure-0.0.0-py3.8.egg-info
[1.372s] running install_scripts
[1.395s] Installing configure_node script to /media/psf/Home/Desktop/machine/src/install/configure/lib/configure
[1.398s] writing list of installed files to '/media/psf/Home/Desktop/machine/src/build/configure/install.log'
[1.422s] Invoked command in '/media/psf/Home/Desktop/machine/src/configure' returned '0': PYTHONPATH=/media/psf/Home/Desktop/machine/src/install/configure/lib/python3.8/site-packages:${PYTHONPATH} /usr/bin/python3 setup.py egg_info --egg-base ../build/configure build --build-base /media/psf/Home/Desktop/machine/src/build/configure/build install --prefix /media/psf/Home/Desktop/machine/src/install/configure --record /media/psf/Home/Desktop/machine/src/build/configure/install.log --single-version-externally-managed
