[0.590s] Invoking command in '/media/psf/Home/Desktop/machine/src/wheel': PYTHONPATH=/media/psf/Home/Desktop/machine/src/install/wheel/lib/python3.8/site-packages:${PYTHONPATH} /usr/bin/python3 setup.py egg_info --egg-base ../build/wheel build --build-base /media/psf/Home/Desktop/machine/src/build/wheel/build install --prefix /media/psf/Home/Desktop/machine/src/install/wheel --record /media/psf/Home/Desktop/machine/src/build/wheel/install.log --single-version-externally-managed
[0.788s] running egg_info
[0.789s] writing ../build/wheel/wheel.egg-info/PKG-INFO
[0.790s] writing dependency_links to ../build/wheel/wheel.egg-info/dependency_links.txt
[0.792s] writing entry points to ../build/wheel/wheel.egg-info/entry_points.txt
[0.794s] writing requirements to ../build/wheel/wheel.egg-info/requires.txt
[0.795s] writing top-level names to ../build/wheel/wheel.egg-info/top_level.txt
[0.831s] reading manifest file '../build/wheel/wheel.egg-info/SOURCES.txt'
[0.835s] writing manifest file '../build/wheel/wheel.egg-info/SOURCES.txt'
[0.837s] running build
[0.837s] running build_py
[0.838s] copying wheel/wheel_stop.py -> /media/psf/Home/Desktop/machine/src/build/wheel/build/lib/wheel
[0.850s] running install
[0.851s] running install_lib
[0.855s] copying /media/psf/Home/Desktop/machine/src/build/wheel/build/lib/wheel/wheel_stop.py -> /media/psf/Home/Desktop/machine/src/install/wheel/lib/python3.8/site-packages/wheel
[0.858s] byte-compiling /media/psf/Home/Desktop/machine/src/install/wheel/lib/python3.8/site-packages/wheel/wheel_stop.py to wheel_stop.cpython-38.pyc
[0.861s] running install_data
[0.862s] running install_egg_info
[0.864s] removing '/media/psf/Home/Desktop/machine/src/install/wheel/lib/python3.8/site-packages/wheel-0.0.0-py3.8.egg-info' (and everything under it)
[0.868s] Copying ../build/wheel/wheel.egg-info to /media/psf/Home/Desktop/machine/src/install/wheel/lib/python3.8/site-packages/wheel-0.0.0-py3.8.egg-info
[0.896s] running install_scripts
[0.914s] Installing wheel_node_stop script to /media/psf/Home/Desktop/machine/src/install/wheel/lib/wheel
[0.917s] writing list of installed files to '/media/psf/Home/Desktop/machine/src/build/wheel/install.log'
[0.939s] Invoked command in '/media/psf/Home/Desktop/machine/src/wheel' returned '0': PYTHONPATH=/media/psf/Home/Desktop/machine/src/install/wheel/lib/python3.8/site-packages:${PYTHONPATH} /usr/bin/python3 setup.py egg_info --egg-base ../build/wheel build --build-base /media/psf/Home/Desktop/machine/src/build/wheel/build install --prefix /media/psf/Home/Desktop/machine/src/install/wheel --record /media/psf/Home/Desktop/machine/src/build/wheel/install.log --single-version-externally-managed
