[2.027s] Invoking command in '/media/psf/Home/Desktop/machine/src/weeding': PYTHONPATH=/media/psf/Home/Desktop/machine/src/install/weeding/lib/python3.8/site-packages:${PYTHONPATH} /usr/bin/python3 setup.py egg_info --egg-base ../build/weeding build --build-base /media/psf/Home/Desktop/machine/src/build/weeding/build install --prefix /media/psf/Home/Desktop/machine/src/install/weeding --record /media/psf/Home/Desktop/machine/src/build/weeding/install.log --single-version-externally-managed
[3.020s] running egg_info
[3.094s] writing ../build/weeding/weeding.egg-info/PKG-INFO
[3.150s] writing dependency_links to ../build/weeding/weeding.egg-info/dependency_links.txt
[3.316s] writing entry points to ../build/weeding/weeding.egg-info/entry_points.txt
[3.433s] writing requirements to ../build/weeding/weeding.egg-info/requires.txt
[3.492s] writing top-level names to ../build/weeding/weeding.egg-info/top_level.txt
[3.581s] reading manifest file '../build/weeding/weeding.egg-info/SOURCES.txt'
[3.584s] writing manifest file '../build/weeding/weeding.egg-info/SOURCES.txt'
[3.585s] running build
[3.585s] running build_py
[3.588s] running install
[3.588s] /home/parallels/.local/lib/python3.8/site-packages/setuptools/command/install.py:34: SetuptoolsDeprecationWarning: setup.py install is deprecated. Use build and pip and other standards-based tools.
[3.589s]   warnings.warn(
[3.593s] running install_lib
[3.670s] running install_data
[3.709s] running install_egg_info
[3.775s] removing '/media/psf/Home/Desktop/machine/src/install/weeding/lib/python3.8/site-packages/weeding-0.0.0-py3.8.egg-info' (and everything under it)
[3.779s] Copying ../build/weeding/weeding.egg-info to /media/psf/Home/Desktop/machine/src/install/weeding/lib/python3.8/site-packages/weeding-0.0.0-py3.8.egg-info
[3.805s] running install_scripts
[3.952s] Installing weeding_node script to /media/psf/Home/Desktop/machine/src/install/weeding/lib/weeding
[3.954s] writing list of installed files to '/media/psf/Home/Desktop/machine/src/build/weeding/install.log'
[3.993s] Invoked command in '/media/psf/Home/Desktop/machine/src/weeding' returned '0': PYTHONPATH=/media/psf/Home/Desktop/machine/src/install/weeding/lib/python3.8/site-packages:${PYTHONPATH} /usr/bin/python3 setup.py egg_info --egg-base ../build/weeding build --build-base /media/psf/Home/Desktop/machine/src/build/weeding/build install --prefix /media/psf/Home/Desktop/machine/src/install/weeding --record /media/psf/Home/Desktop/machine/src/build/weeding/install.log --single-version-externally-managed
