[1.999s] Invoking command in '/media/psf/Home/Desktop/machine/src/weeding': PYTHONPATH=/media/psf/Home/Desktop/machine/src/install/weeding/lib/python3.8/site-packages:${PYTHONPATH} /usr/bin/python3 setup.py egg_info --egg-base ../build/weeding build --build-base /media/psf/Home/Desktop/machine/src/build/weeding/build install --prefix /media/psf/Home/Desktop/machine/src/install/weeding --record /media/psf/Home/Desktop/machine/src/build/weeding/install.log --single-version-externally-managed
[2.334s] /home/parallels/.local/lib/python3.8/site-packages/setuptools/dist.py:772: UserWarning: Usage of dash-separated 'script-dir' will not be supported in future versions. Please use the underscore name 'script_dir' instead
[2.335s]   warnings.warn(
[2.336s] /home/parallels/.local/lib/python3.8/site-packages/setuptools/dist.py:772: UserWarning: Usage of dash-separated 'install-scripts' will not be supported in future versions. Please use the underscore name 'install_scripts' instead
[2.337s]   warnings.warn(
[3.053s] running egg_info
[3.121s] writing ../build/weeding/weeding.egg-info/PKG-INFO
[3.176s] writing dependency_links to ../build/weeding/weeding.egg-info/dependency_links.txt
[3.354s] writing entry points to ../build/weeding/weeding.egg-info/entry_points.txt
[3.467s] writing requirements to ../build/weeding/weeding.egg-info/requires.txt
[3.524s] writing top-level names to ../build/weeding/weeding.egg-info/top_level.txt
[3.630s] reading manifest file '../build/weeding/weeding.egg-info/SOURCES.txt'
[3.632s] writing manifest file '../build/weeding/weeding.egg-info/SOURCES.txt'
[3.633s] running build
[3.634s] running build_py
[3.636s] running install
[3.636s] /home/parallels/.local/lib/python3.8/site-packages/setuptools/command/install.py:34: SetuptoolsDeprecationWarning: setup.py install is deprecated. Use build and pip and other standards-based tools.
[3.636s]   warnings.warn(
[3.641s] running install_lib
[3.714s] running install_data
[3.730s] running install_egg_info
[3.797s] removing '/media/psf/Home/Desktop/machine/src/install/weeding/lib/python3.8/site-packages/weeding-0.0.0-py3.8.egg-info' (and everything under it)
[3.801s] Copying ../build/weeding/weeding.egg-info to /media/psf/Home/Desktop/machine/src/install/weeding/lib/python3.8/site-packages/weeding-0.0.0-py3.8.egg-info
[3.817s] running install_scripts
[3.950s] Installing weeding_node script to /media/psf/Home/Desktop/machine/src/install/weeding/lib/weeding
[3.952s] writing list of installed files to '/media/psf/Home/Desktop/machine/src/build/weeding/install.log'
[3.990s] Invoked command in '/media/psf/Home/Desktop/machine/src/weeding' returned '0': PYTHONPATH=/media/psf/Home/Desktop/machine/src/install/weeding/lib/python3.8/site-packages:${PYTHONPATH} /usr/bin/python3 setup.py egg_info --egg-base ../build/weeding build --build-base /media/psf/Home/Desktop/machine/src/build/weeding/build install --prefix /media/psf/Home/Desktop/machine/src/install/weeding --record /media/psf/Home/Desktop/machine/src/build/weeding/install.log --single-version-externally-managed
