[0.607s] Invoking command in '/media/psf/Home/Desktop/machine/src/wheel': PYTHONPATH=/media/psf/Home/Desktop/machine/src/install/wheel/lib/python3.8/site-packages:${PYTHONPATH} /usr/bin/python3 setup.py egg_info --egg-base ../build/wheel build --build-base /media/psf/Home/Desktop/machine/src/build/wheel/build install --prefix /media/psf/Home/Desktop/machine/src/install/wheel --record /media/psf/Home/Desktop/machine/src/build/wheel/install.log --single-version-externally-managed
[0.797s] running egg_info
[0.798s] writing ../build/wheel/wheel.egg-info/PKG-INFO
[0.800s] writing dependency_links to ../build/wheel/wheel.egg-info/dependency_links.txt
[0.802s] writing entry points to ../build/wheel/wheel.egg-info/entry_points.txt
[0.803s] writing requirements to ../build/wheel/wheel.egg-info/requires.txt
[0.804s] writing top-level names to ../build/wheel/wheel.egg-info/top_level.txt
[0.842s] reading manifest file '../build/wheel/wheel.egg-info/SOURCES.txt'
[0.845s] writing manifest file '../build/wheel/wheel.egg-info/SOURCES.txt'
[0.846s] running build
[0.847s] running build_py
[0.848s] copying wheel/wheel_go.py -> /media/psf/Home/Desktop/machine/src/build/wheel/build/lib/wheel
[0.850s] running install
[0.851s] running install_lib
[0.854s] copying /media/psf/Home/Desktop/machine/src/build/wheel/build/lib/wheel/wheel_go.py -> /media/psf/Home/Desktop/machine/src/install/wheel/lib/python3.8/site-packages/wheel
[0.858s] byte-compiling /media/psf/Home/Desktop/machine/src/install/wheel/lib/python3.8/site-packages/wheel/wheel_go.py to wheel_go.cpython-38.pyc
[0.861s] running install_data
[0.864s] creating /media/psf/Home/Desktop/machine/src/install/wheel/share/wheel/launch
[0.866s] copying launch/wheel.launch.py -> /media/psf/Home/Desktop/machine/src/install/wheel/share/wheel/launch
[0.869s] running install_egg_info
[0.872s] removing '/media/psf/Home/Desktop/machine/src/install/wheel/lib/python3.8/site-packages/wheel-0.0.0-py3.8.egg-info' (and everything under it)
[0.877s] Copying ../build/wheel/wheel.egg-info to /media/psf/Home/Desktop/machine/src/install/wheel/lib/python3.8/site-packages/wheel-0.0.0-py3.8.egg-info
[0.906s] running install_scripts
[0.927s] Installing wheel_node_go script to /media/psf/Home/Desktop/machine/src/install/wheel/lib/wheel
[0.929s] Installing wheel_node_stop script to /media/psf/Home/Desktop/machine/src/install/wheel/lib/wheel
[0.932s] writing list of installed files to '/media/psf/Home/Desktop/machine/src/build/wheel/install.log'
[0.959s] Invoked command in '/media/psf/Home/Desktop/machine/src/wheel' returned '0': PYTHONPATH=/media/psf/Home/Desktop/machine/src/install/wheel/lib/python3.8/site-packages:${PYTHONPATH} /usr/bin/python3 setup.py egg_info --egg-base ../build/wheel build --build-base /media/psf/Home/Desktop/machine/src/build/wheel/build install --prefix /media/psf/Home/Desktop/machine/src/install/wheel --record /media/psf/Home/Desktop/machine/src/build/wheel/install.log --single-version-externally-managed
