[0.677s] Invoking command in '/home/machine/src/configure': PYTHONPATH=/home/machine/src/install/configure/lib/python3.8/site-packages:${PYTHONPATH} /usr/bin/python3 setup.py egg_info --egg-base ../build/configure build --build-base /home/machine/src/build/configure/build install --prefix /home/machine/src/install/configure --record /home/machine/src/build/configure/install.log --single-version-externally-managed
[1.645s] running egg_info
[1.691s] writing ../build/configure/configure.egg-info/PKG-INFO
[1.696s] writing dependency_links to ../build/configure/configure.egg-info/dependency_links.txt
[1.700s] writing entry points to ../build/configure/configure.egg-info/entry_points.txt
[1.708s] writing requirements to ../build/configure/configure.egg-info/requires.txt
[1.715s] writing top-level names to ../build/configure/configure.egg-info/top_level.txt
[1.862s] reading manifest file '../build/configure/configure.egg-info/SOURCES.txt'
[1.882s] writing manifest file '../build/configure/configure.egg-info/SOURCES.txt'
[1.894s] running build
[1.905s] running build_py
[1.912s] running install
[1.922s] running install_lib
[1.930s] running install_data
[1.943s] running install_egg_info
[1.949s] removing '/home/machine/src/install/configure/lib/python3.8/site-packages/configure-0.0.0-py3.8.egg-info' (and everything under it)
[1.975s] Copying ../build/configure/configure.egg-info to /home/machine/src/install/configure/lib/python3.8/site-packages/configure-0.0.0-py3.8.egg-info
[2.089s] running install_scripts
[2.132s] Installing configure_node script to /home/machine/src/install/configure/lib/configure
[2.148s] writing list of installed files to '/home/machine/src/build/configure/install.log'
