[2.815s] Invoking command in '/media/psf/Home/Desktop/machine/src/weeding': PYTHONPATH=/media/psf/Home/Desktop/machine/src/install/weeding/lib/python3.8/site-packages:${PYTHONPATH} /usr/bin/python3 setup.py egg_info --egg-base ../build/weeding build --build-base /media/psf/Home/Desktop/machine/src/build/weeding/build install --prefix /media/psf/Home/Desktop/machine/src/install/weeding --record /media/psf/Home/Desktop/machine/src/build/weeding/install.log --single-version-externally-managed
[3.205s] /home/parallels/.local/lib/python3.8/site-packages/setuptools/dist.py:772: UserWarning: Usage of dash-separated 'script-dir' will not be supported in future versions. Please use the underscore name 'script_dir' instead
[3.205s]   warnings.warn(
[3.206s] /home/parallels/.local/lib/python3.8/site-packages/setuptools/dist.py:772: UserWarning: Usage of dash-separated 'install-scripts' will not be supported in future versions. Please use the underscore name 'install_scripts' instead
[3.206s]   warnings.warn(
[3.910s] running egg_info
[3.973s] writing ../build/weeding/weeding.egg-info/PKG-INFO
[4.030s] writing dependency_links to ../build/weeding/weeding.egg-info/dependency_links.txt
[4.187s] writing entry points to ../build/weeding/weeding.egg-info/entry_points.txt
[4.298s] writing requirements to ../build/weeding/weeding.egg-info/requires.txt
[4.351s] writing top-level names to ../build/weeding/weeding.egg-info/top_level.txt
[4.447s] reading manifest file '../build/weeding/weeding.egg-info/SOURCES.txt'
[4.450s] writing manifest file '../build/weeding/weeding.egg-info/SOURCES.txt'
[4.451s] running build
[4.452s] running build_py
[4.455s] running install
[4.455s] /home/parallels/.local/lib/python3.8/site-packages/setuptools/command/install.py:34: SetuptoolsDeprecationWarning: setup.py install is deprecated. Use build and pip and other standards-based tools.
[4.456s]   warnings.warn(
[4.462s] running install_lib
[4.550s] running install_data
[4.569s] running install_egg_info
[4.660s] removing '/media/psf/Home/Desktop/machine/src/install/weeding/lib/python3.8/site-packages/weeding-0.0.0-py3.8.egg-info' (and everything under it)
[4.666s] Copying ../build/weeding/weeding.egg-info to /media/psf/Home/Desktop/machine/src/install/weeding/lib/python3.8/site-packages/weeding-0.0.0-py3.8.egg-info
[4.682s] running install_scripts
[4.837s] Installing weeding_node script to /media/psf/Home/Desktop/machine/src/install/weeding/lib/weeding
[4.840s] writing list of installed files to '/media/psf/Home/Desktop/machine/src/build/weeding/install.log'
[5.776s] Invoked command in '/media/psf/Home/Desktop/machine/src/weeding' returned '0': PYTHONPATH=/media/psf/Home/Desktop/machine/src/install/weeding/lib/python3.8/site-packages:${PYTHONPATH} /usr/bin/python3 setup.py egg_info --egg-base ../build/weeding build --build-base /media/psf/Home/Desktop/machine/src/build/weeding/build install --prefix /media/psf/Home/Desktop/machine/src/install/weeding --record /media/psf/Home/Desktop/machine/src/build/weeding/install.log --single-version-externally-managed
