[0.908s] Invoking command in '/home/machine/src/wheel': PYTHONPATH=/home/machine/src/install/wheel/lib/python3.8/site-packages:${PYTHONPATH} /usr/bin/python3 setup.py egg_info --egg-base ../build/wheel build --build-base /home/machine/src/build/wheel/build install --prefix /home/machine/src/install/wheel --record /home/machine/src/build/wheel/install.log --single-version-externally-managed
[1.388s] running egg_info
[1.394s] writing ../build/wheel/wheel.egg-info/PKG-INFO
[1.424s] writing dependency_links to ../build/wheel/wheel.egg-info/dependency_links.txt
[1.440s] writing entry points to ../build/wheel/wheel.egg-info/entry_points.txt
[1.456s] writing requirements to ../build/wheel/wheel.egg-info/requires.txt
[1.465s] writing top-level names to ../build/wheel/wheel.egg-info/top_level.txt
[1.561s] reading manifest file '../build/wheel/wheel.egg-info/SOURCES.txt'
[1.577s] writing manifest file '../build/wheel/wheel.egg-info/SOURCES.txt'
[1.589s] running build
[1.611s] running build_py
[1.623s] running install
[1.632s] running install_lib
[1.650s] running install_data
[1.666s] running install_egg_info
[1.673s] removing '/home/machine/src/install/wheel/lib/python3.8/site-packages/wheel-0.0.0-py3.8.egg-info' (and everything under it)
[1.701s] Copying ../build/wheel/wheel.egg-info to /home/machine/src/install/wheel/lib/python3.8/site-packages/wheel-0.0.0-py3.8.egg-info
[1.871s] running install_scripts
[1.899s] Installing wheel_node_go script to /home/machine/src/install/wheel/lib/wheel
[1.912s] Installing wheel_node_stop script to /home/machine/src/install/wheel/lib/wheel
[1.937s] writing list of installed files to '/home/machine/src/build/wheel/install.log'
[1.990s] Invoked command in '/home/machine/src/wheel' returned '0': PYTHONPATH=/home/machine/src/install/wheel/lib/python3.8/site-packages:${PYTHONPATH} /usr/bin/python3 setup.py egg_info --egg-base ../build/wheel build --build-base /home/machine/src/build/wheel/build install --prefix /home/machine/src/install/wheel --record /home/machine/src/build/wheel/install.log --single-version-externally-managed
