[0.677s] Invoking command in '/media/psf/Home/Desktop/machine/src/weeding': PYTHONPATH=/media/psf/Home/Desktop/machine/src/install/weeding/lib/python3.8/site-packages:${PYTHONPATH} /usr/bin/python3 setup.py egg_info --egg-base ../build/weeding build --build-base /media/psf/Home/Desktop/machine/src/build/weeding/build install --prefix /media/psf/Home/Desktop/machine/src/install/weeding --record /media/psf/Home/Desktop/machine/src/build/weeding/install.log --single-version-externally-managed
[0.958s] running egg_info
[0.959s] writing ../build/weeding/weeding.egg-info/PKG-INFO
[0.962s] writing dependency_links to ../build/weeding/weeding.egg-info/dependency_links.txt
[0.964s] writing entry points to ../build/weeding/weeding.egg-info/entry_points.txt
[0.965s] writing requirements to ../build/weeding/weeding.egg-info/requires.txt
[0.966s] writing top-level names to ../build/weeding/weeding.egg-info/top_level.txt
[0.974s] reading manifest file '../build/weeding/weeding.egg-info/SOURCES.txt'
[0.976s] writing manifest file '../build/weeding/weeding.egg-info/SOURCES.txt'
[0.977s] running build
[0.978s] running build_py
[0.981s] running install
[0.982s] running install_lib
[0.984s] running install_data
[0.985s] running install_egg_info
[0.987s] removing '/media/psf/Home/Desktop/machine/src/install/weeding/lib/python3.8/site-packages/weeding-0.0.0-py3.8.egg-info' (and everything under it)
[0.992s] Copying ../build/weeding/weeding.egg-info to /media/psf/Home/Desktop/machine/src/install/weeding/lib/python3.8/site-packages/weeding-0.0.0-py3.8.egg-info
[1.015s] running install_scripts
[1.034s] Installing weeding_node script to /media/psf/Home/Desktop/machine/src/install/weeding/lib/weeding
[1.037s] writing list of installed files to '/media/psf/Home/Desktop/machine/src/build/weeding/install.log'
[1.064s] Invoked command in '/media/psf/Home/Desktop/machine/src/weeding' returned '0': PYTHONPATH=/media/psf/Home/Desktop/machine/src/install/weeding/lib/python3.8/site-packages:${PYTHONPATH} /usr/bin/python3 setup.py egg_info --egg-base ../build/weeding build --build-base /media/psf/Home/Desktop/machine/src/build/weeding/build install --prefix /media/psf/Home/Desktop/machine/src/install/weeding --record /media/psf/Home/Desktop/machine/src/build/weeding/install.log --single-version-externally-managed
