[0.722s] Invoking command in '/media/psf/Home/Desktop/machine/src/weeding': PYTHONPATH=/media/psf/Home/Desktop/machine/src/install/weeding/lib/python3.8/site-packages:${PYTHONPATH} /usr/bin/python3 setup.py egg_info --egg-base ../build/weeding build --build-base /media/psf/Home/Desktop/machine/src/build/weeding/build install --prefix /media/psf/Home/Desktop/machine/src/install/weeding --record /media/psf/Home/Desktop/machine/src/build/weeding/install.log --single-version-externally-managed
[1.000s] running egg_info
[1.001s] writing ../build/weeding/weeding.egg-info/PKG-INFO
[1.003s] writing dependency_links to ../build/weeding/weeding.egg-info/dependency_links.txt
[1.004s] writing entry points to ../build/weeding/weeding.egg-info/entry_points.txt
[1.005s] writing requirements to ../build/weeding/weeding.egg-info/requires.txt
[1.007s] writing top-level names to ../build/weeding/weeding.egg-info/top_level.txt
[1.017s] reading manifest file '../build/weeding/weeding.egg-info/SOURCES.txt'
[1.020s] writing manifest file '../build/weeding/weeding.egg-info/SOURCES.txt'
[1.021s] running build
[1.022s] running build_py
[1.025s] copying weeding/scripts.py -> /media/psf/Home/Desktop/machine/src/build/weeding/build/lib/weeding
[1.028s] copying weeding/weeding.py -> /media/psf/Home/Desktop/machine/src/build/weeding/build/lib/weeding
[1.032s] running install
[1.033s] running install_lib
[1.038s] copying /media/psf/Home/Desktop/machine/src/build/weeding/build/lib/weeding/scripts.py -> /media/psf/Home/Desktop/machine/src/install/weeding/lib/python3.8/site-packages/weeding
[1.042s] copying /media/psf/Home/Desktop/machine/src/build/weeding/build/lib/weeding/weeding.py -> /media/psf/Home/Desktop/machine/src/install/weeding/lib/python3.8/site-packages/weeding
[1.047s] byte-compiling /media/psf/Home/Desktop/machine/src/install/weeding/lib/python3.8/site-packages/weeding/scripts.py to scripts.cpython-38.pyc
[1.050s] byte-compiling /media/psf/Home/Desktop/machine/src/install/weeding/lib/python3.8/site-packages/weeding/weeding.py to weeding.cpython-38.pyc
[1.056s] running install_data
[1.059s] running install_egg_info
[1.062s] removing '/media/psf/Home/Desktop/machine/src/install/weeding/lib/python3.8/site-packages/weeding-0.0.0-py3.8.egg-info' (and everything under it)
[1.074s] Copying ../build/weeding/weeding.egg-info to /media/psf/Home/Desktop/machine/src/install/weeding/lib/python3.8/site-packages/weeding-0.0.0-py3.8.egg-info
[1.100s] running install_scripts
[1.122s] Installing camera_node script to /media/psf/Home/Desktop/machine/src/install/weeding/lib/weeding
[1.125s] Installing weeding_node script to /media/psf/Home/Desktop/machine/src/install/weeding/lib/weeding
[1.128s] writing list of installed files to '/media/psf/Home/Desktop/machine/src/build/weeding/install.log'
[1.155s] Invoked command in '/media/psf/Home/Desktop/machine/src/weeding' returned '0': PYTHONPATH=/media/psf/Home/Desktop/machine/src/install/weeding/lib/python3.8/site-packages:${PYTHONPATH} /usr/bin/python3 setup.py egg_info --egg-base ../build/weeding build --build-base /media/psf/Home/Desktop/machine/src/build/weeding/build install --prefix /media/psf/Home/Desktop/machine/src/install/weeding --record /media/psf/Home/Desktop/machine/src/build/weeding/install.log --single-version-externally-managed
