[0.756s] Invoking command in '/media/psf/Home/Desktop/machine/src/weeding': PYTHONPATH=/media/psf/Home/Desktop/machine/src/install/weeding/lib/python3.8/site-packages:${PYTHONPATH} /usr/bin/python3 setup.py egg_info --egg-base ../build/weeding build --build-base /media/psf/Home/Desktop/machine/src/build/weeding/build install --prefix /media/psf/Home/Desktop/machine/src/install/weeding --record /media/psf/Home/Desktop/machine/src/build/weeding/install.log --single-version-externally-managed
[1.040s] running egg_info
[1.041s] writing ../build/weeding/weeding.egg-info/PKG-INFO
[1.043s] writing dependency_links to ../build/weeding/weeding.egg-info/dependency_links.txt
[1.045s] writing entry points to ../build/weeding/weeding.egg-info/entry_points.txt
[1.048s] writing requirements to ../build/weeding/weeding.egg-info/requires.txt
[1.049s] writing top-level names to ../build/weeding/weeding.egg-info/top_level.txt
[1.062s] reading manifest file '../build/weeding/weeding.egg-info/SOURCES.txt'
[1.065s] writing manifest file '../build/weeding/weeding.egg-info/SOURCES.txt'
[1.067s] running build
[1.067s] running build_py
[1.069s] running install
[1.070s] running install_lib
[1.075s] running install_data
[1.077s] running install_egg_info
[1.079s] removing '/media/psf/Home/Desktop/machine/src/install/weeding/lib/python3.8/site-packages/weeding-0.0.0-py3.8.egg-info' (and everything under it)
[1.083s] Copying ../build/weeding/weeding.egg-info to /media/psf/Home/Desktop/machine/src/install/weeding/lib/python3.8/site-packages/weeding-0.0.0-py3.8.egg-info
[1.103s] running install_scripts
[1.123s] Installing weeding_node script to /media/psf/Home/Desktop/machine/src/install/weeding/lib/weeding
[1.125s] writing list of installed files to '/media/psf/Home/Desktop/machine/src/build/weeding/install.log'
[1.145s] Invoked command in '/media/psf/Home/Desktop/machine/src/weeding' returned '0': PYTHONPATH=/media/psf/Home/Desktop/machine/src/install/weeding/lib/python3.8/site-packages:${PYTHONPATH} /usr/bin/python3 setup.py egg_info --egg-base ../build/weeding build --build-base /media/psf/Home/Desktop/machine/src/build/weeding/build install --prefix /media/psf/Home/Desktop/machine/src/install/weeding --record /media/psf/Home/Desktop/machine/src/build/weeding/install.log --single-version-externally-managed
