[2.036s] Invoking command in '/media/psf/Home/Desktop/machine/src/weeding': PYTHONPATH=/media/psf/Home/Desktop/machine/src/install/weeding/lib/python3.8/site-packages:${PYTHONPATH} /usr/bin/python3 setup.py egg_info --egg-base ../build/weeding build --build-base /media/psf/Home/Desktop/machine/src/build/weeding/build install --prefix /media/psf/Home/Desktop/machine/src/install/weeding --record /media/psf/Home/Desktop/machine/src/build/weeding/install.log --single-version-externally-managed
[2.969s] running egg_info
[3.032s] writing ../build/weeding/weeding.egg-info/PKG-INFO
[3.090s] writing dependency_links to ../build/weeding/weeding.egg-info/dependency_links.txt
[3.248s] writing entry points to ../build/weeding/weeding.egg-info/entry_points.txt
[3.363s] writing requirements to ../build/weeding/weeding.egg-info/requires.txt
[3.421s] writing top-level names to ../build/weeding/weeding.egg-info/top_level.txt
[3.510s] reading manifest file '../build/weeding/weeding.egg-info/SOURCES.txt'
[3.512s] writing manifest file '../build/weeding/weeding.egg-info/SOURCES.txt'
[3.513s] running build
[3.514s] running build_py
[3.516s] running install
[3.516s] /home/parallels/.local/lib/python3.8/site-packages/setuptools/command/install.py:34: SetuptoolsDeprecationWarning: setup.py install is deprecated. Use build and pip and other standards-based tools.
[3.516s]   warnings.warn(
[3.521s] running install_lib
[3.600s] running install_data
[3.614s] running install_egg_info
[3.679s] removing '/media/psf/Home/Desktop/machine/src/install/weeding/lib/python3.8/site-packages/weeding-0.0.0-py3.8.egg-info' (and everything under it)
[3.683s] Copying ../build/weeding/weeding.egg-info to /media/psf/Home/Desktop/machine/src/install/weeding/lib/python3.8/site-packages/weeding-0.0.0-py3.8.egg-info
[3.702s] running install_scripts
[3.841s] Installing weeding_node script to /media/psf/Home/Desktop/machine/src/install/weeding/lib/weeding
[3.844s] writing list of installed files to '/media/psf/Home/Desktop/machine/src/build/weeding/install.log'
[3.883s] Invoked command in '/media/psf/Home/Desktop/machine/src/weeding' returned '0': PYTHONPATH=/media/psf/Home/Desktop/machine/src/install/weeding/lib/python3.8/site-packages:${PYTHONPATH} /usr/bin/python3 setup.py egg_info --egg-base ../build/weeding build --build-base /media/psf/Home/Desktop/machine/src/build/weeding/build install --prefix /media/psf/Home/Desktop/machine/src/install/weeding --record /media/psf/Home/Desktop/machine/src/build/weeding/install.log --single-version-externally-managed
