[0.893s] Invoking command in '/media/psf/Home/Desktop/machine/src/configure': PYTHONPATH=/media/psf/Home/Desktop/machine/src/install/configure/lib/python3.8/site-packages:${PYTHONPATH} /usr/bin/python3 setup.py egg_info --egg-base ../build/configure build --build-base /media/psf/Home/Desktop/machine/src/build/configure/build install --prefix /media/psf/Home/Desktop/machine/src/install/configure --record /media/psf/Home/Desktop/machine/src/build/configure/install.log --single-version-externally-managed
[1.130s] running egg_info
[1.132s] writing ../build/configure/configure.egg-info/PKG-INFO
[1.135s] writing dependency_links to ../build/configure/configure.egg-info/dependency_links.txt
[1.137s] writing entry points to ../build/configure/configure.egg-info/entry_points.txt
[1.139s] writing requirements to ../build/configure/configure.egg-info/requires.txt
[1.142s] writing top-level names to ../build/configure/configure.egg-info/top_level.txt
[1.185s] reading manifest file '../build/configure/configure.egg-info/SOURCES.txt'
[1.187s] writing manifest file '../build/configure/configure.egg-info/SOURCES.txt'
[1.188s] running build
[1.188s] running build_py
[1.189s] copying configure/configure.py -> /media/psf/Home/Desktop/machine/src/build/configure/build/lib/configure
[1.192s] running install
[1.193s] running install_lib
[1.196s] copying /media/psf/Home/Desktop/machine/src/build/configure/build/lib/configure/configure.py -> /media/psf/Home/Desktop/machine/src/install/configure/lib/python3.8/site-packages/configure
[1.199s] byte-compiling /media/psf/Home/Desktop/machine/src/install/configure/lib/python3.8/site-packages/configure/configure.py to configure.cpython-38.pyc
[1.202s] running install_data
[1.204s] running install_egg_info
[1.207s] removing '/media/psf/Home/Desktop/machine/src/install/configure/lib/python3.8/site-packages/configure-0.0.0-py3.8.egg-info' (and everything under it)
[1.211s] Copying ../build/configure/configure.egg-info to /media/psf/Home/Desktop/machine/src/install/configure/lib/python3.8/site-packages/configure-0.0.0-py3.8.egg-info
[1.260s] running install_scripts
[1.281s] Installing configure script to /media/psf/Home/Desktop/machine/src/install/configure/lib/configure
[1.285s] writing list of installed files to '/media/psf/Home/Desktop/machine/src/build/configure/install.log'
[1.306s] Invoked command in '/media/psf/Home/Desktop/machine/src/configure' returned '0': PYTHONPATH=/media/psf/Home/Desktop/machine/src/install/configure/lib/python3.8/site-packages:${PYTHONPATH} /usr/bin/python3 setup.py egg_info --egg-base ../build/configure build --build-base /media/psf/Home/Desktop/machine/src/build/configure/build install --prefix /media/psf/Home/Desktop/machine/src/install/configure --record /media/psf/Home/Desktop/machine/src/build/configure/install.log --single-version-externally-managed
