[0.613s] Invoking command in '/media/psf/Home/Desktop/machine/src/wheel': PYTHONPATH=/media/psf/Home/Desktop/machine/src/install/wheel/lib/python3.8/site-packages:${PYTHONPATH} /usr/bin/python3 setup.py egg_info --egg-base ../build/wheel build --build-base /media/psf/Home/Desktop/machine/src/build/wheel/build install --prefix /media/psf/Home/Desktop/machine/src/install/wheel --record /media/psf/Home/Desktop/machine/src/build/wheel/install.log --single-version-externally-managed
[0.849s] running egg_info
[0.849s] writing ../build/wheel/wheel.egg-info/PKG-INFO
[0.851s] writing dependency_links to ../build/wheel/wheel.egg-info/dependency_links.txt
[0.853s] writing entry points to ../build/wheel/wheel.egg-info/entry_points.txt
[0.854s] writing requirements to ../build/wheel/wheel.egg-info/requires.txt
[0.855s] writing top-level names to ../build/wheel/wheel.egg-info/top_level.txt
[0.892s] reading manifest file '../build/wheel/wheel.egg-info/SOURCES.txt'
[0.894s] writing manifest file '../build/wheel/wheel.egg-info/SOURCES.txt'
[0.896s] running build
[0.896s] running build_py
[0.897s] copying wheel/wheel_go.py -> /media/psf/Home/Desktop/machine/src/build/wheel/build/lib/wheel
[0.899s] running install
[0.900s] running install_lib
[0.902s] copying /media/psf/Home/Desktop/machine/src/build/wheel/build/lib/wheel/wheel_go.py -> /media/psf/Home/Desktop/machine/src/install/wheel/lib/python3.8/site-packages/wheel
[0.906s] byte-compiling /media/psf/Home/Desktop/machine/src/install/wheel/lib/python3.8/site-packages/wheel/wheel_go.py to wheel_go.cpython-38.pyc
[0.909s] running install_data
[0.910s] running install_egg_info
[0.912s] removing '/media/psf/Home/Desktop/machine/src/install/wheel/lib/python3.8/site-packages/wheel-0.0.0-py3.8.egg-info' (and everything under it)
[0.915s] Copying ../build/wheel/wheel.egg-info to /media/psf/Home/Desktop/machine/src/install/wheel/lib/python3.8/site-packages/wheel-0.0.0-py3.8.egg-info
[0.929s] running install_scripts
[0.944s] Installing wheel_node_go script to /media/psf/Home/Desktop/machine/src/install/wheel/lib/wheel
[0.948s] Installing wheel_node_stop script to /media/psf/Home/Desktop/machine/src/install/wheel/lib/wheel
[0.952s] writing list of installed files to '/media/psf/Home/Desktop/machine/src/build/wheel/install.log'
[0.974s] Invoked command in '/media/psf/Home/Desktop/machine/src/wheel' returned '0': PYTHONPATH=/media/psf/Home/Desktop/machine/src/install/wheel/lib/python3.8/site-packages:${PYTHONPATH} /usr/bin/python3 setup.py egg_info --egg-base ../build/wheel build --build-base /media/psf/Home/Desktop/machine/src/build/wheel/build install --prefix /media/psf/Home/Desktop/machine/src/install/wheel --record /media/psf/Home/Desktop/machine/src/build/wheel/install.log --single-version-externally-managed
