[2.274s] Invoking command in '/media/psf/Home/Desktop/machine/src/weeding': PYTHONPATH=/media/psf/Home/Desktop/machine/src/install/weeding/lib/python3.8/site-packages:${PYTHONPATH} /usr/bin/python3 setup.py egg_info --egg-base ../build/weeding build --build-base /media/psf/Home/Desktop/machine/src/build/weeding/build install --prefix /media/psf/Home/Desktop/machine/src/install/weeding --record /media/psf/Home/Desktop/machine/src/build/weeding/install.log --single-version-externally-managed
[3.433s] running egg_info
[3.514s] writing ../build/weeding/weeding.egg-info/PKG-INFO
[3.588s] writing dependency_links to ../build/weeding/weeding.egg-info/dependency_links.txt
[3.788s] writing entry points to ../build/weeding/weeding.egg-info/entry_points.txt
[3.916s] writing requirements to ../build/weeding/weeding.egg-info/requires.txt
[3.981s] writing top-level names to ../build/weeding/weeding.egg-info/top_level.txt
[4.098s] reading manifest file '../build/weeding/weeding.egg-info/SOURCES.txt'
[4.101s] writing manifest file '../build/weeding/weeding.egg-info/SOURCES.txt'
[4.102s] running build
[4.102s] running build_py
[4.104s] copying weeding/weeding.py -> /media/psf/Home/Desktop/machine/src/build/weeding/build/lib/weeding
[4.107s] running install
[4.108s] /home/parallels/.local/lib/python3.8/site-packages/setuptools/command/install.py:34: SetuptoolsDeprecationWarning: setup.py install is deprecated. Use build and pip and other standards-based tools.
[4.108s]   warnings.warn(
[4.114s] running install_lib
[4.215s] copying /media/psf/Home/Desktop/machine/src/build/weeding/build/lib/weeding/weeding.py -> /media/psf/Home/Desktop/machine/src/install/weeding/lib/python3.8/site-packages/weeding
[4.220s] byte-compiling /media/psf/Home/Desktop/machine/src/install/weeding/lib/python3.8/site-packages/weeding/weeding.py to weeding.cpython-38.pyc
[4.224s] running install_data
[4.245s] running install_egg_info
[4.332s] removing '/media/psf/Home/Desktop/machine/src/install/weeding/lib/python3.8/site-packages/weeding-0.0.0-py3.8.egg-info' (and everything under it)
[4.337s] Copying ../build/weeding/weeding.egg-info to /media/psf/Home/Desktop/machine/src/install/weeding/lib/python3.8/site-packages/weeding-0.0.0-py3.8.egg-info
[4.357s] running install_scripts
[4.511s] Installing weeding_node script to /media/psf/Home/Desktop/machine/src/install/weeding/lib/weeding
[4.514s] writing list of installed files to '/media/psf/Home/Desktop/machine/src/build/weeding/install.log'
[4.566s] Invoked command in '/media/psf/Home/Desktop/machine/src/weeding' returned '0': PYTHONPATH=/media/psf/Home/Desktop/machine/src/install/weeding/lib/python3.8/site-packages:${PYTHONPATH} /usr/bin/python3 setup.py egg_info --egg-base ../build/weeding build --build-base /media/psf/Home/Desktop/machine/src/build/weeding/build install --prefix /media/psf/Home/Desktop/machine/src/install/weeding --record /media/psf/Home/Desktop/machine/src/build/weeding/install.log --single-version-externally-managed
