[2.160s] Invoking command in '/media/psf/Home/Desktop/machine/src/weeding': PYTHONPATH=/media/psf/Home/Desktop/machine/src/install/weeding/lib/python3.8/site-packages:${PYTHONPATH} /usr/bin/python3 setup.py egg_info --egg-base ../build/weeding build --build-base /media/psf/Home/Desktop/machine/src/build/weeding/build install --prefix /media/psf/Home/Desktop/machine/src/install/weeding --record /media/psf/Home/Desktop/machine/src/build/weeding/install.log --single-version-externally-managed
[3.142s] running egg_info
[3.211s] writing ../build/weeding/weeding.egg-info/PKG-INFO
[3.268s] writing dependency_links to ../build/weeding/weeding.egg-info/dependency_links.txt
[3.431s] writing entry points to ../build/weeding/weeding.egg-info/entry_points.txt
[3.539s] writing requirements to ../build/weeding/weeding.egg-info/requires.txt
[3.599s] writing top-level names to ../build/weeding/weeding.egg-info/top_level.txt
[3.689s] reading manifest file '../build/weeding/weeding.egg-info/SOURCES.txt'
[3.691s] writing manifest file '../build/weeding/weeding.egg-info/SOURCES.txt'
[3.692s] running build
[3.693s] running build_py
[3.695s] copying weeding/scripts.py -> /media/psf/Home/Desktop/machine/src/build/weeding/build/lib/weeding
[3.699s] copying weeding/weeding.py -> /media/psf/Home/Desktop/machine/src/build/weeding/build/lib/weeding
[3.702s] running install
[3.703s] /home/parallels/.local/lib/python3.8/site-packages/setuptools/command/install.py:34: SetuptoolsDeprecationWarning: setup.py install is deprecated. Use build and pip and other standards-based tools.
[3.703s]   warnings.warn(
[3.708s] running install_lib
[3.780s] copying /media/psf/Home/Desktop/machine/src/build/weeding/build/lib/weeding/scripts.py -> /media/psf/Home/Desktop/machine/src/install/weeding/lib/python3.8/site-packages/weeding
[3.782s] copying /media/psf/Home/Desktop/machine/src/build/weeding/build/lib/weeding/weeding.py -> /media/psf/Home/Desktop/machine/src/install/weeding/lib/python3.8/site-packages/weeding
[3.786s] byte-compiling /media/psf/Home/Desktop/machine/src/install/weeding/lib/python3.8/site-packages/weeding/scripts.py to scripts.cpython-38.pyc
[3.788s] byte-compiling /media/psf/Home/Desktop/machine/src/install/weeding/lib/python3.8/site-packages/weeding/weeding.py to weeding.cpython-38.pyc
[3.792s] running install_data
[3.809s] running install_egg_info
[3.889s] removing '/media/psf/Home/Desktop/machine/src/install/weeding/lib/python3.8/site-packages/weeding-0.0.0-py3.8.egg-info' (and everything under it)
[3.901s] Copying ../build/weeding/weeding.egg-info to /media/psf/Home/Desktop/machine/src/install/weeding/lib/python3.8/site-packages/weeding-0.0.0-py3.8.egg-info
[3.921s] running install_scripts
[4.065s] Installing weeding_node script to /media/psf/Home/Desktop/machine/src/install/weeding/lib/weeding
[4.067s] writing list of installed files to '/media/psf/Home/Desktop/machine/src/build/weeding/install.log'
[4.107s] Invoked command in '/media/psf/Home/Desktop/machine/src/weeding' returned '0': PYTHONPATH=/media/psf/Home/Desktop/machine/src/install/weeding/lib/python3.8/site-packages:${PYTHONPATH} /usr/bin/python3 setup.py egg_info --egg-base ../build/weeding build --build-base /media/psf/Home/Desktop/machine/src/build/weeding/build install --prefix /media/psf/Home/Desktop/machine/src/install/weeding --record /media/psf/Home/Desktop/machine/src/build/weeding/install.log --single-version-externally-managed
