[4.453s] Invoking command in '/media/psf/Home/Desktop/machine/src/weeding': PYTHONPATH=/media/psf/Home/Desktop/machine/src/install/weeding/lib/python3.8/site-packages:${PYTHONPATH} /usr/bin/python3 setup.py egg_info --egg-base ../build/weeding build --build-base /media/psf/Home/Desktop/machine/src/build/weeding/build install --prefix /media/psf/Home/Desktop/machine/src/install/weeding --record /media/psf/Home/Desktop/machine/src/build/weeding/install.log --single-version-externally-managed
[6.819s] running egg_info
[6.982s] writing ../build/weeding/weeding.egg-info/PKG-INFO
[7.133s] writing dependency_links to ../build/weeding/weeding.egg-info/dependency_links.txt
[7.534s] writing entry points to ../build/weeding/weeding.egg-info/entry_points.txt
[7.803s] writing requirements to ../build/weeding/weeding.egg-info/requires.txt
[7.956s] writing top-level names to ../build/weeding/weeding.egg-info/top_level.txt
[8.167s] reading manifest file '../build/weeding/weeding.egg-info/SOURCES.txt'
[8.173s] writing manifest file '../build/weeding/weeding.egg-info/SOURCES.txt'
[8.177s] running build
[8.180s] running build_py
[8.184s] copying weeding/weeding.py -> /media/psf/Home/Desktop/machine/src/build/weeding/build/lib/weeding
[8.190s] running install
[8.191s] /home/parallels/.local/lib/python3.8/site-packages/setuptools/command/install.py:34: SetuptoolsDeprecationWarning: setup.py install is deprecated. Use build and pip and other standards-based tools.
[8.192s]   warnings.warn(
[8.203s] running install_lib
[8.417s] copying /media/psf/Home/Desktop/machine/src/build/weeding/build/lib/weeding/weeding.py -> /media/psf/Home/Desktop/machine/src/install/weeding/lib/python3.8/site-packages/weeding
[8.425s] byte-compiling /media/psf/Home/Desktop/machine/src/install/weeding/lib/python3.8/site-packages/weeding/weeding.py to weeding.cpython-38.pyc
[8.433s] running install_data
[8.477s] running install_egg_info
[8.656s] removing '/media/psf/Home/Desktop/machine/src/install/weeding/lib/python3.8/site-packages/weeding-0.0.0-py3.8.egg-info' (and everything under it)
[8.664s] Copying ../build/weeding/weeding.egg-info to /media/psf/Home/Desktop/machine/src/install/weeding/lib/python3.8/site-packages/weeding-0.0.0-py3.8.egg-info
[8.700s] running install_scripts
[9.053s] Installing weeding_node script to /media/psf/Home/Desktop/machine/src/install/weeding/lib/weeding
[9.057s] writing list of installed files to '/media/psf/Home/Desktop/machine/src/build/weeding/install.log'
[9.157s] Invoked command in '/media/psf/Home/Desktop/machine/src/weeding' returned '0': PYTHONPATH=/media/psf/Home/Desktop/machine/src/install/weeding/lib/python3.8/site-packages:${PYTHONPATH} /usr/bin/python3 setup.py egg_info --egg-base ../build/weeding build --build-base /media/psf/Home/Desktop/machine/src/build/weeding/build install --prefix /media/psf/Home/Desktop/machine/src/install/weeding --record /media/psf/Home/Desktop/machine/src/build/weeding/install.log --single-version-externally-managed
