[1.548s] Invoking command in '/media/psf/Home/Desktop/machine/src/weeding': PYTHONPATH=/media/psf/Home/Desktop/machine/src/install/weeding/lib/python3.8/site-packages:${PYTHONPATH} /usr/bin/python3 setup.py egg_info --egg-base ../build/weeding build --build-base /media/psf/Home/Desktop/machine/src/build/weeding/build install --prefix /media/psf/Home/Desktop/machine/src/install/weeding --record /media/psf/Home/Desktop/machine/src/build/weeding/install.log --single-version-externally-managed
[2.101s] running egg_info
[2.108s] writing ../build/weeding/weeding.egg-info/PKG-INFO
[2.110s] writing dependency_links to ../build/weeding/weeding.egg-info/dependency_links.txt
[2.112s] writing entry points to ../build/weeding/weeding.egg-info/entry_points.txt
[2.114s] writing requirements to ../build/weeding/weeding.egg-info/requires.txt
[2.115s] writing top-level names to ../build/weeding/weeding.egg-info/top_level.txt
[2.123s] reading manifest file '../build/weeding/weeding.egg-info/SOURCES.txt'
[2.125s] writing manifest file '../build/weeding/weeding.egg-info/SOURCES.txt'
[2.125s] running build
[2.126s] running build_py
[2.130s] copying weeding/weeding.py -> /media/psf/Home/Desktop/machine/src/build/weeding/build/lib/weeding
[2.135s] running install
[2.136s] running install_lib
[2.139s] copying /media/psf/Home/Desktop/machine/src/build/weeding/build/lib/weeding/weeding.py -> /media/psf/Home/Desktop/machine/src/install/weeding/lib/python3.8/site-packages/weeding
[2.144s] byte-compiling /media/psf/Home/Desktop/machine/src/install/weeding/lib/python3.8/site-packages/weeding/weeding.py to weeding.cpython-38.pyc
[2.147s] running install_data
[2.149s] running install_egg_info
[2.151s] removing '/media/psf/Home/Desktop/machine/src/install/weeding/lib/python3.8/site-packages/weeding-0.0.0-py3.8.egg-info' (and everything under it)
[2.156s] Copying ../build/weeding/weeding.egg-info to /media/psf/Home/Desktop/machine/src/install/weeding/lib/python3.8/site-packages/weeding-0.0.0-py3.8.egg-info
[2.180s] running install_scripts
[2.219s] Installing camera_node script to /media/psf/Home/Desktop/machine/src/install/weeding/lib/weeding
[2.221s] Installing weeding_node script to /media/psf/Home/Desktop/machine/src/install/weeding/lib/weeding
[2.223s] writing list of installed files to '/media/psf/Home/Desktop/machine/src/build/weeding/install.log'
[2.265s] Invoked command in '/media/psf/Home/Desktop/machine/src/weeding' returned '0': PYTHONPATH=/media/psf/Home/Desktop/machine/src/install/weeding/lib/python3.8/site-packages:${PYTHONPATH} /usr/bin/python3 setup.py egg_info --egg-base ../build/weeding build --build-base /media/psf/Home/Desktop/machine/src/build/weeding/build install --prefix /media/psf/Home/Desktop/machine/src/install/weeding --record /media/psf/Home/Desktop/machine/src/build/weeding/install.log --single-version-externally-managed
