[0.910s] DEBUG:colcon:Command line arguments: ['/usr/bin/colcon', 'build']
[0.913s] DEBUG:colcon:Parsed command line arguments: Namespace(ament_cmake_args=None, base_paths=['.'], build_base='build', catkin_cmake_args=None, catkin_skip_building_tests=False, cmake_args=None, cmake_clean_cache=False, cmake_clean_first=False, cmake_force_configure=False, cmake_target=None, cmake_target_skip_unavailable=False, continue_on_error=False, event_handlers=None, executor='parallel', ignore_user_meta=False, install_base='install', log_base=None, log_level=None, main=<bound method BuildVerb.main of <colcon_core.verb.build.BuildVerb object at 0x7fa2d4947df0>>, merge_install=False, metas=['./colcon.meta'], mixin=None, mixin_files=None, mixin_verb=('build',), packages_above=None, packages_above_and_dependencies=None, packages_above_depth=None, packages_end=None, packages_ignore=None, packages_ignore_regex=None, packages_select=None, packages_select_build_failed=False, packages_select_by_dep=None, packages_select_regex=None, packages_select_test_failures=False, packages_skip=None, packages_skip_build_finished=False, packages_skip_by_dep=None, packages_skip_regex=None, packages_skip_test_passed=False, packages_skip_up_to=None, packages_start=None, packages_up_to=None, packages_up_to_regex=None, parallel_workers=2, paths=None, symlink_install=False, test_result_base=None, verb_extension=<colcon_core.verb.build.BuildVerb object at 0x7fa2d4947df0>, verb_name='build', verb_parser=<colcon_mixin.mixin.mixin_argument.MixinArgumentDecorator object at 0x7fa2d4953400>)
[0.936s] Level 1:colcon.colcon_core.package_discovery:discover_packages(colcon_meta) check parameters
[0.939s] INFO:colcon.colcon_metadata.package_discovery.colcon_meta:Using configuration from '/root/.colcon/metadata/default/Gazebo.meta'
[0.941s] INFO:colcon.colcon_metadata.package_discovery.colcon_meta:Using configuration from '/root/.colcon/metadata/default/fastrtps.meta'
[0.944s] Level 1:colcon.colcon_core.package_discovery:discover_packages(recursive) check parameters
[0.945s] Level 1:colcon.colcon_core.package_discovery:discover_packages(ignore) check parameters
[0.946s] Level 1:colcon.colcon_core.package_discovery:discover_packages(path) check parameters
[0.947s] Level 1:colcon.colcon_core.package_discovery:discover_packages(colcon_meta) discover
[0.948s] Level 1:colcon.colcon_core.package_discovery:discover_packages(recursive) discover
[0.949s] INFO:colcon.colcon_core.package_discovery:Crawling recursively for packages in '/home/machine/src'
[0.950s] Level 1:colcon.colcon_core.package_identification:_identify(.) by extensions ['ignore', 'ignore_ament_install']
[0.951s] Level 1:colcon.colcon_core.package_identification:_identify(.) by extension 'ignore'
[0.953s] Level 1:colcon.colcon_core.package_identification:_identify(.) by extension 'ignore_ament_install'
[0.956s] Level 1:colcon.colcon_core.package_identification:_identify(.) by extensions ['colcon_pkg']
[0.957s] Level 1:colcon.colcon_core.package_identification:_identify(.) by extension 'colcon_pkg'
[0.959s] Level 1:colcon.colcon_core.package_identification:_identify(.) by extensions ['colcon_meta']
[0.960s] Level 1:colcon.colcon_core.package_identification:_identify(.) by extension 'colcon_meta'
[0.961s] Level 1:colcon.colcon_core.package_identification:_identify(.) by extensions ['ros']
[0.962s] Level 1:colcon.colcon_core.package_identification:_identify(.) by extension 'ros'
[0.985s] Level 1:colcon.colcon_core.package_identification:_identify(.) by extensions ['cmake', 'python']
[0.986s] Level 1:colcon.colcon_core.package_identification:_identify(.) by extension 'cmake'
[0.989s] Level 1:colcon.colcon_core.package_identification:_identify(.) by extension 'python'
[0.991s] Level 1:colcon.colcon_core.package_identification:_identify(.) by extensions ['python_setup_py']
[0.993s] Level 1:colcon.colcon_core.package_identification:_identify(.) by extension 'python_setup_py'
[0.997s] Level 1:colcon.colcon_core.package_identification:_identify(build) by extensions ['ignore', 'ignore_ament_install']
[1.005s] Level 1:colcon.colcon_core.package_identification:_identify(build) by extension 'ignore'
[1.010s] Level 1:colcon.colcon_core.package_identification:_identify(build) ignored
[1.012s] Level 1:colcon.colcon_core.package_identification:_identify(configure) by extensions ['ignore', 'ignore_ament_install']
[1.014s] Level 1:colcon.colcon_core.package_identification:_identify(configure) by extension 'ignore'
[1.016s] Level 1:colcon.colcon_core.package_identification:_identify(configure) by extension 'ignore_ament_install'
[1.019s] Level 1:colcon.colcon_core.package_identification:_identify(configure) by extensions ['colcon_pkg']
[1.020s] Level 1:colcon.colcon_core.package_identification:_identify(configure) by extension 'colcon_pkg'
[1.023s] Level 1:colcon.colcon_core.package_identification:_identify(configure) by extensions ['colcon_meta']
[1.023s] Level 1:colcon.colcon_core.package_identification:_identify(configure) by extension 'colcon_meta'
[1.024s] Level 1:colcon.colcon_core.package_identification:_identify(configure) by extensions ['ros']
[1.025s] Level 1:colcon.colcon_core.package_identification:_identify(configure) by extension 'ros'
[1.034s] DEBUG:colcon.colcon_core.package_identification:Package 'configure' with type 'ros.ament_python' and name 'configure'
[1.035s] Level 1:colcon.colcon_core.package_identification:_identify(install) by extensions ['ignore', 'ignore_ament_install']
[1.036s] Level 1:colcon.colcon_core.package_identification:_identify(install) by extension 'ignore'
[1.037s] Level 1:colcon.colcon_core.package_identification:_identify(install) ignored
[1.052s] Level 1:colcon.colcon_core.package_identification:_identify(log) by extensions ['ignore', 'ignore_ament_install']
[1.053s] Level 1:colcon.colcon_core.package_identification:_identify(log) by extension 'ignore'
[1.055s] Level 1:colcon.colcon_core.package_identification:_identify(log) ignored
[1.058s] Level 1:colcon.colcon_core.package_identification:_identify(weeding) by extensions ['ignore', 'ignore_ament_install']
[1.059s] Level 1:colcon.colcon_core.package_identification:_identify(weeding) by extension 'ignore'
[1.062s] Level 1:colcon.colcon_core.package_identification:_identify(weeding) by extension 'ignore_ament_install'
[1.067s] Level 1:colcon.colcon_core.package_identification:_identify(weeding) by extensions ['colcon_pkg']
[1.068s] Level 1:colcon.colcon_core.package_identification:_identify(weeding) by extension 'colcon_pkg'
[1.071s] Level 1:colcon.colcon_core.package_identification:_identify(weeding) by extensions ['colcon_meta']
[1.073s] Level 1:colcon.colcon_core.package_identification:_identify(weeding) by extension 'colcon_meta'
[1.074s] Level 1:colcon.colcon_core.package_identification:_identify(weeding) by extensions ['ros']
[1.075s] Level 1:colcon.colcon_core.package_identification:_identify(weeding) by extension 'ros'
[1.084s] DEBUG:colcon.colcon_core.package_identification:Package 'weeding' with type 'ros.ament_python' and name 'weeding'
[1.085s] Level 1:colcon.colcon_core.package_identification:_identify(wheel) by extensions ['ignore', 'ignore_ament_install']
[1.086s] Level 1:colcon.colcon_core.package_identification:_identify(wheel) by extension 'ignore'
[1.088s] Level 1:colcon.colcon_core.package_identification:_identify(wheel) by extension 'ignore_ament_install'
[1.090s] Level 1:colcon.colcon_core.package_identification:_identify(wheel) by extensions ['colcon_pkg']
[1.091s] Level 1:colcon.colcon_core.package_identification:_identify(wheel) by extension 'colcon_pkg'
[1.092s] Level 1:colcon.colcon_core.package_identification:_identify(wheel) by extensions ['colcon_meta']
[1.093s] Level 1:colcon.colcon_core.package_identification:_identify(wheel) by extension 'colcon_meta'
[1.094s] Level 1:colcon.colcon_core.package_identification:_identify(wheel) by extensions ['ros']
[1.095s] Level 1:colcon.colcon_core.package_identification:_identify(wheel) by extension 'ros'
[1.100s] DEBUG:colcon.colcon_core.package_identification:Package 'wheel' with type 'ros.ament_python' and name 'wheel'
[1.100s] Level 1:colcon.colcon_core.package_discovery:discover_packages(recursive) using defaults
[1.102s] Level 1:colcon.colcon_core.package_discovery:discover_packages(ignore) discover
[1.102s] Level 1:colcon.colcon_core.package_discovery:discover_packages(ignore) using defaults
[1.103s] Level 1:colcon.colcon_core.package_discovery:discover_packages(path) discover
[1.104s] Level 1:colcon.colcon_core.package_discovery:discover_packages(path) using defaults
[1.147s] Level 5:colcon.colcon_core.verb:set package 'configure' build argument 'cmake_args' from command line to 'None'
[1.148s] Level 5:colcon.colcon_core.verb:set package 'configure' build argument 'cmake_target' from command line to 'None'
[1.149s] Level 5:colcon.colcon_core.verb:set package 'configure' build argument 'cmake_target_skip_unavailable' from command line to 'False'
[1.153s] Level 5:colcon.colcon_core.verb:set package 'configure' build argument 'cmake_clean_cache' from command line to 'False'
[1.153s] Level 5:colcon.colcon_core.verb:set package 'configure' build argument 'cmake_clean_first' from command line to 'False'
[1.154s] Level 5:colcon.colcon_core.verb:set package 'configure' build argument 'cmake_force_configure' from command line to 'False'
[1.156s] Level 5:colcon.colcon_core.verb:set package 'configure' build argument 'ament_cmake_args' from command line to 'None'
[1.158s] Level 5:colcon.colcon_core.verb:set package 'configure' build argument 'catkin_cmake_args' from command line to 'None'
[1.160s] Level 5:colcon.colcon_core.verb:set package 'configure' build argument 'catkin_skip_building_tests' from command line to 'False'
[1.161s] DEBUG:colcon.colcon_core.verb:Building package 'configure' with the following arguments: {'ament_cmake_args': None, 'build_base': '/home/machine/src/build/configure', 'catkin_cmake_args': None, 'catkin_skip_building_tests': False, 'cmake_args': None, 'cmake_clean_cache': False, 'cmake_clean_first': False, 'cmake_force_configure': False, 'cmake_target': None, 'cmake_target_skip_unavailable': False, 'install_base': '/home/machine/src/install/configure', 'merge_install': False, 'path': '/home/machine/src/configure', 'symlink_install': False, 'test_result_base': None}
[1.168s] Level 5:colcon.colcon_core.verb:set package 'weeding' build argument 'cmake_args' from command line to 'None'
[1.169s] Level 5:colcon.colcon_core.verb:set package 'weeding' build argument 'cmake_target' from command line to 'None'
[1.170s] Level 5:colcon.colcon_core.verb:set package 'weeding' build argument 'cmake_target_skip_unavailable' from command line to 'False'
[1.171s] Level 5:colcon.colcon_core.verb:set package 'weeding' build argument 'cmake_clean_cache' from command line to 'False'
[1.171s] Level 5:colcon.colcon_core.verb:set package 'weeding' build argument 'cmake_clean_first' from command line to 'False'
[1.172s] Level 5:colcon.colcon_core.verb:set package 'weeding' build argument 'cmake_force_configure' from command line to 'False'
[1.173s] Level 5:colcon.colcon_core.verb:set package 'weeding' build argument 'ament_cmake_args' from command line to 'None'
[1.174s] Level 5:colcon.colcon_core.verb:set package 'weeding' build argument 'catkin_cmake_args' from command line to 'None'
[1.175s] Level 5:colcon.colcon_core.verb:set package 'weeding' build argument 'catkin_skip_building_tests' from command line to 'False'
[1.176s] DEBUG:colcon.colcon_core.verb:Building package 'weeding' with the following arguments: {'ament_cmake_args': None, 'build_base': '/home/machine/src/build/weeding', 'catkin_cmake_args': None, 'catkin_skip_building_tests': False, 'cmake_args': None, 'cmake_clean_cache': False, 'cmake_clean_first': False, 'cmake_force_configure': False, 'cmake_target': None, 'cmake_target_skip_unavailable': False, 'install_base': '/home/machine/src/install/weeding', 'merge_install': False, 'path': '/home/machine/src/weeding', 'symlink_install': False, 'test_result_base': None}
[1.183s] Level 5:colcon.colcon_core.verb:set package 'wheel' build argument 'cmake_args' from command line to 'None'
[1.184s] Level 5:colcon.colcon_core.verb:set package 'wheel' build argument 'cmake_target' from command line to 'None'
[1.185s] Level 5:colcon.colcon_core.verb:set package 'wheel' build argument 'cmake_target_skip_unavailable' from command line to 'False'
[1.186s] Level 5:colcon.colcon_core.verb:set package 'wheel' build argument 'cmake_clean_cache' from command line to 'False'
[1.187s] Level 5:colcon.colcon_core.verb:set package 'wheel' build argument 'cmake_clean_first' from command line to 'False'
[1.188s] Level 5:colcon.colcon_core.verb:set package 'wheel' build argument 'cmake_force_configure' from command line to 'False'
[1.189s] Level 5:colcon.colcon_core.verb:set package 'wheel' build argument 'ament_cmake_args' from command line to 'None'
[1.190s] Level 5:colcon.colcon_core.verb:set package 'wheel' build argument 'catkin_cmake_args' from command line to 'None'
[1.191s] Level 5:colcon.colcon_core.verb:set package 'wheel' build argument 'catkin_skip_building_tests' from command line to 'False'
[1.192s] DEBUG:colcon.colcon_core.verb:Building package 'wheel' with the following arguments: {'ament_cmake_args': None, 'build_base': '/home/machine/src/build/wheel', 'catkin_cmake_args': None, 'catkin_skip_building_tests': False, 'cmake_args': None, 'cmake_clean_cache': False, 'cmake_clean_first': False, 'cmake_force_configure': False, 'cmake_target': None, 'cmake_target_skip_unavailable': False, 'install_base': '/home/machine/src/install/wheel', 'merge_install': False, 'path': '/home/machine/src/wheel', 'symlink_install': False, 'test_result_base': None}
[1.193s] INFO:colcon.colcon_core.executor:Executing jobs using 'parallel' executor
[1.199s] DEBUG:colcon.colcon_parallel_executor.executor.parallel:run_until_complete
[1.201s] INFO:colcon.colcon_ros.task.ament_python.build:Building ROS package in '/home/machine/src/configure' with build type 'ament_python'
[1.203s] Level 1:colcon.colcon_core.shell:create_environment_hook('configure', 'ament_prefix_path')
[1.213s] INFO:colcon.colcon_core.plugin_system:Skipping extension 'colcon_core.shell.bat': Not used on non-Windows systems
[1.215s] INFO:colcon.colcon_core.shell:Creating environment hook '/home/machine/src/install/configure/share/configure/hook/ament_prefix_path.ps1'
[1.221s] INFO:colcon.colcon_core.shell:Creating environment descriptor '/home/machine/src/install/configure/share/configure/hook/ament_prefix_path.dsv'
[1.227s] INFO:colcon.colcon_core.shell:Creating environment hook '/home/machine/src/install/configure/share/configure/hook/ament_prefix_path.sh'
[1.235s] INFO:colcon.colcon_core.shell:Skip shell extension 'powershell' for command environment: Not usable outside of PowerShell
[1.237s] DEBUG:colcon.colcon_core.shell:Skip shell extension 'dsv' for command environment
[1.271s] DEBUG:colcon.colcon_core.shell:Ignoring prefix path '/opt/ros/foxy'
[1.282s] INFO:colcon.colcon_ros.task.ament_python.build:Building ROS package in '/home/machine/src/weeding' with build type 'ament_python'
[1.286s] Level 1:colcon.colcon_core.shell:create_environment_hook('weeding', 'ament_prefix_path')
[1.292s] INFO:colcon.colcon_core.shell:Creating environment hook '/home/machine/src/install/weeding/share/weeding/hook/ament_prefix_path.ps1'
[1.304s] INFO:colcon.colcon_core.shell:Creating environment descriptor '/home/machine/src/install/weeding/share/weeding/hook/ament_prefix_path.dsv'
[1.321s] INFO:colcon.colcon_core.shell:Creating environment hook '/home/machine/src/install/weeding/share/weeding/hook/ament_prefix_path.sh'
[1.337s] INFO:colcon.colcon_core.shell:Skip shell extension 'powershell' for command environment: Not usable outside of PowerShell
[1.338s] DEBUG:colcon.colcon_core.shell:Skip shell extension 'dsv' for command environment
[1.367s] DEBUG:colcon.colcon_core.shell:Ignoring prefix path '/opt/ros/foxy'
[1.831s] INFO:colcon.colcon_core.task.python.build:Building Python package in '/home/machine/src/configure'
[1.834s] INFO:colcon.colcon_core.shell:Skip shell extension 'powershell' for command environment: Not usable outside of PowerShell
[1.835s] DEBUG:colcon.colcon_core.shell:Skip shell extension 'dsv' for command environment
[1.850s] DEBUG:colcon.colcon_core.shell:Ignoring prefix path '/opt/ros/foxy'
[2.267s] INFO:colcon.colcon_core.task.python.build:Building Python package in '/home/machine/src/weeding'
[2.269s] INFO:colcon.colcon_core.shell:Skip shell extension 'powershell' for command environment: Not usable outside of PowerShell
[2.270s] DEBUG:colcon.colcon_core.shell:Skip shell extension 'dsv' for command environment
[2.288s] DEBUG:colcon.colcon_core.shell:Ignoring prefix path '/opt/ros/foxy'
[2.342s] DEBUG:colcon.colcon_core.event_handler.log_command:Invoking command in '/home/machine/src/configure': PYTHONPATH=/home/machine/src/install/configure/lib/python3.8/site-packages:${PYTHONPATH} /usr/bin/python3 setup.py egg_info --egg-base ../build/configure build --build-base /home/machine/src/build/configure/build install --prefix /home/machine/src/install/configure --record /home/machine/src/build/configure/install.log --single-version-externally-managed
[2.406s] DEBUG:colcon.colcon_core.event_handler.log_command:Invoking command in '/home/machine/src/weeding': PYTHONPATH=/home/machine/src/install/weeding/lib/python3.8/site-packages:${PYTHONPATH} /usr/bin/python3 setup.py egg_info --egg-base ../build/weeding build --build-base /home/machine/src/build/weeding/build install --prefix /home/machine/src/install/weeding --record /home/machine/src/build/weeding/install.log --single-version-externally-managed
[3.819s] DEBUG:colcon.colcon_core.event_handler.log_command:Invoked command in '/home/machine/src/configure' returned '0': PYTHONPATH=/home/machine/src/install/configure/lib/python3.8/site-packages:${PYTHONPATH} /usr/bin/python3 setup.py egg_info --egg-base ../build/configure build --build-base /home/machine/src/build/configure/build install --prefix /home/machine/src/install/configure --record /home/machine/src/build/configure/install.log --single-version-externally-managed
[3.862s] Level 1:colcon.colcon_core.environment:checking '/home/machine/src/install/configure' for CMake module files
[3.974s] Level 1:colcon.colcon_core.environment:checking '/home/machine/src/install/configure' for CMake config files
[4.025s] Level 1:colcon.colcon_core.environment:checking '/home/machine/src/install/configure/lib'
[4.028s] Level 1:colcon.colcon_core.environment:checking '/home/machine/src/install/configure/bin'
[4.040s] Level 1:colcon.colcon_core.environment:checking '/home/machine/src/install/configure/lib/pkgconfig/configure.pc'
[4.045s] Level 1:colcon.colcon_core.environment:checking '/home/machine/src/install/configure/lib/python3.8/site-packages'
[4.047s] Level 1:colcon.colcon_core.shell:create_environment_hook('configure', 'pythonpath')
[4.052s] INFO:colcon.colcon_core.shell:Creating environment hook '/home/machine/src/install/configure/share/configure/hook/pythonpath.ps1'
[4.066s] INFO:colcon.colcon_core.shell:Creating environment descriptor '/home/machine/src/install/configure/share/configure/hook/pythonpath.dsv'
[4.074s] INFO:colcon.colcon_core.shell:Creating environment hook '/home/machine/src/install/configure/share/configure/hook/pythonpath.sh'
[4.084s] Level 1:colcon.colcon_core.environment:create_environment_scripts_only(configure)
[4.093s] INFO:colcon.colcon_core.shell:Creating package script '/home/machine/src/install/configure/share/configure/package.ps1'
[4.114s] INFO:colcon.colcon_core.shell:Creating package descriptor '/home/machine/src/install/configure/share/configure/package.dsv'
[4.123s] INFO:colcon.colcon_core.shell:Creating package script '/home/machine/src/install/configure/share/configure/package.sh'
[4.131s] INFO:colcon.colcon_core.shell:Creating package script '/home/machine/src/install/configure/share/configure/package.bash'
[4.140s] INFO:colcon.colcon_core.shell:Creating package script '/home/machine/src/install/configure/share/configure/package.zsh'
[4.147s] Level 1:colcon.colcon_core.environment:create_file_with_runtime_dependencies(/home/machine/src/install/configure/share/colcon-core/packages/configure)
[4.156s] INFO:colcon.colcon_ros.task.ament_python.build:Building ROS package in '/home/machine/src/wheel' with build type 'ament_python'
[4.159s] Level 1:colcon.colcon_core.shell:create_environment_hook('wheel', 'ament_prefix_path')
[4.163s] INFO:colcon.colcon_core.shell:Creating environment hook '/home/machine/src/install/wheel/share/wheel/hook/ament_prefix_path.ps1'
[4.179s] INFO:colcon.colcon_core.shell:Creating environment descriptor '/home/machine/src/install/wheel/share/wheel/hook/ament_prefix_path.dsv'
[4.191s] INFO:colcon.colcon_core.shell:Creating environment hook '/home/machine/src/install/wheel/share/wheel/hook/ament_prefix_path.sh'
[4.209s] INFO:colcon.colcon_core.shell:Skip shell extension 'powershell' for command environment: Not usable outside of PowerShell
[4.215s] DEBUG:colcon.colcon_core.shell:Skip shell extension 'dsv' for command environment
[4.235s] DEBUG:colcon.colcon_core.shell:Ignoring prefix path '/opt/ros/foxy'
[5.023s] INFO:colcon.colcon_core.task.python.build:Building Python package in '/home/machine/src/wheel'
[5.027s] INFO:colcon.colcon_core.shell:Skip shell extension 'powershell' for command environment: Not usable outside of PowerShell
[5.029s] DEBUG:colcon.colcon_core.shell:Skip shell extension 'dsv' for command environment
[5.080s] DEBUG:colcon.colcon_core.shell:Ignoring prefix path '/opt/ros/foxy'
[5.105s] Level 1:colcon.colcon_core.environment:checking '/home/machine/src/install/weeding' for CMake module files
[5.110s] DEBUG:colcon.colcon_core.event_handler.log_command:Invoked command in '/home/machine/src/weeding' returned '0': PYTHONPATH=/home/machine/src/install/weeding/lib/python3.8/site-packages:${PYTHONPATH} /usr/bin/python3 setup.py egg_info --egg-base ../build/weeding build --build-base /home/machine/src/build/weeding/build install --prefix /home/machine/src/install/weeding --record /home/machine/src/build/weeding/install.log --single-version-externally-managed
[5.143s] Level 1:colcon.colcon_core.environment:checking '/home/machine/src/install/weeding' for CMake config files
[5.187s] Level 1:colcon.colcon_core.environment:checking '/home/machine/src/install/weeding/lib'
[5.195s] Level 1:colcon.colcon_core.environment:checking '/home/machine/src/install/weeding/bin'
[5.199s] Level 1:colcon.colcon_core.environment:checking '/home/machine/src/install/weeding/lib/pkgconfig/weeding.pc'
[5.202s] Level 1:colcon.colcon_core.environment:checking '/home/machine/src/install/weeding/lib/python3.8/site-packages'
[5.204s] Level 1:colcon.colcon_core.shell:create_environment_hook('weeding', 'pythonpath')
[5.207s] INFO:colcon.colcon_core.shell:Creating environment hook '/home/machine/src/install/weeding/share/weeding/hook/pythonpath.ps1'
[5.218s] INFO:colcon.colcon_core.shell:Creating environment descriptor '/home/machine/src/install/weeding/share/weeding/hook/pythonpath.dsv'
[5.227s] INFO:colcon.colcon_core.shell:Creating environment hook '/home/machine/src/install/weeding/share/weeding/hook/pythonpath.sh'
[5.238s] Level 1:colcon.colcon_core.environment:create_environment_scripts_only(weeding)
[5.246s] INFO:colcon.colcon_core.shell:Creating package script '/home/machine/src/install/weeding/share/weeding/package.ps1'
[5.260s] INFO:colcon.colcon_core.shell:Creating package descriptor '/home/machine/src/install/weeding/share/weeding/package.dsv'
[5.270s] INFO:colcon.colcon_core.shell:Creating package script '/home/machine/src/install/weeding/share/weeding/package.sh'
[5.280s] INFO:colcon.colcon_core.shell:Creating package script '/home/machine/src/install/weeding/share/weeding/package.bash'
[5.289s] INFO:colcon.colcon_core.shell:Creating package script '/home/machine/src/install/weeding/share/weeding/package.zsh'
[5.304s] Level 1:colcon.colcon_core.environment:create_file_with_runtime_dependencies(/home/machine/src/install/weeding/share/colcon-core/packages/weeding)
[5.381s] DEBUG:colcon.colcon_core.event_handler.log_command:Invoking command in '/home/machine/src/wheel': PYTHONPATH=/home/machine/src/install/wheel/lib/python3.8/site-packages:${PYTHONPATH} /usr/bin/python3 setup.py egg_info --egg-base ../build/wheel build --build-base /home/machine/src/build/wheel/build install --prefix /home/machine/src/install/wheel --record /home/machine/src/build/wheel/install.log --single-version-externally-managed
[6.700s] Level 1:colcon.colcon_core.environment:checking '/home/machine/src/install/wheel' for CMake module files
[6.705s] DEBUG:colcon.colcon_core.event_handler.log_command:Invoked command in '/home/machine/src/wheel' returned '0': PYTHONPATH=/home/machine/src/install/wheel/lib/python3.8/site-packages:${PYTHONPATH} /usr/bin/python3 setup.py egg_info --egg-base ../build/wheel build --build-base /home/machine/src/build/wheel/build install --prefix /home/machine/src/install/wheel --record /home/machine/src/build/wheel/install.log --single-version-externally-managed
[6.736s] Level 1:colcon.colcon_core.environment:checking '/home/machine/src/install/wheel' for CMake config files
[6.781s] Level 1:colcon.colcon_core.environment:checking '/home/machine/src/install/wheel/lib'
[6.784s] Level 1:colcon.colcon_core.environment:checking '/home/machine/src/install/wheel/bin'
[6.786s] Level 1:colcon.colcon_core.environment:checking '/home/machine/src/install/wheel/lib/pkgconfig/wheel.pc'
[6.789s] Level 1:colcon.colcon_core.environment:checking '/home/machine/src/install/wheel/lib/python3.8/site-packages'
[6.790s] Level 1:colcon.colcon_core.shell:create_environment_hook('wheel', 'pythonpath')
[6.794s] INFO:colcon.colcon_core.shell:Creating environment hook '/home/machine/src/install/wheel/share/wheel/hook/pythonpath.ps1'
[6.804s] INFO:colcon.colcon_core.shell:Creating environment descriptor '/home/machine/src/install/wheel/share/wheel/hook/pythonpath.dsv'
[6.813s] INFO:colcon.colcon_core.shell:Creating environment hook '/home/machine/src/install/wheel/share/wheel/hook/pythonpath.sh'
[6.823s] Level 1:colcon.colcon_core.environment:create_environment_scripts_only(wheel)
[6.825s] INFO:colcon.colcon_core.shell:Creating package script '/home/machine/src/install/wheel/share/wheel/package.ps1'
[6.833s] INFO:colcon.colcon_core.shell:Creating package descriptor '/home/machine/src/install/wheel/share/wheel/package.dsv'
[6.839s] INFO:colcon.colcon_core.shell:Creating package script '/home/machine/src/install/wheel/share/wheel/package.sh'
[6.849s] INFO:colcon.colcon_core.shell:Creating package script '/home/machine/src/install/wheel/share/wheel/package.bash'
[6.856s] INFO:colcon.colcon_core.shell:Creating package script '/home/machine/src/install/wheel/share/wheel/package.zsh'
[6.866s] Level 1:colcon.colcon_core.environment:create_file_with_runtime_dependencies(/home/machine/src/install/wheel/share/colcon-core/packages/wheel)
[6.872s] DEBUG:colcon.colcon_parallel_executor.executor.parallel:closing loop
[6.874s] DEBUG:colcon.colcon_parallel_executor.executor.parallel:loop closed
[6.890s] DEBUG:colcon.colcon_parallel_executor.executor.parallel:run_until_complete finished with '0'
[6.893s] DEBUG:colcon.colcon_core.event_reactor:joining thread
[6.917s] INFO:colcon.colcon_core.plugin_system:Skipping extension 'colcon_notification.desktop_notification.notify_send': Could not find 'notify-send'
[6.919s] INFO:colcon.colcon_core.plugin_system:Skipping extension 'colcon_notification.desktop_notification.terminal_notifier': Not used on non-Darwin systems
[6.921s] INFO:colcon.colcon_core.plugin_system:Skipping extension 'colcon_notification.desktop_notification.win32': Not used on non-Windows systems
[6.922s] INFO:colcon.colcon_notification.desktop_notification:Sending desktop notification using 'notify2'
[6.924s] DEBUG:colcon.colcon_notification.desktop_notification.notify2:Failed to initialize notify2: org.freedesktop.DBus.Error.NotSupported: Unable to autolaunch a dbus-daemon without a $DISPLAY for X11
[6.925s] DEBUG:colcon.colcon_core.event_reactor:joined thread
[6.927s] INFO:colcon.colcon_core.shell:Creating prefix script '/home/machine/src/install/local_setup.ps1'
[6.939s] INFO:colcon.colcon_core.shell:Creating prefix util module '/home/machine/src/install/_local_setup_util_ps1.py'
[6.957s] INFO:colcon.colcon_core.shell:Creating prefix chain script '/home/machine/src/install/setup.ps1'
[6.976s] INFO:colcon.colcon_core.shell:Creating prefix script '/home/machine/src/install/local_setup.sh'
[6.988s] INFO:colcon.colcon_core.shell:Creating prefix util module '/home/machine/src/install/_local_setup_util_sh.py'
[6.994s] INFO:colcon.colcon_core.shell:Creating prefix chain script '/home/machine/src/install/setup.sh'
[7.013s] INFO:colcon.colcon_core.shell:Creating prefix script '/home/machine/src/install/local_setup.bash'
[7.019s] INFO:colcon.colcon_core.shell:Creating prefix chain script '/home/machine/src/install/setup.bash'
[7.036s] INFO:colcon.colcon_core.shell:Creating prefix script '/home/machine/src/install/local_setup.zsh'
[7.042s] INFO:colcon.colcon_core.shell:Creating prefix chain script '/home/machine/src/install/setup.zsh'
