[0.866s] Invoking command in '/home/machine/src/configure': PYTHONPATH=/home/machine/src/install/configure/lib/python3.8/site-packages: /usr/bin/python3 setup.py egg_info --egg-base ../build/configure build --build-base /home/machine/src/build/configure/build install --prefix /home/machine/src/install/configure --record /home/machine/src/build/configure/install.log --single-version-externally-managed
[1.409s] running egg_info
[1.417s] writing ../build/configure/configure.egg-info/PKG-INFO
[1.428s] writing dependency_links to ../build/configure/configure.egg-info/dependency_links.txt
[1.443s] writing entry points to ../build/configure/configure.egg-info/entry_points.txt
[1.451s] writing requirements to ../build/configure/configure.egg-info/requires.txt
[1.457s] writing top-level names to ../build/configure/configure.egg-info/top_level.txt
[1.564s] reading manifest file '../build/configure/configure.egg-info/SOURCES.txt'
[1.587s] writing manifest file '../build/configure/configure.egg-info/SOURCES.txt'
[1.602s] running build
[1.610s] running build_py
[1.616s] running install
[1.632s] running install_lib
[1.659s] running install_data
[1.666s] running install_egg_info
[1.722s] removing '/home/machine/src/install/configure/lib/python3.8/site-packages/configure-0.0.0-py3.8.egg-info' (and everything under it)
[1.810s] Copying ../build/configure/configure.egg-info to /home/machine/src/install/configure/lib/python3.8/site-packages/configure-0.0.0-py3.8.egg-info
[1.998s] running install_scripts
[2.039s] Installing configure_node script to /home/machine/src/install/configure/lib/configure
[2.055s] writing list of installed files to '/home/machine/src/build/configure/install.log'
[2.120s] Invoked command in '/home/machine/src/configure' returned '0': PYTHONPATH=/home/machine/src/install/configure/lib/python3.8/site-packages: /usr/bin/python3 setup.py egg_info --egg-base ../build/configure build --build-base /home/machine/src/build/configure/build install --prefix /home/machine/src/install/configure --record /home/machine/src/build/configure/install.log --single-version-externally-managed
