/home/parallels/.local/lib/python3.8/site-packages/setuptools/dist.py:772: UserWarning: Usage of dash-separated 'script-dir' will not be supported in future versions. Please use the underscore name 'script_dir' instead
  warnings.warn(
/home/parallels/.local/lib/python3.8/site-packages/setuptools/dist.py:772: UserWarning: Usage of dash-separated 'install-scripts' will not be supported in future versions. Please use the underscore name 'install_scripts' instead
  warnings.warn(
running egg_info
writing ../build/wheel/wheel.egg-info/PKG-INFO
writing dependency_links to ../build/wheel/wheel.egg-info/dependency_links.txt
writing entry points to ../build/wheel/wheel.egg-info/entry_points.txt
writing requirements to ../build/wheel/wheel.egg-info/requires.txt
writing top-level names to ../build/wheel/wheel.egg-info/top_level.txt
reading manifest file '../build/wheel/wheel.egg-info/SOURCES.txt'
writing manifest file '../build/wheel/wheel.egg-info/SOURCES.txt'
running build
running build_py
/home/parallels/.local/lib/python3.8/site-packages/setuptools/command/install.py:34: SetuptoolsDeprecationWarning: setup.py install is deprecated. Use build and pip and other standards-based tools.
  warnings.warn(
running install
running install_lib
running install_data
running install_egg_info
removing '/media/psf/Home/Desktop/machine/src/install/wheel/lib/python3.8/site-packages/wheel-0.0.0-py3.8.egg-info' (and everything under it)
Copying ../build/wheel/wheel.egg-info to /media/psf/Home/Desktop/machine/src/install/wheel/lib/python3.8/site-packages/wheel-0.0.0-py3.8.egg-info
running install_scripts
Installing wheel_node_go script to /media/psf/Home/Desktop/machine/src/install/wheel/lib/wheel
Installing wheel_node_stop script to /media/psf/Home/Desktop/machine/src/install/wheel/lib/wheel
writing list of installed files to '/media/psf/Home/Desktop/machine/src/build/wheel/install.log'
