[0.717s] Invoking command in '/media/psf/Home/Desktop/machine/src/weeding': PYTHONPATH=/media/psf/Home/Desktop/machine/src/install/weeding/lib/python3.8/site-packages:${PYTHONPATH} /usr/bin/python3 setup.py egg_info --egg-base ../build/weeding build --build-base /media/psf/Home/Desktop/machine/src/build/weeding/build install --prefix /media/psf/Home/Desktop/machine/src/install/weeding --record /media/psf/Home/Desktop/machine/src/build/weeding/install.log --single-version-externally-managed
[0.980s] running egg_info
[0.981s] writing ../build/weeding/weeding.egg-info/PKG-INFO
[0.984s] writing dependency_links to ../build/weeding/weeding.egg-info/dependency_links.txt
[0.986s] writing entry points to ../build/weeding/weeding.egg-info/entry_points.txt
[0.987s] writing requirements to ../build/weeding/weeding.egg-info/requires.txt
[0.988s] writing top-level names to ../build/weeding/weeding.egg-info/top_level.txt
[1.000s] reading manifest file '../build/weeding/weeding.egg-info/SOURCES.txt'
[1.003s] writing manifest file '../build/weeding/weeding.egg-info/SOURCES.txt'
[1.005s] running build
[1.006s] running build_py
[1.008s] running install
[1.009s] running install_lib
[1.013s] running install_data
[1.016s] running install_egg_info
[1.018s] removing '/media/psf/Home/Desktop/machine/src/install/weeding/lib/python3.8/site-packages/weeding-0.0.0-py3.8.egg-info' (and everything under it)
[1.032s] Copying ../build/weeding/weeding.egg-info to /media/psf/Home/Desktop/machine/src/install/weeding/lib/python3.8/site-packages/weeding-0.0.0-py3.8.egg-info
[1.049s] running install_scripts
[1.067s] Installing weeding_node script to /media/psf/Home/Desktop/machine/src/install/weeding/lib/weeding
[1.070s] writing list of installed files to '/media/psf/Home/Desktop/machine/src/build/weeding/install.log'
[1.089s] Invoked command in '/media/psf/Home/Desktop/machine/src/weeding' returned '0': PYTHONPATH=/media/psf/Home/Desktop/machine/src/install/weeding/lib/python3.8/site-packages:${PYTHONPATH} /usr/bin/python3 setup.py egg_info --egg-base ../build/weeding build --build-base /media/psf/Home/Desktop/machine/src/build/weeding/build install --prefix /media/psf/Home/Desktop/machine/src/install/weeding --record /media/psf/Home/Desktop/machine/src/build/weeding/install.log --single-version-externally-managed
