[0.685s] Invoking command in '/media/psf/Home/Desktop/machine/src/weeding': PYTHONPATH=/media/psf/Home/Desktop/machine/src/install/weeding/lib/python3.8/site-packages:${PYTHONPATH} /usr/bin/python3 setup.py egg_info --egg-base ../build/weeding build --build-base /media/psf/Home/Desktop/machine/src/build/weeding/build install --prefix /media/psf/Home/Desktop/machine/src/install/weeding --record /media/psf/Home/Desktop/machine/src/build/weeding/install.log --single-version-externally-managed
[0.943s] running egg_info
[0.944s] writing ../build/weeding/weeding.egg-info/PKG-INFO
[0.946s] writing dependency_links to ../build/weeding/weeding.egg-info/dependency_links.txt
[0.948s] writing entry points to ../build/weeding/weeding.egg-info/entry_points.txt
[0.949s] writing requirements to ../build/weeding/weeding.egg-info/requires.txt
[0.950s] writing top-level names to ../build/weeding/weeding.egg-info/top_level.txt
[0.960s] reading manifest file '../build/weeding/weeding.egg-info/SOURCES.txt'
[0.962s] writing manifest file '../build/weeding/weeding.egg-info/SOURCES.txt'
[0.964s] running build
[0.964s] running build_py
[0.965s] copying weeding/weeding.py -> /media/psf/Home/Desktop/machine/src/build/weeding/build/lib/weeding
[0.970s] running install
[0.970s] running install_lib
[0.974s] copying /media/psf/Home/Desktop/machine/src/build/weeding/build/lib/weeding/weeding.py -> /media/psf/Home/Desktop/machine/src/install/weeding/lib/python3.8/site-packages/weeding
[0.978s] byte-compiling /media/psf/Home/Desktop/machine/src/install/weeding/lib/python3.8/site-packages/weeding/weeding.py to weeding.cpython-38.pyc
[0.982s] running install_data
[0.983s] running install_egg_info
[0.985s] removing '/media/psf/Home/Desktop/machine/src/install/weeding/lib/python3.8/site-packages/weeding-0.0.0-py3.8.egg-info' (and everything under it)
[0.989s] Copying ../build/weeding/weeding.egg-info to /media/psf/Home/Desktop/machine/src/install/weeding/lib/python3.8/site-packages/weeding-0.0.0-py3.8.egg-info
[1.028s] running install_scripts
[1.046s] Installing weeding_node script to /media/psf/Home/Desktop/machine/src/install/weeding/lib/weeding
[1.049s] writing list of installed files to '/media/psf/Home/Desktop/machine/src/build/weeding/install.log'
[1.068s] Invoked command in '/media/psf/Home/Desktop/machine/src/weeding' returned '0': PYTHONPATH=/media/psf/Home/Desktop/machine/src/install/weeding/lib/python3.8/site-packages:${PYTHONPATH} /usr/bin/python3 setup.py egg_info --egg-base ../build/weeding build --build-base /media/psf/Home/Desktop/machine/src/build/weeding/build install --prefix /media/psf/Home/Desktop/machine/src/install/weeding --record /media/psf/Home/Desktop/machine/src/build/weeding/install.log --single-version-externally-managed
