[0.622s] Invoking command in '/media/psf/Home/Desktop/machine/src/wheel': PYTHONPATH=/media/psf/Home/Desktop/machine/src/install/wheel/lib/python3.8/site-packages:${PYTHONPATH} /usr/bin/python3 setup.py egg_info --egg-base ../build/wheel build --build-base /media/psf/Home/Desktop/machine/src/build/wheel/build install --prefix /media/psf/Home/Desktop/machine/src/install/wheel --record /media/psf/Home/Desktop/machine/src/build/wheel/install.log --single-version-externally-managed
[0.817s] running egg_info
[0.818s] writing ../build/wheel/wheel.egg-info/PKG-INFO
[0.820s] writing dependency_links to ../build/wheel/wheel.egg-info/dependency_links.txt
[0.821s] writing entry points to ../build/wheel/wheel.egg-info/entry_points.txt
[0.822s] writing requirements to ../build/wheel/wheel.egg-info/requires.txt
[0.823s] writing top-level names to ../build/wheel/wheel.egg-info/top_level.txt
[0.857s] reading manifest file '../build/wheel/wheel.egg-info/SOURCES.txt'
[0.859s] writing manifest file '../build/wheel/wheel.egg-info/SOURCES.txt'
[0.859s] running build
[0.860s] running build_py
[0.861s] running install
[0.862s] running install_lib
[0.887s] running install_data
[0.888s] running install_egg_info
[0.890s] removing '/media/psf/Home/Desktop/machine/src/install/wheel/lib/python3.8/site-packages/wheel-0.0.0-py3.8.egg-info' (and everything under it)
[0.893s] Copying ../build/wheel/wheel.egg-info to /media/psf/Home/Desktop/machine/src/install/wheel/lib/python3.8/site-packages/wheel-0.0.0-py3.8.egg-info
[0.912s] running install_scripts
[0.931s] Installing wheel_node_go script to /media/psf/Home/Desktop/machine/src/install/wheel/lib/wheel
[0.933s] Installing wheel_node_stop script to /media/psf/Home/Desktop/machine/src/install/wheel/lib/wheel
[0.936s] writing list of installed files to '/media/psf/Home/Desktop/machine/src/build/wheel/install.log'
[0.961s] Invoked command in '/media/psf/Home/Desktop/machine/src/wheel' returned '0': PYTHONPATH=/media/psf/Home/Desktop/machine/src/install/wheel/lib/python3.8/site-packages:${PYTHONPATH} /usr/bin/python3 setup.py egg_info --egg-base ../build/wheel build --build-base /media/psf/Home/Desktop/machine/src/build/wheel/build install --prefix /media/psf/Home/Desktop/machine/src/install/wheel --record /media/psf/Home/Desktop/machine/src/build/wheel/install.log --single-version-externally-managed
