[0.703s] Invoking command in '/media/psf/Home/Desktop/machine/src/weeding': PYTHONPATH=/media/psf/Home/Desktop/machine/src/install/weeding/lib/python3.8/site-packages:${PYTHONPATH} /usr/bin/python3 setup.py egg_info --egg-base ../build/weeding build --build-base /media/psf/Home/Desktop/machine/src/build/weeding/build install --prefix /media/psf/Home/Desktop/machine/src/install/weeding --record /media/psf/Home/Desktop/machine/src/build/weeding/install.log --single-version-externally-managed
[0.976s] running egg_info
[0.977s] writing ../build/weeding/weeding.egg-info/PKG-INFO
[0.978s] writing dependency_links to ../build/weeding/weeding.egg-info/dependency_links.txt
[0.980s] writing entry points to ../build/weeding/weeding.egg-info/entry_points.txt
[0.981s] writing requirements to ../build/weeding/weeding.egg-info/requires.txt
[0.982s] writing top-level names to ../build/weeding/weeding.egg-info/top_level.txt
[0.989s] reading manifest file '../build/weeding/weeding.egg-info/SOURCES.txt'
[0.993s] writing manifest file '../build/weeding/weeding.egg-info/SOURCES.txt'
[0.994s] running build
[0.995s] running build_py
[0.996s] copying weeding/weeding.py -> /media/psf/Home/Desktop/machine/src/build/weeding/build/lib/weeding
[1.000s] running install
[1.002s] running install_lib
[1.004s] copying /media/psf/Home/Desktop/machine/src/build/weeding/build/lib/weeding/weeding.py -> /media/psf/Home/Desktop/machine/src/install/weeding/lib/python3.8/site-packages/weeding
[1.007s] byte-compiling /media/psf/Home/Desktop/machine/src/install/weeding/lib/python3.8/site-packages/weeding/weeding.py to weeding.cpython-38.pyc
[1.009s] running install_data
[1.010s] running install_egg_info
[1.011s] removing '/media/psf/Home/Desktop/machine/src/install/weeding/lib/python3.8/site-packages/weeding-0.0.0-py3.8.egg-info' (and everything under it)
[1.014s] Copying ../build/weeding/weeding.egg-info to /media/psf/Home/Desktop/machine/src/install/weeding/lib/python3.8/site-packages/weeding-0.0.0-py3.8.egg-info
[1.028s] running install_scripts
[1.055s] Installing weeding_node script to /media/psf/Home/Desktop/machine/src/install/weeding/lib/weeding
[1.059s] writing list of installed files to '/media/psf/Home/Desktop/machine/src/build/weeding/install.log'
[1.079s] Invoked command in '/media/psf/Home/Desktop/machine/src/weeding' returned '0': PYTHONPATH=/media/psf/Home/Desktop/machine/src/install/weeding/lib/python3.8/site-packages:${PYTHONPATH} /usr/bin/python3 setup.py egg_info --egg-base ../build/weeding build --build-base /media/psf/Home/Desktop/machine/src/build/weeding/build install --prefix /media/psf/Home/Desktop/machine/src/install/weeding --record /media/psf/Home/Desktop/machine/src/build/weeding/install.log --single-version-externally-managed
