[0.882s] Invoking command in '/media/psf/Home/Desktop/machine/src/weeding': PYTHONPATH=/media/psf/Home/Desktop/machine/src/install/weeding/lib/python3.8/site-packages:${PYTHONPATH} /usr/bin/python3 setup.py egg_info --egg-base ../build/weeding build --build-base /media/psf/Home/Desktop/machine/src/build/weeding/build install --prefix /media/psf/Home/Desktop/machine/src/install/weeding --record /media/psf/Home/Desktop/machine/src/build/weeding/install.log --single-version-externally-managed
[1.144s] running egg_info
[1.145s] writing ../build/weeding/weeding.egg-info/PKG-INFO
[1.146s] writing dependency_links to ../build/weeding/weeding.egg-info/dependency_links.txt
[1.147s] writing entry points to ../build/weeding/weeding.egg-info/entry_points.txt
[1.148s] writing requirements to ../build/weeding/weeding.egg-info/requires.txt
[1.149s] writing top-level names to ../build/weeding/weeding.egg-info/top_level.txt
[1.160s] reading manifest file '../build/weeding/weeding.egg-info/SOURCES.txt'
[1.162s] writing manifest file '../build/weeding/weeding.egg-info/SOURCES.txt'
[1.163s] running build
[1.163s] running build_py
[1.164s] copying weeding/camera.py -> /media/psf/Home/Desktop/machine/src/build/weeding/build/lib/weeding
[1.167s] running install
[1.168s] running install_lib
[1.170s] copying /media/psf/Home/Desktop/machine/src/build/weeding/build/lib/weeding/camera.py -> /media/psf/Home/Desktop/machine/src/install/weeding/lib/python3.8/site-packages/weeding
[1.173s] byte-compiling /media/psf/Home/Desktop/machine/src/install/weeding/lib/python3.8/site-packages/weeding/camera.py to camera.cpython-38.pyc
[1.176s] running install_data
[1.177s] running install_egg_info
[1.178s] removing '/media/psf/Home/Desktop/machine/src/install/weeding/lib/python3.8/site-packages/weeding-0.0.0-py3.8.egg-info' (and everything under it)
[1.185s] Copying ../build/weeding/weeding.egg-info to /media/psf/Home/Desktop/machine/src/install/weeding/lib/python3.8/site-packages/weeding-0.0.0-py3.8.egg-info
[1.208s] running install_scripts
[1.230s] Installing camera_node script to /media/psf/Home/Desktop/machine/src/install/weeding/lib/weeding
[1.232s] Installing weeding_node script to /media/psf/Home/Desktop/machine/src/install/weeding/lib/weeding
[1.238s] writing list of installed files to '/media/psf/Home/Desktop/machine/src/build/weeding/install.log'
[1.260s] Invoked command in '/media/psf/Home/Desktop/machine/src/weeding' returned '0': PYTHONPATH=/media/psf/Home/Desktop/machine/src/install/weeding/lib/python3.8/site-packages:${PYTHONPATH} /usr/bin/python3 setup.py egg_info --egg-base ../build/weeding build --build-base /media/psf/Home/Desktop/machine/src/build/weeding/build install --prefix /media/psf/Home/Desktop/machine/src/install/weeding --record /media/psf/Home/Desktop/machine/src/build/weeding/install.log --single-version-externally-managed
