[2.337s] Invoking command in '/media/psf/Home/Desktop/machine/src/weeding': PYTHONPATH=/media/psf/Home/Desktop/machine/src/install/weeding/lib/python3.8/site-packages:${PYTHONPATH} /usr/bin/python3 setup.py egg_info --egg-base ../build/weeding build --build-base /media/psf/Home/Desktop/machine/src/build/weeding/build install --prefix /media/psf/Home/Desktop/machine/src/install/weeding --record /media/psf/Home/Desktop/machine/src/build/weeding/install.log --single-version-externally-managed
[3.523s] running egg_info
[3.603s] writing ../build/weeding/weeding.egg-info/PKG-INFO
[3.668s] writing dependency_links to ../build/weeding/weeding.egg-info/dependency_links.txt
[3.859s] writing entry points to ../build/weeding/weeding.egg-info/entry_points.txt
[3.983s] writing requirements to ../build/weeding/weeding.egg-info/requires.txt
[4.048s] writing top-level names to ../build/weeding/weeding.egg-info/top_level.txt
[4.165s] reading manifest file '../build/weeding/weeding.egg-info/SOURCES.txt'
[4.171s] writing manifest file '../build/weeding/weeding.egg-info/SOURCES.txt'
[4.174s] running build
[4.174s] running build_py
[4.176s] copying weeding/weeding.py -> /media/psf/Home/Desktop/machine/src/build/weeding/build/lib/weeding
[4.180s] running install
[4.181s] /home/parallels/.local/lib/python3.8/site-packages/setuptools/command/install.py:34: SetuptoolsDeprecationWarning: setup.py install is deprecated. Use build and pip and other standards-based tools.
[4.181s]   warnings.warn(
[4.187s] running install_lib
[4.286s] copying /media/psf/Home/Desktop/machine/src/build/weeding/build/lib/weeding/weeding.py -> /media/psf/Home/Desktop/machine/src/install/weeding/lib/python3.8/site-packages/weeding
[4.292s] byte-compiling /media/psf/Home/Desktop/machine/src/install/weeding/lib/python3.8/site-packages/weeding/weeding.py to weeding.cpython-38.pyc
[4.296s] running install_data
[4.317s] running install_egg_info
[4.395s] removing '/media/psf/Home/Desktop/machine/src/install/weeding/lib/python3.8/site-packages/weeding-0.0.0-py3.8.egg-info' (and everything under it)
[4.399s] Copying ../build/weeding/weeding.egg-info to /media/psf/Home/Desktop/machine/src/install/weeding/lib/python3.8/site-packages/weeding-0.0.0-py3.8.egg-info
[4.420s] running install_scripts
[4.569s] Installing weeding_node script to /media/psf/Home/Desktop/machine/src/install/weeding/lib/weeding
[4.572s] writing list of installed files to '/media/psf/Home/Desktop/machine/src/build/weeding/install.log'
[4.620s] Invoked command in '/media/psf/Home/Desktop/machine/src/weeding' returned '0': PYTHONPATH=/media/psf/Home/Desktop/machine/src/install/weeding/lib/python3.8/site-packages:${PYTHONPATH} /usr/bin/python3 setup.py egg_info --egg-base ../build/weeding build --build-base /media/psf/Home/Desktop/machine/src/build/weeding/build install --prefix /media/psf/Home/Desktop/machine/src/install/weeding --record /media/psf/Home/Desktop/machine/src/build/weeding/install.log --single-version-externally-managed
