[0.108s] DEBUG:colcon:Command line arguments: ['/usr/bin/colcon', 'build']
[0.108s] DEBUG:colcon:Parsed command line arguments: Namespace(allow_overriding=[], ament_cmake_args=None, base_paths=['.'], build_base='build', catkin_cmake_args=None, catkin_skip_building_tests=False, cmake_args=None, cmake_clean_cache=False, cmake_clean_first=False, cmake_force_configure=False, cmake_target=None, cmake_target_skip_unavailable=False, continue_on_error=False, event_handlers=None, executor='parallel', ignore_user_meta=False, install_base='install', log_base=None, log_level=None, main=<bound method BuildVerb.main of <colcon_core.verb.build.BuildVerb object at 0x7f5b81ef2b20>>, merge_install=False, metas=['./colcon.meta'], packages_above=None, packages_above_and_dependencies=None, packages_above_depth=None, packages_end=None, packages_ignore=None, packages_ignore_regex=None, packages_select=None, packages_select_build_failed=False, packages_select_by_dep=None, packages_select_regex=None, packages_select_test_failures=False, packages_skip=None, packages_skip_build_finished=False, packages_skip_by_dep=None, packages_skip_regex=None, packages_skip_test_passed=False, packages_skip_up_to=None, packages_start=None, packages_up_to=None, packages_up_to_regex=None, parallel_workers=2, paths=None, symlink_install=False, test_result_base=None, verb_extension=<colcon_core.verb.build.BuildVerb object at 0x7f5b81ef2b20>, verb_name='build', verb_parser=<colcon_defaults.argument_parser.defaults.DefaultArgumentsDecorator object at 0x7f5b81e7d0d0>)
[0.129s] Level 1:colcon.colcon_core.package_discovery:discover_packages(colcon_meta) check parameters
[0.129s] Level 1:colcon.colcon_core.package_discovery:discover_packages(recursive) check parameters
[0.129s] Level 1:colcon.colcon_core.package_discovery:discover_packages(ignore) check parameters
[0.129s] Level 1:colcon.colcon_core.package_discovery:discover_packages(path) check parameters
[0.130s] Level 1:colcon.colcon_core.package_discovery:discover_packages(colcon_meta) discover
[0.130s] Level 1:colcon.colcon_core.package_discovery:discover_packages(recursive) discover
[0.130s] INFO:colcon.colcon_core.package_discovery:Crawling recursively for packages in '/media/psf/Home/Desktop/machine/src'
[0.131s] Level 1:colcon.colcon_core.package_identification:_identify(.) by extensions ['ignore', 'ignore_ament_install']
[0.131s] Level 1:colcon.colcon_core.package_identification:_identify(.) by extension 'ignore'
[0.132s] Level 1:colcon.colcon_core.package_identification:_identify(.) by extension 'ignore_ament_install'
[0.132s] Level 1:colcon.colcon_core.package_identification:_identify(.) by extensions ['colcon_pkg']
[0.132s] Level 1:colcon.colcon_core.package_identification:_identify(.) by extension 'colcon_pkg'
[0.132s] Level 1:colcon.colcon_core.package_identification:_identify(.) by extensions ['colcon_meta']
[0.133s] Level 1:colcon.colcon_core.package_identification:_identify(.) by extension 'colcon_meta'
[0.133s] Level 1:colcon.colcon_core.package_identification:_identify(.) by extensions ['ros']
[0.133s] Level 1:colcon.colcon_core.package_identification:_identify(.) by extension 'ros'
[0.143s] Level 1:colcon.colcon_core.package_identification:_identify(.) by extensions ['cmake', 'python']
[0.143s] Level 1:colcon.colcon_core.package_identification:_identify(.) by extension 'cmake'
[0.144s] Level 1:colcon.colcon_core.package_identification:_identify(.) by extension 'python'
[0.144s] Level 1:colcon.colcon_core.package_identification:_identify(.) by extensions ['python_setup_py']
[0.145s] Level 1:colcon.colcon_core.package_identification:_identify(.) by extension 'python_setup_py'
[0.147s] Level 1:colcon.colcon_core.package_identification:_identify(build) by extensions ['ignore', 'ignore_ament_install']
[0.148s] Level 1:colcon.colcon_core.package_identification:_identify(build) by extension 'ignore'
[0.148s] Level 1:colcon.colcon_core.package_identification:_identify(build) ignored
[0.149s] Level 1:colcon.colcon_core.package_identification:_identify(install) by extensions ['ignore', 'ignore_ament_install']
[0.150s] Level 1:colcon.colcon_core.package_identification:_identify(install) by extension 'ignore'
[0.150s] Level 1:colcon.colcon_core.package_identification:_identify(install) ignored
[0.151s] Level 1:colcon.colcon_core.package_identification:_identify(itof) by extensions ['ignore', 'ignore_ament_install']
[0.151s] Level 1:colcon.colcon_core.package_identification:_identify(itof) by extension 'ignore'
[0.151s] Level 1:colcon.colcon_core.package_identification:_identify(itof) by extension 'ignore_ament_install'
[0.151s] Level 1:colcon.colcon_core.package_identification:_identify(itof) by extensions ['colcon_pkg']
[0.152s] Level 1:colcon.colcon_core.package_identification:_identify(itof) by extension 'colcon_pkg'
[0.152s] Level 1:colcon.colcon_core.package_identification:_identify(itof) by extensions ['colcon_meta']
[0.152s] Level 1:colcon.colcon_core.package_identification:_identify(itof) by extension 'colcon_meta'
[0.152s] Level 1:colcon.colcon_core.package_identification:_identify(itof) by extensions ['ros']
[0.152s] Level 1:colcon.colcon_core.package_identification:_identify(itof) by extension 'ros'
[0.157s] DEBUG:colcon.colcon_core.package_identification:Package 'itof' with type 'ros.ament_cmake' and name 'itof'
[0.158s] Level 1:colcon.colcon_core.package_identification:_identify(log) by extensions ['ignore', 'ignore_ament_install']
[0.158s] Level 1:colcon.colcon_core.package_identification:_identify(log) by extension 'ignore'
[0.158s] Level 1:colcon.colcon_core.package_identification:_identify(log) ignored
[0.159s] Level 1:colcon.colcon_core.package_identification:_identify(wheel) by extensions ['ignore', 'ignore_ament_install']
[0.159s] Level 1:colcon.colcon_core.package_identification:_identify(wheel) by extension 'ignore'
[0.160s] Level 1:colcon.colcon_core.package_identification:_identify(wheel) by extension 'ignore_ament_install'
[0.160s] Level 1:colcon.colcon_core.package_identification:_identify(wheel) by extensions ['colcon_pkg']
[0.160s] Level 1:colcon.colcon_core.package_identification:_identify(wheel) by extension 'colcon_pkg'
[0.160s] Level 1:colcon.colcon_core.package_identification:_identify(wheel) by extensions ['colcon_meta']
[0.160s] Level 1:colcon.colcon_core.package_identification:_identify(wheel) by extension 'colcon_meta'
[0.161s] Level 1:colcon.colcon_core.package_identification:_identify(wheel) by extensions ['ros']
[0.161s] Level 1:colcon.colcon_core.package_identification:_identify(wheel) by extension 'ros'
[0.162s] DEBUG:colcon.colcon_core.package_identification:Package 'wheel' with type 'ros.ament_python' and name 'wheel'
[0.162s] Level 1:colcon.colcon_core.package_discovery:discover_packages(recursive) using defaults
[0.162s] Level 1:colcon.colcon_core.package_discovery:discover_packages(ignore) discover
[0.162s] Level 1:colcon.colcon_core.package_discovery:discover_packages(ignore) using defaults
[0.163s] Level 1:colcon.colcon_core.package_discovery:discover_packages(path) discover
[0.163s] Level 1:colcon.colcon_core.package_discovery:discover_packages(path) using defaults
[0.179s] Level 1:colcon.colcon_core.package_discovery:discover_packages(prefix_path) check parameters
[0.179s] Level 1:colcon.colcon_core.package_discovery:discover_packages(prefix_path) discover
[0.187s] DEBUG:colcon.colcon_installed_package_information.package_discovery:Found 2 installed packages in /home/parallels/Desktop/Parallels Shared Folders/Home/Desktop/machine/src/install
[0.189s] DEBUG:colcon.colcon_installed_package_information.package_discovery:Found 256 installed packages in /opt/ros/foxy
[0.190s] Level 1:colcon.colcon_core.package_discovery:discover_packages(prefix_path) using defaults
[0.258s] Level 5:colcon.colcon_core.verb:set package 'itof' build argument 'cmake_args' from command line to 'None'
[0.259s] Level 5:colcon.colcon_core.verb:set package 'itof' build argument 'cmake_target' from command line to 'None'
[0.259s] Level 5:colcon.colcon_core.verb:set package 'itof' build argument 'cmake_target_skip_unavailable' from command line to 'False'
[0.259s] Level 5:colcon.colcon_core.verb:set package 'itof' build argument 'cmake_clean_cache' from command line to 'False'
[0.259s] Level 5:colcon.colcon_core.verb:set package 'itof' build argument 'cmake_clean_first' from command line to 'False'
[0.259s] Level 5:colcon.colcon_core.verb:set package 'itof' build argument 'cmake_force_configure' from command line to 'False'
[0.259s] Level 5:colcon.colcon_core.verb:set package 'itof' build argument 'ament_cmake_args' from command line to 'None'
[0.260s] Level 5:colcon.colcon_core.verb:set package 'itof' build argument 'catkin_cmake_args' from command line to 'None'
[0.260s] Level 5:colcon.colcon_core.verb:set package 'itof' build argument 'catkin_skip_building_tests' from command line to 'False'
[0.260s] DEBUG:colcon.colcon_core.verb:Building package 'itof' with the following arguments: {'ament_cmake_args': None, 'build_base': '/media/psf/Home/Desktop/machine/src/build/itof', 'catkin_cmake_args': None, 'catkin_skip_building_tests': False, 'cmake_args': None, 'cmake_clean_cache': False, 'cmake_clean_first': False, 'cmake_force_configure': False, 'cmake_target': None, 'cmake_target_skip_unavailable': False, 'install_base': '/media/psf/Home/Desktop/machine/src/install/itof', 'merge_install': False, 'path': '/media/psf/Home/Desktop/machine/src/itof', 'symlink_install': False, 'test_result_base': None}
[0.260s] Level 5:colcon.colcon_core.verb:set package 'wheel' build argument 'cmake_args' from command line to 'None'
[0.261s] Level 5:colcon.colcon_core.verb:set package 'wheel' build argument 'cmake_target' from command line to 'None'
[0.261s] Level 5:colcon.colcon_core.verb:set package 'wheel' build argument 'cmake_target_skip_unavailable' from command line to 'False'
[0.261s] Level 5:colcon.colcon_core.verb:set package 'wheel' build argument 'cmake_clean_cache' from command line to 'False'
[0.261s] Level 5:colcon.colcon_core.verb:set package 'wheel' build argument 'cmake_clean_first' from command line to 'False'
[0.261s] Level 5:colcon.colcon_core.verb:set package 'wheel' build argument 'cmake_force_configure' from command line to 'False'
[0.261s] Level 5:colcon.colcon_core.verb:set package 'wheel' build argument 'ament_cmake_args' from command line to 'None'
[0.261s] Level 5:colcon.colcon_core.verb:set package 'wheel' build argument 'catkin_cmake_args' from command line to 'None'
[0.262s] Level 5:colcon.colcon_core.verb:set package 'wheel' build argument 'catkin_skip_building_tests' from command line to 'False'
[0.262s] DEBUG:colcon.colcon_core.verb:Building package 'wheel' with the following arguments: {'ament_cmake_args': None, 'build_base': '/media/psf/Home/Desktop/machine/src/build/wheel', 'catkin_cmake_args': None, 'catkin_skip_building_tests': False, 'cmake_args': None, 'cmake_clean_cache': False, 'cmake_clean_first': False, 'cmake_force_configure': False, 'cmake_target': None, 'cmake_target_skip_unavailable': False, 'install_base': '/media/psf/Home/Desktop/machine/src/install/wheel', 'merge_install': False, 'path': '/media/psf/Home/Desktop/machine/src/wheel', 'symlink_install': False, 'test_result_base': None}
[0.262s] INFO:colcon.colcon_core.executor:Executing jobs using 'parallel' executor
[0.264s] DEBUG:colcon.colcon_parallel_executor.executor.parallel:run_until_complete
[0.264s] INFO:colcon.colcon_ros.task.ament_cmake.build:Building ROS package in '/media/psf/Home/Desktop/machine/src/itof' with build type 'ament_cmake'
[0.264s] INFO:colcon.colcon_cmake.task.cmake.build:Building CMake package in '/media/psf/Home/Desktop/machine/src/itof'
[0.268s] INFO:colcon.colcon_core.plugin_system:Skipping extension 'colcon_core.shell.bat': Not used on non-Windows systems
[0.268s] INFO:colcon.colcon_core.shell:Skip shell extension 'powershell' for command environment: Not usable outside of PowerShell
[0.268s] DEBUG:colcon.colcon_core.shell:Skip shell extension 'dsv' for command environment
[0.278s] INFO:colcon.colcon_ros.task.ament_python.build:Building ROS package in '/media/psf/Home/Desktop/machine/src/wheel' with build type 'ament_python'
[0.278s] Level 1:colcon.colcon_core.shell:create_environment_hook('wheel', 'ament_prefix_path')
[0.279s] INFO:colcon.colcon_core.shell:Creating environment hook '/media/psf/Home/Desktop/machine/src/install/wheel/share/wheel/hook/ament_prefix_path.ps1'
[0.281s] INFO:colcon.colcon_core.shell:Creating environment descriptor '/media/psf/Home/Desktop/machine/src/install/wheel/share/wheel/hook/ament_prefix_path.dsv'
[0.282s] INFO:colcon.colcon_core.shell:Creating environment hook '/media/psf/Home/Desktop/machine/src/install/wheel/share/wheel/hook/ament_prefix_path.sh'
[0.284s] INFO:colcon.colcon_core.shell:Skip shell extension 'powershell' for command environment: Not usable outside of PowerShell
[0.284s] DEBUG:colcon.colcon_core.shell:Skip shell extension 'dsv' for command environment
[0.315s] DEBUG:colcon.colcon_core.event_handler.log_command:Invoking command in '/media/psf/Home/Desktop/machine/src/build/itof': CMAKE_PREFIX_PATH=${CMAKE_PREFIX_PATH}:/home/parallels/Desktop/Parallels Shared Folders/Home/Desktop/machine/src/install/wheel:/opt/ros/foxy /usr/bin/cmake --build /media/psf/Home/Desktop/machine/src/build/itof -- -j2 -l2
[0.534s] INFO:colcon.colcon_core.task.python.build:Building Python package in '/media/psf/Home/Desktop/machine/src/wheel'
[0.535s] INFO:colcon.colcon_core.shell:Skip shell extension 'powershell' for command environment: Not usable outside of PowerShell
[0.535s] DEBUG:colcon.colcon_core.shell:Skip shell extension 'dsv' for command environment
[1.024s] DEBUG:colcon.colcon_core.event_handler.log_command:Invoking command in '/media/psf/Home/Desktop/machine/src/wheel': PYTHONPATH=/media/psf/Home/Desktop/machine/src/install/wheel/lib/python3.8/site-packages:${PYTHONPATH} /usr/bin/python3 setup.py egg_info --egg-base ../build/wheel build --build-base /media/psf/Home/Desktop/machine/src/build/wheel/build install --prefix /media/psf/Home/Desktop/machine/src/install/wheel --record /media/psf/Home/Desktop/machine/src/build/wheel/install.log --single-version-externally-managed
[1.480s] DEBUG:colcon.colcon_core.event_handler.log_command:Invoked command in '/media/psf/Home/Desktop/machine/src/wheel' returned '0': PYTHONPATH=/media/psf/Home/Desktop/machine/src/install/wheel/lib/python3.8/site-packages:${PYTHONPATH} /usr/bin/python3 setup.py egg_info --egg-base ../build/wheel build --build-base /media/psf/Home/Desktop/machine/src/build/wheel/build install --prefix /media/psf/Home/Desktop/machine/src/install/wheel --record /media/psf/Home/Desktop/machine/src/build/wheel/install.log --single-version-externally-managed
[1.487s] Level 1:colcon.colcon_core.environment:checking '/media/psf/Home/Desktop/machine/src/install/wheel' for CMake module files
[1.516s] Level 1:colcon.colcon_core.environment:checking '/media/psf/Home/Desktop/machine/src/install/wheel' for CMake config files
[1.529s] Level 1:colcon.colcon_core.environment:checking '/media/psf/Home/Desktop/machine/src/install/wheel/lib'
[1.530s] Level 1:colcon.colcon_core.environment:checking '/media/psf/Home/Desktop/machine/src/install/wheel/bin'
[1.531s] Level 1:colcon.colcon_core.environment:checking '/media/psf/Home/Desktop/machine/src/install/wheel/lib/pkgconfig/wheel.pc'
[1.532s] Level 1:colcon.colcon_core.environment:checking '/media/psf/Home/Desktop/machine/src/install/wheel/lib/python3.8/site-packages'
[1.532s] Level 1:colcon.colcon_core.shell:create_environment_hook('wheel', 'pythonpath')
[1.533s] INFO:colcon.colcon_core.shell:Creating environment hook '/media/psf/Home/Desktop/machine/src/install/wheel/share/wheel/hook/pythonpath.ps1'
[1.535s] INFO:colcon.colcon_core.shell:Creating environment descriptor '/media/psf/Home/Desktop/machine/src/install/wheel/share/wheel/hook/pythonpath.dsv'
[1.537s] INFO:colcon.colcon_core.shell:Creating environment hook '/media/psf/Home/Desktop/machine/src/install/wheel/share/wheel/hook/pythonpath.sh'
[1.539s] Level 1:colcon.colcon_core.environment:checking '/media/psf/Home/Desktop/machine/src/install/wheel/bin'
[1.540s] Level 1:colcon.colcon_core.environment:create_environment_scripts_only(wheel)
[1.541s] INFO:colcon.colcon_core.shell:Creating package script '/media/psf/Home/Desktop/machine/src/install/wheel/share/wheel/package.ps1'
[1.544s] INFO:colcon.colcon_core.shell:Creating package descriptor '/media/psf/Home/Desktop/machine/src/install/wheel/share/wheel/package.dsv'
[1.546s] INFO:colcon.colcon_core.shell:Creating package script '/media/psf/Home/Desktop/machine/src/install/wheel/share/wheel/package.sh'
[1.549s] INFO:colcon.colcon_core.shell:Creating package script '/media/psf/Home/Desktop/machine/src/install/wheel/share/wheel/package.bash'
[1.551s] INFO:colcon.colcon_core.shell:Creating package script '/media/psf/Home/Desktop/machine/src/install/wheel/share/wheel/package.zsh'
[1.554s] Level 1:colcon.colcon_core.environment:create_file_with_runtime_dependencies(/media/psf/Home/Desktop/machine/src/install/wheel/share/colcon-core/packages/wheel)
[3.446s] DEBUG:colcon.colcon_core.event_handler.log_command:Invoked command in '/media/psf/Home/Desktop/machine/src/build/itof' returned '0': CMAKE_PREFIX_PATH=${CMAKE_PREFIX_PATH}:/home/parallels/Desktop/Parallels Shared Folders/Home/Desktop/machine/src/install/wheel:/opt/ros/foxy /usr/bin/cmake --build /media/psf/Home/Desktop/machine/src/build/itof -- -j2 -l2
[3.494s] DEBUG:colcon.colcon_core.event_handler.log_command:Invoking command in '/media/psf/Home/Desktop/machine/src/build/itof': CMAKE_PREFIX_PATH=${CMAKE_PREFIX_PATH}:/home/parallels/Desktop/Parallels Shared Folders/Home/Desktop/machine/src/install/wheel:/opt/ros/foxy /usr/bin/cmake --install /media/psf/Home/Desktop/machine/src/build/itof
[3.612s] Level 1:colcon.colcon_core.environment:create_environment_scripts_only(itof)
[3.614s] Level 1:colcon.colcon_core.environment:checking '/media/psf/Home/Desktop/machine/src/install/itof' for CMake module files
[3.614s] DEBUG:colcon.colcon_core.event_handler.log_command:Invoked command in '/media/psf/Home/Desktop/machine/src/build/itof' returned '0': CMAKE_PREFIX_PATH=${CMAKE_PREFIX_PATH}:/home/parallels/Desktop/Parallels Shared Folders/Home/Desktop/machine/src/install/wheel:/opt/ros/foxy /usr/bin/cmake --install /media/psf/Home/Desktop/machine/src/build/itof
[3.619s] Level 1:colcon.colcon_core.environment:checking '/media/psf/Home/Desktop/machine/src/install/itof' for CMake config files
[3.622s] Level 1:colcon.colcon_core.shell:create_environment_hook('itof', 'cmake_prefix_path')
[3.622s] INFO:colcon.colcon_core.shell:Creating environment hook '/media/psf/Home/Desktop/machine/src/install/itof/share/itof/hook/cmake_prefix_path.ps1'
[3.624s] INFO:colcon.colcon_core.shell:Creating environment descriptor '/media/psf/Home/Desktop/machine/src/install/itof/share/itof/hook/cmake_prefix_path.dsv'
[3.626s] INFO:colcon.colcon_core.shell:Creating environment hook '/media/psf/Home/Desktop/machine/src/install/itof/share/itof/hook/cmake_prefix_path.sh'
[3.629s] Level 1:colcon.colcon_core.environment:checking '/media/psf/Home/Desktop/machine/src/install/itof/lib'
[3.629s] Level 1:colcon.colcon_core.environment:checking '/media/psf/Home/Desktop/machine/src/install/itof/bin'
[3.629s] Level 1:colcon.colcon_core.environment:checking '/media/psf/Home/Desktop/machine/src/install/itof/lib/pkgconfig/itof.pc'
[3.630s] Level 1:colcon.colcon_core.environment:checking '/media/psf/Home/Desktop/machine/src/install/itof/lib/python3.8/site-packages'
[3.630s] Level 1:colcon.colcon_core.environment:checking '/media/psf/Home/Desktop/machine/src/install/itof/bin'
[3.631s] INFO:colcon.colcon_core.shell:Creating package script '/media/psf/Home/Desktop/machine/src/install/itof/share/itof/package.ps1'
[3.632s] INFO:colcon.colcon_core.shell:Creating package descriptor '/media/psf/Home/Desktop/machine/src/install/itof/share/itof/package.dsv'
[3.633s] INFO:colcon.colcon_core.shell:Creating package script '/media/psf/Home/Desktop/machine/src/install/itof/share/itof/package.sh'
[3.634s] INFO:colcon.colcon_core.shell:Creating package script '/media/psf/Home/Desktop/machine/src/install/itof/share/itof/package.bash'
[3.635s] INFO:colcon.colcon_core.shell:Creating package script '/media/psf/Home/Desktop/machine/src/install/itof/share/itof/package.zsh'
[3.636s] Level 1:colcon.colcon_core.environment:create_file_with_runtime_dependencies(/media/psf/Home/Desktop/machine/src/install/itof/share/colcon-core/packages/itof)
[3.673s] Level 1:colcon.colcon_core.environment:create_environment_scripts_only(itof)
[3.674s] Level 1:colcon.colcon_core.environment:checking '/media/psf/Home/Desktop/machine/src/install/itof' for CMake module files
[3.679s] Level 1:colcon.colcon_core.environment:checking '/media/psf/Home/Desktop/machine/src/install/itof' for CMake config files
[3.683s] Level 1:colcon.colcon_core.shell:create_environment_hook('itof', 'cmake_prefix_path')
[3.684s] INFO:colcon.colcon_core.shell:Creating environment hook '/media/psf/Home/Desktop/machine/src/install/itof/share/itof/hook/cmake_prefix_path.ps1'
[3.685s] INFO:colcon.colcon_core.shell:Creating environment descriptor '/media/psf/Home/Desktop/machine/src/install/itof/share/itof/hook/cmake_prefix_path.dsv'
[3.686s] INFO:colcon.colcon_core.shell:Creating environment hook '/media/psf/Home/Desktop/machine/src/install/itof/share/itof/hook/cmake_prefix_path.sh'
[3.687s] Level 1:colcon.colcon_core.environment:checking '/media/psf/Home/Desktop/machine/src/install/itof/lib'
[3.688s] Level 1:colcon.colcon_core.environment:checking '/media/psf/Home/Desktop/machine/src/install/itof/bin'
[3.688s] Level 1:colcon.colcon_core.environment:checking '/media/psf/Home/Desktop/machine/src/install/itof/lib/pkgconfig/itof.pc'
[3.689s] Level 1:colcon.colcon_core.environment:checking '/media/psf/Home/Desktop/machine/src/install/itof/lib/python3.8/site-packages'
[3.689s] Level 1:colcon.colcon_core.environment:checking '/media/psf/Home/Desktop/machine/src/install/itof/bin'
[3.690s] INFO:colcon.colcon_core.shell:Creating package script '/media/psf/Home/Desktop/machine/src/install/itof/share/itof/package.ps1'
[3.691s] INFO:colcon.colcon_core.shell:Creating package descriptor '/media/psf/Home/Desktop/machine/src/install/itof/share/itof/package.dsv'
[3.693s] INFO:colcon.colcon_core.shell:Creating package script '/media/psf/Home/Desktop/machine/src/install/itof/share/itof/package.sh'
[3.695s] INFO:colcon.colcon_core.shell:Creating package script '/media/psf/Home/Desktop/machine/src/install/itof/share/itof/package.bash'
[3.696s] INFO:colcon.colcon_core.shell:Creating package script '/media/psf/Home/Desktop/machine/src/install/itof/share/itof/package.zsh'
[3.698s] Level 1:colcon.colcon_core.environment:create_file_with_runtime_dependencies(/media/psf/Home/Desktop/machine/src/install/itof/share/colcon-core/packages/itof)
[3.700s] DEBUG:colcon.colcon_parallel_executor.executor.parallel:closing loop
[3.700s] DEBUG:colcon.colcon_parallel_executor.executor.parallel:loop closed
[3.700s] DEBUG:colcon.colcon_parallel_executor.executor.parallel:run_until_complete finished with '0'
[3.700s] DEBUG:colcon.colcon_core.event_reactor:joining thread
[3.711s] INFO:colcon.colcon_core.plugin_system:Skipping extension 'colcon_notification.desktop_notification.terminal_notifier': Not used on non-Darwin systems
[3.711s] INFO:colcon.colcon_core.plugin_system:Skipping extension 'colcon_notification.desktop_notification.win32': Not used on non-Windows systems
[3.711s] INFO:colcon.colcon_notification.desktop_notification:Sending desktop notification using 'notify2'
[3.732s] DEBUG:colcon.colcon_core.event_reactor:joined thread
[3.733s] INFO:colcon.colcon_core.shell:Creating prefix script '/media/psf/Home/Desktop/machine/src/install/local_setup.ps1'
[3.737s] INFO:colcon.colcon_core.shell:Creating prefix util module '/media/psf/Home/Desktop/machine/src/install/_local_setup_util_ps1.py'
[3.740s] INFO:colcon.colcon_core.shell:Creating prefix chain script '/media/psf/Home/Desktop/machine/src/install/setup.ps1'
[3.746s] INFO:colcon.colcon_core.shell:Creating prefix script '/media/psf/Home/Desktop/machine/src/install/local_setup.sh'
[3.748s] INFO:colcon.colcon_core.shell:Creating prefix util module '/media/psf/Home/Desktop/machine/src/install/_local_setup_util_sh.py'
[3.751s] INFO:colcon.colcon_core.shell:Creating prefix chain script '/media/psf/Home/Desktop/machine/src/install/setup.sh'
[3.756s] INFO:colcon.colcon_core.shell:Creating prefix script '/media/psf/Home/Desktop/machine/src/install/local_setup.bash'
[3.758s] INFO:colcon.colcon_core.shell:Creating prefix chain script '/media/psf/Home/Desktop/machine/src/install/setup.bash'
[3.764s] INFO:colcon.colcon_core.shell:Creating prefix script '/media/psf/Home/Desktop/machine/src/install/local_setup.zsh'
[3.765s] INFO:colcon.colcon_core.shell:Creating prefix chain script '/media/psf/Home/Desktop/machine/src/install/setup.zsh'
