[1.053s] Invoking command in '/home/machine/src/configure': PYTHONPATH=/home/machine/src/install/configure/lib/python3.8/site-packages:${PYTHONPATH} /usr/bin/python3 setup.py egg_info --egg-base ../build/configure build --build-base /home/machine/src/build/configure/build install --prefix /home/machine/src/install/configure --record /home/machine/src/build/configure/install.log --single-version-externally-managed
[1.656s] running egg_info
[1.664s] writing ../build/configure/configure.egg-info/PKG-INFO
[1.673s] writing dependency_links to ../build/configure/configure.egg-info/dependency_links.txt
[1.683s] writing entry points to ../build/configure/configure.egg-info/entry_points.txt
[1.693s] writing requirements to ../build/configure/configure.egg-info/requires.txt
[1.699s] writing top-level names to ../build/configure/configure.egg-info/top_level.txt
[1.848s] reading manifest file '../build/configure/configure.egg-info/SOURCES.txt'
[1.865s] writing manifest file '../build/configure/configure.egg-info/SOURCES.txt'
[1.873s] running build
[1.888s] running build_py
[1.897s] running install
[1.916s] running install_lib
[1.933s] running install_data
[1.949s] running install_egg_info
[1.966s] removing '/home/machine/src/install/configure/lib/python3.8/site-packages/configure-0.0.0-py3.8.egg-info' (and everything under it)
[1.990s] Copying ../build/configure/configure.egg-info to /home/machine/src/install/configure/lib/python3.8/site-packages/configure-0.0.0-py3.8.egg-info
[2.159s] running install_scripts
[2.223s] Installing configure_node script to /home/machine/src/install/configure/lib/configure
[2.229s] writing list of installed files to '/home/machine/src/build/configure/install.log'
[2.620s] Invoked command in '/home/machine/src/configure' returned '0': PYTHONPATH=/home/machine/src/install/configure/lib/python3.8/site-packages:${PYTHONPATH} /usr/bin/python3 setup.py egg_info --egg-base ../build/configure build --build-base /home/machine/src/build/configure/build install --prefix /home/machine/src/install/configure --record /home/machine/src/build/configure/install.log --single-version-externally-managed
