[1.060s] Invoking command in '/media/psf/Home/Desktop/machine/src/motor': PYTHONPATH=/media/psf/Home/Desktop/machine/src/install/motor/lib/python3.8/site-packages:${PYTHONPATH} /usr/bin/python3 setup.py egg_info --egg-base ../build/motor build --build-base /media/psf/Home/Desktop/machine/src/build/motor/build install --prefix /media/psf/Home/Desktop/machine/src/install/motor --record /media/psf/Home/Desktop/machine/src/build/motor/install.log --single-version-externally-managed
[1.370s] running egg_info
[1.371s] writing ../build/motor/motor.egg-info/PKG-INFO
[1.378s] writing dependency_links to ../build/motor/motor.egg-info/dependency_links.txt
[1.380s] writing entry points to ../build/motor/motor.egg-info/entry_points.txt
[1.383s] writing requirements to ../build/motor/motor.egg-info/requires.txt
[1.384s] writing top-level names to ../build/motor/motor.egg-info/top_level.txt
[1.397s] reading manifest file '../build/motor/motor.egg-info/SOURCES.txt'
[1.401s] writing manifest file '../build/motor/motor.egg-info/SOURCES.txt'
[1.402s] running build
[1.403s] running build_py
[1.406s] running install
[1.407s] running install_lib
[1.412s] running install_data
[1.415s] running install_egg_info
[1.417s] removing '/media/psf/Home/Desktop/machine/src/install/motor/lib/python3.8/site-packages/motor-0.0.0-py3.8.egg-info' (and everything under it)
[1.426s] Copying ../build/motor/motor.egg-info to /media/psf/Home/Desktop/machine/src/install/motor/lib/python3.8/site-packages/motor-0.0.0-py3.8.egg-info
[1.457s] running install_scripts
[1.481s] Installing motor_node script to /media/psf/Home/Desktop/machine/src/install/motor/lib/motor
[1.485s] writing list of installed files to '/media/psf/Home/Desktop/machine/src/build/motor/install.log'
[1.514s] Invoked command in '/media/psf/Home/Desktop/machine/src/motor' returned '0': PYTHONPATH=/media/psf/Home/Desktop/machine/src/install/motor/lib/python3.8/site-packages:${PYTHONPATH} /usr/bin/python3 setup.py egg_info --egg-base ../build/motor build --build-base /media/psf/Home/Desktop/machine/src/build/motor/build install --prefix /media/psf/Home/Desktop/machine/src/install/motor --record /media/psf/Home/Desktop/machine/src/build/motor/install.log --single-version-externally-managed
