[0.059s] Invoking command in '/media/psf/Home/Desktop/machine/src/build/itof': CMAKE_PREFIX_PATH=${CMAKE_PREFIX_PATH}:/home/parallels/Desktop/Parallels Shared Folders/Home/Desktop/machine/src/install/wheel:/opt/ros/foxy /usr/bin/cmake --build /media/psf/Home/Desktop/machine/src/build/itof -- -j2 -l2
[0.101s] -- Found ament_cmake: 0.9.9 (/opt/ros/foxy/share/ament_cmake/cmake)
[0.137s] -- Using PYTHON_EXECUTABLE: /usr/bin/python3
[0.339s] -- Found rclcpp: 2.4.1 (/opt/ros/foxy/share/rclcpp/cmake)
[0.380s] -- Using all available rosidl_typesupport_c: rosidl_typesupport_fastrtps_c;rosidl_typesupport_introspection_c
[0.385s] -- Found rosidl_adapter: 1.2.1 (/opt/ros/foxy/share/rosidl_adapter/cmake)
[0.593s] -- Using all available rosidl_typesupport_cpp: rosidl_typesupport_fastrtps_cpp;rosidl_typesupport_introspection_cpp
[0.647s] -- Found rmw_implementation_cmake: 1.0.3 (/opt/ros/foxy/share/rmw_implementation_cmake/cmake)
[0.650s] -- Using RMW implementation 'rmw_fastrtps_cpp' as default
[0.805s] -- Found ament_lint_auto: 0.9.6 (/opt/ros/foxy/share/ament_lint_auto/cmake)
[0.896s] -- Added test 'copyright' to check source files copyright and LICENSE
[0.935s] -- Added test 'cppcheck' to perform static code analysis on C / C++ code
[0.936s] -- Configured cppcheck include dirs: 
[0.936s] -- Configured cppcheck exclude dirs and/or files: 
[0.970s] -- Added test 'cpplint' to check C / C++ code against the Google style
[0.971s] -- Configured cpplint exclude dirs and/or files: 
[0.989s] -- Added test 'lint_cmake' to check CMake code style
[1.037s] -- Added test 'uncrustify' to check C / C++ code style
[1.037s] -- Configured uncrustify additional arguments: 
[1.040s] -- Added test 'xmllint' to check XML markup files
[1.048s] CMake Error at CMakeLists.txt:56 (install):
[1.049s]   install DIRECTORY given no DESTINATION!
[1.051s] 
[1.052s] 
[1.052s] -- Configuring incomplete, errors occurred!
[1.052s] See also "/media/psf/Home/Desktop/machine/src/build/itof/CMakeFiles/CMakeOutput.log".
[1.053s] See also "/media/psf/Home/Desktop/machine/src/build/itof/CMakeFiles/CMakeError.log".
[1.065s] make: *** [Makefile:266: cmake_check_build_system] Error 1
[1.066s] Invoked command in '/media/psf/Home/Desktop/machine/src/build/itof' returned '2': CMAKE_PREFIX_PATH=${CMAKE_PREFIX_PATH}:/home/parallels/Desktop/Parallels Shared Folders/Home/Desktop/machine/src/install/wheel:/opt/ros/foxy /usr/bin/cmake --build /media/psf/Home/Desktop/machine/src/build/itof -- -j2 -l2
