/home/parallels/.local/lib/python3.8/site-packages/setuptools/dist.py:772: UserWarning: Usage of dash-separated 'script-dir' will not be supported in future versions. Please use the underscore name 'script_dir' instead
  warnings.warn(
/home/parallels/.local/lib/python3.8/site-packages/setuptools/dist.py:772: UserWarning: Usage of dash-separated 'install-scripts' will not be supported in future versions. Please use the underscore name 'install_scripts' instead
  warnings.warn(
running egg_info
writing ../build/configure/configure.egg-info/PKG-INFO
writing dependency_links to ../build/configure/configure.egg-info/dependency_links.txt
writing entry points to ../build/configure/configure.egg-info/entry_points.txt
writing requirements to ../build/configure/configure.egg-info/requires.txt
writing top-level names to ../build/configure/configure.egg-info/top_level.txt
reading manifest file '../build/configure/configure.egg-info/SOURCES.txt'
writing manifest file '../build/configure/configure.egg-info/SOURCES.txt'
running build
running build_py
copying configure/configure.py -> /media/psf/Home/Desktop/machine/src/build/configure/build/lib/configure
running install
/home/parallels/.local/lib/python3.8/site-packages/setuptools/command/install.py:34: SetuptoolsDeprecationWarning: setup.py install is deprecated. Use build and pip and other standards-based tools.
  warnings.warn(
running install_lib
copying /media/psf/Home/Desktop/machine/src/build/configure/build/lib/configure/configure.py -> /media/psf/Home/Desktop/machine/src/install/configure/lib/python3.8/site-packages/configure
byte-compiling /media/psf/Home/Desktop/machine/src/install/configure/lib/python3.8/site-packages/configure/configure.py to configure.cpython-38.pyc
running install_data
running install_egg_info
removing '/media/psf/Home/Desktop/machine/src/install/configure/lib/python3.8/site-packages/configure-0.0.0-py3.8.egg-info' (and everything under it)
Copying ../build/configure/configure.egg-info to /media/psf/Home/Desktop/machine/src/install/configure/lib/python3.8/site-packages/configure-0.0.0-py3.8.egg-info
running install_scripts
Installing configure script to /media/psf/Home/Desktop/machine/src/install/configure/lib/configure
writing list of installed files to '/media/psf/Home/Desktop/machine/src/build/configure/install.log'
