[1.066s] Invoking command in '/media/psf/Home/Desktop/machine/src/weeding': PYTHONPATH=/media/psf/Home/Desktop/machine/src/install/weeding/lib/python3.8/site-packages:${PYTHONPATH} /usr/bin/python3 setup.py egg_info --egg-base ../build/weeding build --build-base /media/psf/Home/Desktop/machine/src/build/weeding/build install --prefix /media/psf/Home/Desktop/machine/src/install/weeding --record /media/psf/Home/Desktop/machine/src/build/weeding/install.log --single-version-externally-managed
[1.561s] running egg_info
[1.563s] writing ../build/weeding/weeding.egg-info/PKG-INFO
[1.566s] writing dependency_links to ../build/weeding/weeding.egg-info/dependency_links.txt
[1.568s] writing entry points to ../build/weeding/weeding.egg-info/entry_points.txt
[1.570s] writing requirements to ../build/weeding/weeding.egg-info/requires.txt
[1.572s] writing top-level names to ../build/weeding/weeding.egg-info/top_level.txt
[1.584s] reading manifest file '../build/weeding/weeding.egg-info/SOURCES.txt'
[1.586s] writing manifest file '../build/weeding/weeding.egg-info/SOURCES.txt'
[1.587s] running build
[1.588s] running build_py
[1.590s] copying weeding/camera.py -> /media/psf/Home/Desktop/machine/src/build/weeding/build/lib/weeding
[1.592s] copying weeding/scripts.py -> /media/psf/Home/Desktop/machine/src/build/weeding/build/lib/weeding
[1.598s] running install
[1.604s] running install_lib
[1.612s] copying /media/psf/Home/Desktop/machine/src/build/weeding/build/lib/weeding/camera.py -> /media/psf/Home/Desktop/machine/src/install/weeding/lib/python3.8/site-packages/weeding
[1.615s] copying /media/psf/Home/Desktop/machine/src/build/weeding/build/lib/weeding/scripts.py -> /media/psf/Home/Desktop/machine/src/install/weeding/lib/python3.8/site-packages/weeding
[1.623s] byte-compiling /media/psf/Home/Desktop/machine/src/install/weeding/lib/python3.8/site-packages/weeding/camera.py to camera.cpython-38.pyc
[1.628s] byte-compiling /media/psf/Home/Desktop/machine/src/install/weeding/lib/python3.8/site-packages/weeding/scripts.py to scripts.cpython-38.pyc
[1.631s] running install_data
[1.635s] running install_egg_info
[1.637s] removing '/media/psf/Home/Desktop/machine/src/install/weeding/lib/python3.8/site-packages/weeding-0.0.0-py3.8.egg-info' (and everything under it)
[1.644s] Copying ../build/weeding/weeding.egg-info to /media/psf/Home/Desktop/machine/src/install/weeding/lib/python3.8/site-packages/weeding-0.0.0-py3.8.egg-info
[1.672s] running install_scripts
[1.691s] Installing camera_node script to /media/psf/Home/Desktop/machine/src/install/weeding/lib/weeding
[1.693s] Installing weeding_node script to /media/psf/Home/Desktop/machine/src/install/weeding/lib/weeding
[1.704s] writing list of installed files to '/media/psf/Home/Desktop/machine/src/build/weeding/install.log'
[1.745s] Invoked command in '/media/psf/Home/Desktop/machine/src/weeding' returned '0': PYTHONPATH=/media/psf/Home/Desktop/machine/src/install/weeding/lib/python3.8/site-packages:${PYTHONPATH} /usr/bin/python3 setup.py egg_info --egg-base ../build/weeding build --build-base /media/psf/Home/Desktop/machine/src/build/weeding/build install --prefix /media/psf/Home/Desktop/machine/src/install/weeding --record /media/psf/Home/Desktop/machine/src/build/weeding/install.log --single-version-externally-managed
