[0.749s] Invoking command in '/media/psf/Home/Desktop/machine/src/weeding': PYTHONPATH=/media/psf/Home/Desktop/machine/src/install/weeding/lib/python3.8/site-packages:${PYTHONPATH} /usr/bin/python3 setup.py egg_info --egg-base ../build/weeding build --build-base /media/psf/Home/Desktop/machine/src/build/weeding/build install --prefix /media/psf/Home/Desktop/machine/src/install/weeding --record /media/psf/Home/Desktop/machine/src/build/weeding/install.log --single-version-externally-managed
[1.036s] running egg_info
[1.037s] writing ../build/weeding/weeding.egg-info/PKG-INFO
[1.038s] writing dependency_links to ../build/weeding/weeding.egg-info/dependency_links.txt
[1.039s] writing entry points to ../build/weeding/weeding.egg-info/entry_points.txt
[1.040s] writing requirements to ../build/weeding/weeding.egg-info/requires.txt
[1.042s] writing top-level names to ../build/weeding/weeding.egg-info/top_level.txt
[1.054s] reading manifest file '../build/weeding/weeding.egg-info/SOURCES.txt'
[1.057s] writing manifest file '../build/weeding/weeding.egg-info/SOURCES.txt'
[1.058s] running build
[1.058s] running build_py
[1.060s] copying weeding/weeding.py -> /media/psf/Home/Desktop/machine/src/build/weeding/build/lib/weeding
[1.063s] running install
[1.064s] running install_lib
[1.069s] copying /media/psf/Home/Desktop/machine/src/build/weeding/build/lib/weeding/weeding.py -> /media/psf/Home/Desktop/machine/src/install/weeding/lib/python3.8/site-packages/weeding
[1.074s] byte-compiling /media/psf/Home/Desktop/machine/src/install/weeding/lib/python3.8/site-packages/weeding/weeding.py to weeding.cpython-38.pyc
[1.077s] running install_data
[1.080s] running install_egg_info
[1.081s] removing '/media/psf/Home/Desktop/machine/src/install/weeding/lib/python3.8/site-packages/weeding-0.0.0-py3.8.egg-info' (and everything under it)
[1.085s] Copying ../build/weeding/weeding.egg-info to /media/psf/Home/Desktop/machine/src/install/weeding/lib/python3.8/site-packages/weeding-0.0.0-py3.8.egg-info
[1.107s] running install_scripts
[1.127s] Installing weeding_node script to /media/psf/Home/Desktop/machine/src/install/weeding/lib/weeding
[1.129s] writing list of installed files to '/media/psf/Home/Desktop/machine/src/build/weeding/install.log'
[1.150s] Invoked command in '/media/psf/Home/Desktop/machine/src/weeding' returned '0': PYTHONPATH=/media/psf/Home/Desktop/machine/src/install/weeding/lib/python3.8/site-packages:${PYTHONPATH} /usr/bin/python3 setup.py egg_info --egg-base ../build/weeding build --build-base /media/psf/Home/Desktop/machine/src/build/weeding/build install --prefix /media/psf/Home/Desktop/machine/src/install/weeding --record /media/psf/Home/Desktop/machine/src/build/weeding/install.log --single-version-externally-managed
