[1.109s] Invoking command in '/media/psf/Home/Desktop/machine/src/configure': PYTHONPATH=/media/psf/Home/Desktop/machine/src/install/configure/lib/python3.8/site-packages:${PYTHONPATH} /usr/bin/python3 setup.py egg_info --egg-base ../build/configure build --build-base /media/psf/Home/Desktop/machine/src/build/configure/build install --prefix /media/psf/Home/Desktop/machine/src/install/configure --record /media/psf/Home/Desktop/machine/src/build/configure/install.log --single-version-externally-managed
[1.349s] running egg_info
[1.350s] writing ../build/configure/configure.egg-info/PKG-INFO
[1.352s] writing dependency_links to ../build/configure/configure.egg-info/dependency_links.txt
[1.356s] writing entry points to ../build/configure/configure.egg-info/entry_points.txt
[1.359s] writing requirements to ../build/configure/configure.egg-info/requires.txt
[1.361s] writing top-level names to ../build/configure/configure.egg-info/top_level.txt
[1.413s] reading manifest file '../build/configure/configure.egg-info/SOURCES.txt'
[1.417s] writing manifest file '../build/configure/configure.egg-info/SOURCES.txt'
[1.418s] running build
[1.419s] running build_py
[1.420s] copying configure/configure.py -> /media/psf/Home/Desktop/machine/src/build/configure/build/lib/configure
[1.423s] running install
[1.425s] running install_lib
[1.428s] copying /media/psf/Home/Desktop/machine/src/build/configure/build/lib/configure/configure.py -> /media/psf/Home/Desktop/machine/src/install/configure/lib/python3.8/site-packages/configure
[1.432s] byte-compiling /media/psf/Home/Desktop/machine/src/install/configure/lib/python3.8/site-packages/configure/configure.py to configure.cpython-38.pyc
[1.435s] running install_data
[1.437s] running install_egg_info
[1.439s] removing '/media/psf/Home/Desktop/machine/src/install/configure/lib/python3.8/site-packages/configure-0.0.0-py3.8.egg-info' (and everything under it)
[1.443s] Copying ../build/configure/configure.egg-info to /media/psf/Home/Desktop/machine/src/install/configure/lib/python3.8/site-packages/configure-0.0.0-py3.8.egg-info
[1.464s] running install_scripts
[1.482s] Installing configure_node script to /media/psf/Home/Desktop/machine/src/install/configure/lib/configure
[1.486s] writing list of installed files to '/media/psf/Home/Desktop/machine/src/build/configure/install.log'
[1.517s] Invoked command in '/media/psf/Home/Desktop/machine/src/configure' returned '0': PYTHONPATH=/media/psf/Home/Desktop/machine/src/install/configure/lib/python3.8/site-packages:${PYTHONPATH} /usr/bin/python3 setup.py egg_info --egg-base ../build/configure build --build-base /media/psf/Home/Desktop/machine/src/build/configure/build install --prefix /media/psf/Home/Desktop/machine/src/install/configure --record /media/psf/Home/Desktop/machine/src/build/configure/install.log --single-version-externally-managed
