[0.261s] Invoking command in '/media/psf/Home/Desktop/machine/src/build/itof': CMAKE_PREFIX_PATH=${CMAKE_PREFIX_PATH}:/media/psf/Home/Desktop/machine/src/install/wheel:/media/psf/Home/Desktop/machine/src/install/header:/media/psf/Home/Desktop/machine/src/install/configure:/media/psf/Home/Desktop/machine/src/install/config:/opt/ros/foxy /usr/bin/cmake --build /media/psf/Home/Desktop/machine/src/build/itof -- -j2 -l2
[0.361s] [100%] Built target itof_node
[0.381s] Invoked command in '/media/psf/Home/Desktop/machine/src/build/itof' returned '0': CMAKE_PREFIX_PATH=${CMAKE_PREFIX_PATH}:/media/psf/Home/Desktop/machine/src/install/wheel:/media/psf/Home/Desktop/machine/src/install/header:/media/psf/Home/Desktop/machine/src/install/configure:/media/psf/Home/Desktop/machine/src/install/config:/opt/ros/foxy /usr/bin/cmake --build /media/psf/Home/Desktop/machine/src/build/itof -- -j2 -l2
[0.448s] Invoking command in '/media/psf/Home/Desktop/machine/src/build/itof': CMAKE_PREFIX_PATH=${CMAKE_PREFIX_PATH}:/media/psf/Home/Desktop/machine/src/install/wheel:/media/psf/Home/Desktop/machine/src/install/header:/media/psf/Home/Desktop/machine/src/install/configure:/media/psf/Home/Desktop/machine/src/install/config:/opt/ros/foxy /usr/bin/cmake --install /media/psf/Home/Desktop/machine/src/build/itof
[0.462s] -- Install configuration: ""
[0.462s] -- Up-to-date: /media/psf/Home/Desktop/machine/src/install/itof/share/ament_index/resource_index/package_run_dependencies/itof
[0.464s] -- Up-to-date: /media/psf/Home/Desktop/machine/src/install/itof/share/ament_index/resource_index/parent_prefix_path/itof
[0.465s] -- Up-to-date: /media/psf/Home/Desktop/machine/src/install/itof/share/itof/environment/ament_prefix_path.sh
[0.466s] -- Up-to-date: /media/psf/Home/Desktop/machine/src/install/itof/share/itof/environment/ament_prefix_path.dsv
[0.467s] -- Up-to-date: /media/psf/Home/Desktop/machine/src/install/itof/share/itof/environment/path.sh
[0.468s] -- Up-to-date: /media/psf/Home/Desktop/machine/src/install/itof/share/itof/environment/path.dsv
[0.469s] -- Up-to-date: /media/psf/Home/Desktop/machine/src/install/itof/share/itof/local_setup.bash
[0.469s] -- Up-to-date: /media/psf/Home/Desktop/machine/src/install/itof/share/itof/local_setup.sh
[0.470s] -- Up-to-date: /media/psf/Home/Desktop/machine/src/install/itof/share/itof/local_setup.zsh
[0.471s] -- Up-to-date: /media/psf/Home/Desktop/machine/src/install/itof/share/itof/local_setup.dsv
[0.472s] -- Installing: /media/psf/Home/Desktop/machine/src/install/itof/share/itof/package.dsv
[0.477s] -- Up-to-date: /media/psf/Home/Desktop/machine/src/install/itof/share/ament_index/resource_index/packages/itof
[0.478s] -- Up-to-date: /media/psf/Home/Desktop/machine/src/install/itof/share/itof/cmake/itofConfig.cmake
[0.479s] -- Up-to-date: /media/psf/Home/Desktop/machine/src/install/itof/share/itof/cmake/itofConfig-version.cmake
[0.480s] -- Up-to-date: /media/psf/Home/Desktop/machine/src/install/itof/share/itof/package.xml
[0.490s] -- Up-to-date: /media/psf/Home/Desktop/machine/src/install/itof/lib/itof/itof_node
[0.496s] Invoked command in '/media/psf/Home/Desktop/machine/src/build/itof' returned '0': CMAKE_PREFIX_PATH=${CMAKE_PREFIX_PATH}:/media/psf/Home/Desktop/machine/src/install/wheel:/media/psf/Home/Desktop/machine/src/install/header:/media/psf/Home/Desktop/machine/src/install/configure:/media/psf/Home/Desktop/machine/src/install/config:/opt/ros/foxy /usr/bin/cmake --install /media/psf/Home/Desktop/machine/src/build/itof
