[2.081s] Invoking command in '/media/psf/Home/Desktop/machine/src/weeding': PYTHONPATH=/media/psf/Home/Desktop/machine/src/install/weeding/lib/python3.8/site-packages:${PYTHONPATH} /usr/bin/python3 setup.py egg_info --egg-base ../build/weeding build --build-base /media/psf/Home/Desktop/machine/src/build/weeding/build install --prefix /media/psf/Home/Desktop/machine/src/install/weeding --record /media/psf/Home/Desktop/machine/src/build/weeding/install.log --single-version-externally-managed
[3.041s] running egg_info
[3.107s] writing ../build/weeding/weeding.egg-info/PKG-INFO
[3.157s] writing dependency_links to ../build/weeding/weeding.egg-info/dependency_links.txt
[3.308s] writing entry points to ../build/weeding/weeding.egg-info/entry_points.txt
[3.425s] writing requirements to ../build/weeding/weeding.egg-info/requires.txt
[3.485s] writing top-level names to ../build/weeding/weeding.egg-info/top_level.txt
[3.574s] reading manifest file '../build/weeding/weeding.egg-info/SOURCES.txt'
[3.577s] writing manifest file '../build/weeding/weeding.egg-info/SOURCES.txt'
[3.578s] running build
[3.578s] running build_py
[3.581s] running install
[3.581s] /home/parallels/.local/lib/python3.8/site-packages/setuptools/command/install.py:34: SetuptoolsDeprecationWarning: setup.py install is deprecated. Use build and pip and other standards-based tools.
[3.582s]   warnings.warn(
[3.586s] running install_lib
[3.669s] running install_data
[3.686s] running install_egg_info
[3.756s] removing '/media/psf/Home/Desktop/machine/src/install/weeding/lib/python3.8/site-packages/weeding-0.0.0-py3.8.egg-info' (and everything under it)
[3.761s] Copying ../build/weeding/weeding.egg-info to /media/psf/Home/Desktop/machine/src/install/weeding/lib/python3.8/site-packages/weeding-0.0.0-py3.8.egg-info
[3.780s] running install_scripts
[3.925s] Installing weeding_node script to /media/psf/Home/Desktop/machine/src/install/weeding/lib/weeding
[3.929s] writing list of installed files to '/media/psf/Home/Desktop/machine/src/build/weeding/install.log'
[3.972s] Invoked command in '/media/psf/Home/Desktop/machine/src/weeding' returned '0': PYTHONPATH=/media/psf/Home/Desktop/machine/src/install/weeding/lib/python3.8/site-packages:${PYTHONPATH} /usr/bin/python3 setup.py egg_info --egg-base ../build/weeding build --build-base /media/psf/Home/Desktop/machine/src/build/weeding/build install --prefix /media/psf/Home/Desktop/machine/src/install/weeding --record /media/psf/Home/Desktop/machine/src/build/weeding/install.log --single-version-externally-managed
