[2.110s] Invoking command in '/media/psf/Home/Desktop/machine/src/wheel': PYTHONPATH=/media/psf/Home/Desktop/machine/src/install/wheel/lib/python3.8/site-packages:${PYTHONPATH} /usr/bin/python3 setup.py egg_info --egg-base ../build/wheel build --build-base /media/psf/Home/Desktop/machine/src/build/wheel/build install --prefix /media/psf/Home/Desktop/machine/src/install/wheel --record /media/psf/Home/Desktop/machine/src/build/wheel/install.log --single-version-externally-managed
[2.378s] /home/parallels/.local/lib/python3.8/site-packages/setuptools/dist.py:772: UserWarning: Usage of dash-separated 'script-dir' will not be supported in future versions. Please use the underscore name 'script_dir' instead
[2.379s]   warnings.warn(
[2.380s] /home/parallels/.local/lib/python3.8/site-packages/setuptools/dist.py:772: UserWarning: Usage of dash-separated 'install-scripts' will not be supported in future versions. Please use the underscore name 'install_scripts' instead
[2.380s]   warnings.warn(
[3.062s] running egg_info
[3.137s] writing ../build/wheel/wheel.egg-info/PKG-INFO
[3.199s] writing dependency_links to ../build/wheel/wheel.egg-info/dependency_links.txt
[3.353s] writing entry points to ../build/wheel/wheel.egg-info/entry_points.txt
[3.449s] writing requirements to ../build/wheel/wheel.egg-info/requires.txt
[3.500s] writing top-level names to ../build/wheel/wheel.egg-info/top_level.txt
[3.580s] reading manifest file '../build/wheel/wheel.egg-info/SOURCES.txt'
[3.583s] writing manifest file '../build/wheel/wheel.egg-info/SOURCES.txt'
[3.584s] running build
[3.585s] running build_py
[3.587s] running install
[3.587s] /home/parallels/.local/lib/python3.8/site-packages/setuptools/command/install.py:34: SetuptoolsDeprecationWarning: setup.py install is deprecated. Use build and pip and other standards-based tools.
[3.588s]   warnings.warn(
[3.593s] running install_lib
[3.658s] running install_data
[3.673s] running install_egg_info
[3.740s] removing '/media/psf/Home/Desktop/machine/src/install/wheel/lib/python3.8/site-packages/wheel-0.0.0-py3.8.egg-info' (and everything under it)
[3.743s] Copying ../build/wheel/wheel.egg-info to /media/psf/Home/Desktop/machine/src/install/wheel/lib/python3.8/site-packages/wheel-0.0.0-py3.8.egg-info
[3.764s] running install_scripts
[3.883s] Installing wheel_node_go script to /media/psf/Home/Desktop/machine/src/install/wheel/lib/wheel
[3.885s] Installing wheel_node_stop script to /media/psf/Home/Desktop/machine/src/install/wheel/lib/wheel
[3.887s] writing list of installed files to '/media/psf/Home/Desktop/machine/src/build/wheel/install.log'
[3.924s] Invoked command in '/media/psf/Home/Desktop/machine/src/wheel' returned '0': PYTHONPATH=/media/psf/Home/Desktop/machine/src/install/wheel/lib/python3.8/site-packages:${PYTHONPATH} /usr/bin/python3 setup.py egg_info --egg-base ../build/wheel build --build-base /media/psf/Home/Desktop/machine/src/build/wheel/build install --prefix /media/psf/Home/Desktop/machine/src/install/wheel --record /media/psf/Home/Desktop/machine/src/build/wheel/install.log --single-version-externally-managed
