[0.678s] Invoking command in '/media/psf/Home/Desktop/machine/src/weeding': PYTHONPATH=/media/psf/Home/Desktop/machine/src/install/weeding/lib/python3.8/site-packages:${PYTHONPATH} /usr/bin/python3 setup.py egg_info --egg-base ../build/weeding build --build-base /media/psf/Home/Desktop/machine/src/build/weeding/build install --prefix /media/psf/Home/Desktop/machine/src/install/weeding --record /media/psf/Home/Desktop/machine/src/build/weeding/install.log --single-version-externally-managed
[0.949s] running egg_info
[0.950s] writing ../build/weeding/weeding.egg-info/PKG-INFO
[0.952s] writing dependency_links to ../build/weeding/weeding.egg-info/dependency_links.txt
[0.953s] writing entry points to ../build/weeding/weeding.egg-info/entry_points.txt
[0.953s] writing requirements to ../build/weeding/weeding.egg-info/requires.txt
[0.954s] writing top-level names to ../build/weeding/weeding.egg-info/top_level.txt
[0.961s] reading manifest file '../build/weeding/weeding.egg-info/SOURCES.txt'
[0.962s] writing manifest file '../build/weeding/weeding.egg-info/SOURCES.txt'
[0.963s] running build
[0.963s] running build_py
[0.964s] copying weeding/weeding.py -> /media/psf/Home/Desktop/machine/src/build/weeding/build/lib/weeding
[0.966s] running install
[0.967s] running install_lib
[0.969s] copying /media/psf/Home/Desktop/machine/src/build/weeding/build/lib/weeding/weeding.py -> /media/psf/Home/Desktop/machine/src/install/weeding/lib/python3.8/site-packages/weeding
[0.972s] byte-compiling /media/psf/Home/Desktop/machine/src/install/weeding/lib/python3.8/site-packages/weeding/weeding.py to weeding.cpython-38.pyc
[0.973s] running install_data
[0.975s] running install_egg_info
[0.976s] removing '/media/psf/Home/Desktop/machine/src/install/weeding/lib/python3.8/site-packages/weeding-0.0.0-py3.8.egg-info' (and everything under it)
[0.979s] Copying ../build/weeding/weeding.egg-info to /media/psf/Home/Desktop/machine/src/install/weeding/lib/python3.8/site-packages/weeding-0.0.0-py3.8.egg-info
[0.993s] running install_scripts
[1.019s] Installing weeding_node script to /media/psf/Home/Desktop/machine/src/install/weeding/lib/weeding
[1.022s] writing list of installed files to '/media/psf/Home/Desktop/machine/src/build/weeding/install.log'
[1.040s] Invoked command in '/media/psf/Home/Desktop/machine/src/weeding' returned '0': PYTHONPATH=/media/psf/Home/Desktop/machine/src/install/weeding/lib/python3.8/site-packages:${PYTHONPATH} /usr/bin/python3 setup.py egg_info --egg-base ../build/weeding build --build-base /media/psf/Home/Desktop/machine/src/build/weeding/build install --prefix /media/psf/Home/Desktop/machine/src/install/weeding --record /media/psf/Home/Desktop/machine/src/build/weeding/install.log --single-version-externally-managed
