[1.422s] Invoking command in '/home/machine/src/configure': PYTHONPATH=/home/machine/src/install/configure/lib/python3.8/site-packages:${PYTHONPATH} /usr/bin/python3 setup.py egg_info --egg-base ../build/configure build --build-base /home/machine/src/build/configure/build install --prefix /home/machine/src/install/configure --record /home/machine/src/build/configure/install.log --single-version-externally-managed
[2.075s] running egg_info
[2.087s] writing ../build/configure/configure.egg-info/PKG-INFO
[2.099s] writing dependency_links to ../build/configure/configure.egg-info/dependency_links.txt
[2.143s] writing entry points to ../build/configure/configure.egg-info/entry_points.txt
[2.159s] writing requirements to ../build/configure/configure.egg-info/requires.txt
[2.187s] writing top-level names to ../build/configure/configure.egg-info/top_level.txt
[2.351s] reading manifest file '../build/configure/configure.egg-info/SOURCES.txt'
[2.373s] writing manifest file '../build/configure/configure.egg-info/SOURCES.txt'
[2.383s] running build
[2.389s] running build_py
[2.397s] running install
[2.406s] running install_lib
[2.419s] running install_data
[2.426s] running install_egg_info
[2.440s] removing '/home/machine/src/install/configure/lib/python3.8/site-packages/configure-0.0.0-py3.8.egg-info' (and everything under it)
[2.492s] Copying ../build/configure/configure.egg-info to /home/machine/src/install/configure/lib/python3.8/site-packages/configure-0.0.0-py3.8.egg-info
[2.880s] running install_scripts
[2.979s] Installing configure_node script to /home/machine/src/install/configure/lib/configure
[3.006s] writing list of installed files to '/home/machine/src/build/configure/install.log'
[3.146s] Invoked command in '/home/machine/src/configure' returned '0': PYTHONPATH=/home/machine/src/install/configure/lib/python3.8/site-packages:${PYTHONPATH} /usr/bin/python3 setup.py egg_info --egg-base ../build/configure build --build-base /home/machine/src/build/configure/build install --prefix /home/machine/src/install/configure --record /home/machine/src/build/configure/install.log --single-version-externally-managed
