[1.140s] Invoking command in '/media/psf/Home/Desktop/machine/src/motor': PYTHONPATH=/media/psf/Home/Desktop/machine/src/install/motor/lib/python3.8/site-packages:${PYTHONPATH} /usr/bin/python3 setup.py egg_info --egg-base ../build/motor build --build-base /media/psf/Home/Desktop/machine/src/build/motor/build install --prefix /media/psf/Home/Desktop/machine/src/install/motor --record /media/psf/Home/Desktop/machine/src/build/motor/install.log --single-version-externally-managed
[1.448s] running egg_info
[1.449s] writing ../build/motor/motor.egg-info/PKG-INFO
[1.451s] writing dependency_links to ../build/motor/motor.egg-info/dependency_links.txt
[1.452s] writing entry points to ../build/motor/motor.egg-info/entry_points.txt
[1.454s] writing requirements to ../build/motor/motor.egg-info/requires.txt
[1.457s] writing top-level names to ../build/motor/motor.egg-info/top_level.txt
[1.466s] reading manifest file '../build/motor/motor.egg-info/SOURCES.txt'
[1.469s] writing manifest file '../build/motor/motor.egg-info/SOURCES.txt'
[1.471s] running build
[1.472s] running build_py
[1.474s] copying motor/motor.py -> /media/psf/Home/Desktop/machine/src/build/motor/build/lib/motor
[1.478s] running install
[1.481s] running install_lib
[1.484s] copying /media/psf/Home/Desktop/machine/src/build/motor/build/lib/motor/motor.py -> /media/psf/Home/Desktop/machine/src/install/motor/lib/python3.8/site-packages/motor
[1.489s] byte-compiling /media/psf/Home/Desktop/machine/src/install/motor/lib/python3.8/site-packages/motor/motor.py to motor.cpython-38.pyc
[1.491s] running install_data
[1.495s] running install_egg_info
[1.497s] removing '/media/psf/Home/Desktop/machine/src/install/motor/lib/python3.8/site-packages/motor-0.0.0-py3.8.egg-info' (and everything under it)
[1.501s] Copying ../build/motor/motor.egg-info to /media/psf/Home/Desktop/machine/src/install/motor/lib/python3.8/site-packages/motor-0.0.0-py3.8.egg-info
[1.529s] running install_scripts
[1.551s] Installing motor_node script to /media/psf/Home/Desktop/machine/src/install/motor/lib/motor
[1.553s] writing list of installed files to '/media/psf/Home/Desktop/machine/src/build/motor/install.log'
[1.587s] Invoked command in '/media/psf/Home/Desktop/machine/src/motor' returned '0': PYTHONPATH=/media/psf/Home/Desktop/machine/src/install/motor/lib/python3.8/site-packages:${PYTHONPATH} /usr/bin/python3 setup.py egg_info --egg-base ../build/motor build --build-base /media/psf/Home/Desktop/machine/src/build/motor/build install --prefix /media/psf/Home/Desktop/machine/src/install/motor --record /media/psf/Home/Desktop/machine/src/build/motor/install.log --single-version-externally-managed
