[1.185s] Invoking command in '/media/psf/Home/Desktop/machine/src/weeding': PYTHONPATH=/media/psf/Home/Desktop/machine/src/install/weeding/lib/python3.8/site-packages:${PYTHONPATH} /usr/bin/python3 setup.py egg_info --egg-base ../build/weeding build --build-base /media/psf/Home/Desktop/machine/src/build/weeding/build install --prefix /media/psf/Home/Desktop/machine/src/install/weeding --record /media/psf/Home/Desktop/machine/src/build/weeding/install.log --single-version-externally-managed
[1.534s] running egg_info
[1.535s] writing ../build/weeding/weeding.egg-info/PKG-INFO
[1.539s] writing dependency_links to ../build/weeding/weeding.egg-info/dependency_links.txt
[1.541s] writing entry points to ../build/weeding/weeding.egg-info/entry_points.txt
[1.545s] writing requirements to ../build/weeding/weeding.egg-info/requires.txt
[1.548s] writing top-level names to ../build/weeding/weeding.egg-info/top_level.txt
[1.562s] reading manifest file '../build/weeding/weeding.egg-info/SOURCES.txt'
[1.565s] writing manifest file '../build/weeding/weeding.egg-info/SOURCES.txt'
[1.569s] running build
[1.570s] running build_py
[1.573s] running install
[1.575s] running install_lib
[1.584s] running install_data
[1.588s] running install_egg_info
[1.593s] removing '/media/psf/Home/Desktop/machine/src/install/weeding/lib/python3.8/site-packages/weeding-0.0.0-py3.8.egg-info' (and everything under it)
[1.600s] Copying ../build/weeding/weeding.egg-info to /media/psf/Home/Desktop/machine/src/install/weeding/lib/python3.8/site-packages/weeding-0.0.0-py3.8.egg-info
[1.649s] running install_scripts
[1.677s] Installing camera_node script to /media/psf/Home/Desktop/machine/src/install/weeding/lib/weeding
[1.679s] Installing weeding_node script to /media/psf/Home/Desktop/machine/src/install/weeding/lib/weeding
[1.684s] writing list of installed files to '/media/psf/Home/Desktop/machine/src/build/weeding/install.log'
[1.773s] Invoked command in '/media/psf/Home/Desktop/machine/src/weeding' returned '0': PYTHONPATH=/media/psf/Home/Desktop/machine/src/install/weeding/lib/python3.8/site-packages:${PYTHONPATH} /usr/bin/python3 setup.py egg_info --egg-base ../build/weeding build --build-base /media/psf/Home/Desktop/machine/src/build/weeding/build install --prefix /media/psf/Home/Desktop/machine/src/install/weeding --record /media/psf/Home/Desktop/machine/src/build/weeding/install.log --single-version-externally-managed
