[1.049s] Invoking command in '/media/psf/Home/Desktop/machine/src/weeding': PYTHONPATH=/media/psf/Home/Desktop/machine/src/install/weeding/lib/python3.8/site-packages:${PYTHONPATH} /usr/bin/python3 setup.py egg_info --egg-base ../build/weeding build --build-base /media/psf/Home/Desktop/machine/src/build/weeding/build install --prefix /media/psf/Home/Desktop/machine/src/install/weeding --record /media/psf/Home/Desktop/machine/src/build/weeding/install.log --single-version-externally-managed
[1.352s] running egg_info
[1.353s] writing ../build/weeding/weeding.egg-info/PKG-INFO
[1.357s] writing dependency_links to ../build/weeding/weeding.egg-info/dependency_links.txt
[1.363s] writing entry points to ../build/weeding/weeding.egg-info/entry_points.txt
[1.365s] writing requirements to ../build/weeding/weeding.egg-info/requires.txt
[1.367s] writing top-level names to ../build/weeding/weeding.egg-info/top_level.txt
[1.379s] reading manifest file '../build/weeding/weeding.egg-info/SOURCES.txt'
[1.383s] writing manifest file '../build/weeding/weeding.egg-info/SOURCES.txt'
[1.384s] running build
[1.385s] running build_py
[1.387s] running install
[1.389s] running install_lib
[1.395s] running install_data
[1.399s] copying launch/launch.py -> /media/psf/Home/Desktop/machine/src/install/weeding/share/weeding/launch
[1.402s] running install_egg_info
[1.404s] removing '/media/psf/Home/Desktop/machine/src/install/weeding/lib/python3.8/site-packages/weeding-0.0.0-py3.8.egg-info' (and everything under it)
[1.412s] Copying ../build/weeding/weeding.egg-info to /media/psf/Home/Desktop/machine/src/install/weeding/lib/python3.8/site-packages/weeding-0.0.0-py3.8.egg-info
[1.445s] running install_scripts
[1.474s] Installing camera_node script to /media/psf/Home/Desktop/machine/src/install/weeding/lib/weeding
[1.476s] Installing weeding_node script to /media/psf/Home/Desktop/machine/src/install/weeding/lib/weeding
[1.479s] writing list of installed files to '/media/psf/Home/Desktop/machine/src/build/weeding/install.log'
[1.548s] Invoked command in '/media/psf/Home/Desktop/machine/src/weeding' returned '0': PYTHONPATH=/media/psf/Home/Desktop/machine/src/install/weeding/lib/python3.8/site-packages:${PYTHONPATH} /usr/bin/python3 setup.py egg_info --egg-base ../build/weeding build --build-base /media/psf/Home/Desktop/machine/src/build/weeding/build install --prefix /media/psf/Home/Desktop/machine/src/install/weeding --record /media/psf/Home/Desktop/machine/src/build/weeding/install.log --single-version-externally-managed
