[1.060s] Invoking command in '/media/psf/Home/Desktop/machine/src/configure': PYTHONPATH=/media/psf/Home/Desktop/machine/src/install/configure/lib/python3.8/site-packages:${PYTHONPATH} /usr/bin/python3 setup.py egg_info --egg-base ../build/configure build --build-base /media/psf/Home/Desktop/machine/src/build/configure/build install --prefix /media/psf/Home/Desktop/machine/src/install/configure --record /media/psf/Home/Desktop/machine/src/build/configure/install.log --single-version-externally-managed
[1.286s] running egg_info
[1.287s] writing ../build/configure/configure.egg-info/PKG-INFO
[1.288s] writing dependency_links to ../build/configure/configure.egg-info/dependency_links.txt
[1.290s] writing entry points to ../build/configure/configure.egg-info/entry_points.txt
[1.292s] writing requirements to ../build/configure/configure.egg-info/requires.txt
[1.293s] writing top-level names to ../build/configure/configure.egg-info/top_level.txt
[1.339s] reading manifest file '../build/configure/configure.egg-info/SOURCES.txt'
[1.342s] writing manifest file '../build/configure/configure.egg-info/SOURCES.txt'
[1.344s] running build
[1.344s] running build_py
[1.348s] copying configure/configure.py -> /media/psf/Home/Desktop/machine/src/build/configure/build/lib/configure
[1.353s] running install
[1.355s] running install_lib
[1.359s] copying /media/psf/Home/Desktop/machine/src/build/configure/build/lib/configure/configure.py -> /media/psf/Home/Desktop/machine/src/install/configure/lib/python3.8/site-packages/configure
[1.364s] byte-compiling /media/psf/Home/Desktop/machine/src/install/configure/lib/python3.8/site-packages/configure/configure.py to configure.cpython-38.pyc
[1.369s] running install_data
[1.372s] running install_egg_info
[1.374s] removing '/media/psf/Home/Desktop/machine/src/install/configure/lib/python3.8/site-packages/configure-0.0.0-py3.8.egg-info' (and everything under it)
[1.380s] Copying ../build/configure/configure.egg-info to /media/psf/Home/Desktop/machine/src/install/configure/lib/python3.8/site-packages/configure-0.0.0-py3.8.egg-info
[1.401s] running install_scripts
[1.421s] Installing configure_node script to /media/psf/Home/Desktop/machine/src/install/configure/lib/configure
[1.425s] writing list of installed files to '/media/psf/Home/Desktop/machine/src/build/configure/install.log'
[1.446s] Invoked command in '/media/psf/Home/Desktop/machine/src/configure' returned '0': PYTHONPATH=/media/psf/Home/Desktop/machine/src/install/configure/lib/python3.8/site-packages:${PYTHONPATH} /usr/bin/python3 setup.py egg_info --egg-base ../build/configure build --build-base /media/psf/Home/Desktop/machine/src/build/configure/build install --prefix /media/psf/Home/Desktop/machine/src/install/configure --record /media/psf/Home/Desktop/machine/src/build/configure/install.log --single-version-externally-managed
