[0.682s] Invoking command in '/media/psf/Home/Desktop/machine/src/weeding': PYTHONPATH=/media/psf/Home/Desktop/machine/src/install/weeding/lib/python3.8/site-packages:${PYTHONPATH} /usr/bin/python3 setup.py egg_info --egg-base ../build/weeding build --build-base /media/psf/Home/Desktop/machine/src/build/weeding/build install --prefix /media/psf/Home/Desktop/machine/src/install/weeding --record /media/psf/Home/Desktop/machine/src/build/weeding/install.log --single-version-externally-managed
[0.962s] running egg_info
[0.963s] writing ../build/weeding/weeding.egg-info/PKG-INFO
[0.965s] writing dependency_links to ../build/weeding/weeding.egg-info/dependency_links.txt
[0.967s] writing entry points to ../build/weeding/weeding.egg-info/entry_points.txt
[0.968s] writing requirements to ../build/weeding/weeding.egg-info/requires.txt
[0.970s] writing top-level names to ../build/weeding/weeding.egg-info/top_level.txt
[0.979s] reading manifest file '../build/weeding/weeding.egg-info/SOURCES.txt'
[0.981s] writing manifest file '../build/weeding/weeding.egg-info/SOURCES.txt'
[0.981s] running build
[0.982s] running build_py
[0.983s] copying weeding/weeding.py -> /media/psf/Home/Desktop/machine/src/build/weeding/build/lib/weeding
[0.986s] running install
[0.987s] running install_lib
[0.991s] copying /media/psf/Home/Desktop/machine/src/build/weeding/build/lib/weeding/weeding.py -> /media/psf/Home/Desktop/machine/src/install/weeding/lib/python3.8/site-packages/weeding
[0.999s] byte-compiling /media/psf/Home/Desktop/machine/src/install/weeding/lib/python3.8/site-packages/weeding/weeding.py to weeding.cpython-38.pyc
[1.002s] running install_data
[1.005s] running install_egg_info
[1.007s] removing '/media/psf/Home/Desktop/machine/src/install/weeding/lib/python3.8/site-packages/weeding-0.0.0-py3.8.egg-info' (and everything under it)
[1.015s] Copying ../build/weeding/weeding.egg-info to /media/psf/Home/Desktop/machine/src/install/weeding/lib/python3.8/site-packages/weeding-0.0.0-py3.8.egg-info
[1.049s] running install_scripts
[1.068s] Installing weeding_node script to /media/psf/Home/Desktop/machine/src/install/weeding/lib/weeding
[1.071s] writing list of installed files to '/media/psf/Home/Desktop/machine/src/build/weeding/install.log'
[1.095s] Invoked command in '/media/psf/Home/Desktop/machine/src/weeding' returned '0': PYTHONPATH=/media/psf/Home/Desktop/machine/src/install/weeding/lib/python3.8/site-packages:${PYTHONPATH} /usr/bin/python3 setup.py egg_info --egg-base ../build/weeding build --build-base /media/psf/Home/Desktop/machine/src/build/weeding/build install --prefix /media/psf/Home/Desktop/machine/src/install/weeding --record /media/psf/Home/Desktop/machine/src/build/weeding/install.log --single-version-externally-managed
