[1.401s] Invoking command in '/home/machine/src/weeding': PYTHONPATH=/home/machine/src/install/weeding/lib/python3.8/site-packages:${PYTHONPATH} /usr/bin/python3 setup.py egg_info --egg-base ../build/weeding build --build-base /home/machine/src/build/weeding/build install --prefix /home/machine/src/install/weeding --record /home/machine/src/build/weeding/install.log --single-version-externally-managed
[2.020s] running egg_info
[2.106s] writing ../build/weeding/weeding.egg-info/PKG-INFO
[2.113s] writing dependency_links to ../build/weeding/weeding.egg-info/dependency_links.txt
[2.123s] writing entry points to ../build/weeding/weeding.egg-info/entry_points.txt
[2.137s] writing requirements to ../build/weeding/weeding.egg-info/requires.txt
[2.148s] writing top-level names to ../build/weeding/weeding.egg-info/top_level.txt
[2.392s] reading manifest file '../build/weeding/weeding.egg-info/SOURCES.txt'
[2.447s] writing manifest file '../build/weeding/weeding.egg-info/SOURCES.txt'
[2.466s] running build
[2.490s] running build_py
[2.542s] copying weeding/weeding.py -> /home/machine/src/build/weeding/build/lib/weeding
[2.579s] running install
[2.594s] running install_lib
[2.604s] copying /home/machine/src/build/weeding/build/lib/weeding/weeding.py -> /home/machine/src/install/weeding/lib/python3.8/site-packages/weeding
[2.632s] byte-compiling /home/machine/src/install/weeding/lib/python3.8/site-packages/weeding/weeding.py to weeding.cpython-38.pyc
[2.659s] running install_data
[2.691s] running install_egg_info
[2.705s] removing '/home/machine/src/install/weeding/lib/python3.8/site-packages/weeding-0.0.0-py3.8.egg-info' (and everything under it)
[2.717s] Copying ../build/weeding/weeding.egg-info to /home/machine/src/install/weeding/lib/python3.8/site-packages/weeding-0.0.0-py3.8.egg-info
[3.233s] running install_scripts
[3.354s] Installing weeding_node script to /home/machine/src/install/weeding/lib/weeding
[3.441s] writing list of installed files to '/home/machine/src/build/weeding/install.log'
[3.588s] Invoked command in '/home/machine/src/weeding' returned '0': PYTHONPATH=/home/machine/src/install/weeding/lib/python3.8/site-packages:${PYTHONPATH} /usr/bin/python3 setup.py egg_info --egg-base ../build/weeding build --build-base /home/machine/src/build/weeding/build install --prefix /home/machine/src/install/weeding --record /home/machine/src/build/weeding/install.log --single-version-externally-managed
