[0.726s] Invoking command in '/media/psf/Home/Desktop/machine/src/weeding': PYTHONPATH=/media/psf/Home/Desktop/machine/src/install/weeding/lib/python3.8/site-packages:${PYTHONPATH} /usr/bin/python3 setup.py egg_info --egg-base ../build/weeding build --build-base /media/psf/Home/Desktop/machine/src/build/weeding/build install --prefix /media/psf/Home/Desktop/machine/src/install/weeding --record /media/psf/Home/Desktop/machine/src/build/weeding/install.log --single-version-externally-managed
[1.016s] running egg_info
[1.017s] writing ../build/weeding/weeding.egg-info/PKG-INFO
[1.019s] writing dependency_links to ../build/weeding/weeding.egg-info/dependency_links.txt
[1.020s] writing entry points to ../build/weeding/weeding.egg-info/entry_points.txt
[1.022s] writing requirements to ../build/weeding/weeding.egg-info/requires.txt
[1.023s] writing top-level names to ../build/weeding/weeding.egg-info/top_level.txt
[1.031s] reading manifest file '../build/weeding/weeding.egg-info/SOURCES.txt'
[1.033s] writing manifest file '../build/weeding/weeding.egg-info/SOURCES.txt'
[1.035s] running build
[1.036s] running build_py
[1.038s] running install
[1.039s] running install_lib
[1.044s] running install_data
[1.046s] running install_egg_info
[1.048s] removing '/media/psf/Home/Desktop/machine/src/install/weeding/lib/python3.8/site-packages/weeding-0.0.0-py3.8.egg-info' (and everything under it)
[1.052s] Copying ../build/weeding/weeding.egg-info to /media/psf/Home/Desktop/machine/src/install/weeding/lib/python3.8/site-packages/weeding-0.0.0-py3.8.egg-info
[1.071s] running install_scripts
[1.092s] Installing weeding_node script to /media/psf/Home/Desktop/machine/src/install/weeding/lib/weeding
[1.095s] writing list of installed files to '/media/psf/Home/Desktop/machine/src/build/weeding/install.log'
[1.117s] Invoked command in '/media/psf/Home/Desktop/machine/src/weeding' returned '0': PYTHONPATH=/media/psf/Home/Desktop/machine/src/install/weeding/lib/python3.8/site-packages:${PYTHONPATH} /usr/bin/python3 setup.py egg_info --egg-base ../build/weeding build --build-base /media/psf/Home/Desktop/machine/src/build/weeding/build install --prefix /media/psf/Home/Desktop/machine/src/install/weeding --record /media/psf/Home/Desktop/machine/src/build/weeding/install.log --single-version-externally-managed
