[1.314s] Invoking command in '/home/machine/src/configure': PYTHONPATH=/home/machine/src/install/configure/lib/python3.8/site-packages:${PYTHONPATH} /usr/bin/python3 setup.py egg_info --egg-base ../build/configure build --build-base /home/machine/src/build/configure/build install --prefix /home/machine/src/install/configure --record /home/machine/src/build/configure/install.log --single-version-externally-managed
[2.001s] running egg_info
[2.041s] writing ../build/configure/configure.egg-info/PKG-INFO
[2.050s] writing dependency_links to ../build/configure/configure.egg-info/dependency_links.txt
[2.065s] writing entry points to ../build/configure/configure.egg-info/entry_points.txt
[2.075s] writing requirements to ../build/configure/configure.egg-info/requires.txt
[2.084s] writing top-level names to ../build/configure/configure.egg-info/top_level.txt
[2.343s] reading manifest file '../build/configure/configure.egg-info/SOURCES.txt'
[2.351s] writing manifest file '../build/configure/configure.egg-info/SOURCES.txt'
[2.375s] running build
[2.381s] running build_py
[2.389s] running install
[2.396s] running install_lib
[2.405s] running install_data
[2.420s] running install_egg_info
[2.441s] removing '/home/machine/src/install/configure/lib/python3.8/site-packages/configure-0.0.0-py3.8.egg-info' (and everything under it)
[2.451s] Copying ../build/configure/configure.egg-info to /home/machine/src/install/configure/lib/python3.8/site-packages/configure-0.0.0-py3.8.egg-info
[2.707s] running install_scripts
[2.788s] Installing configure_node script to /home/machine/src/install/configure/lib/configure
[2.850s] writing list of installed files to '/home/machine/src/build/configure/install.log'
[3.176s] Invoked command in '/home/machine/src/configure' returned '0': PYTHONPATH=/home/machine/src/install/configure/lib/python3.8/site-packages:${PYTHONPATH} /usr/bin/python3 setup.py egg_info --egg-base ../build/configure build --build-base /home/machine/src/build/configure/build install --prefix /home/machine/src/install/configure --record /home/machine/src/build/configure/install.log --single-version-externally-managed
