[2.111s] Invoking command in '/media/psf/Home/Desktop/machine/src/weeding': PYTHONPATH=/media/psf/Home/Desktop/machine/src/install/weeding/lib/python3.8/site-packages:${PYTHONPATH} /usr/bin/python3 setup.py egg_info --egg-base ../build/weeding build --build-base /media/psf/Home/Desktop/machine/src/build/weeding/build install --prefix /media/psf/Home/Desktop/machine/src/install/weeding --record /media/psf/Home/Desktop/machine/src/build/weeding/install.log --single-version-externally-managed
[3.179s] running egg_info
[3.256s] writing ../build/weeding/weeding.egg-info/PKG-INFO
[3.315s] writing dependency_links to ../build/weeding/weeding.egg-info/dependency_links.txt
[3.483s] writing entry points to ../build/weeding/weeding.egg-info/entry_points.txt
[3.602s] writing requirements to ../build/weeding/weeding.egg-info/requires.txt
[3.661s] writing top-level names to ../build/weeding/weeding.egg-info/top_level.txt
[3.769s] reading manifest file '../build/weeding/weeding.egg-info/SOURCES.txt'
[3.772s] writing manifest file '../build/weeding/weeding.egg-info/SOURCES.txt'
[3.773s] running build
[3.774s] running build_py
[3.775s] copying weeding/scripts.py -> /media/psf/Home/Desktop/machine/src/build/weeding/build/lib/weeding
[3.777s] copying weeding/weeding.py -> /media/psf/Home/Desktop/machine/src/build/weeding/build/lib/weeding
[3.781s] running install
[3.781s] /home/parallels/.local/lib/python3.8/site-packages/setuptools/command/install.py:34: SetuptoolsDeprecationWarning: setup.py install is deprecated. Use build and pip and other standards-based tools.
[3.781s]   warnings.warn(
[3.787s] running install_lib
[3.860s] copying /media/psf/Home/Desktop/machine/src/build/weeding/build/lib/weeding/scripts.py -> /media/psf/Home/Desktop/machine/src/install/weeding/lib/python3.8/site-packages/weeding
[3.886s] copying /media/psf/Home/Desktop/machine/src/build/weeding/build/lib/weeding/weeding.py -> /media/psf/Home/Desktop/machine/src/install/weeding/lib/python3.8/site-packages/weeding
[3.891s] byte-compiling /media/psf/Home/Desktop/machine/src/install/weeding/lib/python3.8/site-packages/weeding/scripts.py to scripts.cpython-38.pyc
[3.894s] byte-compiling /media/psf/Home/Desktop/machine/src/install/weeding/lib/python3.8/site-packages/weeding/weeding.py to weeding.cpython-38.pyc
[3.898s] running install_data
[3.918s] running install_egg_info
[4.010s] removing '/media/psf/Home/Desktop/machine/src/install/weeding/lib/python3.8/site-packages/weeding-0.0.0-py3.8.egg-info' (and everything under it)
[4.017s] Copying ../build/weeding/weeding.egg-info to /media/psf/Home/Desktop/machine/src/install/weeding/lib/python3.8/site-packages/weeding-0.0.0-py3.8.egg-info
[4.034s] running install_scripts
[4.174s] Installing weeding_node script to /media/psf/Home/Desktop/machine/src/install/weeding/lib/weeding
[4.176s] writing list of installed files to '/media/psf/Home/Desktop/machine/src/build/weeding/install.log'
[4.210s] Invoked command in '/media/psf/Home/Desktop/machine/src/weeding' returned '0': PYTHONPATH=/media/psf/Home/Desktop/machine/src/install/weeding/lib/python3.8/site-packages:${PYTHONPATH} /usr/bin/python3 setup.py egg_info --egg-base ../build/weeding build --build-base /media/psf/Home/Desktop/machine/src/build/weeding/build install --prefix /media/psf/Home/Desktop/machine/src/install/weeding --record /media/psf/Home/Desktop/machine/src/build/weeding/install.log --single-version-externally-managed
