[0.737s] Invoking command in '/media/psf/Home/Desktop/machine/src/wheel': PYTHONPATH=/media/psf/Home/Desktop/machine/src/install/wheel/lib/python3.8/site-packages:${PYTHONPATH} /usr/bin/python3 setup.py egg_info --egg-base ../build/wheel build --build-base /media/psf/Home/Desktop/machine/src/build/wheel/build install --prefix /media/psf/Home/Desktop/machine/src/install/wheel --record /media/psf/Home/Desktop/machine/src/build/wheel/install.log --single-version-externally-managed
[0.977s] running egg_info
[0.978s] writing ../build/wheel/wheel.egg-info/PKG-INFO
[0.981s] writing dependency_links to ../build/wheel/wheel.egg-info/dependency_links.txt
[0.983s] writing entry points to ../build/wheel/wheel.egg-info/entry_points.txt
[0.985s] writing requirements to ../build/wheel/wheel.egg-info/requires.txt
[0.987s] writing top-level names to ../build/wheel/wheel.egg-info/top_level.txt
[1.030s] reading manifest file '../build/wheel/wheel.egg-info/SOURCES.txt'
[1.034s] writing manifest file '../build/wheel/wheel.egg-info/SOURCES.txt'
[1.035s] running build
[1.036s] running build_py
[1.037s] copying wheel/wheel_go.py -> /media/psf/Home/Desktop/machine/src/build/wheel/build/lib/wheel
[1.041s] running install
[1.041s] running install_lib
[1.044s] copying /media/psf/Home/Desktop/machine/src/build/wheel/build/lib/wheel/wheel_go.py -> /media/psf/Home/Desktop/machine/src/install/wheel/lib/python3.8/site-packages/wheel
[1.048s] byte-compiling /media/psf/Home/Desktop/machine/src/install/wheel/lib/python3.8/site-packages/wheel/wheel_go.py to wheel_go.cpython-38.pyc
[1.052s] running install_data
[1.053s] running install_egg_info
[1.055s] removing '/media/psf/Home/Desktop/machine/src/install/wheel/lib/python3.8/site-packages/wheel-0.0.0-py3.8.egg-info' (and everything under it)
[1.059s] Copying ../build/wheel/wheel.egg-info to /media/psf/Home/Desktop/machine/src/install/wheel/lib/python3.8/site-packages/wheel-0.0.0-py3.8.egg-info
[1.078s] running install_scripts
[1.099s] Installing wheel_node_go script to /media/psf/Home/Desktop/machine/src/install/wheel/lib/wheel
[1.101s] Installing wheel_node_stop script to /media/psf/Home/Desktop/machine/src/install/wheel/lib/wheel
[1.104s] writing list of installed files to '/media/psf/Home/Desktop/machine/src/build/wheel/install.log'
[1.126s] Invoked command in '/media/psf/Home/Desktop/machine/src/wheel' returned '0': PYTHONPATH=/media/psf/Home/Desktop/machine/src/install/wheel/lib/python3.8/site-packages:${PYTHONPATH} /usr/bin/python3 setup.py egg_info --egg-base ../build/wheel build --build-base /media/psf/Home/Desktop/machine/src/build/wheel/build install --prefix /media/psf/Home/Desktop/machine/src/install/wheel --record /media/psf/Home/Desktop/machine/src/build/wheel/install.log --single-version-externally-managed
