[0.853s] Invoking command in '/home/machine/src/wheel': PYTHONPATH=/home/machine/src/install/wheel/lib/python3.8/site-packages: /usr/bin/python3 setup.py egg_info --egg-base ../build/wheel build --build-base /home/machine/src/build/wheel/build install --prefix /home/machine/src/install/wheel --record /home/machine/src/build/wheel/install.log --single-version-externally-managed
[1.122s] running egg_info
[1.128s] writing ../build/wheel/wheel.egg-info/PKG-INFO
[1.136s] writing dependency_links to ../build/wheel/wheel.egg-info/dependency_links.txt
[1.150s] writing entry points to ../build/wheel/wheel.egg-info/entry_points.txt
[1.160s] writing requirements to ../build/wheel/wheel.egg-info/requires.txt
[1.196s] writing top-level names to ../build/wheel/wheel.egg-info/top_level.txt
[1.292s] reading manifest file '../build/wheel/wheel.egg-info/SOURCES.txt'
[1.310s] writing manifest file '../build/wheel/wheel.egg-info/SOURCES.txt'
[1.316s] running build
[1.320s] running build_py
[1.325s] running install
[1.332s] running install_lib
[1.340s] running install_data
[1.363s] running install_egg_info
[1.370s] removing '/home/machine/src/install/wheel/lib/python3.8/site-packages/wheel-0.0.0-py3.8.egg-info' (and everything under it)
[1.388s] Copying ../build/wheel/wheel.egg-info to /home/machine/src/install/wheel/lib/python3.8/site-packages/wheel-0.0.0-py3.8.egg-info
[1.542s] running install_scripts
[1.594s] Installing wheel_node_go script to /home/machine/src/install/wheel/lib/wheel
[1.603s] Installing wheel_node_stop script to /home/machine/src/install/wheel/lib/wheel
[1.616s] writing list of installed files to '/home/machine/src/build/wheel/install.log'
[1.661s] Invoked command in '/home/machine/src/wheel' returned '0': PYTHONPATH=/home/machine/src/install/wheel/lib/python3.8/site-packages: /usr/bin/python3 setup.py egg_info --egg-base ../build/wheel build --build-base /home/machine/src/build/wheel/build install --prefix /home/machine/src/install/wheel --record /home/machine/src/build/wheel/install.log --single-version-externally-managed
