[0.440s] DEBUG:colcon:Command line arguments: ['/usr/bin/colcon', 'build']
[0.441s] DEBUG:colcon:Parsed command line arguments: Namespace(ament_cmake_args=None, base_paths=['.'], build_base='build', catkin_cmake_args=None, catkin_skip_building_tests=False, cmake_args=None, cmake_clean_cache=False, cmake_clean_first=False, cmake_force_configure=False, cmake_target=None, cmake_target_skip_unavailable=False, continue_on_error=False, event_handlers=None, executor='parallel', ignore_user_meta=False, install_base='install', log_base=None, log_level=None, main=<bound method BuildVerb.main of <colcon_core.verb.build.BuildVerb object at 0x7fcc15ac78b0>>, merge_install=False, metas=['./colcon.meta'], mixin=None, mixin_files=None, mixin_verb=('build',), packages_above=None, packages_above_and_dependencies=None, packages_above_depth=None, packages_end=None, packages_ignore=None, packages_ignore_regex=None, packages_select=None, packages_select_build_failed=False, packages_select_by_dep=None, packages_select_regex=None, packages_select_test_failures=False, packages_skip=None, packages_skip_build_finished=False, packages_skip_by_dep=None, packages_skip_regex=None, packages_skip_test_passed=False, packages_skip_up_to=None, packages_start=None, packages_up_to=None, packages_up_to_regex=None, parallel_workers=2, paths=None, symlink_install=False, test_result_base=None, verb_extension=<colcon_core.verb.build.BuildVerb object at 0x7fcc15ac78b0>, verb_name='build', verb_parser=<colcon_mixin.mixin.mixin_argument.MixinArgumentDecorator object at 0x7fcc15ac7e80>)
[0.456s] Level 1:colcon.colcon_core.package_discovery:discover_packages(colcon_meta) check parameters
[0.459s] INFO:colcon.colcon_metadata.package_discovery.colcon_meta:Using configuration from '/root/.colcon/metadata/default/Gazebo.meta'
[0.462s] INFO:colcon.colcon_metadata.package_discovery.colcon_meta:Using configuration from '/root/.colcon/metadata/default/fastrtps.meta'
[0.465s] Level 1:colcon.colcon_core.package_discovery:discover_packages(recursive) check parameters
[0.467s] Level 1:colcon.colcon_core.package_discovery:discover_packages(ignore) check parameters
[0.468s] Level 1:colcon.colcon_core.package_discovery:discover_packages(path) check parameters
[0.470s] Level 1:colcon.colcon_core.package_discovery:discover_packages(colcon_meta) discover
[0.471s] Level 1:colcon.colcon_core.package_discovery:discover_packages(recursive) discover
[0.473s] INFO:colcon.colcon_core.package_discovery:Crawling recursively for packages in '/home/machine/src'
[0.475s] Level 1:colcon.colcon_core.package_identification:_identify(.) by extensions ['ignore', 'ignore_ament_install']
[0.478s] Level 1:colcon.colcon_core.package_identification:_identify(.) by extension 'ignore'
[0.481s] Level 1:colcon.colcon_core.package_identification:_identify(.) by extension 'ignore_ament_install'
[0.484s] Level 1:colcon.colcon_core.package_identification:_identify(.) by extensions ['colcon_pkg']
[0.485s] Level 1:colcon.colcon_core.package_identification:_identify(.) by extension 'colcon_pkg'
[0.488s] Level 1:colcon.colcon_core.package_identification:_identify(.) by extensions ['colcon_meta']
[0.492s] Level 1:colcon.colcon_core.package_identification:_identify(.) by extension 'colcon_meta'
[0.496s] Level 1:colcon.colcon_core.package_identification:_identify(.) by extensions ['ros']
[0.500s] Level 1:colcon.colcon_core.package_identification:_identify(.) by extension 'ros'
[0.528s] Level 1:colcon.colcon_core.package_identification:_identify(.) by extensions ['cmake', 'python']
[0.529s] Level 1:colcon.colcon_core.package_identification:_identify(.) by extension 'cmake'
[0.532s] Level 1:colcon.colcon_core.package_identification:_identify(.) by extension 'python'
[0.534s] Level 1:colcon.colcon_core.package_identification:_identify(.) by extensions ['python_setup_py']
[0.535s] Level 1:colcon.colcon_core.package_identification:_identify(.) by extension 'python_setup_py'
[0.539s] Level 1:colcon.colcon_core.package_identification:_identify(build) by extensions ['ignore', 'ignore_ament_install']
[0.540s] Level 1:colcon.colcon_core.package_identification:_identify(build) by extension 'ignore'
[0.542s] Level 1:colcon.colcon_core.package_identification:_identify(build) ignored
[0.543s] Level 1:colcon.colcon_core.package_identification:_identify(configure) by extensions ['ignore', 'ignore_ament_install']
[0.544s] Level 1:colcon.colcon_core.package_identification:_identify(configure) by extension 'ignore'
[0.547s] Level 1:colcon.colcon_core.package_identification:_identify(configure) by extension 'ignore_ament_install'
[0.551s] Level 1:colcon.colcon_core.package_identification:_identify(configure) by extensions ['colcon_pkg']
[0.552s] Level 1:colcon.colcon_core.package_identification:_identify(configure) by extension 'colcon_pkg'
[0.554s] Level 1:colcon.colcon_core.package_identification:_identify(configure) by extensions ['colcon_meta']
[0.556s] Level 1:colcon.colcon_core.package_identification:_identify(configure) by extension 'colcon_meta'
[0.557s] Level 1:colcon.colcon_core.package_identification:_identify(configure) by extensions ['ros']
[0.558s] Level 1:colcon.colcon_core.package_identification:_identify(configure) by extension 'ros'
[0.570s] DEBUG:colcon.colcon_core.package_identification:Package 'configure' with type 'ros.ament_python' and name 'configure'
[0.571s] Level 1:colcon.colcon_core.package_identification:_identify(install) by extensions ['ignore', 'ignore_ament_install']
[0.573s] Level 1:colcon.colcon_core.package_identification:_identify(install) by extension 'ignore'
[0.574s] Level 1:colcon.colcon_core.package_identification:_identify(install) ignored
[0.591s] Level 1:colcon.colcon_core.package_identification:_identify(log) by extensions ['ignore', 'ignore_ament_install']
[0.593s] Level 1:colcon.colcon_core.package_identification:_identify(log) by extension 'ignore'
[0.594s] Level 1:colcon.colcon_core.package_identification:_identify(log) ignored
[0.595s] Level 1:colcon.colcon_core.package_identification:_identify(weeding) by extensions ['ignore', 'ignore_ament_install']
[0.597s] Level 1:colcon.colcon_core.package_identification:_identify(weeding) by extension 'ignore'
[0.599s] Level 1:colcon.colcon_core.package_identification:_identify(weeding) by extension 'ignore_ament_install'
[0.602s] Level 1:colcon.colcon_core.package_identification:_identify(weeding) by extensions ['colcon_pkg']
[0.603s] Level 1:colcon.colcon_core.package_identification:_identify(weeding) by extension 'colcon_pkg'
[0.605s] Level 1:colcon.colcon_core.package_identification:_identify(weeding) by extensions ['colcon_meta']
[0.606s] Level 1:colcon.colcon_core.package_identification:_identify(weeding) by extension 'colcon_meta'
[0.607s] Level 1:colcon.colcon_core.package_identification:_identify(weeding) by extensions ['ros']
[0.608s] Level 1:colcon.colcon_core.package_identification:_identify(weeding) by extension 'ros'
[0.617s] DEBUG:colcon.colcon_core.package_identification:Package 'weeding' with type 'ros.ament_python' and name 'weeding'
[0.619s] Level 1:colcon.colcon_core.package_identification:_identify(wheel) by extensions ['ignore', 'ignore_ament_install']
[0.620s] Level 1:colcon.colcon_core.package_identification:_identify(wheel) by extension 'ignore'
[0.623s] Level 1:colcon.colcon_core.package_identification:_identify(wheel) by extension 'ignore_ament_install'
[0.626s] Level 1:colcon.colcon_core.package_identification:_identify(wheel) by extensions ['colcon_pkg']
[0.627s] Level 1:colcon.colcon_core.package_identification:_identify(wheel) by extension 'colcon_pkg'
[0.630s] Level 1:colcon.colcon_core.package_identification:_identify(wheel) by extensions ['colcon_meta']
[0.631s] Level 1:colcon.colcon_core.package_identification:_identify(wheel) by extension 'colcon_meta'
[0.632s] Level 1:colcon.colcon_core.package_identification:_identify(wheel) by extensions ['ros']
[0.633s] Level 1:colcon.colcon_core.package_identification:_identify(wheel) by extension 'ros'
[0.642s] DEBUG:colcon.colcon_core.package_identification:Package 'wheel' with type 'ros.ament_python' and name 'wheel'
[0.643s] Level 1:colcon.colcon_core.package_discovery:discover_packages(recursive) using defaults
[0.644s] Level 1:colcon.colcon_core.package_discovery:discover_packages(ignore) discover
[0.645s] Level 1:colcon.colcon_core.package_discovery:discover_packages(ignore) using defaults
[0.647s] Level 1:colcon.colcon_core.package_discovery:discover_packages(path) discover
[0.648s] Level 1:colcon.colcon_core.package_discovery:discover_packages(path) using defaults
[0.707s] Level 5:colcon.colcon_core.verb:set package 'configure' build argument 'cmake_args' from command line to 'None'
[0.717s] Level 5:colcon.colcon_core.verb:set package 'configure' build argument 'cmake_target' from command line to 'None'
[0.719s] Level 5:colcon.colcon_core.verb:set package 'configure' build argument 'cmake_target_skip_unavailable' from command line to 'False'
[0.720s] Level 5:colcon.colcon_core.verb:set package 'configure' build argument 'cmake_clean_cache' from command line to 'False'
[0.727s] Level 5:colcon.colcon_core.verb:set package 'configure' build argument 'cmake_clean_first' from command line to 'False'
[0.734s] Level 5:colcon.colcon_core.verb:set package 'configure' build argument 'cmake_force_configure' from command line to 'False'
[0.736s] Level 5:colcon.colcon_core.verb:set package 'configure' build argument 'ament_cmake_args' from command line to 'None'
[0.737s] Level 5:colcon.colcon_core.verb:set package 'configure' build argument 'catkin_cmake_args' from command line to 'None'
[0.739s] Level 5:colcon.colcon_core.verb:set package 'configure' build argument 'catkin_skip_building_tests' from command line to 'False'
[0.740s] DEBUG:colcon.colcon_core.verb:Building package 'configure' with the following arguments: {'ament_cmake_args': None, 'build_base': '/home/machine/src/build/configure', 'catkin_cmake_args': None, 'catkin_skip_building_tests': False, 'cmake_args': None, 'cmake_clean_cache': False, 'cmake_clean_first': False, 'cmake_force_configure': False, 'cmake_target': None, 'cmake_target_skip_unavailable': False, 'install_base': '/home/machine/src/install/configure', 'merge_install': False, 'path': '/home/machine/src/configure', 'symlink_install': False, 'test_result_base': None}
[0.748s] Level 5:colcon.colcon_core.verb:set package 'weeding' build argument 'cmake_args' from command line to 'None'
[0.749s] Level 5:colcon.colcon_core.verb:set package 'weeding' build argument 'cmake_target' from command line to 'None'
[0.750s] Level 5:colcon.colcon_core.verb:set package 'weeding' build argument 'cmake_target_skip_unavailable' from command line to 'False'
[0.751s] Level 5:colcon.colcon_core.verb:set package 'weeding' build argument 'cmake_clean_cache' from command line to 'False'
[0.752s] Level 5:colcon.colcon_core.verb:set package 'weeding' build argument 'cmake_clean_first' from command line to 'False'
[0.753s] Level 5:colcon.colcon_core.verb:set package 'weeding' build argument 'cmake_force_configure' from command line to 'False'
[0.754s] Level 5:colcon.colcon_core.verb:set package 'weeding' build argument 'ament_cmake_args' from command line to 'None'
[0.755s] Level 5:colcon.colcon_core.verb:set package 'weeding' build argument 'catkin_cmake_args' from command line to 'None'
[0.756s] Level 5:colcon.colcon_core.verb:set package 'weeding' build argument 'catkin_skip_building_tests' from command line to 'False'
[0.757s] DEBUG:colcon.colcon_core.verb:Building package 'weeding' with the following arguments: {'ament_cmake_args': None, 'build_base': '/home/machine/src/build/weeding', 'catkin_cmake_args': None, 'catkin_skip_building_tests': False, 'cmake_args': None, 'cmake_clean_cache': False, 'cmake_clean_first': False, 'cmake_force_configure': False, 'cmake_target': None, 'cmake_target_skip_unavailable': False, 'install_base': '/home/machine/src/install/weeding', 'merge_install': False, 'path': '/home/machine/src/weeding', 'symlink_install': False, 'test_result_base': None}
[0.763s] Level 5:colcon.colcon_core.verb:set package 'wheel' build argument 'cmake_args' from command line to 'None'
[0.764s] Level 5:colcon.colcon_core.verb:set package 'wheel' build argument 'cmake_target' from command line to 'None'
[0.765s] Level 5:colcon.colcon_core.verb:set package 'wheel' build argument 'cmake_target_skip_unavailable' from command line to 'False'
[0.766s] Level 5:colcon.colcon_core.verb:set package 'wheel' build argument 'cmake_clean_cache' from command line to 'False'
[0.767s] Level 5:colcon.colcon_core.verb:set package 'wheel' build argument 'cmake_clean_first' from command line to 'False'
[0.768s] Level 5:colcon.colcon_core.verb:set package 'wheel' build argument 'cmake_force_configure' from command line to 'False'
[0.769s] Level 5:colcon.colcon_core.verb:set package 'wheel' build argument 'ament_cmake_args' from command line to 'None'
[0.770s] Level 5:colcon.colcon_core.verb:set package 'wheel' build argument 'catkin_cmake_args' from command line to 'None'
[0.771s] Level 5:colcon.colcon_core.verb:set package 'wheel' build argument 'catkin_skip_building_tests' from command line to 'False'
[0.773s] DEBUG:colcon.colcon_core.verb:Building package 'wheel' with the following arguments: {'ament_cmake_args': None, 'build_base': '/home/machine/src/build/wheel', 'catkin_cmake_args': None, 'catkin_skip_building_tests': False, 'cmake_args': None, 'cmake_clean_cache': False, 'cmake_clean_first': False, 'cmake_force_configure': False, 'cmake_target': None, 'cmake_target_skip_unavailable': False, 'install_base': '/home/machine/src/install/wheel', 'merge_install': False, 'path': '/home/machine/src/wheel', 'symlink_install': False, 'test_result_base': None}
[0.774s] INFO:colcon.colcon_core.executor:Executing jobs using 'parallel' executor
[0.778s] DEBUG:colcon.colcon_parallel_executor.executor.parallel:run_until_complete
[0.779s] INFO:colcon.colcon_ros.task.ament_python.build:Building ROS package in '/home/machine/src/configure' with build type 'ament_python'
[0.780s] Level 1:colcon.colcon_core.shell:create_environment_hook('configure', 'ament_prefix_path')
[0.787s] INFO:colcon.colcon_core.plugin_system:Skipping extension 'colcon_core.shell.bat': Not used on non-Windows systems
[0.789s] INFO:colcon.colcon_core.shell:Creating environment hook '/home/machine/src/install/configure/share/configure/hook/ament_prefix_path.ps1'
[0.802s] INFO:colcon.colcon_core.shell:Creating environment descriptor '/home/machine/src/install/configure/share/configure/hook/ament_prefix_path.dsv'
[0.811s] INFO:colcon.colcon_core.shell:Creating environment hook '/home/machine/src/install/configure/share/configure/hook/ament_prefix_path.sh'
[0.820s] INFO:colcon.colcon_core.shell:Skip shell extension 'powershell' for command environment: Not usable outside of PowerShell
[0.821s] DEBUG:colcon.colcon_core.shell:Skip shell extension 'dsv' for command environment
[0.841s] INFO:colcon.colcon_ros.task.ament_python.build:Building ROS package in '/home/machine/src/weeding' with build type 'ament_python'
[0.845s] Level 1:colcon.colcon_core.shell:create_environment_hook('weeding', 'ament_prefix_path')
[0.853s] INFO:colcon.colcon_core.shell:Creating environment hook '/home/machine/src/install/weeding/share/weeding/hook/ament_prefix_path.ps1'
[0.866s] INFO:colcon.colcon_core.shell:Creating environment descriptor '/home/machine/src/install/weeding/share/weeding/hook/ament_prefix_path.dsv'
[0.880s] INFO:colcon.colcon_core.shell:Creating environment hook '/home/machine/src/install/weeding/share/weeding/hook/ament_prefix_path.sh'
[0.893s] INFO:colcon.colcon_core.shell:Skip shell extension 'powershell' for command environment: Not usable outside of PowerShell
[0.896s] DEBUG:colcon.colcon_core.shell:Skip shell extension 'dsv' for command environment
[1.229s] INFO:colcon.colcon_core.task.python.build:Building Python package in '/home/machine/src/configure'
[1.231s] INFO:colcon.colcon_core.shell:Skip shell extension 'powershell' for command environment: Not usable outside of PowerShell
[1.233s] DEBUG:colcon.colcon_core.shell:Skip shell extension 'dsv' for command environment
[1.589s] INFO:colcon.colcon_core.task.python.build:Building Python package in '/home/machine/src/weeding'
[1.591s] INFO:colcon.colcon_core.shell:Skip shell extension 'powershell' for command environment: Not usable outside of PowerShell
[1.592s] DEBUG:colcon.colcon_core.shell:Skip shell extension 'dsv' for command environment
[1.664s] DEBUG:colcon.colcon_core.event_handler.log_command:Invoking command in '/home/machine/src/configure': PYTHONPATH=/home/machine/src/install/configure/lib/python3.8/site-packages: /usr/bin/python3 setup.py egg_info --egg-base ../build/configure build --build-base /home/machine/src/build/configure/build install --prefix /home/machine/src/install/configure --record /home/machine/src/build/configure/install.log --single-version-externally-managed
[1.702s] DEBUG:colcon.colcon_core.event_handler.log_command:Invoking command in '/home/machine/src/weeding': PYTHONPATH=/home/machine/src/install/weeding/lib/python3.8/site-packages: /usr/bin/python3 setup.py egg_info --egg-base ../build/weeding build --build-base /home/machine/src/build/weeding/build install --prefix /home/machine/src/install/weeding --record /home/machine/src/build/weeding/install.log --single-version-externally-managed
[2.910s] Level 1:colcon.colcon_core.environment:checking '/home/machine/src/install/configure' for CMake module files
[2.919s] DEBUG:colcon.colcon_core.event_handler.log_command:Invoked command in '/home/machine/src/configure' returned '0': PYTHONPATH=/home/machine/src/install/configure/lib/python3.8/site-packages: /usr/bin/python3 setup.py egg_info --egg-base ../build/configure build --build-base /home/machine/src/build/configure/build install --prefix /home/machine/src/install/configure --record /home/machine/src/build/configure/install.log --single-version-externally-managed
[2.980s] Level 1:colcon.colcon_core.environment:checking '/home/machine/src/install/configure' for CMake config files
[2.996s] Level 1:colcon.colcon_core.environment:checking '/home/machine/src/install/configure/lib'
[3.015s] Level 1:colcon.colcon_core.environment:checking '/home/machine/src/install/configure/bin'
[3.018s] Level 1:colcon.colcon_core.environment:checking '/home/machine/src/install/configure/lib/pkgconfig/configure.pc'
[3.022s] Level 1:colcon.colcon_core.environment:checking '/home/machine/src/install/configure/lib/python3.8/site-packages'
[3.023s] Level 1:colcon.colcon_core.shell:create_environment_hook('configure', 'pythonpath')
[3.030s] INFO:colcon.colcon_core.shell:Creating environment hook '/home/machine/src/install/configure/share/configure/hook/pythonpath.ps1'
[3.042s] INFO:colcon.colcon_core.shell:Creating environment descriptor '/home/machine/src/install/configure/share/configure/hook/pythonpath.dsv'
[3.054s] INFO:colcon.colcon_core.shell:Creating environment hook '/home/machine/src/install/configure/share/configure/hook/pythonpath.sh'
[3.068s] Level 1:colcon.colcon_core.environment:create_environment_scripts_only(configure)
[3.079s] INFO:colcon.colcon_core.shell:Creating package script '/home/machine/src/install/configure/share/configure/package.ps1'
[3.097s] INFO:colcon.colcon_core.shell:Creating package descriptor '/home/machine/src/install/configure/share/configure/package.dsv'
[3.111s] INFO:colcon.colcon_core.shell:Creating package script '/home/machine/src/install/configure/share/configure/package.sh'
[3.157s] INFO:colcon.colcon_core.shell:Creating package script '/home/machine/src/install/configure/share/configure/package.bash'
[3.215s] INFO:colcon.colcon_core.shell:Creating package script '/home/machine/src/install/configure/share/configure/package.zsh'
[3.240s] Level 1:colcon.colcon_core.environment:create_file_with_runtime_dependencies(/home/machine/src/install/configure/share/colcon-core/packages/configure)
[3.256s] INFO:colcon.colcon_ros.task.ament_python.build:Building ROS package in '/home/machine/src/wheel' with build type 'ament_python'
[3.264s] Level 1:colcon.colcon_core.shell:create_environment_hook('wheel', 'ament_prefix_path')
[3.269s] INFO:colcon.colcon_core.shell:Creating environment hook '/home/machine/src/install/wheel/share/wheel/hook/ament_prefix_path.ps1'
[3.315s] INFO:colcon.colcon_core.shell:Creating environment descriptor '/home/machine/src/install/wheel/share/wheel/hook/ament_prefix_path.dsv'
[3.337s] INFO:colcon.colcon_core.shell:Creating environment hook '/home/machine/src/install/wheel/share/wheel/hook/ament_prefix_path.sh'
[3.380s] INFO:colcon.colcon_core.shell:Skip shell extension 'powershell' for command environment: Not usable outside of PowerShell
[3.387s] DEBUG:colcon.colcon_core.shell:Skip shell extension 'dsv' for command environment
[3.424s] Level 1:colcon.colcon_core.environment:checking '/home/machine/src/install/weeding' for CMake module files
[3.430s] DEBUG:colcon.colcon_core.event_handler.log_command:Invoked command in '/home/machine/src/weeding' returned '0': PYTHONPATH=/home/machine/src/install/weeding/lib/python3.8/site-packages: /usr/bin/python3 setup.py egg_info --egg-base ../build/weeding build --build-base /home/machine/src/build/weeding/build install --prefix /home/machine/src/install/weeding --record /home/machine/src/build/weeding/install.log --single-version-externally-managed
[3.474s] Level 1:colcon.colcon_core.environment:checking '/home/machine/src/install/weeding' for CMake config files
[3.489s] Level 1:colcon.colcon_core.environment:checking '/home/machine/src/install/weeding/lib'
[3.492s] Level 1:colcon.colcon_core.environment:checking '/home/machine/src/install/weeding/bin'
[3.498s] Level 1:colcon.colcon_core.environment:checking '/home/machine/src/install/weeding/lib/pkgconfig/weeding.pc'
[3.503s] Level 1:colcon.colcon_core.environment:checking '/home/machine/src/install/weeding/lib/python3.8/site-packages'
[3.505s] Level 1:colcon.colcon_core.shell:create_environment_hook('weeding', 'pythonpath')
[3.510s] INFO:colcon.colcon_core.shell:Creating environment hook '/home/machine/src/install/weeding/share/weeding/hook/pythonpath.ps1'
[3.522s] INFO:colcon.colcon_core.shell:Creating environment descriptor '/home/machine/src/install/weeding/share/weeding/hook/pythonpath.dsv'
[3.539s] INFO:colcon.colcon_core.shell:Creating environment hook '/home/machine/src/install/weeding/share/weeding/hook/pythonpath.sh'
[3.561s] Level 1:colcon.colcon_core.environment:create_environment_scripts_only(weeding)
[3.566s] INFO:colcon.colcon_core.shell:Creating package script '/home/machine/src/install/weeding/share/weeding/package.ps1'
[3.576s] INFO:colcon.colcon_core.shell:Creating package descriptor '/home/machine/src/install/weeding/share/weeding/package.dsv'
[3.588s] INFO:colcon.colcon_core.shell:Creating package script '/home/machine/src/install/weeding/share/weeding/package.sh'
[3.601s] INFO:colcon.colcon_core.shell:Creating package script '/home/machine/src/install/weeding/share/weeding/package.bash'
[3.612s] INFO:colcon.colcon_core.shell:Creating package script '/home/machine/src/install/weeding/share/weeding/package.zsh'
[3.637s] Level 1:colcon.colcon_core.environment:create_file_with_runtime_dependencies(/home/machine/src/install/weeding/share/colcon-core/packages/weeding)
[4.083s] INFO:colcon.colcon_core.task.python.build:Building Python package in '/home/machine/src/wheel'
[4.085s] INFO:colcon.colcon_core.shell:Skip shell extension 'powershell' for command environment: Not usable outside of PowerShell
[4.087s] DEBUG:colcon.colcon_core.shell:Skip shell extension 'dsv' for command environment
[4.157s] DEBUG:colcon.colcon_core.event_handler.log_command:Invoking command in '/home/machine/src/wheel': PYTHONPATH=/home/machine/src/install/wheel/lib/python3.8/site-packages: /usr/bin/python3 setup.py egg_info --egg-base ../build/wheel build --build-base /home/machine/src/build/wheel/build install --prefix /home/machine/src/install/wheel --record /home/machine/src/build/wheel/install.log --single-version-externally-managed
[4.962s] Level 1:colcon.colcon_core.environment:checking '/home/machine/src/install/wheel' for CMake module files
[4.967s] DEBUG:colcon.colcon_core.event_handler.log_command:Invoked command in '/home/machine/src/wheel' returned '0': PYTHONPATH=/home/machine/src/install/wheel/lib/python3.8/site-packages: /usr/bin/python3 setup.py egg_info --egg-base ../build/wheel build --build-base /home/machine/src/build/wheel/build install --prefix /home/machine/src/install/wheel --record /home/machine/src/build/wheel/install.log --single-version-externally-managed
[5.012s] Level 1:colcon.colcon_core.environment:checking '/home/machine/src/install/wheel' for CMake config files
[5.037s] Level 1:colcon.colcon_core.environment:checking '/home/machine/src/install/wheel/lib'
[5.049s] Level 1:colcon.colcon_core.environment:checking '/home/machine/src/install/wheel/bin'
[5.079s] Level 1:colcon.colcon_core.environment:checking '/home/machine/src/install/wheel/lib/pkgconfig/wheel.pc'
[5.104s] Level 1:colcon.colcon_core.environment:checking '/home/machine/src/install/wheel/lib/python3.8/site-packages'
[5.110s] Level 1:colcon.colcon_core.shell:create_environment_hook('wheel', 'pythonpath')
[5.113s] INFO:colcon.colcon_core.shell:Creating environment hook '/home/machine/src/install/wheel/share/wheel/hook/pythonpath.ps1'
[5.141s] INFO:colcon.colcon_core.shell:Creating environment descriptor '/home/machine/src/install/wheel/share/wheel/hook/pythonpath.dsv'
[5.155s] INFO:colcon.colcon_core.shell:Creating environment hook '/home/machine/src/install/wheel/share/wheel/hook/pythonpath.sh'
[5.164s] Level 1:colcon.colcon_core.environment:create_environment_scripts_only(wheel)
[5.167s] INFO:colcon.colcon_core.shell:Creating package script '/home/machine/src/install/wheel/share/wheel/package.ps1'
[5.176s] INFO:colcon.colcon_core.shell:Creating package descriptor '/home/machine/src/install/wheel/share/wheel/package.dsv'
[5.186s] INFO:colcon.colcon_core.shell:Creating package script '/home/machine/src/install/wheel/share/wheel/package.sh'
[5.199s] INFO:colcon.colcon_core.shell:Creating package script '/home/machine/src/install/wheel/share/wheel/package.bash'
[5.209s] INFO:colcon.colcon_core.shell:Creating package script '/home/machine/src/install/wheel/share/wheel/package.zsh'
[5.221s] Level 1:colcon.colcon_core.environment:create_file_with_runtime_dependencies(/home/machine/src/install/wheel/share/colcon-core/packages/wheel)
[5.231s] DEBUG:colcon.colcon_parallel_executor.executor.parallel:closing loop
[5.240s] DEBUG:colcon.colcon_parallel_executor.executor.parallel:loop closed
[5.250s] DEBUG:colcon.colcon_parallel_executor.executor.parallel:run_until_complete finished with '0'
[5.255s] DEBUG:colcon.colcon_core.event_reactor:joining thread
[5.276s] INFO:colcon.colcon_core.plugin_system:Skipping extension 'colcon_notification.desktop_notification.notify_send': Could not find 'notify-send'
[5.283s] INFO:colcon.colcon_core.plugin_system:Skipping extension 'colcon_notification.desktop_notification.terminal_notifier': Not used on non-Darwin systems
[5.287s] INFO:colcon.colcon_core.plugin_system:Skipping extension 'colcon_notification.desktop_notification.win32': Not used on non-Windows systems
[5.289s] INFO:colcon.colcon_notification.desktop_notification:Sending desktop notification using 'notify2'
[5.290s] DEBUG:colcon.colcon_notification.desktop_notification.notify2:Failed to initialize notify2: org.freedesktop.DBus.Error.NotSupported: Unable to autolaunch a dbus-daemon without a $DISPLAY for X11
[5.292s] DEBUG:colcon.colcon_core.event_reactor:joined thread
[5.294s] INFO:colcon.colcon_core.shell:Creating prefix script '/home/machine/src/install/local_setup.ps1'
[5.310s] INFO:colcon.colcon_core.shell:Creating prefix util module '/home/machine/src/install/_local_setup_util_ps1.py'
[5.322s] INFO:colcon.colcon_core.shell:Creating prefix chain script '/home/machine/src/install/setup.ps1'
[5.343s] INFO:colcon.colcon_core.shell:Creating prefix script '/home/machine/src/install/local_setup.sh'
[5.354s] INFO:colcon.colcon_core.shell:Creating prefix util module '/home/machine/src/install/_local_setup_util_sh.py'
[5.364s] INFO:colcon.colcon_core.shell:Creating prefix chain script '/home/machine/src/install/setup.sh'
[5.381s] INFO:colcon.colcon_core.shell:Creating prefix script '/home/machine/src/install/local_setup.bash'
[5.391s] INFO:colcon.colcon_core.shell:Creating prefix chain script '/home/machine/src/install/setup.bash'
[5.401s] INFO:colcon.colcon_core.shell:Creating prefix script '/home/machine/src/install/local_setup.zsh'
[5.409s] INFO:colcon.colcon_core.shell:Creating prefix chain script '/home/machine/src/install/setup.zsh'
