[2.776s] Invoking command in '/media/psf/Home/Desktop/machine/src/config': PYTHONPATH=/media/psf/Home/Desktop/machine/src/install/config/lib/python3.8/site-packages:${PYTHONPATH} /usr/bin/python3 setup.py egg_info --egg-base ../build/config build --build-base /media/psf/Home/Desktop/machine/src/build/config/build install --prefix /media/psf/Home/Desktop/machine/src/install/config --record /media/psf/Home/Desktop/machine/src/build/config/install.log --single-version-externally-managed
[3.059s] /home/parallels/.local/lib/python3.8/site-packages/setuptools/dist.py:772: UserWarning: Usage of dash-separated 'script-dir' will not be supported in future versions. Please use the underscore name 'script_dir' instead
[3.060s]   warnings.warn(
[3.060s] /home/parallels/.local/lib/python3.8/site-packages/setuptools/dist.py:772: UserWarning: Usage of dash-separated 'install-scripts' will not be supported in future versions. Please use the underscore name 'install_scripts' instead
[3.060s]   warnings.warn(
[3.747s] running egg_info
[3.748s] creating ../build/config/config.egg-info
[3.815s] writing ../build/config/config.egg-info/PKG-INFO
[3.871s] writing dependency_links to ../build/config/config.egg-info/dependency_links.txt
[4.137s] writing requirements to ../build/config/config.egg-info/requires.txt
[4.194s] writing top-level names to ../build/config/config.egg-info/top_level.txt
[4.198s] writing manifest file '../build/config/config.egg-info/SOURCES.txt'
[4.291s] reading manifest file '../build/config/config.egg-info/SOURCES.txt'
[4.294s] writing manifest file '../build/config/config.egg-info/SOURCES.txt'
[4.295s] running build
[4.296s] running build_py
[4.297s] creating /media/psf/Home/Desktop/machine/src/build/config/build
[4.298s] creating /media/psf/Home/Desktop/machine/src/build/config/build/lib
[4.299s] creating /media/psf/Home/Desktop/machine/src/build/config/build/lib/config
[4.300s] copying config/__init__.py -> /media/psf/Home/Desktop/machine/src/build/config/build/lib/config
[4.305s] running install
[4.306s] /home/parallels/.local/lib/python3.8/site-packages/setuptools/command/install.py:34: SetuptoolsDeprecationWarning: setup.py install is deprecated. Use build and pip and other standards-based tools.
[4.307s]   warnings.warn(
[4.313s] running install_lib
[4.391s] creating /media/psf/Home/Desktop/machine/src/install/config/lib/python3.8/site-packages/config
[4.392s] copying /media/psf/Home/Desktop/machine/src/build/config/build/lib/config/__init__.py -> /media/psf/Home/Desktop/machine/src/install/config/lib/python3.8/site-packages/config
[4.396s] byte-compiling /media/psf/Home/Desktop/machine/src/install/config/lib/python3.8/site-packages/config/__init__.py to __init__.cpython-38.pyc
[4.398s] running install_data
[4.415s] creating /media/psf/Home/Desktop/machine/src/install/config/share/ament_index
[4.415s] creating /media/psf/Home/Desktop/machine/src/install/config/share/ament_index/resource_index
[4.416s] creating /media/psf/Home/Desktop/machine/src/install/config/share/ament_index/resource_index/packages
[4.417s] copying resource/config -> /media/psf/Home/Desktop/machine/src/install/config/share/ament_index/resource_index/packages
[4.419s] copying package.xml -> /media/psf/Home/Desktop/machine/src/install/config/share/config
[4.422s] running install_egg_info
[4.509s] Copying ../build/config/config.egg-info to /media/psf/Home/Desktop/machine/src/install/config/lib/python3.8/site-packages/config-0.0.0-py3.8.egg-info
[4.525s] running install_scripts
[4.651s] writing list of installed files to '/media/psf/Home/Desktop/machine/src/build/config/install.log'
[4.696s] Invoked command in '/media/psf/Home/Desktop/machine/src/config' returned '0': PYTHONPATH=/media/psf/Home/Desktop/machine/src/install/config/lib/python3.8/site-packages:${PYTHONPATH} /usr/bin/python3 setup.py egg_info --egg-base ../build/config build --build-base /media/psf/Home/Desktop/machine/src/build/config/build install --prefix /media/psf/Home/Desktop/machine/src/install/config --record /media/psf/Home/Desktop/machine/src/build/config/install.log --single-version-externally-managed
