[0.566s] DEBUG:colcon:Command line arguments: ['/usr/bin/colcon', 'build']
[0.568s] DEBUG:colcon:Parsed command line arguments: Namespace(ament_cmake_args=None, base_paths=['.'], build_base='build', catkin_cmake_args=None, catkin_skip_building_tests=False, cmake_args=None, cmake_clean_cache=False, cmake_clean_first=False, cmake_force_configure=False, cmake_target=None, cmake_target_skip_unavailable=False, continue_on_error=False, event_handlers=None, executor='parallel', ignore_user_meta=False, install_base='install', log_base=None, log_level=None, main=<bound method BuildVerb.main of <colcon_core.verb.build.BuildVerb object at 0x7f885e001f40>>, merge_install=False, metas=['./colcon.meta'], mixin=None, mixin_files=None, mixin_verb=('build',), packages_above=None, packages_above_and_dependencies=None, packages_above_depth=None, packages_end=None, packages_ignore=None, packages_ignore_regex=None, packages_select=None, packages_select_build_failed=False, packages_select_by_dep=None, packages_select_regex=None, packages_select_test_failures=False, packages_skip=None, packages_skip_build_finished=False, packages_skip_by_dep=None, packages_skip_regex=None, packages_skip_test_passed=False, packages_skip_up_to=None, packages_start=None, packages_up_to=None, packages_up_to_regex=None, parallel_workers=2, paths=None, symlink_install=False, test_result_base=None, verb_extension=<colcon_core.verb.build.BuildVerb object at 0x7f885e001f40>, verb_name='build', verb_parser=<colcon_mixin.mixin.mixin_argument.MixinArgumentDecorator object at 0x7f885e00e580>)
[0.587s] Level 1:colcon.colcon_core.package_discovery:discover_packages(colcon_meta) check parameters
[0.589s] INFO:colcon.colcon_metadata.package_discovery.colcon_meta:Using configuration from '/root/.colcon/metadata/default/Gazebo.meta'
[0.592s] INFO:colcon.colcon_metadata.package_discovery.colcon_meta:Using configuration from '/root/.colcon/metadata/default/fastrtps.meta'
[0.594s] Level 1:colcon.colcon_core.package_discovery:discover_packages(recursive) check parameters
[0.596s] Level 1:colcon.colcon_core.package_discovery:discover_packages(ignore) check parameters
[0.597s] Level 1:colcon.colcon_core.package_discovery:discover_packages(path) check parameters
[0.598s] Level 1:colcon.colcon_core.package_discovery:discover_packages(colcon_meta) discover
[0.599s] Level 1:colcon.colcon_core.package_discovery:discover_packages(recursive) discover
[0.601s] INFO:colcon.colcon_core.package_discovery:Crawling recursively for packages in '/home/machine/src'
[0.603s] Level 1:colcon.colcon_core.package_identification:_identify(.) by extensions ['ignore', 'ignore_ament_install']
[0.604s] Level 1:colcon.colcon_core.package_identification:_identify(.) by extension 'ignore'
[0.606s] Level 1:colcon.colcon_core.package_identification:_identify(.) by extension 'ignore_ament_install'
[0.610s] Level 1:colcon.colcon_core.package_identification:_identify(.) by extensions ['colcon_pkg']
[0.612s] Level 1:colcon.colcon_core.package_identification:_identify(.) by extension 'colcon_pkg'
[0.614s] Level 1:colcon.colcon_core.package_identification:_identify(.) by extensions ['colcon_meta']
[0.616s] Level 1:colcon.colcon_core.package_identification:_identify(.) by extension 'colcon_meta'
[0.617s] Level 1:colcon.colcon_core.package_identification:_identify(.) by extensions ['ros']
[0.619s] Level 1:colcon.colcon_core.package_identification:_identify(.) by extension 'ros'
[0.659s] Level 1:colcon.colcon_core.package_identification:_identify(.) by extensions ['cmake', 'python']
[0.660s] Level 1:colcon.colcon_core.package_identification:_identify(.) by extension 'cmake'
[0.663s] Level 1:colcon.colcon_core.package_identification:_identify(.) by extension 'python'
[0.665s] Level 1:colcon.colcon_core.package_identification:_identify(.) by extensions ['python_setup_py']
[0.667s] Level 1:colcon.colcon_core.package_identification:_identify(.) by extension 'python_setup_py'
[0.670s] Level 1:colcon.colcon_core.package_identification:_identify(build) by extensions ['ignore', 'ignore_ament_install']
[0.672s] Level 1:colcon.colcon_core.package_identification:_identify(build) by extension 'ignore'
[0.673s] Level 1:colcon.colcon_core.package_identification:_identify(build) ignored
[0.674s] Level 1:colcon.colcon_core.package_identification:_identify(configure) by extensions ['ignore', 'ignore_ament_install']
[0.676s] Level 1:colcon.colcon_core.package_identification:_identify(configure) by extension 'ignore'
[0.679s] Level 1:colcon.colcon_core.package_identification:_identify(configure) by extension 'ignore_ament_install'
[0.682s] Level 1:colcon.colcon_core.package_identification:_identify(configure) by extensions ['colcon_pkg']
[0.683s] Level 1:colcon.colcon_core.package_identification:_identify(configure) by extension 'colcon_pkg'
[0.685s] Level 1:colcon.colcon_core.package_identification:_identify(configure) by extensions ['colcon_meta']
[0.686s] Level 1:colcon.colcon_core.package_identification:_identify(configure) by extension 'colcon_meta'
[0.687s] Level 1:colcon.colcon_core.package_identification:_identify(configure) by extensions ['ros']
[0.688s] Level 1:colcon.colcon_core.package_identification:_identify(configure) by extension 'ros'
[0.700s] DEBUG:colcon.colcon_core.package_identification:Package 'configure' with type 'ros.ament_python' and name 'configure'
[0.703s] Level 1:colcon.colcon_core.package_identification:_identify(install) by extensions ['ignore', 'ignore_ament_install']
[0.704s] Level 1:colcon.colcon_core.package_identification:_identify(install) by extension 'ignore'
[0.705s] Level 1:colcon.colcon_core.package_identification:_identify(install) ignored
[0.721s] Level 1:colcon.colcon_core.package_identification:_identify(log) by extensions ['ignore', 'ignore_ament_install']
[0.723s] Level 1:colcon.colcon_core.package_identification:_identify(log) by extension 'ignore'
[0.724s] Level 1:colcon.colcon_core.package_identification:_identify(log) ignored
[0.725s] Level 1:colcon.colcon_core.package_identification:_identify(weeding) by extensions ['ignore', 'ignore_ament_install']
[0.726s] Level 1:colcon.colcon_core.package_identification:_identify(weeding) by extension 'ignore'
[0.728s] Level 1:colcon.colcon_core.package_identification:_identify(weeding) by extension 'ignore_ament_install'
[0.732s] Level 1:colcon.colcon_core.package_identification:_identify(weeding) by extensions ['colcon_pkg']
[0.733s] Level 1:colcon.colcon_core.package_identification:_identify(weeding) by extension 'colcon_pkg'
[0.736s] Level 1:colcon.colcon_core.package_identification:_identify(weeding) by extensions ['colcon_meta']
[0.737s] Level 1:colcon.colcon_core.package_identification:_identify(weeding) by extension 'colcon_meta'
[0.738s] Level 1:colcon.colcon_core.package_identification:_identify(weeding) by extensions ['ros']
[0.739s] Level 1:colcon.colcon_core.package_identification:_identify(weeding) by extension 'ros'
[0.746s] DEBUG:colcon.colcon_core.package_identification:Package 'weeding' with type 'ros.ament_python' and name 'weeding'
[0.748s] Level 1:colcon.colcon_core.package_identification:_identify(wheel) by extensions ['ignore', 'ignore_ament_install']
[0.749s] Level 1:colcon.colcon_core.package_identification:_identify(wheel) by extension 'ignore'
[0.752s] Level 1:colcon.colcon_core.package_identification:_identify(wheel) by extension 'ignore_ament_install'
[0.757s] Level 1:colcon.colcon_core.package_identification:_identify(wheel) by extensions ['colcon_pkg']
[0.758s] Level 1:colcon.colcon_core.package_identification:_identify(wheel) by extension 'colcon_pkg'
[0.763s] Level 1:colcon.colcon_core.package_identification:_identify(wheel) by extensions ['colcon_meta']
[0.766s] Level 1:colcon.colcon_core.package_identification:_identify(wheel) by extension 'colcon_meta'
[0.770s] Level 1:colcon.colcon_core.package_identification:_identify(wheel) by extensions ['ros']
[0.773s] Level 1:colcon.colcon_core.package_identification:_identify(wheel) by extension 'ros'
[0.783s] DEBUG:colcon.colcon_core.package_identification:Package 'wheel' with type 'ros.ament_python' and name 'wheel'
[0.785s] Level 1:colcon.colcon_core.package_discovery:discover_packages(recursive) using defaults
[0.788s] Level 1:colcon.colcon_core.package_discovery:discover_packages(ignore) discover
[0.791s] Level 1:colcon.colcon_core.package_discovery:discover_packages(ignore) using defaults
[0.793s] Level 1:colcon.colcon_core.package_discovery:discover_packages(path) discover
[0.794s] Level 1:colcon.colcon_core.package_discovery:discover_packages(path) using defaults
[0.831s] Level 5:colcon.colcon_core.verb:set package 'configure' build argument 'cmake_args' from command line to 'None'
[0.832s] Level 5:colcon.colcon_core.verb:set package 'configure' build argument 'cmake_target' from command line to 'None'
[0.834s] Level 5:colcon.colcon_core.verb:set package 'configure' build argument 'cmake_target_skip_unavailable' from command line to 'False'
[0.835s] Level 5:colcon.colcon_core.verb:set package 'configure' build argument 'cmake_clean_cache' from command line to 'False'
[0.836s] Level 5:colcon.colcon_core.verb:set package 'configure' build argument 'cmake_clean_first' from command line to 'False'
[0.837s] Level 5:colcon.colcon_core.verb:set package 'configure' build argument 'cmake_force_configure' from command line to 'False'
[0.838s] Level 5:colcon.colcon_core.verb:set package 'configure' build argument 'ament_cmake_args' from command line to 'None'
[0.839s] Level 5:colcon.colcon_core.verb:set package 'configure' build argument 'catkin_cmake_args' from command line to 'None'
[0.840s] Level 5:colcon.colcon_core.verb:set package 'configure' build argument 'catkin_skip_building_tests' from command line to 'False'
[0.841s] DEBUG:colcon.colcon_core.verb:Building package 'configure' with the following arguments: {'ament_cmake_args': None, 'build_base': '/home/machine/src/build/configure', 'catkin_cmake_args': None, 'catkin_skip_building_tests': False, 'cmake_args': None, 'cmake_clean_cache': False, 'cmake_clean_first': False, 'cmake_force_configure': False, 'cmake_target': None, 'cmake_target_skip_unavailable': False, 'install_base': '/home/machine/src/install/configure', 'merge_install': False, 'path': '/home/machine/src/configure', 'symlink_install': False, 'test_result_base': None}
[0.848s] Level 5:colcon.colcon_core.verb:set package 'weeding' build argument 'cmake_args' from command line to 'None'
[0.850s] Level 5:colcon.colcon_core.verb:set package 'weeding' build argument 'cmake_target' from command line to 'None'
[0.852s] Level 5:colcon.colcon_core.verb:set package 'weeding' build argument 'cmake_target_skip_unavailable' from command line to 'False'
[0.853s] Level 5:colcon.colcon_core.verb:set package 'weeding' build argument 'cmake_clean_cache' from command line to 'False'
[0.855s] Level 5:colcon.colcon_core.verb:set package 'weeding' build argument 'cmake_clean_first' from command line to 'False'
[0.856s] Level 5:colcon.colcon_core.verb:set package 'weeding' build argument 'cmake_force_configure' from command line to 'False'
[0.857s] Level 5:colcon.colcon_core.verb:set package 'weeding' build argument 'ament_cmake_args' from command line to 'None'
[0.859s] Level 5:colcon.colcon_core.verb:set package 'weeding' build argument 'catkin_cmake_args' from command line to 'None'
[0.860s] Level 5:colcon.colcon_core.verb:set package 'weeding' build argument 'catkin_skip_building_tests' from command line to 'False'
[0.862s] DEBUG:colcon.colcon_core.verb:Building package 'weeding' with the following arguments: {'ament_cmake_args': None, 'build_base': '/home/machine/src/build/weeding', 'catkin_cmake_args': None, 'catkin_skip_building_tests': False, 'cmake_args': None, 'cmake_clean_cache': False, 'cmake_clean_first': False, 'cmake_force_configure': False, 'cmake_target': None, 'cmake_target_skip_unavailable': False, 'install_base': '/home/machine/src/install/weeding', 'merge_install': False, 'path': '/home/machine/src/weeding', 'symlink_install': False, 'test_result_base': None}
[0.869s] Level 5:colcon.colcon_core.verb:set package 'wheel' build argument 'cmake_args' from command line to 'None'
[0.872s] Level 5:colcon.colcon_core.verb:set package 'wheel' build argument 'cmake_target' from command line to 'None'
[0.876s] Level 5:colcon.colcon_core.verb:set package 'wheel' build argument 'cmake_target_skip_unavailable' from command line to 'False'
[0.878s] Level 5:colcon.colcon_core.verb:set package 'wheel' build argument 'cmake_clean_cache' from command line to 'False'
[0.882s] Level 5:colcon.colcon_core.verb:set package 'wheel' build argument 'cmake_clean_first' from command line to 'False'
[0.885s] Level 5:colcon.colcon_core.verb:set package 'wheel' build argument 'cmake_force_configure' from command line to 'False'
[0.888s] Level 5:colcon.colcon_core.verb:set package 'wheel' build argument 'ament_cmake_args' from command line to 'None'
[0.892s] Level 5:colcon.colcon_core.verb:set package 'wheel' build argument 'catkin_cmake_args' from command line to 'None'
[0.895s] Level 5:colcon.colcon_core.verb:set package 'wheel' build argument 'catkin_skip_building_tests' from command line to 'False'
[0.897s] DEBUG:colcon.colcon_core.verb:Building package 'wheel' with the following arguments: {'ament_cmake_args': None, 'build_base': '/home/machine/src/build/wheel', 'catkin_cmake_args': None, 'catkin_skip_building_tests': False, 'cmake_args': None, 'cmake_clean_cache': False, 'cmake_clean_first': False, 'cmake_force_configure': False, 'cmake_target': None, 'cmake_target_skip_unavailable': False, 'install_base': '/home/machine/src/install/wheel', 'merge_install': False, 'path': '/home/machine/src/wheel', 'symlink_install': False, 'test_result_base': None}
[0.900s] INFO:colcon.colcon_core.executor:Executing jobs using 'parallel' executor
[0.912s] DEBUG:colcon.colcon_parallel_executor.executor.parallel:run_until_complete
[0.918s] INFO:colcon.colcon_ros.task.ament_python.build:Building ROS package in '/home/machine/src/configure' with build type 'ament_python'
[0.922s] Level 1:colcon.colcon_core.shell:create_environment_hook('configure', 'ament_prefix_path')
[0.948s] INFO:colcon.colcon_core.plugin_system:Skipping extension 'colcon_core.shell.bat': Not used on non-Windows systems
[0.960s] INFO:colcon.colcon_core.shell:Creating environment hook '/home/machine/src/install/configure/share/configure/hook/ament_prefix_path.ps1'
[0.974s] INFO:colcon.colcon_core.shell:Creating environment descriptor '/home/machine/src/install/configure/share/configure/hook/ament_prefix_path.dsv'
[1.002s] INFO:colcon.colcon_core.shell:Creating environment hook '/home/machine/src/install/configure/share/configure/hook/ament_prefix_path.sh'
[1.010s] INFO:colcon.colcon_core.shell:Skip shell extension 'powershell' for command environment: Not usable outside of PowerShell
[1.012s] DEBUG:colcon.colcon_core.shell:Skip shell extension 'dsv' for command environment
[1.077s] DEBUG:colcon.colcon_core.shell:Ignoring prefix path '/opt/ros/foxy'
[1.100s] INFO:colcon.colcon_ros.task.ament_python.build:Building ROS package in '/home/machine/src/weeding' with build type 'ament_python'
[1.118s] Level 1:colcon.colcon_core.shell:create_environment_hook('weeding', 'ament_prefix_path')
[1.130s] INFO:colcon.colcon_core.shell:Creating environment hook '/home/machine/src/install/weeding/share/weeding/hook/ament_prefix_path.ps1'
[1.147s] INFO:colcon.colcon_core.shell:Creating environment descriptor '/home/machine/src/install/weeding/share/weeding/hook/ament_prefix_path.dsv'
[1.165s] INFO:colcon.colcon_core.shell:Creating environment hook '/home/machine/src/install/weeding/share/weeding/hook/ament_prefix_path.sh'
[1.182s] INFO:colcon.colcon_core.shell:Skip shell extension 'powershell' for command environment: Not usable outside of PowerShell
[1.184s] DEBUG:colcon.colcon_core.shell:Skip shell extension 'dsv' for command environment
[1.205s] DEBUG:colcon.colcon_core.shell:Ignoring prefix path '/opt/ros/foxy'
[1.650s] INFO:colcon.colcon_core.task.python.build:Building Python package in '/home/machine/src/configure'
[1.653s] INFO:colcon.colcon_core.shell:Skip shell extension 'powershell' for command environment: Not usable outside of PowerShell
[1.655s] DEBUG:colcon.colcon_core.shell:Skip shell extension 'dsv' for command environment
[1.679s] DEBUG:colcon.colcon_core.shell:Ignoring prefix path '/opt/ros/foxy'
[2.159s] INFO:colcon.colcon_core.task.python.build:Building Python package in '/home/machine/src/weeding'
[2.161s] INFO:colcon.colcon_core.shell:Skip shell extension 'powershell' for command environment: Not usable outside of PowerShell
[2.163s] DEBUG:colcon.colcon_core.shell:Skip shell extension 'dsv' for command environment
[2.180s] DEBUG:colcon.colcon_core.shell:Ignoring prefix path '/opt/ros/foxy'
[2.266s] DEBUG:colcon.colcon_core.event_handler.log_command:Invoking command in '/home/machine/src/configure': PYTHONPATH=/home/machine/src/install/configure/lib/python3.8/site-packages:${PYTHONPATH} /usr/bin/python3 setup.py egg_info --egg-base ../build/configure build --build-base /home/machine/src/build/configure/build install --prefix /home/machine/src/install/configure --record /home/machine/src/build/configure/install.log --single-version-externally-managed
[2.324s] DEBUG:colcon.colcon_core.event_handler.log_command:Invoking command in '/home/machine/src/weeding': PYTHONPATH=/home/machine/src/install/weeding/lib/python3.8/site-packages:${PYTHONPATH} /usr/bin/python3 setup.py egg_info --egg-base ../build/weeding build --build-base /home/machine/src/build/weeding/build install --prefix /home/machine/src/install/weeding --record /home/machine/src/build/weeding/install.log --single-version-externally-managed
[3.580s] Level 1:colcon.colcon_core.environment:checking '/home/machine/src/install/configure' for CMake module files
[3.624s] DEBUG:colcon.colcon_core.event_handler.log_command:Invoked command in '/home/machine/src/configure' returned '0': PYTHONPATH=/home/machine/src/install/configure/lib/python3.8/site-packages:${PYTHONPATH} /usr/bin/python3 setup.py egg_info --egg-base ../build/configure build --build-base /home/machine/src/build/configure/build install --prefix /home/machine/src/install/configure --record /home/machine/src/build/configure/install.log --single-version-externally-managed
[3.724s] Level 1:colcon.colcon_core.environment:checking '/home/machine/src/install/configure' for CMake config files
[3.736s] Level 1:colcon.colcon_core.environment:checking '/home/machine/src/install/configure/lib'
[3.747s] Level 1:colcon.colcon_core.environment:checking '/home/machine/src/install/configure/bin'
[3.760s] Level 1:colcon.colcon_core.environment:checking '/home/machine/src/install/configure/lib/pkgconfig/configure.pc'
[3.775s] Level 1:colcon.colcon_core.environment:checking '/home/machine/src/install/configure/lib/python3.8/site-packages'
[3.778s] Level 1:colcon.colcon_core.shell:create_environment_hook('configure', 'pythonpath')
[3.797s] INFO:colcon.colcon_core.shell:Creating environment hook '/home/machine/src/install/configure/share/configure/hook/pythonpath.ps1'
[3.818s] INFO:colcon.colcon_core.shell:Creating environment descriptor '/home/machine/src/install/configure/share/configure/hook/pythonpath.dsv'
[3.835s] INFO:colcon.colcon_core.shell:Creating environment hook '/home/machine/src/install/configure/share/configure/hook/pythonpath.sh'
[3.861s] Level 1:colcon.colcon_core.environment:create_environment_scripts_only(configure)
[3.866s] INFO:colcon.colcon_core.shell:Creating package script '/home/machine/src/install/configure/share/configure/package.ps1'
[3.885s] INFO:colcon.colcon_core.shell:Creating package descriptor '/home/machine/src/install/configure/share/configure/package.dsv'
[3.900s] INFO:colcon.colcon_core.shell:Creating package script '/home/machine/src/install/configure/share/configure/package.sh'
[3.918s] INFO:colcon.colcon_core.shell:Creating package script '/home/machine/src/install/configure/share/configure/package.bash'
[3.931s] INFO:colcon.colcon_core.shell:Creating package script '/home/machine/src/install/configure/share/configure/package.zsh'
[3.942s] Level 1:colcon.colcon_core.environment:create_file_with_runtime_dependencies(/home/machine/src/install/configure/share/colcon-core/packages/configure)
[3.951s] INFO:colcon.colcon_ros.task.ament_python.build:Building ROS package in '/home/machine/src/wheel' with build type 'ament_python'
[3.955s] Level 1:colcon.colcon_core.shell:create_environment_hook('wheel', 'ament_prefix_path')
[3.963s] INFO:colcon.colcon_core.shell:Creating environment hook '/home/machine/src/install/wheel/share/wheel/hook/ament_prefix_path.ps1'
[4.019s] INFO:colcon.colcon_core.shell:Creating environment descriptor '/home/machine/src/install/wheel/share/wheel/hook/ament_prefix_path.dsv'
[4.057s] INFO:colcon.colcon_core.shell:Creating environment hook '/home/machine/src/install/wheel/share/wheel/hook/ament_prefix_path.sh'
[4.072s] INFO:colcon.colcon_core.shell:Skip shell extension 'powershell' for command environment: Not usable outside of PowerShell
[4.074s] DEBUG:colcon.colcon_core.shell:Skip shell extension 'dsv' for command environment
[4.102s] DEBUG:colcon.colcon_core.shell:Ignoring prefix path '/opt/ros/foxy'
[4.786s] INFO:colcon.colcon_core.task.python.build:Building Python package in '/home/machine/src/wheel'
[4.789s] INFO:colcon.colcon_core.shell:Skip shell extension 'powershell' for command environment: Not usable outside of PowerShell
[4.790s] DEBUG:colcon.colcon_core.shell:Skip shell extension 'dsv' for command environment
[4.813s] DEBUG:colcon.colcon_core.shell:Ignoring prefix path '/opt/ros/foxy'
[4.832s] Level 1:colcon.colcon_core.environment:checking '/home/machine/src/install/weeding' for CMake module files
[4.839s] DEBUG:colcon.colcon_core.event_handler.log_command:Invoked command in '/home/machine/src/weeding' returned '0': PYTHONPATH=/home/machine/src/install/weeding/lib/python3.8/site-packages:${PYTHONPATH} /usr/bin/python3 setup.py egg_info --egg-base ../build/weeding build --build-base /home/machine/src/build/weeding/build install --prefix /home/machine/src/install/weeding --record /home/machine/src/build/weeding/install.log --single-version-externally-managed
[4.869s] Level 1:colcon.colcon_core.environment:checking '/home/machine/src/install/weeding' for CMake config files
[4.887s] Level 1:colcon.colcon_core.environment:checking '/home/machine/src/install/weeding/lib'
[4.889s] Level 1:colcon.colcon_core.environment:checking '/home/machine/src/install/weeding/bin'
[4.893s] Level 1:colcon.colcon_core.environment:checking '/home/machine/src/install/weeding/lib/pkgconfig/weeding.pc'
[4.897s] Level 1:colcon.colcon_core.environment:checking '/home/machine/src/install/weeding/lib/python3.8/site-packages'
[4.898s] Level 1:colcon.colcon_core.shell:create_environment_hook('weeding', 'pythonpath')
[4.900s] INFO:colcon.colcon_core.shell:Creating environment hook '/home/machine/src/install/weeding/share/weeding/hook/pythonpath.ps1'
[4.911s] INFO:colcon.colcon_core.shell:Creating environment descriptor '/home/machine/src/install/weeding/share/weeding/hook/pythonpath.dsv'
[4.921s] INFO:colcon.colcon_core.shell:Creating environment hook '/home/machine/src/install/weeding/share/weeding/hook/pythonpath.sh'
[4.935s] Level 1:colcon.colcon_core.environment:create_environment_scripts_only(weeding)
[4.939s] INFO:colcon.colcon_core.shell:Creating package script '/home/machine/src/install/weeding/share/weeding/package.ps1'
[4.946s] INFO:colcon.colcon_core.shell:Creating package descriptor '/home/machine/src/install/weeding/share/weeding/package.dsv'
[4.955s] INFO:colcon.colcon_core.shell:Creating package script '/home/machine/src/install/weeding/share/weeding/package.sh'
[4.964s] INFO:colcon.colcon_core.shell:Creating package script '/home/machine/src/install/weeding/share/weeding/package.bash'
[4.972s] INFO:colcon.colcon_core.shell:Creating package script '/home/machine/src/install/weeding/share/weeding/package.zsh'
[4.990s] Level 1:colcon.colcon_core.environment:create_file_with_runtime_dependencies(/home/machine/src/install/weeding/share/colcon-core/packages/weeding)
[5.112s] DEBUG:colcon.colcon_core.event_handler.log_command:Invoking command in '/home/machine/src/wheel': PYTHONPATH=/home/machine/src/install/wheel/lib/python3.8/site-packages:${PYTHONPATH} /usr/bin/python3 setup.py egg_info --egg-base ../build/wheel build --build-base /home/machine/src/build/wheel/build install --prefix /home/machine/src/install/wheel --record /home/machine/src/build/wheel/install.log --single-version-externally-managed
[6.150s] Level 1:colcon.colcon_core.environment:checking '/home/machine/src/install/wheel' for CMake module files
[6.163s] DEBUG:colcon.colcon_core.event_handler.log_command:Invoked command in '/home/machine/src/wheel' returned '0': PYTHONPATH=/home/machine/src/install/wheel/lib/python3.8/site-packages:${PYTHONPATH} /usr/bin/python3 setup.py egg_info --egg-base ../build/wheel build --build-base /home/machine/src/build/wheel/build install --prefix /home/machine/src/install/wheel --record /home/machine/src/build/wheel/install.log --single-version-externally-managed
[6.214s] Level 1:colcon.colcon_core.environment:checking '/home/machine/src/install/wheel' for CMake config files
[6.225s] Level 1:colcon.colcon_core.environment:checking '/home/machine/src/install/wheel/lib'
[6.227s] Level 1:colcon.colcon_core.environment:checking '/home/machine/src/install/wheel/bin'
[6.232s] Level 1:colcon.colcon_core.environment:checking '/home/machine/src/install/wheel/lib/pkgconfig/wheel.pc'
[6.235s] Level 1:colcon.colcon_core.environment:checking '/home/machine/src/install/wheel/lib/python3.8/site-packages'
[6.236s] Level 1:colcon.colcon_core.shell:create_environment_hook('wheel', 'pythonpath')
[6.239s] INFO:colcon.colcon_core.shell:Creating environment hook '/home/machine/src/install/wheel/share/wheel/hook/pythonpath.ps1'
[6.248s] INFO:colcon.colcon_core.shell:Creating environment descriptor '/home/machine/src/install/wheel/share/wheel/hook/pythonpath.dsv'
[6.261s] INFO:colcon.colcon_core.shell:Creating environment hook '/home/machine/src/install/wheel/share/wheel/hook/pythonpath.sh'
[6.281s] Level 1:colcon.colcon_core.environment:create_environment_scripts_only(wheel)
[6.287s] INFO:colcon.colcon_core.shell:Creating package script '/home/machine/src/install/wheel/share/wheel/package.ps1'
[6.299s] INFO:colcon.colcon_core.shell:Creating package descriptor '/home/machine/src/install/wheel/share/wheel/package.dsv'
[6.311s] INFO:colcon.colcon_core.shell:Creating package script '/home/machine/src/install/wheel/share/wheel/package.sh'
[6.320s] INFO:colcon.colcon_core.shell:Creating package script '/home/machine/src/install/wheel/share/wheel/package.bash'
[6.327s] INFO:colcon.colcon_core.shell:Creating package script '/home/machine/src/install/wheel/share/wheel/package.zsh'
[6.337s] Level 1:colcon.colcon_core.environment:create_file_with_runtime_dependencies(/home/machine/src/install/wheel/share/colcon-core/packages/wheel)
[6.345s] DEBUG:colcon.colcon_parallel_executor.executor.parallel:closing loop
[6.347s] DEBUG:colcon.colcon_parallel_executor.executor.parallel:loop closed
[6.351s] DEBUG:colcon.colcon_parallel_executor.executor.parallel:run_until_complete finished with '0'
[6.353s] DEBUG:colcon.colcon_core.event_reactor:joining thread
[6.373s] INFO:colcon.colcon_core.plugin_system:Skipping extension 'colcon_notification.desktop_notification.notify_send': Could not find 'notify-send'
[6.385s] INFO:colcon.colcon_core.plugin_system:Skipping extension 'colcon_notification.desktop_notification.terminal_notifier': Not used on non-Darwin systems
[6.386s] INFO:colcon.colcon_core.plugin_system:Skipping extension 'colcon_notification.desktop_notification.win32': Not used on non-Windows systems
[6.400s] INFO:colcon.colcon_notification.desktop_notification:Sending desktop notification using 'notify2'
[6.403s] DEBUG:colcon.colcon_notification.desktop_notification.notify2:Failed to initialize notify2: org.freedesktop.DBus.Error.NotSupported: Unable to autolaunch a dbus-daemon without a $DISPLAY for X11
[6.405s] DEBUG:colcon.colcon_core.event_reactor:joined thread
[6.408s] INFO:colcon.colcon_core.shell:Creating prefix script '/home/machine/src/install/local_setup.ps1'
[6.417s] INFO:colcon.colcon_core.shell:Creating prefix util module '/home/machine/src/install/_local_setup_util_ps1.py'
[6.426s] INFO:colcon.colcon_core.shell:Creating prefix chain script '/home/machine/src/install/setup.ps1'
[6.458s] INFO:colcon.colcon_core.shell:Creating prefix script '/home/machine/src/install/local_setup.sh'
[6.466s] INFO:colcon.colcon_core.shell:Creating prefix util module '/home/machine/src/install/_local_setup_util_sh.py'
[6.472s] INFO:colcon.colcon_core.shell:Creating prefix chain script '/home/machine/src/install/setup.sh'
[6.494s] INFO:colcon.colcon_core.shell:Creating prefix script '/home/machine/src/install/local_setup.bash'
[6.501s] INFO:colcon.colcon_core.shell:Creating prefix chain script '/home/machine/src/install/setup.bash'
[6.536s] INFO:colcon.colcon_core.shell:Creating prefix script '/home/machine/src/install/local_setup.zsh'
[6.545s] INFO:colcon.colcon_core.shell:Creating prefix chain script '/home/machine/src/install/setup.zsh'
