[0.763s] Invoking command in '/media/psf/Home/Desktop/machine/src/weeding': PYTHONPATH=/media/psf/Home/Desktop/machine/src/install/weeding/lib/python3.8/site-packages:${PYTHONPATH} /usr/bin/python3 setup.py egg_info --egg-base ../build/weeding build --build-base /media/psf/Home/Desktop/machine/src/build/weeding/build install --prefix /media/psf/Home/Desktop/machine/src/install/weeding --record /media/psf/Home/Desktop/machine/src/build/weeding/install.log --single-version-externally-managed
[1.085s] running egg_info
[1.087s] writing ../build/weeding/weeding.egg-info/PKG-INFO
[1.090s] writing dependency_links to ../build/weeding/weeding.egg-info/dependency_links.txt
[1.092s] writing entry points to ../build/weeding/weeding.egg-info/entry_points.txt
[1.094s] writing requirements to ../build/weeding/weeding.egg-info/requires.txt
[1.103s] writing top-level names to ../build/weeding/weeding.egg-info/top_level.txt
[1.112s] reading manifest file '../build/weeding/weeding.egg-info/SOURCES.txt'
[1.114s] writing manifest file '../build/weeding/weeding.egg-info/SOURCES.txt'
[1.115s] running build
[1.116s] running build_py
[1.117s] copying weeding/scripts.py -> /media/psf/Home/Desktop/machine/src/build/weeding/build/lib/weeding
[1.120s] running install
[1.121s] running install_lib
[1.124s] copying /media/psf/Home/Desktop/machine/src/build/weeding/build/lib/weeding/scripts.py -> /media/psf/Home/Desktop/machine/src/install/weeding/lib/python3.8/site-packages/weeding
[1.129s] byte-compiling /media/psf/Home/Desktop/machine/src/install/weeding/lib/python3.8/site-packages/weeding/scripts.py to scripts.cpython-38.pyc
[1.132s] running install_data
[1.134s] running install_egg_info
[1.135s] removing '/media/psf/Home/Desktop/machine/src/install/weeding/lib/python3.8/site-packages/weeding-0.0.0-py3.8.egg-info' (and everything under it)
[1.140s] Copying ../build/weeding/weeding.egg-info to /media/psf/Home/Desktop/machine/src/install/weeding/lib/python3.8/site-packages/weeding-0.0.0-py3.8.egg-info
[1.161s] running install_scripts
[1.177s] Installing camera_node script to /media/psf/Home/Desktop/machine/src/install/weeding/lib/weeding
[1.179s] Installing weeding_node script to /media/psf/Home/Desktop/machine/src/install/weeding/lib/weeding
[1.181s] writing list of installed files to '/media/psf/Home/Desktop/machine/src/build/weeding/install.log'
[1.203s] Invoked command in '/media/psf/Home/Desktop/machine/src/weeding' returned '0': PYTHONPATH=/media/psf/Home/Desktop/machine/src/install/weeding/lib/python3.8/site-packages:${PYTHONPATH} /usr/bin/python3 setup.py egg_info --egg-base ../build/weeding build --build-base /media/psf/Home/Desktop/machine/src/build/weeding/build install --prefix /media/psf/Home/Desktop/machine/src/install/weeding --record /media/psf/Home/Desktop/machine/src/build/weeding/install.log --single-version-externally-managed
