[2.379s] Invoking command in '/media/psf/Home/Desktop/machine/src/weeding': PYTHONPATH=/media/psf/Home/Desktop/machine/src/install/weeding/lib/python3.8/site-packages:${PYTHONPATH} /usr/bin/python3 setup.py egg_info --egg-base ../build/weeding build --build-base /media/psf/Home/Desktop/machine/src/build/weeding/build install --prefix /media/psf/Home/Desktop/machine/src/install/weeding --record /media/psf/Home/Desktop/machine/src/build/weeding/install.log --single-version-externally-managed
[3.591s] running egg_info
[3.673s] writing ../build/weeding/weeding.egg-info/PKG-INFO
[3.745s] writing dependency_links to ../build/weeding/weeding.egg-info/dependency_links.txt
[3.948s] writing entry points to ../build/weeding/weeding.egg-info/entry_points.txt
[4.082s] writing requirements to ../build/weeding/weeding.egg-info/requires.txt
[4.149s] writing top-level names to ../build/weeding/weeding.egg-info/top_level.txt
[4.261s] reading manifest file '../build/weeding/weeding.egg-info/SOURCES.txt'
[4.264s] writing manifest file '../build/weeding/weeding.egg-info/SOURCES.txt'
[4.266s] running build
[4.266s] running build_py
[4.268s] copying weeding/weeding.py -> /media/psf/Home/Desktop/machine/src/build/weeding/build/lib/weeding
[4.271s] running install
[4.272s] /home/parallels/.local/lib/python3.8/site-packages/setuptools/command/install.py:34: SetuptoolsDeprecationWarning: setup.py install is deprecated. Use build and pip and other standards-based tools.
[4.272s]   warnings.warn(
[4.278s] running install_lib
[4.374s] copying /media/psf/Home/Desktop/machine/src/build/weeding/build/lib/weeding/weeding.py -> /media/psf/Home/Desktop/machine/src/install/weeding/lib/python3.8/site-packages/weeding
[4.379s] byte-compiling /media/psf/Home/Desktop/machine/src/install/weeding/lib/python3.8/site-packages/weeding/weeding.py to weeding.cpython-38.pyc
[4.383s] running install_data
[4.405s] running install_egg_info
[4.490s] removing '/media/psf/Home/Desktop/machine/src/install/weeding/lib/python3.8/site-packages/weeding-0.0.0-py3.8.egg-info' (and everything under it)
[4.495s] Copying ../build/weeding/weeding.egg-info to /media/psf/Home/Desktop/machine/src/install/weeding/lib/python3.8/site-packages/weeding-0.0.0-py3.8.egg-info
[4.518s] running install_scripts
[4.679s] Installing weeding_node script to /media/psf/Home/Desktop/machine/src/install/weeding/lib/weeding
[4.684s] writing list of installed files to '/media/psf/Home/Desktop/machine/src/build/weeding/install.log'
[4.730s] Invoked command in '/media/psf/Home/Desktop/machine/src/weeding' returned '0': PYTHONPATH=/media/psf/Home/Desktop/machine/src/install/weeding/lib/python3.8/site-packages:${PYTHONPATH} /usr/bin/python3 setup.py egg_info --egg-base ../build/weeding build --build-base /media/psf/Home/Desktop/machine/src/build/weeding/build install --prefix /media/psf/Home/Desktop/machine/src/install/weeding --record /media/psf/Home/Desktop/machine/src/build/weeding/install.log --single-version-externally-managed
