[1.468s] Invoking command in '/media/psf/Home/Desktop/machine/src/weeding': PYTHONPATH=/media/psf/Home/Desktop/machine/src/install/weeding/lib/python3.8/site-packages:${PYTHONPATH} /usr/bin/python3 setup.py egg_info --egg-base ../build/weeding build --build-base /media/psf/Home/Desktop/machine/src/build/weeding/build install --prefix /media/psf/Home/Desktop/machine/src/install/weeding --record /media/psf/Home/Desktop/machine/src/build/weeding/install.log --single-version-externally-managed
[2.113s] running egg_info
[2.116s] writing ../build/weeding/weeding.egg-info/PKG-INFO
[2.119s] writing dependency_links to ../build/weeding/weeding.egg-info/dependency_links.txt
[2.121s] writing entry points to ../build/weeding/weeding.egg-info/entry_points.txt
[2.122s] writing requirements to ../build/weeding/weeding.egg-info/requires.txt
[2.124s] writing top-level names to ../build/weeding/weeding.egg-info/top_level.txt
[2.138s] reading manifest file '../build/weeding/weeding.egg-info/SOURCES.txt'
[2.141s] writing manifest file '../build/weeding/weeding.egg-info/SOURCES.txt'
[2.143s] running build
[2.143s] running build_py
[2.146s] running install
[2.147s] running install_lib
[2.152s] running install_data
[2.154s] running install_egg_info
[2.156s] removing '/media/psf/Home/Desktop/machine/src/install/weeding/lib/python3.8/site-packages/weeding-0.0.0-py3.8.egg-info' (and everything under it)
[2.161s] Copying ../build/weeding/weeding.egg-info to /media/psf/Home/Desktop/machine/src/install/weeding/lib/python3.8/site-packages/weeding-0.0.0-py3.8.egg-info
[2.197s] running install_scripts
[2.233s] Installing weeding_node script to /media/psf/Home/Desktop/machine/src/install/weeding/lib/weeding
[2.236s] writing list of installed files to '/media/psf/Home/Desktop/machine/src/build/weeding/install.log'
[2.274s] Invoked command in '/media/psf/Home/Desktop/machine/src/weeding' returned '0': PYTHONPATH=/media/psf/Home/Desktop/machine/src/install/weeding/lib/python3.8/site-packages:${PYTHONPATH} /usr/bin/python3 setup.py egg_info --egg-base ../build/weeding build --build-base /media/psf/Home/Desktop/machine/src/build/weeding/build install --prefix /media/psf/Home/Desktop/machine/src/install/weeding --record /media/psf/Home/Desktop/machine/src/build/weeding/install.log --single-version-externally-managed
