[0.260s] DEBUG:colcon:Command line arguments: ['/usr/bin/colcon', 'build']
[0.260s] DEBUG:colcon:Parsed command line arguments: Namespace(allow_overriding=[], ament_cmake_args=None, base_paths=['.'], build_base='build', catkin_cmake_args=None, catkin_skip_building_tests=False, cmake_args=None, cmake_clean_cache=False, cmake_clean_first=False, cmake_force_configure=False, cmake_target=None, cmake_target_skip_unavailable=False, continue_on_error=False, event_handlers=None, executor='parallel', ignore_user_meta=False, install_base='install', log_base=None, log_level=None, main=<bound method BuildVerb.main of <colcon_core.verb.build.BuildVerb object at 0x7f6f1a6c1c70>>, merge_install=False, metas=['./colcon.meta'], packages_above=None, packages_above_and_dependencies=None, packages_above_depth=None, packages_end=None, packages_ignore=None, packages_ignore_regex=None, packages_select=None, packages_select_build_failed=False, packages_select_by_dep=None, packages_select_regex=None, packages_select_test_failures=False, packages_skip=None, packages_skip_build_finished=False, packages_skip_by_dep=None, packages_skip_regex=None, packages_skip_test_passed=False, packages_skip_up_to=None, packages_start=None, packages_up_to=None, packages_up_to_regex=None, parallel_workers=2, paths=None, symlink_install=False, test_result_base=None, verb_extension=<colcon_core.verb.build.BuildVerb object at 0x7f6f1a6c1c70>, verb_name='build', verb_parser=<colcon_defaults.argument_parser.defaults.DefaultArgumentsDecorator object at 0x7f6f1a58e3d0>)
[0.313s] Level 1:colcon.colcon_core.package_discovery:discover_packages(colcon_meta) check parameters
[0.314s] Level 1:colcon.colcon_core.package_discovery:discover_packages(recursive) check parameters
[0.314s] Level 1:colcon.colcon_core.package_discovery:discover_packages(ignore) check parameters
[0.314s] Level 1:colcon.colcon_core.package_discovery:discover_packages(path) check parameters
[0.315s] Level 1:colcon.colcon_core.package_discovery:discover_packages(colcon_meta) discover
[0.315s] Level 1:colcon.colcon_core.package_discovery:discover_packages(recursive) discover
[0.315s] INFO:colcon.colcon_core.package_discovery:Crawling recursively for packages in '/media/psf/Home/Desktop/machine/src'
[0.316s] Level 1:colcon.colcon_core.package_identification:_identify(.) by extensions ['ignore', 'ignore_ament_install']
[0.316s] Level 1:colcon.colcon_core.package_identification:_identify(.) by extension 'ignore'
[0.316s] Level 1:colcon.colcon_core.package_identification:_identify(.) by extension 'ignore_ament_install'
[0.317s] Level 1:colcon.colcon_core.package_identification:_identify(.) by extensions ['colcon_pkg']
[0.317s] Level 1:colcon.colcon_core.package_identification:_identify(.) by extension 'colcon_pkg'
[0.317s] Level 1:colcon.colcon_core.package_identification:_identify(.) by extensions ['colcon_meta']
[0.317s] Level 1:colcon.colcon_core.package_identification:_identify(.) by extension 'colcon_meta'
[0.318s] Level 1:colcon.colcon_core.package_identification:_identify(.) by extensions ['ros']
[0.318s] Level 1:colcon.colcon_core.package_identification:_identify(.) by extension 'ros'
[0.329s] Level 1:colcon.colcon_core.package_identification:_identify(.) by extensions ['cmake', 'python']
[0.329s] Level 1:colcon.colcon_core.package_identification:_identify(.) by extension 'cmake'
[0.330s] Level 1:colcon.colcon_core.package_identification:_identify(.) by extension 'python'
[0.330s] Level 1:colcon.colcon_core.package_identification:_identify(.) by extensions ['python_setup_py']
[0.331s] Level 1:colcon.colcon_core.package_identification:_identify(.) by extension 'python_setup_py'
[0.332s] Level 1:colcon.colcon_core.package_identification:_identify(build) by extensions ['ignore', 'ignore_ament_install']
[0.332s] Level 1:colcon.colcon_core.package_identification:_identify(build) by extension 'ignore'
[0.332s] Level 1:colcon.colcon_core.package_identification:_identify(build) ignored
[0.333s] Level 1:colcon.colcon_core.package_identification:_identify(install) by extensions ['ignore', 'ignore_ament_install']
[0.333s] Level 1:colcon.colcon_core.package_identification:_identify(install) by extension 'ignore'
[0.333s] Level 1:colcon.colcon_core.package_identification:_identify(install) ignored
[0.334s] Level 1:colcon.colcon_core.package_identification:_identify(log) by extensions ['ignore', 'ignore_ament_install']
[0.334s] Level 1:colcon.colcon_core.package_identification:_identify(log) by extension 'ignore'
[0.334s] Level 1:colcon.colcon_core.package_identification:_identify(log) ignored
[0.336s] Level 1:colcon.colcon_core.package_identification:_identify(weeding) by extensions ['ignore', 'ignore_ament_install']
[0.336s] Level 1:colcon.colcon_core.package_identification:_identify(weeding) by extension 'ignore'
[0.336s] Level 1:colcon.colcon_core.package_identification:_identify(weeding) by extension 'ignore_ament_install'
[0.336s] Level 1:colcon.colcon_core.package_identification:_identify(weeding) by extensions ['colcon_pkg']
[0.336s] Level 1:colcon.colcon_core.package_identification:_identify(weeding) by extension 'colcon_pkg'
[0.336s] Level 1:colcon.colcon_core.package_identification:_identify(weeding) by extensions ['colcon_meta']
[0.336s] Level 1:colcon.colcon_core.package_identification:_identify(weeding) by extension 'colcon_meta'
[0.337s] Level 1:colcon.colcon_core.package_identification:_identify(weeding) by extensions ['ros']
[0.337s] Level 1:colcon.colcon_core.package_identification:_identify(weeding) by extension 'ros'
[0.340s] DEBUG:colcon.colcon_core.package_identification:Package 'weeding' with type 'ros.ament_python' and name 'weeding'
[0.340s] Level 1:colcon.colcon_core.package_discovery:discover_packages(recursive) using defaults
[0.340s] Level 1:colcon.colcon_core.package_discovery:discover_packages(ignore) discover
[0.340s] Level 1:colcon.colcon_core.package_discovery:discover_packages(ignore) using defaults
[0.340s] Level 1:colcon.colcon_core.package_discovery:discover_packages(path) discover
[0.340s] Level 1:colcon.colcon_core.package_discovery:discover_packages(path) using defaults
[0.356s] Level 1:colcon.colcon_core.package_discovery:discover_packages(prefix_path) check parameters
[0.357s] Level 1:colcon.colcon_core.package_discovery:discover_packages(prefix_path) discover
[0.362s] DEBUG:colcon.colcon_installed_package_information.package_discovery:Found 1 installed packages in /home/parallels/Desktop/Parallels_Shared_Folders/Home/Desktop/machine/src/install
[0.363s] DEBUG:colcon.colcon_installed_package_information.package_discovery:Found 256 installed packages in /opt/ros/foxy
[0.364s] Level 1:colcon.colcon_core.package_discovery:discover_packages(prefix_path) using defaults
[0.421s] Level 5:colcon.colcon_core.verb:set package 'weeding' build argument 'cmake_args' from command line to 'None'
[0.421s] Level 5:colcon.colcon_core.verb:set package 'weeding' build argument 'cmake_target' from command line to 'None'
[0.421s] Level 5:colcon.colcon_core.verb:set package 'weeding' build argument 'cmake_target_skip_unavailable' from command line to 'False'
[0.422s] Level 5:colcon.colcon_core.verb:set package 'weeding' build argument 'cmake_clean_cache' from command line to 'False'
[0.422s] Level 5:colcon.colcon_core.verb:set package 'weeding' build argument 'cmake_clean_first' from command line to 'False'
[0.422s] Level 5:colcon.colcon_core.verb:set package 'weeding' build argument 'cmake_force_configure' from command line to 'False'
[0.422s] Level 5:colcon.colcon_core.verb:set package 'weeding' build argument 'ament_cmake_args' from command line to 'None'
[0.422s] Level 5:colcon.colcon_core.verb:set package 'weeding' build argument 'catkin_cmake_args' from command line to 'None'
[0.423s] Level 5:colcon.colcon_core.verb:set package 'weeding' build argument 'catkin_skip_building_tests' from command line to 'False'
[0.423s] DEBUG:colcon.colcon_core.verb:Building package 'weeding' with the following arguments: {'ament_cmake_args': None, 'build_base': '/media/psf/Home/Desktop/machine/src/build/weeding', 'catkin_cmake_args': None, 'catkin_skip_building_tests': False, 'cmake_args': None, 'cmake_clean_cache': False, 'cmake_clean_first': False, 'cmake_force_configure': False, 'cmake_target': None, 'cmake_target_skip_unavailable': False, 'install_base': '/media/psf/Home/Desktop/machine/src/install/weeding', 'merge_install': False, 'path': '/media/psf/Home/Desktop/machine/src/weeding', 'symlink_install': False, 'test_result_base': None}
[0.423s] INFO:colcon.colcon_core.executor:Executing jobs using 'parallel' executor
[0.425s] DEBUG:colcon.colcon_parallel_executor.executor.parallel:run_until_complete
[0.426s] INFO:colcon.colcon_ros.task.ament_python.build:Building ROS package in '/media/psf/Home/Desktop/machine/src/weeding' with build type 'ament_python'
[0.426s] Level 1:colcon.colcon_core.shell:create_environment_hook('weeding', 'ament_prefix_path')
[0.430s] INFO:colcon.colcon_core.plugin_system:Skipping extension 'colcon_core.shell.bat': Not used on non-Windows systems
[0.430s] INFO:colcon.colcon_core.shell:Creating environment hook '/media/psf/Home/Desktop/machine/src/install/weeding/share/weeding/hook/ament_prefix_path.ps1'
[0.433s] INFO:colcon.colcon_core.shell:Creating environment descriptor '/media/psf/Home/Desktop/machine/src/install/weeding/share/weeding/hook/ament_prefix_path.dsv'
[0.435s] INFO:colcon.colcon_core.shell:Creating environment hook '/media/psf/Home/Desktop/machine/src/install/weeding/share/weeding/hook/ament_prefix_path.sh'
[0.437s] INFO:colcon.colcon_core.shell:Skip shell extension 'powershell' for command environment: Not usable outside of PowerShell
[0.437s] DEBUG:colcon.colcon_core.shell:Skip shell extension 'dsv' for command environment
[1.178s] INFO:colcon.colcon_core.task.python.build:Building Python package in '/media/psf/Home/Desktop/machine/src/weeding'
[1.179s] INFO:colcon.colcon_core.shell:Skip shell extension 'powershell' for command environment: Not usable outside of PowerShell
[1.180s] DEBUG:colcon.colcon_core.shell:Skip shell extension 'dsv' for command environment
[2.203s] DEBUG:colcon.colcon_core.event_handler.log_command:Invoking command in '/media/psf/Home/Desktop/machine/src/weeding': PYTHONPATH=/media/psf/Home/Desktop/machine/src/install/weeding/lib/python3.8/site-packages:${PYTHONPATH} /usr/bin/python3 setup.py egg_info --egg-base ../build/weeding build --build-base /media/psf/Home/Desktop/machine/src/build/weeding/build install --prefix /media/psf/Home/Desktop/machine/src/install/weeding --record /media/psf/Home/Desktop/machine/src/build/weeding/install.log --single-version-externally-managed
[3.953s] DEBUG:colcon.colcon_core.event_handler.log_command:Invoked command in '/media/psf/Home/Desktop/machine/src/weeding' returned '0': PYTHONPATH=/media/psf/Home/Desktop/machine/src/install/weeding/lib/python3.8/site-packages:${PYTHONPATH} /usr/bin/python3 setup.py egg_info --egg-base ../build/weeding build --build-base /media/psf/Home/Desktop/machine/src/build/weeding/build install --prefix /media/psf/Home/Desktop/machine/src/install/weeding --record /media/psf/Home/Desktop/machine/src/build/weeding/install.log --single-version-externally-managed
[3.955s] Level 1:colcon.colcon_core.environment:checking '/media/psf/Home/Desktop/machine/src/install/weeding' for CMake module files
[3.962s] Level 1:colcon.colcon_core.environment:checking '/media/psf/Home/Desktop/machine/src/install/weeding' for CMake config files
[3.972s] Level 1:colcon.colcon_core.environment:checking '/media/psf/Home/Desktop/machine/src/install/weeding/lib'
[3.973s] Level 1:colcon.colcon_core.environment:checking '/media/psf/Home/Desktop/machine/src/install/weeding/bin'
[3.974s] Level 1:colcon.colcon_core.environment:checking '/media/psf/Home/Desktop/machine/src/install/weeding/lib/pkgconfig/weeding.pc'
[3.974s] Level 1:colcon.colcon_core.environment:checking '/media/psf/Home/Desktop/machine/src/install/weeding/lib/python3.8/site-packages'
[3.974s] Level 1:colcon.colcon_core.shell:create_environment_hook('weeding', 'pythonpath')
[3.975s] INFO:colcon.colcon_core.shell:Creating environment hook '/media/psf/Home/Desktop/machine/src/install/weeding/share/weeding/hook/pythonpath.ps1'
[3.977s] INFO:colcon.colcon_core.shell:Creating environment descriptor '/media/psf/Home/Desktop/machine/src/install/weeding/share/weeding/hook/pythonpath.dsv'
[3.978s] INFO:colcon.colcon_core.shell:Creating environment hook '/media/psf/Home/Desktop/machine/src/install/weeding/share/weeding/hook/pythonpath.sh'
[3.979s] Level 1:colcon.colcon_core.environment:checking '/media/psf/Home/Desktop/machine/src/install/weeding/bin'
[3.980s] Level 1:colcon.colcon_core.environment:create_environment_scripts_only(weeding)
[3.980s] INFO:colcon.colcon_core.shell:Creating package script '/media/psf/Home/Desktop/machine/src/install/weeding/share/weeding/package.ps1'
[3.982s] INFO:colcon.colcon_core.shell:Creating package descriptor '/media/psf/Home/Desktop/machine/src/install/weeding/share/weeding/package.dsv'
[3.984s] INFO:colcon.colcon_core.shell:Creating package script '/media/psf/Home/Desktop/machine/src/install/weeding/share/weeding/package.sh'
[3.985s] INFO:colcon.colcon_core.shell:Creating package script '/media/psf/Home/Desktop/machine/src/install/weeding/share/weeding/package.bash'
[3.987s] INFO:colcon.colcon_core.shell:Creating package script '/media/psf/Home/Desktop/machine/src/install/weeding/share/weeding/package.zsh'
[3.988s] Level 1:colcon.colcon_core.environment:create_file_with_runtime_dependencies(/media/psf/Home/Desktop/machine/src/install/weeding/share/colcon-core/packages/weeding)
[3.990s] DEBUG:colcon.colcon_parallel_executor.executor.parallel:closing loop
[3.991s] DEBUG:colcon.colcon_parallel_executor.executor.parallel:loop closed
[3.991s] DEBUG:colcon.colcon_parallel_executor.executor.parallel:run_until_complete finished with '0'
[3.991s] DEBUG:colcon.colcon_core.event_reactor:joining thread
[4.001s] INFO:colcon.colcon_core.plugin_system:Skipping extension 'colcon_notification.desktop_notification.terminal_notifier': Not used on non-Darwin systems
[4.001s] INFO:colcon.colcon_core.plugin_system:Skipping extension 'colcon_notification.desktop_notification.win32': Not used on non-Windows systems
[4.001s] INFO:colcon.colcon_notification.desktop_notification:Sending desktop notification using 'notify2'
[4.023s] DEBUG:colcon.colcon_core.event_reactor:joined thread
[4.024s] INFO:colcon.colcon_core.shell:Creating prefix script '/media/psf/Home/Desktop/machine/src/install/local_setup.ps1'
[4.026s] INFO:colcon.colcon_core.shell:Creating prefix util module '/media/psf/Home/Desktop/machine/src/install/_local_setup_util_ps1.py'
[4.032s] INFO:colcon.colcon_core.shell:Creating prefix chain script '/media/psf/Home/Desktop/machine/src/install/setup.ps1'
[4.035s] INFO:colcon.colcon_core.shell:Creating prefix script '/media/psf/Home/Desktop/machine/src/install/local_setup.sh'
[4.037s] INFO:colcon.colcon_core.shell:Creating prefix util module '/media/psf/Home/Desktop/machine/src/install/_local_setup_util_sh.py'
[4.039s] INFO:colcon.colcon_core.shell:Creating prefix chain script '/media/psf/Home/Desktop/machine/src/install/setup.sh'
[4.044s] INFO:colcon.colcon_core.shell:Creating prefix script '/media/psf/Home/Desktop/machine/src/install/local_setup.bash'
[4.047s] INFO:colcon.colcon_core.shell:Creating prefix chain script '/media/psf/Home/Desktop/machine/src/install/setup.bash'
[4.053s] INFO:colcon.colcon_core.shell:Creating prefix script '/media/psf/Home/Desktop/machine/src/install/local_setup.zsh'
[4.055s] INFO:colcon.colcon_core.shell:Creating prefix chain script '/media/psf/Home/Desktop/machine/src/install/setup.zsh'
