[0.271s] Invoking command in '/media/psf/Home/Desktop/machine/src/build/itof': CMAKE_PREFIX_PATH=/opt/ros/foxy /usr/bin/cmake --build /media/psf/Home/Desktop/machine/src/build/itof -- -j2 -l2
[0.306s] make: Warning: File 'Makefile' has modification time 1210530 s in the future
[0.394s] make[1]: Warning: File 'CMakeFiles/Makefile2' has modification time 1210530 s in the future
[0.399s] make[2]: Warning: File 'CMakeFiles/itof_node.dir/progress.make' has modification time 1210530 s in the future
[0.442s] make[2]: warning:  Clock skew detected.  Your build may be incomplete.
[0.446s] make[2]: Warning: File 'CMakeFiles/itof_node.dir/progress.make' has modification time 1210530 s in the future
[0.461s] make[2]: warning:  Clock skew detected.  Your build may be incomplete.
[0.478s] [100%] Built target itof_node
[0.479s] make[1]: warning:  Clock skew detected.  Your build may be incomplete.
[0.494s] make: warning:  Clock skew detected.  Your build may be incomplete.
[0.496s] Invoked command in '/media/psf/Home/Desktop/machine/src/build/itof' returned '0': CMAKE_PREFIX_PATH=/opt/ros/foxy /usr/bin/cmake --build /media/psf/Home/Desktop/machine/src/build/itof -- -j2 -l2
[0.557s] Invoking command in '/media/psf/Home/Desktop/machine/src/build/itof': CMAKE_PREFIX_PATH=/opt/ros/foxy /usr/bin/cmake --install /media/psf/Home/Desktop/machine/src/build/itof
[0.592s] -- Install configuration: ""
[0.594s] -- Up-to-date: /media/psf/Home/Desktop/machine/src/install/itof/share/ament_index/resource_index/package_run_dependencies/itof
[0.595s] -- Up-to-date: /media/psf/Home/Desktop/machine/src/install/itof/share/ament_index/resource_index/parent_prefix_path/itof
[0.596s] -- Up-to-date: /media/psf/Home/Desktop/machine/src/install/itof/share/itof/environment/ament_prefix_path.sh
[0.597s] -- Up-to-date: /media/psf/Home/Desktop/machine/src/install/itof/share/itof/environment/ament_prefix_path.dsv
[0.598s] -- Up-to-date: /media/psf/Home/Desktop/machine/src/install/itof/share/itof/environment/path.sh
[0.599s] -- Up-to-date: /media/psf/Home/Desktop/machine/src/install/itof/share/itof/environment/path.dsv
[0.600s] -- Up-to-date: /media/psf/Home/Desktop/machine/src/install/itof/share/itof/local_setup.bash
[0.601s] -- Up-to-date: /media/psf/Home/Desktop/machine/src/install/itof/share/itof/local_setup.sh
[0.602s] -- Up-to-date: /media/psf/Home/Desktop/machine/src/install/itof/share/itof/local_setup.zsh
[0.604s] -- Up-to-date: /media/psf/Home/Desktop/machine/src/install/itof/share/itof/local_setup.dsv
[0.605s] -- Installing: /media/psf/Home/Desktop/machine/src/install/itof/share/itof/package.dsv
[0.613s] -- Up-to-date: /media/psf/Home/Desktop/machine/src/install/itof/share/ament_index/resource_index/packages/itof
[0.615s] -- Up-to-date: /media/psf/Home/Desktop/machine/src/install/itof/share/itof/cmake/itofConfig.cmake
[0.616s] -- Up-to-date: /media/psf/Home/Desktop/machine/src/install/itof/share/itof/cmake/itofConfig-version.cmake
[0.617s] -- Up-to-date: /media/psf/Home/Desktop/machine/src/install/itof/share/itof/package.xml
[0.621s] -- Up-to-date: /media/psf/Home/Desktop/machine/src/install/itof/lib/itof/itof_node
[0.632s] Invoked command in '/media/psf/Home/Desktop/machine/src/build/itof' returned '0': CMAKE_PREFIX_PATH=/opt/ros/foxy /usr/bin/cmake --install /media/psf/Home/Desktop/machine/src/build/itof
