[0.756s] Invoking command in '/media/psf/Home/Desktop/machine/src/wheel': PYTHONPATH=/media/psf/Home/Desktop/machine/src/install/wheel/lib/python3.8/site-packages:${PYTHONPATH} /usr/bin/python3 setup.py egg_info --egg-base ../build/wheel build --build-base /media/psf/Home/Desktop/machine/src/build/wheel/build install --prefix /media/psf/Home/Desktop/machine/src/install/wheel --record /media/psf/Home/Desktop/machine/src/build/wheel/install.log --single-version-externally-managed
[1.066s] running egg_info
[1.067s] writing ../build/wheel/wheel.egg-info/PKG-INFO
[1.070s] writing dependency_links to ../build/wheel/wheel.egg-info/dependency_links.txt
[1.071s] writing entry points to ../build/wheel/wheel.egg-info/entry_points.txt
[1.073s] writing requirements to ../build/wheel/wheel.egg-info/requires.txt
[1.075s] writing top-level names to ../build/wheel/wheel.egg-info/top_level.txt
[1.124s] reading manifest file '../build/wheel/wheel.egg-info/SOURCES.txt'
[1.127s] writing manifest file '../build/wheel/wheel.egg-info/SOURCES.txt'
[1.129s] running build
[1.130s] running build_py
[1.132s] running install
[1.133s] running install_lib
[1.137s] running install_data
[1.140s] running install_egg_info
[1.143s] removing '/media/psf/Home/Desktop/machine/src/install/wheel/lib/python3.8/site-packages/wheel-0.0.0-py3.8.egg-info' (and everything under it)
[1.148s] Copying ../build/wheel/wheel.egg-info to /media/psf/Home/Desktop/machine/src/install/wheel/lib/python3.8/site-packages/wheel-0.0.0-py3.8.egg-info
[1.175s] running install_scripts
[1.197s] Installing wheel_node_go script to /media/psf/Home/Desktop/machine/src/install/wheel/lib/wheel
[1.200s] Installing wheel_node_stop script to /media/psf/Home/Desktop/machine/src/install/wheel/lib/wheel
[1.202s] writing list of installed files to '/media/psf/Home/Desktop/machine/src/build/wheel/install.log'
[1.232s] Invoked command in '/media/psf/Home/Desktop/machine/src/wheel' returned '0': PYTHONPATH=/media/psf/Home/Desktop/machine/src/install/wheel/lib/python3.8/site-packages:${PYTHONPATH} /usr/bin/python3 setup.py egg_info --egg-base ../build/wheel build --build-base /media/psf/Home/Desktop/machine/src/build/wheel/build install --prefix /media/psf/Home/Desktop/machine/src/install/wheel --record /media/psf/Home/Desktop/machine/src/build/wheel/install.log --single-version-externally-managed
