[0.722s] Invoking command in '/media/psf/Home/Desktop/machine/src/weeding': PYTHONPATH=/media/psf/Home/Desktop/machine/src/install/weeding/lib/python3.8/site-packages:${PYTHONPATH} /usr/bin/python3 setup.py egg_info --egg-base ../build/weeding build --build-base /media/psf/Home/Desktop/machine/src/build/weeding/build install --prefix /media/psf/Home/Desktop/machine/src/install/weeding --record /media/psf/Home/Desktop/machine/src/build/weeding/install.log --single-version-externally-managed
[1.026s] running egg_info
[1.028s] writing ../build/weeding/weeding.egg-info/PKG-INFO
[1.030s] writing dependency_links to ../build/weeding/weeding.egg-info/dependency_links.txt
[1.033s] writing entry points to ../build/weeding/weeding.egg-info/entry_points.txt
[1.035s] writing requirements to ../build/weeding/weeding.egg-info/requires.txt
[1.036s] writing top-level names to ../build/weeding/weeding.egg-info/top_level.txt
[1.051s] reading manifest file '../build/weeding/weeding.egg-info/SOURCES.txt'
[1.053s] writing manifest file '../build/weeding/weeding.egg-info/SOURCES.txt'
[1.055s] running build
[1.055s] running build_py
[1.058s] running install
[1.059s] running install_lib
[1.065s] running install_data
[1.069s] creating /media/psf/Home/Desktop/machine/src/install/weeding/share/weeding/launch
[1.070s] running install_egg_info
[1.072s] removing '/media/psf/Home/Desktop/machine/src/install/weeding/lib/python3.8/site-packages/weeding-0.0.0-py3.8.egg-info' (and everything under it)
[1.076s] Copying ../build/weeding/weeding.egg-info to /media/psf/Home/Desktop/machine/src/install/weeding/lib/python3.8/site-packages/weeding-0.0.0-py3.8.egg-info
[1.105s] running install_scripts
[1.115s] Installing camera_node script to /media/psf/Home/Desktop/machine/src/install/weeding/lib/weeding
[1.117s] Installing weeding_node script to /media/psf/Home/Desktop/machine/src/install/weeding/lib/weeding
[1.120s] writing list of installed files to '/media/psf/Home/Desktop/machine/src/build/weeding/install.log'
[1.143s] Invoked command in '/media/psf/Home/Desktop/machine/src/weeding' returned '0': PYTHONPATH=/media/psf/Home/Desktop/machine/src/install/weeding/lib/python3.8/site-packages:${PYTHONPATH} /usr/bin/python3 setup.py egg_info --egg-base ../build/weeding build --build-base /media/psf/Home/Desktop/machine/src/build/weeding/build install --prefix /media/psf/Home/Desktop/machine/src/install/weeding --record /media/psf/Home/Desktop/machine/src/build/weeding/install.log --single-version-externally-managed
