[1.126s] Invoking command in '/media/psf/Home/Desktop/machine/src/motor': PYTHONPATH=/media/psf/Home/Desktop/machine/src/install/motor/lib/python3.8/site-packages:${PYTHONPATH} /usr/bin/python3 setup.py egg_info --egg-base ../build/motor build --build-base /media/psf/Home/Desktop/machine/src/build/motor/build install --prefix /media/psf/Home/Desktop/machine/src/install/motor --record /media/psf/Home/Desktop/machine/src/build/motor/install.log --single-version-externally-managed
[1.475s] running egg_info
[1.477s] writing ../build/motor/motor.egg-info/PKG-INFO
[1.479s] writing dependency_links to ../build/motor/motor.egg-info/dependency_links.txt
[1.481s] writing entry points to ../build/motor/motor.egg-info/entry_points.txt
[1.482s] writing requirements to ../build/motor/motor.egg-info/requires.txt
[1.483s] writing top-level names to ../build/motor/motor.egg-info/top_level.txt
[1.491s] reading manifest file '../build/motor/motor.egg-info/SOURCES.txt'
[1.494s] writing manifest file '../build/motor/motor.egg-info/SOURCES.txt'
[1.495s] running build
[1.495s] running build_py
[1.496s] copying motor/motor.py -> /media/psf/Home/Desktop/machine/src/build/motor/build/lib/motor
[1.499s] running install
[1.500s] running install_lib
[1.504s] copying /media/psf/Home/Desktop/machine/src/build/motor/build/lib/motor/motor.py -> /media/psf/Home/Desktop/machine/src/install/motor/lib/python3.8/site-packages/motor
[1.506s] byte-compiling /media/psf/Home/Desktop/machine/src/install/motor/lib/python3.8/site-packages/motor/motor.py to motor.cpython-38.pyc
[1.510s] running install_data
[1.512s] running install_egg_info
[1.514s] removing '/media/psf/Home/Desktop/machine/src/install/motor/lib/python3.8/site-packages/motor-0.0.0-py3.8.egg-info' (and everything under it)
[1.519s] Copying ../build/motor/motor.egg-info to /media/psf/Home/Desktop/machine/src/install/motor/lib/python3.8/site-packages/motor-0.0.0-py3.8.egg-info
[1.546s] running install_scripts
[1.567s] Installing motor_node script to /media/psf/Home/Desktop/machine/src/install/motor/lib/motor
[1.580s] writing list of installed files to '/media/psf/Home/Desktop/machine/src/build/motor/install.log'
[1.607s] Invoked command in '/media/psf/Home/Desktop/machine/src/motor' returned '0': PYTHONPATH=/media/psf/Home/Desktop/machine/src/install/motor/lib/python3.8/site-packages:${PYTHONPATH} /usr/bin/python3 setup.py egg_info --egg-base ../build/motor build --build-base /media/psf/Home/Desktop/machine/src/build/motor/build install --prefix /media/psf/Home/Desktop/machine/src/install/motor --record /media/psf/Home/Desktop/machine/src/build/motor/install.log --single-version-externally-managed
