[0.916s] Invoking command in '/media/psf/Home/Desktop/machine/src/weeding': PYTHONPATH=/media/psf/Home/Desktop/machine/src/install/weeding/lib/python3.8/site-packages:${PYTHONPATH} /usr/bin/python3 setup.py egg_info --egg-base ../build/weeding build --build-base /media/psf/Home/Desktop/machine/src/build/weeding/build install --prefix /media/psf/Home/Desktop/machine/src/install/weeding --record /media/psf/Home/Desktop/machine/src/build/weeding/install.log --single-version-externally-managed
[1.263s] running egg_info
[1.265s] writing ../build/weeding/weeding.egg-info/PKG-INFO
[1.267s] writing dependency_links to ../build/weeding/weeding.egg-info/dependency_links.txt
[1.269s] writing entry points to ../build/weeding/weeding.egg-info/entry_points.txt
[1.270s] writing requirements to ../build/weeding/weeding.egg-info/requires.txt
[1.272s] writing top-level names to ../build/weeding/weeding.egg-info/top_level.txt
[1.282s] reading manifest file '../build/weeding/weeding.egg-info/SOURCES.txt'
[1.285s] writing manifest file '../build/weeding/weeding.egg-info/SOURCES.txt'
[1.286s] running build
[1.286s] running build_py
[1.289s] copying weeding/scripts.py -> /media/psf/Home/Desktop/machine/src/build/weeding/build/lib/weeding
[1.293s] running install
[1.294s] running install_lib
[1.300s] copying /media/psf/Home/Desktop/machine/src/build/weeding/build/lib/weeding/scripts.py -> /media/psf/Home/Desktop/machine/src/install/weeding/lib/python3.8/site-packages/weeding
[1.305s] byte-compiling /media/psf/Home/Desktop/machine/src/install/weeding/lib/python3.8/site-packages/weeding/scripts.py to scripts.cpython-38.pyc
[1.309s] running install_data
[1.311s] running install_egg_info
[1.313s] removing '/media/psf/Home/Desktop/machine/src/install/weeding/lib/python3.8/site-packages/weeding-0.0.0-py3.8.egg-info' (and everything under it)
[1.317s] Copying ../build/weeding/weeding.egg-info to /media/psf/Home/Desktop/machine/src/install/weeding/lib/python3.8/site-packages/weeding-0.0.0-py3.8.egg-info
[1.337s] running install_scripts
[1.363s] Installing camera_node script to /media/psf/Home/Desktop/machine/src/install/weeding/lib/weeding
[1.367s] Installing weeding_node script to /media/psf/Home/Desktop/machine/src/install/weeding/lib/weeding
[1.371s] writing list of installed files to '/media/psf/Home/Desktop/machine/src/build/weeding/install.log'
[1.398s] Invoked command in '/media/psf/Home/Desktop/machine/src/weeding' returned '0': PYTHONPATH=/media/psf/Home/Desktop/machine/src/install/weeding/lib/python3.8/site-packages:${PYTHONPATH} /usr/bin/python3 setup.py egg_info --egg-base ../build/weeding build --build-base /media/psf/Home/Desktop/machine/src/build/weeding/build install --prefix /media/psf/Home/Desktop/machine/src/install/weeding --record /media/psf/Home/Desktop/machine/src/build/weeding/install.log --single-version-externally-managed
