[0.109s] DEBUG:colcon:Command line arguments: ['/usr/bin/colcon', 'build']
[0.109s] DEBUG:colcon:Parsed command line arguments: Namespace(allow_overriding=[], ament_cmake_args=None, base_paths=['.'], build_base='build', catkin_cmake_args=None, catkin_skip_building_tests=False, cmake_args=None, cmake_clean_cache=False, cmake_clean_first=False, cmake_force_configure=False, cmake_target=None, cmake_target_skip_unavailable=False, continue_on_error=False, event_handlers=None, executor='parallel', ignore_user_meta=False, install_base='install', log_base=None, log_level=None, main=<bound method BuildVerb.main of <colcon_core.verb.build.BuildVerb object at 0x7f6f15f97c10>>, merge_install=False, metas=['./colcon.meta'], packages_above=None, packages_above_and_dependencies=None, packages_above_depth=None, packages_end=None, packages_ignore=None, packages_ignore_regex=None, packages_select=None, packages_select_build_failed=False, packages_select_by_dep=None, packages_select_regex=None, packages_select_test_failures=False, packages_skip=None, packages_skip_build_finished=False, packages_skip_by_dep=None, packages_skip_regex=None, packages_skip_test_passed=False, packages_skip_up_to=None, packages_start=None, packages_up_to=None, packages_up_to_regex=None, parallel_workers=2, paths=None, symlink_install=False, test_result_base=None, verb_extension=<colcon_core.verb.build.BuildVerb object at 0x7f6f15f97c10>, verb_name='build', verb_parser=<colcon_defaults.argument_parser.defaults.DefaultArgumentsDecorator object at 0x7f6f15f221c0>)
[0.138s] Level 1:colcon.colcon_core.package_discovery:discover_packages(colcon_meta) check parameters
[0.140s] Level 1:colcon.colcon_core.package_discovery:discover_packages(recursive) check parameters
[0.140s] Level 1:colcon.colcon_core.package_discovery:discover_packages(ignore) check parameters
[0.140s] Level 1:colcon.colcon_core.package_discovery:discover_packages(path) check parameters
[0.141s] Level 1:colcon.colcon_core.package_discovery:discover_packages(colcon_meta) discover
[0.141s] Level 1:colcon.colcon_core.package_discovery:discover_packages(recursive) discover
[0.142s] INFO:colcon.colcon_core.package_discovery:Crawling recursively for packages in '/media/psf/Home/Desktop/machine/src'
[0.143s] Level 1:colcon.colcon_core.package_identification:_identify(.) by extensions ['ignore', 'ignore_ament_install']
[0.144s] Level 1:colcon.colcon_core.package_identification:_identify(.) by extension 'ignore'
[0.144s] Level 1:colcon.colcon_core.package_identification:_identify(.) by extension 'ignore_ament_install'
[0.145s] Level 1:colcon.colcon_core.package_identification:_identify(.) by extensions ['colcon_pkg']
[0.146s] Level 1:colcon.colcon_core.package_identification:_identify(.) by extension 'colcon_pkg'
[0.146s] Level 1:colcon.colcon_core.package_identification:_identify(.) by extensions ['colcon_meta']
[0.146s] Level 1:colcon.colcon_core.package_identification:_identify(.) by extension 'colcon_meta'
[0.147s] Level 1:colcon.colcon_core.package_identification:_identify(.) by extensions ['ros']
[0.147s] Level 1:colcon.colcon_core.package_identification:_identify(.) by extension 'ros'
[0.161s] Level 1:colcon.colcon_core.package_identification:_identify(.) by extensions ['cmake', 'python']
[0.162s] Level 1:colcon.colcon_core.package_identification:_identify(.) by extension 'cmake'
[0.162s] Level 1:colcon.colcon_core.package_identification:_identify(.) by extension 'python'
[0.162s] Level 1:colcon.colcon_core.package_identification:_identify(.) by extensions ['python_setup_py']
[0.162s] Level 1:colcon.colcon_core.package_identification:_identify(.) by extension 'python_setup_py'
[0.163s] Level 1:colcon.colcon_core.package_identification:_identify(build) by extensions ['ignore', 'ignore_ament_install']
[0.163s] Level 1:colcon.colcon_core.package_identification:_identify(build) by extension 'ignore'
[0.164s] Level 1:colcon.colcon_core.package_identification:_identify(build) ignored
[0.164s] Level 1:colcon.colcon_core.package_identification:_identify(configure) by extensions ['ignore', 'ignore_ament_install']
[0.165s] Level 1:colcon.colcon_core.package_identification:_identify(configure) by extension 'ignore'
[0.165s] Level 1:colcon.colcon_core.package_identification:_identify(configure) by extension 'ignore_ament_install'
[0.165s] Level 1:colcon.colcon_core.package_identification:_identify(configure) by extensions ['colcon_pkg']
[0.165s] Level 1:colcon.colcon_core.package_identification:_identify(configure) by extension 'colcon_pkg'
[0.166s] Level 1:colcon.colcon_core.package_identification:_identify(configure) by extensions ['colcon_meta']
[0.166s] Level 1:colcon.colcon_core.package_identification:_identify(configure) by extension 'colcon_meta'
[0.166s] Level 1:colcon.colcon_core.package_identification:_identify(configure) by extensions ['ros']
[0.166s] Level 1:colcon.colcon_core.package_identification:_identify(configure) by extension 'ros'
[0.170s] DEBUG:colcon.colcon_core.package_identification:Package 'configure' with type 'ros.ament_python' and name 'configure'
[0.171s] Level 1:colcon.colcon_core.package_identification:_identify(install) by extensions ['ignore', 'ignore_ament_install']
[0.171s] Level 1:colcon.colcon_core.package_identification:_identify(install) by extension 'ignore'
[0.171s] Level 1:colcon.colcon_core.package_identification:_identify(install) ignored
[0.172s] Level 1:colcon.colcon_core.package_identification:_identify(itof) by extensions ['ignore', 'ignore_ament_install']
[0.173s] Level 1:colcon.colcon_core.package_identification:_identify(itof) by extension 'ignore'
[0.173s] Level 1:colcon.colcon_core.package_identification:_identify(itof) by extension 'ignore_ament_install'
[0.173s] Level 1:colcon.colcon_core.package_identification:_identify(itof) by extensions ['colcon_pkg']
[0.173s] Level 1:colcon.colcon_core.package_identification:_identify(itof) by extension 'colcon_pkg'
[0.174s] Level 1:colcon.colcon_core.package_identification:_identify(itof) by extensions ['colcon_meta']
[0.174s] Level 1:colcon.colcon_core.package_identification:_identify(itof) by extension 'colcon_meta'
[0.174s] Level 1:colcon.colcon_core.package_identification:_identify(itof) by extensions ['ros']
[0.174s] Level 1:colcon.colcon_core.package_identification:_identify(itof) by extension 'ros'
[0.176s] DEBUG:colcon.colcon_core.package_identification:Package 'itof' with type 'ros.ament_cmake' and name 'itof'
[0.177s] Level 1:colcon.colcon_core.package_identification:_identify(log) by extensions ['ignore', 'ignore_ament_install']
[0.177s] Level 1:colcon.colcon_core.package_identification:_identify(log) by extension 'ignore'
[0.177s] Level 1:colcon.colcon_core.package_identification:_identify(log) ignored
[0.178s] Level 1:colcon.colcon_core.package_identification:_identify(wheel) by extensions ['ignore', 'ignore_ament_install']
[0.179s] Level 1:colcon.colcon_core.package_identification:_identify(wheel) by extension 'ignore'
[0.179s] Level 1:colcon.colcon_core.package_identification:_identify(wheel) by extension 'ignore_ament_install'
[0.179s] Level 1:colcon.colcon_core.package_identification:_identify(wheel) by extensions ['colcon_pkg']
[0.179s] Level 1:colcon.colcon_core.package_identification:_identify(wheel) by extension 'colcon_pkg'
[0.180s] Level 1:colcon.colcon_core.package_identification:_identify(wheel) by extensions ['colcon_meta']
[0.180s] Level 1:colcon.colcon_core.package_identification:_identify(wheel) by extension 'colcon_meta'
[0.180s] Level 1:colcon.colcon_core.package_identification:_identify(wheel) by extensions ['ros']
[0.180s] Level 1:colcon.colcon_core.package_identification:_identify(wheel) by extension 'ros'
[0.182s] DEBUG:colcon.colcon_core.package_identification:Package 'wheel' with type 'ros.ament_python' and name 'wheel'
[0.182s] Level 1:colcon.colcon_core.package_discovery:discover_packages(recursive) using defaults
[0.182s] Level 1:colcon.colcon_core.package_discovery:discover_packages(ignore) discover
[0.182s] Level 1:colcon.colcon_core.package_discovery:discover_packages(ignore) using defaults
[0.182s] Level 1:colcon.colcon_core.package_discovery:discover_packages(path) discover
[0.182s] Level 1:colcon.colcon_core.package_discovery:discover_packages(path) using defaults
[0.202s] Level 1:colcon.colcon_core.package_discovery:discover_packages(prefix_path) check parameters
[0.202s] Level 1:colcon.colcon_core.package_discovery:discover_packages(prefix_path) discover
[0.214s] DEBUG:colcon.colcon_installed_package_information.package_discovery:Found 5 installed packages in /media/psf/Home/Desktop/machine/src/install
[0.216s] DEBUG:colcon.colcon_installed_package_information.package_discovery:Found 256 installed packages in /opt/ros/foxy
[0.217s] Level 1:colcon.colcon_core.package_discovery:discover_packages(prefix_path) using defaults
[0.292s] Level 5:colcon.colcon_core.verb:set package 'configure' build argument 'cmake_args' from command line to 'None'
[0.293s] Level 5:colcon.colcon_core.verb:set package 'configure' build argument 'cmake_target' from command line to 'None'
[0.293s] Level 5:colcon.colcon_core.verb:set package 'configure' build argument 'cmake_target_skip_unavailable' from command line to 'False'
[0.293s] Level 5:colcon.colcon_core.verb:set package 'configure' build argument 'cmake_clean_cache' from command line to 'False'
[0.293s] Level 5:colcon.colcon_core.verb:set package 'configure' build argument 'cmake_clean_first' from command line to 'False'
[0.293s] Level 5:colcon.colcon_core.verb:set package 'configure' build argument 'cmake_force_configure' from command line to 'False'
[0.293s] Level 5:colcon.colcon_core.verb:set package 'configure' build argument 'ament_cmake_args' from command line to 'None'
[0.293s] Level 5:colcon.colcon_core.verb:set package 'configure' build argument 'catkin_cmake_args' from command line to 'None'
[0.294s] Level 5:colcon.colcon_core.verb:set package 'configure' build argument 'catkin_skip_building_tests' from command line to 'False'
[0.294s] DEBUG:colcon.colcon_core.verb:Building package 'configure' with the following arguments: {'ament_cmake_args': None, 'build_base': '/media/psf/Home/Desktop/machine/src/build/configure', 'catkin_cmake_args': None, 'catkin_skip_building_tests': False, 'cmake_args': None, 'cmake_clean_cache': False, 'cmake_clean_first': False, 'cmake_force_configure': False, 'cmake_target': None, 'cmake_target_skip_unavailable': False, 'install_base': '/media/psf/Home/Desktop/machine/src/install/configure', 'merge_install': False, 'path': '/media/psf/Home/Desktop/machine/src/configure', 'symlink_install': False, 'test_result_base': None}
[0.294s] Level 5:colcon.colcon_core.verb:set package 'itof' build argument 'cmake_args' from command line to 'None'
[0.295s] Level 5:colcon.colcon_core.verb:set package 'itof' build argument 'cmake_target' from command line to 'None'
[0.295s] Level 5:colcon.colcon_core.verb:set package 'itof' build argument 'cmake_target_skip_unavailable' from command line to 'False'
[0.295s] Level 5:colcon.colcon_core.verb:set package 'itof' build argument 'cmake_clean_cache' from command line to 'False'
[0.295s] Level 5:colcon.colcon_core.verb:set package 'itof' build argument 'cmake_clean_first' from command line to 'False'
[0.295s] Level 5:colcon.colcon_core.verb:set package 'itof' build argument 'cmake_force_configure' from command line to 'False'
[0.295s] Level 5:colcon.colcon_core.verb:set package 'itof' build argument 'ament_cmake_args' from command line to 'None'
[0.295s] Level 5:colcon.colcon_core.verb:set package 'itof' build argument 'catkin_cmake_args' from command line to 'None'
[0.295s] Level 5:colcon.colcon_core.verb:set package 'itof' build argument 'catkin_skip_building_tests' from command line to 'False'
[0.296s] DEBUG:colcon.colcon_core.verb:Building package 'itof' with the following arguments: {'ament_cmake_args': None, 'build_base': '/media/psf/Home/Desktop/machine/src/build/itof', 'catkin_cmake_args': None, 'catkin_skip_building_tests': False, 'cmake_args': None, 'cmake_clean_cache': False, 'cmake_clean_first': False, 'cmake_force_configure': False, 'cmake_target': None, 'cmake_target_skip_unavailable': False, 'install_base': '/media/psf/Home/Desktop/machine/src/install/itof', 'merge_install': False, 'path': '/media/psf/Home/Desktop/machine/src/itof', 'symlink_install': False, 'test_result_base': None}
[0.296s] Level 5:colcon.colcon_core.verb:set package 'wheel' build argument 'cmake_args' from command line to 'None'
[0.296s] Level 5:colcon.colcon_core.verb:set package 'wheel' build argument 'cmake_target' from command line to 'None'
[0.296s] Level 5:colcon.colcon_core.verb:set package 'wheel' build argument 'cmake_target_skip_unavailable' from command line to 'False'
[0.297s] Level 5:colcon.colcon_core.verb:set package 'wheel' build argument 'cmake_clean_cache' from command line to 'False'
[0.297s] Level 5:colcon.colcon_core.verb:set package 'wheel' build argument 'cmake_clean_first' from command line to 'False'
[0.297s] Level 5:colcon.colcon_core.verb:set package 'wheel' build argument 'cmake_force_configure' from command line to 'False'
[0.297s] Level 5:colcon.colcon_core.verb:set package 'wheel' build argument 'ament_cmake_args' from command line to 'None'
[0.297s] Level 5:colcon.colcon_core.verb:set package 'wheel' build argument 'catkin_cmake_args' from command line to 'None'
[0.297s] Level 5:colcon.colcon_core.verb:set package 'wheel' build argument 'catkin_skip_building_tests' from command line to 'False'
[0.297s] DEBUG:colcon.colcon_core.verb:Building package 'wheel' with the following arguments: {'ament_cmake_args': None, 'build_base': '/media/psf/Home/Desktop/machine/src/build/wheel', 'catkin_cmake_args': None, 'catkin_skip_building_tests': False, 'cmake_args': None, 'cmake_clean_cache': False, 'cmake_clean_first': False, 'cmake_force_configure': False, 'cmake_target': None, 'cmake_target_skip_unavailable': False, 'install_base': '/media/psf/Home/Desktop/machine/src/install/wheel', 'merge_install': False, 'path': '/media/psf/Home/Desktop/machine/src/wheel', 'symlink_install': False, 'test_result_base': None}
[0.297s] INFO:colcon.colcon_core.executor:Executing jobs using 'parallel' executor
[0.299s] DEBUG:colcon.colcon_parallel_executor.executor.parallel:run_until_complete
[0.299s] INFO:colcon.colcon_ros.task.ament_python.build:Building ROS package in '/media/psf/Home/Desktop/machine/src/configure' with build type 'ament_python'
[0.300s] Level 1:colcon.colcon_core.shell:create_environment_hook('configure', 'ament_prefix_path')
[0.303s] INFO:colcon.colcon_core.plugin_system:Skipping extension 'colcon_core.shell.bat': Not used on non-Windows systems
[0.303s] INFO:colcon.colcon_core.shell:Creating environment hook '/media/psf/Home/Desktop/machine/src/install/configure/share/configure/hook/ament_prefix_path.ps1'
[0.305s] INFO:colcon.colcon_core.shell:Creating environment descriptor '/media/psf/Home/Desktop/machine/src/install/configure/share/configure/hook/ament_prefix_path.dsv'
[0.306s] INFO:colcon.colcon_core.shell:Creating environment hook '/media/psf/Home/Desktop/machine/src/install/configure/share/configure/hook/ament_prefix_path.sh'
[0.308s] INFO:colcon.colcon_core.shell:Skip shell extension 'powershell' for command environment: Not usable outside of PowerShell
[0.308s] DEBUG:colcon.colcon_core.shell:Skip shell extension 'dsv' for command environment
[0.320s] INFO:colcon.colcon_ros.task.ament_cmake.build:Building ROS package in '/media/psf/Home/Desktop/machine/src/itof' with build type 'ament_cmake'
[0.321s] INFO:colcon.colcon_cmake.task.cmake.build:Building CMake package in '/media/psf/Home/Desktop/machine/src/itof'
[0.321s] INFO:colcon.colcon_core.shell:Skip shell extension 'powershell' for command environment: Not usable outside of PowerShell
[0.321s] DEBUG:colcon.colcon_core.shell:Skip shell extension 'dsv' for command environment
[0.565s] INFO:colcon.colcon_core.task.python.build:Building Python package in '/media/psf/Home/Desktop/machine/src/configure'
[0.566s] INFO:colcon.colcon_core.shell:Skip shell extension 'powershell' for command environment: Not usable outside of PowerShell
[0.566s] DEBUG:colcon.colcon_core.shell:Skip shell extension 'dsv' for command environment
[0.599s] DEBUG:colcon.colcon_core.event_handler.log_command:Invoking command in '/media/psf/Home/Desktop/machine/src/build/itof': CMAKE_PREFIX_PATH=${CMAKE_PREFIX_PATH}:/media/psf/Home/Desktop/machine/src/install/wheel:/media/psf/Home/Desktop/machine/src/install/header:/media/psf/Home/Desktop/machine/src/install/configure:/media/psf/Home/Desktop/machine/src/install/config:/opt/ros/foxy /usr/bin/cmake --build /media/psf/Home/Desktop/machine/src/build/itof -- -j2 -l2
[0.729s] DEBUG:colcon.colcon_core.event_handler.log_command:Invoked command in '/media/psf/Home/Desktop/machine/src/build/itof' returned '0': CMAKE_PREFIX_PATH=${CMAKE_PREFIX_PATH}:/media/psf/Home/Desktop/machine/src/install/wheel:/media/psf/Home/Desktop/machine/src/install/header:/media/psf/Home/Desktop/machine/src/install/configure:/media/psf/Home/Desktop/machine/src/install/config:/opt/ros/foxy /usr/bin/cmake --build /media/psf/Home/Desktop/machine/src/build/itof -- -j2 -l2
[0.797s] DEBUG:colcon.colcon_core.event_handler.log_command:Invoking command in '/media/psf/Home/Desktop/machine/src/build/itof': CMAKE_PREFIX_PATH=${CMAKE_PREFIX_PATH}:/media/psf/Home/Desktop/machine/src/install/wheel:/media/psf/Home/Desktop/machine/src/install/header:/media/psf/Home/Desktop/machine/src/install/configure:/media/psf/Home/Desktop/machine/src/install/config:/opt/ros/foxy /usr/bin/cmake --install /media/psf/Home/Desktop/machine/src/build/itof
[0.834s] Level 1:colcon.colcon_core.environment:create_environment_scripts_only(itof)
[0.839s] DEBUG:colcon.colcon_core.event_handler.log_command:Invoked command in '/media/psf/Home/Desktop/machine/src/build/itof' returned '0': CMAKE_PREFIX_PATH=${CMAKE_PREFIX_PATH}:/media/psf/Home/Desktop/machine/src/install/wheel:/media/psf/Home/Desktop/machine/src/install/header:/media/psf/Home/Desktop/machine/src/install/configure:/media/psf/Home/Desktop/machine/src/install/config:/opt/ros/foxy /usr/bin/cmake --install /media/psf/Home/Desktop/machine/src/build/itof
[0.842s] Level 1:colcon.colcon_core.environment:checking '/media/psf/Home/Desktop/machine/src/install/itof' for CMake module files
[0.849s] Level 1:colcon.colcon_core.environment:checking '/media/psf/Home/Desktop/machine/src/install/itof' for CMake config files
[0.852s] Level 1:colcon.colcon_core.shell:create_environment_hook('itof', 'cmake_prefix_path')
[0.853s] INFO:colcon.colcon_core.shell:Creating environment hook '/media/psf/Home/Desktop/machine/src/install/itof/share/itof/hook/cmake_prefix_path.ps1'
[0.855s] INFO:colcon.colcon_core.shell:Creating environment descriptor '/media/psf/Home/Desktop/machine/src/install/itof/share/itof/hook/cmake_prefix_path.dsv'
[0.856s] INFO:colcon.colcon_core.shell:Creating environment hook '/media/psf/Home/Desktop/machine/src/install/itof/share/itof/hook/cmake_prefix_path.sh'
[0.859s] Level 1:colcon.colcon_core.environment:checking '/media/psf/Home/Desktop/machine/src/install/itof/lib'
[0.859s] Level 1:colcon.colcon_core.environment:checking '/media/psf/Home/Desktop/machine/src/install/itof/bin'
[0.859s] Level 1:colcon.colcon_core.environment:checking '/media/psf/Home/Desktop/machine/src/install/itof/lib/pkgconfig/itof.pc'
[0.860s] Level 1:colcon.colcon_core.environment:checking '/media/psf/Home/Desktop/machine/src/install/itof/lib/python3.8/site-packages'
[0.861s] Level 1:colcon.colcon_core.environment:checking '/media/psf/Home/Desktop/machine/src/install/itof/bin'
[0.861s] INFO:colcon.colcon_core.shell:Creating package script '/media/psf/Home/Desktop/machine/src/install/itof/share/itof/package.ps1'
[0.863s] INFO:colcon.colcon_core.shell:Creating package descriptor '/media/psf/Home/Desktop/machine/src/install/itof/share/itof/package.dsv'
[0.865s] INFO:colcon.colcon_core.shell:Creating package script '/media/psf/Home/Desktop/machine/src/install/itof/share/itof/package.sh'
[0.866s] INFO:colcon.colcon_core.shell:Creating package script '/media/psf/Home/Desktop/machine/src/install/itof/share/itof/package.bash'
[0.868s] INFO:colcon.colcon_core.shell:Creating package script '/media/psf/Home/Desktop/machine/src/install/itof/share/itof/package.zsh'
[0.869s] Level 1:colcon.colcon_core.environment:create_file_with_runtime_dependencies(/media/psf/Home/Desktop/machine/src/install/itof/share/colcon-core/packages/itof)
[0.916s] Level 1:colcon.colcon_core.environment:create_environment_scripts_only(itof)
[0.917s] Level 1:colcon.colcon_core.environment:checking '/media/psf/Home/Desktop/machine/src/install/itof' for CMake module files
[0.923s] Level 1:colcon.colcon_core.environment:checking '/media/psf/Home/Desktop/machine/src/install/itof' for CMake config files
[0.928s] Level 1:colcon.colcon_core.shell:create_environment_hook('itof', 'cmake_prefix_path')
[0.929s] INFO:colcon.colcon_core.shell:Creating environment hook '/media/psf/Home/Desktop/machine/src/install/itof/share/itof/hook/cmake_prefix_path.ps1'
[0.932s] INFO:colcon.colcon_core.shell:Creating environment descriptor '/media/psf/Home/Desktop/machine/src/install/itof/share/itof/hook/cmake_prefix_path.dsv'
[0.934s] INFO:colcon.colcon_core.shell:Creating environment hook '/media/psf/Home/Desktop/machine/src/install/itof/share/itof/hook/cmake_prefix_path.sh'
[0.937s] Level 1:colcon.colcon_core.environment:checking '/media/psf/Home/Desktop/machine/src/install/itof/lib'
[0.938s] Level 1:colcon.colcon_core.environment:checking '/media/psf/Home/Desktop/machine/src/install/itof/bin'
[0.938s] Level 1:colcon.colcon_core.environment:checking '/media/psf/Home/Desktop/machine/src/install/itof/lib/pkgconfig/itof.pc'
[0.939s] Level 1:colcon.colcon_core.environment:checking '/media/psf/Home/Desktop/machine/src/install/itof/lib/python3.8/site-packages'
[0.940s] Level 1:colcon.colcon_core.environment:checking '/media/psf/Home/Desktop/machine/src/install/itof/bin'
[0.941s] INFO:colcon.colcon_core.shell:Creating package script '/media/psf/Home/Desktop/machine/src/install/itof/share/itof/package.ps1'
[0.943s] INFO:colcon.colcon_core.shell:Creating package descriptor '/media/psf/Home/Desktop/machine/src/install/itof/share/itof/package.dsv'
[0.944s] INFO:colcon.colcon_core.shell:Creating package script '/media/psf/Home/Desktop/machine/src/install/itof/share/itof/package.sh'
[0.945s] INFO:colcon.colcon_core.shell:Creating package script '/media/psf/Home/Desktop/machine/src/install/itof/share/itof/package.bash'
[0.946s] INFO:colcon.colcon_core.shell:Creating package script '/media/psf/Home/Desktop/machine/src/install/itof/share/itof/package.zsh'
[0.948s] Level 1:colcon.colcon_core.environment:create_file_with_runtime_dependencies(/media/psf/Home/Desktop/machine/src/install/itof/share/colcon-core/packages/itof)
[0.950s] INFO:colcon.colcon_ros.task.ament_python.build:Building ROS package in '/media/psf/Home/Desktop/machine/src/wheel' with build type 'ament_python'
[0.950s] Level 1:colcon.colcon_core.shell:create_environment_hook('wheel', 'ament_prefix_path')
[0.952s] INFO:colcon.colcon_core.shell:Creating environment hook '/media/psf/Home/Desktop/machine/src/install/wheel/share/wheel/hook/ament_prefix_path.ps1'
[0.954s] INFO:colcon.colcon_core.shell:Creating environment descriptor '/media/psf/Home/Desktop/machine/src/install/wheel/share/wheel/hook/ament_prefix_path.dsv'
[0.956s] INFO:colcon.colcon_core.shell:Creating environment hook '/media/psf/Home/Desktop/machine/src/install/wheel/share/wheel/hook/ament_prefix_path.sh'
[0.967s] INFO:colcon.colcon_core.shell:Skip shell extension 'powershell' for command environment: Not usable outside of PowerShell
[0.967s] DEBUG:colcon.colcon_core.shell:Skip shell extension 'dsv' for command environment
[1.267s] INFO:colcon.colcon_core.task.python.build:Building Python package in '/media/psf/Home/Desktop/machine/src/wheel'
[1.268s] INFO:colcon.colcon_core.shell:Skip shell extension 'powershell' for command environment: Not usable outside of PowerShell
[1.269s] DEBUG:colcon.colcon_core.shell:Skip shell extension 'dsv' for command environment
[1.302s] DEBUG:colcon.colcon_core.event_handler.log_command:Invoking command in '/media/psf/Home/Desktop/machine/src/configure': PYTHONPATH=/media/psf/Home/Desktop/machine/src/install/configure/lib/python3.8/site-packages:${PYTHONPATH} /usr/bin/python3 setup.py egg_info --egg-base ../build/configure build --build-base /media/psf/Home/Desktop/machine/src/build/configure/build install --prefix /media/psf/Home/Desktop/machine/src/install/configure --record /media/psf/Home/Desktop/machine/src/build/configure/install.log --single-version-externally-managed
[1.712s] Level 1:colcon.colcon_core.environment:checking '/media/psf/Home/Desktop/machine/src/install/configure' for CMake module files
[1.713s] DEBUG:colcon.colcon_core.event_handler.log_command:Invoked command in '/media/psf/Home/Desktop/machine/src/configure' returned '0': PYTHONPATH=/media/psf/Home/Desktop/machine/src/install/configure/lib/python3.8/site-packages:${PYTHONPATH} /usr/bin/python3 setup.py egg_info --egg-base ../build/configure build --build-base /media/psf/Home/Desktop/machine/src/build/configure/build install --prefix /media/psf/Home/Desktop/machine/src/install/configure --record /media/psf/Home/Desktop/machine/src/build/configure/install.log --single-version-externally-managed
[1.720s] Level 1:colcon.colcon_core.environment:checking '/media/psf/Home/Desktop/machine/src/install/configure' for CMake config files
[1.732s] Level 1:colcon.colcon_core.environment:checking '/media/psf/Home/Desktop/machine/src/install/configure/lib'
[1.733s] Level 1:colcon.colcon_core.environment:checking '/media/psf/Home/Desktop/machine/src/install/configure/bin'
[1.733s] Level 1:colcon.colcon_core.environment:checking '/media/psf/Home/Desktop/machine/src/install/configure/lib/pkgconfig/configure.pc'
[1.734s] Level 1:colcon.colcon_core.environment:checking '/media/psf/Home/Desktop/machine/src/install/configure/lib/python3.8/site-packages'
[1.734s] Level 1:colcon.colcon_core.shell:create_environment_hook('configure', 'pythonpath')
[1.735s] INFO:colcon.colcon_core.shell:Creating environment hook '/media/psf/Home/Desktop/machine/src/install/configure/share/configure/hook/pythonpath.ps1'
[1.737s] INFO:colcon.colcon_core.shell:Creating environment descriptor '/media/psf/Home/Desktop/machine/src/install/configure/share/configure/hook/pythonpath.dsv'
[1.739s] INFO:colcon.colcon_core.shell:Creating environment hook '/media/psf/Home/Desktop/machine/src/install/configure/share/configure/hook/pythonpath.sh'
[1.741s] Level 1:colcon.colcon_core.environment:checking '/media/psf/Home/Desktop/machine/src/install/configure/bin'
[1.741s] Level 1:colcon.colcon_core.environment:create_environment_scripts_only(configure)
[1.742s] INFO:colcon.colcon_core.shell:Creating package script '/media/psf/Home/Desktop/machine/src/install/configure/share/configure/package.ps1'
[1.744s] INFO:colcon.colcon_core.shell:Creating package descriptor '/media/psf/Home/Desktop/machine/src/install/configure/share/configure/package.dsv'
[1.745s] INFO:colcon.colcon_core.shell:Creating package script '/media/psf/Home/Desktop/machine/src/install/configure/share/configure/package.sh'
[1.747s] INFO:colcon.colcon_core.shell:Creating package script '/media/psf/Home/Desktop/machine/src/install/configure/share/configure/package.bash'
[1.748s] INFO:colcon.colcon_core.shell:Creating package script '/media/psf/Home/Desktop/machine/src/install/configure/share/configure/package.zsh'
[1.749s] Level 1:colcon.colcon_core.environment:create_file_with_runtime_dependencies(/media/psf/Home/Desktop/machine/src/install/configure/share/colcon-core/packages/configure)
[1.762s] DEBUG:colcon.colcon_core.event_handler.log_command:Invoking command in '/media/psf/Home/Desktop/machine/src/wheel': PYTHONPATH=/media/psf/Home/Desktop/machine/src/install/wheel/lib/python3.8/site-packages:${PYTHONPATH} /usr/bin/python3 setup.py egg_info --egg-base ../build/wheel build --build-base /media/psf/Home/Desktop/machine/src/build/wheel/build install --prefix /media/psf/Home/Desktop/machine/src/install/wheel --record /media/psf/Home/Desktop/machine/src/build/wheel/install.log --single-version-externally-managed
[2.145s] Level 1:colcon.colcon_core.environment:checking '/media/psf/Home/Desktop/machine/src/install/wheel' for CMake module files
[2.146s] DEBUG:colcon.colcon_core.event_handler.log_command:Invoked command in '/media/psf/Home/Desktop/machine/src/wheel' returned '0': PYTHONPATH=/media/psf/Home/Desktop/machine/src/install/wheel/lib/python3.8/site-packages:${PYTHONPATH} /usr/bin/python3 setup.py egg_info --egg-base ../build/wheel build --build-base /media/psf/Home/Desktop/machine/src/build/wheel/build install --prefix /media/psf/Home/Desktop/machine/src/install/wheel --record /media/psf/Home/Desktop/machine/src/build/wheel/install.log --single-version-externally-managed
[2.152s] Level 1:colcon.colcon_core.environment:checking '/media/psf/Home/Desktop/machine/src/install/wheel' for CMake config files
[2.168s] Level 1:colcon.colcon_core.environment:checking '/media/psf/Home/Desktop/machine/src/install/wheel/lib'
[2.168s] Level 1:colcon.colcon_core.environment:checking '/media/psf/Home/Desktop/machine/src/install/wheel/bin'
[2.169s] Level 1:colcon.colcon_core.environment:checking '/media/psf/Home/Desktop/machine/src/install/wheel/lib/pkgconfig/wheel.pc'
[2.169s] Level 1:colcon.colcon_core.environment:checking '/media/psf/Home/Desktop/machine/src/install/wheel/lib/python3.8/site-packages'
[2.170s] Level 1:colcon.colcon_core.shell:create_environment_hook('wheel', 'pythonpath')
[2.170s] INFO:colcon.colcon_core.shell:Creating environment hook '/media/psf/Home/Desktop/machine/src/install/wheel/share/wheel/hook/pythonpath.ps1'
[2.172s] INFO:colcon.colcon_core.shell:Creating environment descriptor '/media/psf/Home/Desktop/machine/src/install/wheel/share/wheel/hook/pythonpath.dsv'
[2.173s] INFO:colcon.colcon_core.shell:Creating environment hook '/media/psf/Home/Desktop/machine/src/install/wheel/share/wheel/hook/pythonpath.sh'
[2.175s] Level 1:colcon.colcon_core.environment:checking '/media/psf/Home/Desktop/machine/src/install/wheel/bin'
[2.175s] Level 1:colcon.colcon_core.environment:create_environment_scripts_only(wheel)
[2.176s] INFO:colcon.colcon_core.shell:Creating package script '/media/psf/Home/Desktop/machine/src/install/wheel/share/wheel/package.ps1'
[2.177s] INFO:colcon.colcon_core.shell:Creating package descriptor '/media/psf/Home/Desktop/machine/src/install/wheel/share/wheel/package.dsv'
[2.179s] INFO:colcon.colcon_core.shell:Creating package script '/media/psf/Home/Desktop/machine/src/install/wheel/share/wheel/package.sh'
[2.180s] INFO:colcon.colcon_core.shell:Creating package script '/media/psf/Home/Desktop/machine/src/install/wheel/share/wheel/package.bash'
[2.181s] INFO:colcon.colcon_core.shell:Creating package script '/media/psf/Home/Desktop/machine/src/install/wheel/share/wheel/package.zsh'
[2.183s] Level 1:colcon.colcon_core.environment:create_file_with_runtime_dependencies(/media/psf/Home/Desktop/machine/src/install/wheel/share/colcon-core/packages/wheel)
[2.185s] DEBUG:colcon.colcon_parallel_executor.executor.parallel:closing loop
[2.186s] DEBUG:colcon.colcon_parallel_executor.executor.parallel:loop closed
[2.186s] DEBUG:colcon.colcon_parallel_executor.executor.parallel:run_until_complete finished with '0'
[2.186s] DEBUG:colcon.colcon_core.event_reactor:joining thread
[2.201s] INFO:colcon.colcon_core.plugin_system:Skipping extension 'colcon_notification.desktop_notification.terminal_notifier': Not used on non-Darwin systems
[2.201s] INFO:colcon.colcon_core.plugin_system:Skipping extension 'colcon_notification.desktop_notification.win32': Not used on non-Windows systems
[2.201s] INFO:colcon.colcon_notification.desktop_notification:Sending desktop notification using 'notify2'
[2.219s] DEBUG:colcon.colcon_core.event_reactor:joined thread
[2.220s] INFO:colcon.colcon_core.shell:Creating prefix script '/media/psf/Home/Desktop/machine/src/install/local_setup.ps1'
[2.229s] INFO:colcon.colcon_core.shell:Creating prefix util module '/media/psf/Home/Desktop/machine/src/install/_local_setup_util_ps1.py'
[2.231s] INFO:colcon.colcon_core.shell:Creating prefix chain script '/media/psf/Home/Desktop/machine/src/install/setup.ps1'
[2.246s] INFO:colcon.colcon_core.shell:Creating prefix script '/media/psf/Home/Desktop/machine/src/install/local_setup.sh'
[2.248s] INFO:colcon.colcon_core.shell:Creating prefix util module '/media/psf/Home/Desktop/machine/src/install/_local_setup_util_sh.py'
[2.250s] INFO:colcon.colcon_core.shell:Creating prefix chain script '/media/psf/Home/Desktop/machine/src/install/setup.sh'
[2.260s] INFO:colcon.colcon_core.shell:Creating prefix script '/media/psf/Home/Desktop/machine/src/install/local_setup.bash'
[2.262s] INFO:colcon.colcon_core.shell:Creating prefix chain script '/media/psf/Home/Desktop/machine/src/install/setup.bash'
[2.272s] INFO:colcon.colcon_core.shell:Creating prefix script '/media/psf/Home/Desktop/machine/src/install/local_setup.zsh'
[2.274s] INFO:colcon.colcon_core.shell:Creating prefix chain script '/media/psf/Home/Desktop/machine/src/install/setup.zsh'
