[0.736s] Invoking command in '/media/psf/Home/Desktop/machine/src/wheel': PYTHONPATH=/media/psf/Home/Desktop/machine/src/install/wheel/lib/python3.8/site-packages:${PYTHONPATH} /usr/bin/python3 setup.py egg_info --egg-base ../build/wheel build --build-base /media/psf/Home/Desktop/machine/src/build/wheel/build install --prefix /media/psf/Home/Desktop/machine/src/install/wheel --record /media/psf/Home/Desktop/machine/src/build/wheel/install.log --single-version-externally-managed
[0.972s] running egg_info
[0.973s] writing ../build/wheel/wheel.egg-info/PKG-INFO
[0.975s] writing dependency_links to ../build/wheel/wheel.egg-info/dependency_links.txt
[0.978s] writing entry points to ../build/wheel/wheel.egg-info/entry_points.txt
[0.980s] writing requirements to ../build/wheel/wheel.egg-info/requires.txt
[0.981s] writing top-level names to ../build/wheel/wheel.egg-info/top_level.txt
[1.029s] reading manifest file '../build/wheel/wheel.egg-info/SOURCES.txt'
[1.033s] writing manifest file '../build/wheel/wheel.egg-info/SOURCES.txt'
[1.035s] running build
[1.039s] running build_py
[1.042s] running install
[1.043s] running install_lib
[1.049s] running install_data
[1.051s] running install_egg_info
[1.054s] removing '/media/psf/Home/Desktop/machine/src/install/wheel/lib/python3.8/site-packages/wheel-0.0.0-py3.8.egg-info' (and everything under it)
[1.060s] Copying ../build/wheel/wheel.egg-info to /media/psf/Home/Desktop/machine/src/install/wheel/lib/python3.8/site-packages/wheel-0.0.0-py3.8.egg-info
[1.084s] running install_scripts
[1.107s] Installing wheel_node_go script to /media/psf/Home/Desktop/machine/src/install/wheel/lib/wheel
[1.109s] Installing wheel_node_stop script to /media/psf/Home/Desktop/machine/src/install/wheel/lib/wheel
[1.111s] writing list of installed files to '/media/psf/Home/Desktop/machine/src/build/wheel/install.log'
[1.132s] Invoked command in '/media/psf/Home/Desktop/machine/src/wheel' returned '0': PYTHONPATH=/media/psf/Home/Desktop/machine/src/install/wheel/lib/python3.8/site-packages:${PYTHONPATH} /usr/bin/python3 setup.py egg_info --egg-base ../build/wheel build --build-base /media/psf/Home/Desktop/machine/src/build/wheel/build install --prefix /media/psf/Home/Desktop/machine/src/install/wheel --record /media/psf/Home/Desktop/machine/src/build/wheel/install.log --single-version-externally-managed
