[0.828s] Invoking command in '/media/psf/Home/Desktop/machine/src/wheel': PYTHONPATH=/media/psf/Home/Desktop/machine/src/install/wheel/lib/python3.8/site-packages:${PYTHONPATH} /usr/bin/python3 setup.py egg_info --egg-base ../build/wheel build --build-base /media/psf/Home/Desktop/machine/src/build/wheel/build install --prefix /media/psf/Home/Desktop/machine/src/install/wheel --record /media/psf/Home/Desktop/machine/src/build/wheel/install.log --single-version-externally-managed
[1.050s] running egg_info
[1.052s] writing ../build/wheel/wheel.egg-info/PKG-INFO
[1.054s] writing dependency_links to ../build/wheel/wheel.egg-info/dependency_links.txt
[1.056s] writing entry points to ../build/wheel/wheel.egg-info/entry_points.txt
[1.058s] writing requirements to ../build/wheel/wheel.egg-info/requires.txt
[1.059s] writing top-level names to ../build/wheel/wheel.egg-info/top_level.txt
[1.106s] reading manifest file '../build/wheel/wheel.egg-info/SOURCES.txt'
[1.108s] writing manifest file '../build/wheel/wheel.egg-info/SOURCES.txt'
[1.109s] running build
[1.110s] running build_py
[1.111s] copying wheel/wheel_go.py -> /media/psf/Home/Desktop/machine/src/build/wheel/build/lib/wheel
[1.114s] running install
[1.115s] running install_lib
[1.119s] copying /media/psf/Home/Desktop/machine/src/build/wheel/build/lib/wheel/wheel_go.py -> /media/psf/Home/Desktop/machine/src/install/wheel/lib/python3.8/site-packages/wheel
[1.123s] byte-compiling /media/psf/Home/Desktop/machine/src/install/wheel/lib/python3.8/site-packages/wheel/wheel_go.py to wheel_go.cpython-38.pyc
[1.125s] running install_data
[1.127s] running install_egg_info
[1.129s] removing '/media/psf/Home/Desktop/machine/src/install/wheel/lib/python3.8/site-packages/wheel-0.0.0-py3.8.egg-info' (and everything under it)
[1.132s] Copying ../build/wheel/wheel.egg-info to /media/psf/Home/Desktop/machine/src/install/wheel/lib/python3.8/site-packages/wheel-0.0.0-py3.8.egg-info
[1.158s] running install_scripts
[1.176s] Installing wheel_node_go script to /media/psf/Home/Desktop/machine/src/install/wheel/lib/wheel
[1.178s] Installing wheel_node_stop script to /media/psf/Home/Desktop/machine/src/install/wheel/lib/wheel
[1.180s] writing list of installed files to '/media/psf/Home/Desktop/machine/src/build/wheel/install.log'
[1.209s] Invoked command in '/media/psf/Home/Desktop/machine/src/wheel' returned '0': PYTHONPATH=/media/psf/Home/Desktop/machine/src/install/wheel/lib/python3.8/site-packages:${PYTHONPATH} /usr/bin/python3 setup.py egg_info --egg-base ../build/wheel build --build-base /media/psf/Home/Desktop/machine/src/build/wheel/build install --prefix /media/psf/Home/Desktop/machine/src/install/wheel --record /media/psf/Home/Desktop/machine/src/build/wheel/install.log --single-version-externally-managed
