[0.650s] Invoking command in '/media/psf/Home/Desktop/machine/src/wheel': PYTHONPATH=/media/psf/Home/Desktop/machine/src/install/wheel/lib/python3.8/site-packages:${PYTHONPATH} /usr/bin/python3 setup.py egg_info --egg-base ../build/wheel build --build-base /media/psf/Home/Desktop/machine/src/build/wheel/build install --prefix /media/psf/Home/Desktop/machine/src/install/wheel --record /media/psf/Home/Desktop/machine/src/build/wheel/install.log --single-version-externally-managed
[0.896s] running egg_info
[0.897s] writing ../build/wheel/wheel.egg-info/PKG-INFO
[0.900s] writing dependency_links to ../build/wheel/wheel.egg-info/dependency_links.txt
[0.902s] writing entry points to ../build/wheel/wheel.egg-info/entry_points.txt
[0.903s] writing requirements to ../build/wheel/wheel.egg-info/requires.txt
[0.904s] writing top-level names to ../build/wheel/wheel.egg-info/top_level.txt
[0.941s] reading manifest file '../build/wheel/wheel.egg-info/SOURCES.txt'
[0.943s] writing manifest file '../build/wheel/wheel.egg-info/SOURCES.txt'
[0.944s] running build
[0.944s] running build_py
[0.947s] running install
[0.947s] running install_lib
[0.951s] running install_data
[0.953s] running install_egg_info
[0.955s] removing '/media/psf/Home/Desktop/machine/src/install/wheel/lib/python3.8/site-packages/wheel-0.0.0-py3.8.egg-info' (and everything under it)
[0.959s] Copying ../build/wheel/wheel.egg-info to /media/psf/Home/Desktop/machine/src/install/wheel/lib/python3.8/site-packages/wheel-0.0.0-py3.8.egg-info
[0.987s] running install_scripts
[0.994s] Installing wheel_node_go script to /media/psf/Home/Desktop/machine/src/install/wheel/lib/wheel
[0.997s] Installing wheel_node_stop script to /media/psf/Home/Desktop/machine/src/install/wheel/lib/wheel
[1.000s] writing list of installed files to '/media/psf/Home/Desktop/machine/src/build/wheel/install.log'
[1.019s] Invoked command in '/media/psf/Home/Desktop/machine/src/wheel' returned '0': PYTHONPATH=/media/psf/Home/Desktop/machine/src/install/wheel/lib/python3.8/site-packages:${PYTHONPATH} /usr/bin/python3 setup.py egg_info --egg-base ../build/wheel build --build-base /media/psf/Home/Desktop/machine/src/build/wheel/build install --prefix /media/psf/Home/Desktop/machine/src/install/wheel --record /media/psf/Home/Desktop/machine/src/build/wheel/install.log --single-version-externally-managed
