[2.456s] Invoking command in '/media/psf/Home/Desktop/machine/src/wheel': PYTHONPATH=/media/psf/Home/Desktop/machine/src/install/wheel/lib/python3.8/site-packages:${PYTHONPATH} /usr/bin/python3 setup.py egg_info --egg-base ../build/wheel build --build-base /media/psf/Home/Desktop/machine/src/build/wheel/build install --prefix /media/psf/Home/Desktop/machine/src/install/wheel --record /media/psf/Home/Desktop/machine/src/build/wheel/install.log --single-version-externally-managed
[2.814s] /home/parallels/.local/lib/python3.8/site-packages/setuptools/dist.py:772: UserWarning: Usage of dash-separated 'script-dir' will not be supported in future versions. Please use the underscore name 'script_dir' instead
[2.815s]   warnings.warn(
[2.815s] /home/parallels/.local/lib/python3.8/site-packages/setuptools/dist.py:772: UserWarning: Usage of dash-separated 'install-scripts' will not be supported in future versions. Please use the underscore name 'install_scripts' instead
[2.816s]   warnings.warn(
[3.620s] running egg_info
[3.696s] writing ../build/wheel/wheel.egg-info/PKG-INFO
[3.754s] writing dependency_links to ../build/wheel/wheel.egg-info/dependency_links.txt
[3.928s] writing entry points to ../build/wheel/wheel.egg-info/entry_points.txt
[4.046s] writing requirements to ../build/wheel/wheel.egg-info/requires.txt
[4.094s] writing top-level names to ../build/wheel/wheel.egg-info/top_level.txt
[4.202s] reading manifest file '../build/wheel/wheel.egg-info/SOURCES.txt'
[4.206s] writing manifest file '../build/wheel/wheel.egg-info/SOURCES.txt'
[4.214s] running build
[4.215s] running build_py
[4.216s] /home/parallels/.local/lib/python3.8/site-packages/setuptools/command/install.py:34: SetuptoolsDeprecationWarning: setup.py install is deprecated. Use build and pip and other standards-based tools.
[4.216s]   warnings.warn(
[4.217s] running install
[4.217s] running install_lib
[4.300s] running install_data
[4.320s] running install_egg_info
[4.452s] removing '/media/psf/Home/Desktop/machine/src/install/wheel/lib/python3.8/site-packages/wheel-0.0.0-py3.8.egg-info' (and everything under it)
[4.468s] Copying ../build/wheel/wheel.egg-info to /media/psf/Home/Desktop/machine/src/install/wheel/lib/python3.8/site-packages/wheel-0.0.0-py3.8.egg-info
[4.486s] running install_scripts
[4.622s] Installing wheel_node_go script to /media/psf/Home/Desktop/machine/src/install/wheel/lib/wheel
[4.624s] Installing wheel_node_stop script to /media/psf/Home/Desktop/machine/src/install/wheel/lib/wheel
[4.626s] writing list of installed files to '/media/psf/Home/Desktop/machine/src/build/wheel/install.log'
[4.670s] Invoked command in '/media/psf/Home/Desktop/machine/src/wheel' returned '0': PYTHONPATH=/media/psf/Home/Desktop/machine/src/install/wheel/lib/python3.8/site-packages:${PYTHONPATH} /usr/bin/python3 setup.py egg_info --egg-base ../build/wheel build --build-base /media/psf/Home/Desktop/machine/src/build/wheel/build install --prefix /media/psf/Home/Desktop/machine/src/install/wheel --record /media/psf/Home/Desktop/machine/src/build/wheel/install.log --single-version-externally-managed
