[1.132s] Invoking command in '/media/psf/Home/Desktop/machine/src/motor': PYTHONPATH=/media/psf/Home/Desktop/machine/src/install/motor/lib/python3.8/site-packages:${PYTHONPATH} /usr/bin/python3 setup.py egg_info --egg-base ../build/motor build --build-base /media/psf/Home/Desktop/machine/src/build/motor/build install --prefix /media/psf/Home/Desktop/machine/src/install/motor --record /media/psf/Home/Desktop/machine/src/build/motor/install.log --single-version-externally-managed
[1.458s] running egg_info
[1.460s] writing ../build/motor/motor.egg-info/PKG-INFO
[1.461s] writing dependency_links to ../build/motor/motor.egg-info/dependency_links.txt
[1.463s] writing entry points to ../build/motor/motor.egg-info/entry_points.txt
[1.464s] writing requirements to ../build/motor/motor.egg-info/requires.txt
[1.466s] writing top-level names to ../build/motor/motor.egg-info/top_level.txt
[1.475s] reading manifest file '../build/motor/motor.egg-info/SOURCES.txt'
[1.478s] writing manifest file '../build/motor/motor.egg-info/SOURCES.txt'
[1.479s] running build
[1.480s] running build_py
[1.482s] copying motor/motor.py -> /media/psf/Home/Desktop/machine/src/build/motor/build/lib/motor
[1.484s] running install
[1.486s] running install_lib
[1.489s] copying /media/psf/Home/Desktop/machine/src/build/motor/build/lib/motor/motor.py -> /media/psf/Home/Desktop/machine/src/install/motor/lib/python3.8/site-packages/motor
[1.492s] byte-compiling /media/psf/Home/Desktop/machine/src/install/motor/lib/python3.8/site-packages/motor/motor.py to motor.cpython-38.pyc
[1.496s] running install_data
[1.497s] running install_egg_info
[1.499s] removing '/media/psf/Home/Desktop/machine/src/install/motor/lib/python3.8/site-packages/motor-0.0.0-py3.8.egg-info' (and everything under it)
[1.504s] Copying ../build/motor/motor.egg-info to /media/psf/Home/Desktop/machine/src/install/motor/lib/python3.8/site-packages/motor-0.0.0-py3.8.egg-info
[1.530s] running install_scripts
[1.548s] Installing motor_node script to /media/psf/Home/Desktop/machine/src/install/motor/lib/motor
[1.551s] writing list of installed files to '/media/psf/Home/Desktop/machine/src/build/motor/install.log'
[1.578s] Invoked command in '/media/psf/Home/Desktop/machine/src/motor' returned '0': PYTHONPATH=/media/psf/Home/Desktop/machine/src/install/motor/lib/python3.8/site-packages:${PYTHONPATH} /usr/bin/python3 setup.py egg_info --egg-base ../build/motor build --build-base /media/psf/Home/Desktop/machine/src/build/motor/build install --prefix /media/psf/Home/Desktop/machine/src/install/motor --record /media/psf/Home/Desktop/machine/src/build/motor/install.log --single-version-externally-managed
