[1.850s] Invoking command in '/media/psf/Home/Desktop/machine/src/weeding': PYTHONPATH=/media/psf/Home/Desktop/machine/src/install/weeding/lib/python3.8/site-packages:${PYTHONPATH} /usr/bin/python3 setup.py egg_info --egg-base ../build/weeding build --build-base /media/psf/Home/Desktop/machine/src/build/weeding/build install --prefix /media/psf/Home/Desktop/machine/src/install/weeding --record /media/psf/Home/Desktop/machine/src/build/weeding/install.log --single-version-externally-managed
[2.156s] /home/parallels/.local/lib/python3.8/site-packages/setuptools/dist.py:772: UserWarning: Usage of dash-separated 'script-dir' will not be supported in future versions. Please use the underscore name 'script_dir' instead
[2.157s]   warnings.warn(
[2.158s] /home/parallels/.local/lib/python3.8/site-packages/setuptools/dist.py:772: UserWarning: Usage of dash-separated 'install-scripts' will not be supported in future versions. Please use the underscore name 'install_scripts' instead
[2.158s]   warnings.warn(
[2.786s] running egg_info
[2.846s] writing ../build/weeding/weeding.egg-info/PKG-INFO
[2.898s] writing dependency_links to ../build/weeding/weeding.egg-info/dependency_links.txt
[3.046s] writing entry points to ../build/weeding/weeding.egg-info/entry_points.txt
[3.142s] writing requirements to ../build/weeding/weeding.egg-info/requires.txt
[3.192s] writing top-level names to ../build/weeding/weeding.egg-info/top_level.txt
[3.275s] reading manifest file '../build/weeding/weeding.egg-info/SOURCES.txt'
[3.277s] writing manifest file '../build/weeding/weeding.egg-info/SOURCES.txt'
[3.278s] running build
[3.279s] running build_py
[3.281s] running install
[3.281s] /home/parallels/.local/lib/python3.8/site-packages/setuptools/command/install.py:34: SetuptoolsDeprecationWarning: setup.py install is deprecated. Use build and pip and other standards-based tools.
[3.281s]   warnings.warn(
[3.286s] running install_lib
[3.350s] running install_data
[3.365s] running install_egg_info
[3.439s] removing '/media/psf/Home/Desktop/machine/src/install/weeding/lib/python3.8/site-packages/weeding-0.0.0-py3.8.egg-info' (and everything under it)
[3.443s] Copying ../build/weeding/weeding.egg-info to /media/psf/Home/Desktop/machine/src/install/weeding/lib/python3.8/site-packages/weeding-0.0.0-py3.8.egg-info
[3.459s] running install_scripts
[3.566s] Installing weeding_node script to /media/psf/Home/Desktop/machine/src/install/weeding/lib/weeding
[3.568s] writing list of installed files to '/media/psf/Home/Desktop/machine/src/build/weeding/install.log'
[3.600s] Invoked command in '/media/psf/Home/Desktop/machine/src/weeding' returned '0': PYTHONPATH=/media/psf/Home/Desktop/machine/src/install/weeding/lib/python3.8/site-packages:${PYTHONPATH} /usr/bin/python3 setup.py egg_info --egg-base ../build/weeding build --build-base /media/psf/Home/Desktop/machine/src/build/weeding/build install --prefix /media/psf/Home/Desktop/machine/src/install/weeding --record /media/psf/Home/Desktop/machine/src/build/weeding/install.log --single-version-externally-managed
