[1.025s] Invoking command in '/media/psf/Home/Desktop/machine/src/configure': PYTHONPATH=/media/psf/Home/Desktop/machine/src/install/configure/lib/python3.8/site-packages:${PYTHONPATH} /usr/bin/python3 setup.py egg_info --egg-base ../build/configure build --build-base /media/psf/Home/Desktop/machine/src/build/configure/build install --prefix /media/psf/Home/Desktop/machine/src/install/configure --record /media/psf/Home/Desktop/machine/src/build/configure/install.log --single-version-externally-managed
[1.281s] running egg_info
[1.287s] writing ../build/configure/configure.egg-info/PKG-INFO
[1.293s] writing dependency_links to ../build/configure/configure.egg-info/dependency_links.txt
[1.295s] writing entry points to ../build/configure/configure.egg-info/entry_points.txt
[1.297s] writing requirements to ../build/configure/configure.egg-info/requires.txt
[1.299s] writing top-level names to ../build/configure/configure.egg-info/top_level.txt
[1.339s] reading manifest file '../build/configure/configure.egg-info/SOURCES.txt'
[1.342s] writing manifest file '../build/configure/configure.egg-info/SOURCES.txt'
[1.343s] running build
[1.343s] running build_py
[1.345s] running install
[1.347s] running install_lib
[1.350s] running install_data
[1.352s] running install_egg_info
[1.354s] removing '/media/psf/Home/Desktop/machine/src/install/configure/lib/python3.8/site-packages/configure-0.0.0-py3.8.egg-info' (and everything under it)
[1.357s] Copying ../build/configure/configure.egg-info to /media/psf/Home/Desktop/machine/src/install/configure/lib/python3.8/site-packages/configure-0.0.0-py3.8.egg-info
[1.377s] running install_scripts
[1.397s] Installing configure_node script to /media/psf/Home/Desktop/machine/src/install/configure/lib/configure
[1.401s] writing list of installed files to '/media/psf/Home/Desktop/machine/src/build/configure/install.log'
[1.421s] Invoked command in '/media/psf/Home/Desktop/machine/src/configure' returned '0': PYTHONPATH=/media/psf/Home/Desktop/machine/src/install/configure/lib/python3.8/site-packages:${PYTHONPATH} /usr/bin/python3 setup.py egg_info --egg-base ../build/configure build --build-base /media/psf/Home/Desktop/machine/src/build/configure/build install --prefix /media/psf/Home/Desktop/machine/src/install/configure --record /media/psf/Home/Desktop/machine/src/build/configure/install.log --single-version-externally-managed
