[0.718s] Invoking command in '/media/psf/Home/Desktop/machine/src/weeding': PYTHONPATH=/media/psf/Home/Desktop/machine/src/install/weeding/lib/python3.8/site-packages:${PYTHONPATH} /usr/bin/python3 setup.py egg_info --egg-base ../build/weeding build --build-base /media/psf/Home/Desktop/machine/src/build/weeding/build install --prefix /media/psf/Home/Desktop/machine/src/install/weeding --record /media/psf/Home/Desktop/machine/src/build/weeding/install.log --single-version-externally-managed
[1.011s] running egg_info
[1.012s] writing ../build/weeding/weeding.egg-info/PKG-INFO
[1.014s] writing dependency_links to ../build/weeding/weeding.egg-info/dependency_links.txt
[1.016s] writing entry points to ../build/weeding/weeding.egg-info/entry_points.txt
[1.018s] writing requirements to ../build/weeding/weeding.egg-info/requires.txt
[1.019s] writing top-level names to ../build/weeding/weeding.egg-info/top_level.txt
[1.034s] reading manifest file '../build/weeding/weeding.egg-info/SOURCES.txt'
[1.036s] writing manifest file '../build/weeding/weeding.egg-info/SOURCES.txt'
[1.037s] running build
[1.038s] running build_py
[1.039s] copying weeding/weeding.py -> /media/psf/Home/Desktop/machine/src/build/weeding/build/lib/weeding
[1.041s] running install
[1.042s] running install_lib
[1.044s] copying /media/psf/Home/Desktop/machine/src/build/weeding/build/lib/weeding/weeding.py -> /media/psf/Home/Desktop/machine/src/install/weeding/lib/python3.8/site-packages/weeding
[1.049s] byte-compiling /media/psf/Home/Desktop/machine/src/install/weeding/lib/python3.8/site-packages/weeding/weeding.py to weeding.cpython-38.pyc
[1.052s] running install_data
[1.054s] running install_egg_info
[1.056s] removing '/media/psf/Home/Desktop/machine/src/install/weeding/lib/python3.8/site-packages/weeding-0.0.0-py3.8.egg-info' (and everything under it)
[1.060s] Copying ../build/weeding/weeding.egg-info to /media/psf/Home/Desktop/machine/src/install/weeding/lib/python3.8/site-packages/weeding-0.0.0-py3.8.egg-info
[1.085s] running install_scripts
[1.106s] Installing weeding_node script to /media/psf/Home/Desktop/machine/src/install/weeding/lib/weeding
[1.109s] writing list of installed files to '/media/psf/Home/Desktop/machine/src/build/weeding/install.log'
[1.131s] Invoked command in '/media/psf/Home/Desktop/machine/src/weeding' returned '0': PYTHONPATH=/media/psf/Home/Desktop/machine/src/install/weeding/lib/python3.8/site-packages:${PYTHONPATH} /usr/bin/python3 setup.py egg_info --egg-base ../build/weeding build --build-base /media/psf/Home/Desktop/machine/src/build/weeding/build install --prefix /media/psf/Home/Desktop/machine/src/install/weeding --record /media/psf/Home/Desktop/machine/src/build/weeding/install.log --single-version-externally-managed
