[0.770s] Invoking command in '/media/psf/Home/Desktop/machine/src/wheel': PYTHONPATH=/media/psf/Home/Desktop/machine/src/install/wheel/lib/python3.8/site-packages:${PYTHONPATH} /usr/bin/python3 setup.py egg_info --egg-base ../build/wheel build --build-base /media/psf/Home/Desktop/machine/src/build/wheel/build install --prefix /media/psf/Home/Desktop/machine/src/install/wheel --record /media/psf/Home/Desktop/machine/src/build/wheel/install.log --single-version-externally-managed
[0.999s] running egg_info
[1.000s] writing ../build/wheel/wheel.egg-info/PKG-INFO
[1.002s] writing dependency_links to ../build/wheel/wheel.egg-info/dependency_links.txt
[1.004s] writing entry points to ../build/wheel/wheel.egg-info/entry_points.txt
[1.006s] writing requirements to ../build/wheel/wheel.egg-info/requires.txt
[1.007s] writing top-level names to ../build/wheel/wheel.egg-info/top_level.txt
[1.051s] reading manifest file '../build/wheel/wheel.egg-info/SOURCES.txt'
[1.054s] writing manifest file '../build/wheel/wheel.egg-info/SOURCES.txt'
[1.055s] running build
[1.056s] running build_py
[1.057s] running install
[1.059s] running install_lib
[1.064s] running install_data
[1.066s] running install_egg_info
[1.068s] removing '/media/psf/Home/Desktop/machine/src/install/wheel/lib/python3.8/site-packages/wheel-0.0.0-py3.8.egg-info' (and everything under it)
[1.073s] Copying ../build/wheel/wheel.egg-info to /media/psf/Home/Desktop/machine/src/install/wheel/lib/python3.8/site-packages/wheel-0.0.0-py3.8.egg-info
[1.096s] running install_scripts
[1.117s] Installing wheel_node_go script to /media/psf/Home/Desktop/machine/src/install/wheel/lib/wheel
[1.119s] Installing wheel_node_stop script to /media/psf/Home/Desktop/machine/src/install/wheel/lib/wheel
[1.123s] writing list of installed files to '/media/psf/Home/Desktop/machine/src/build/wheel/install.log'
[1.145s] Invoked command in '/media/psf/Home/Desktop/machine/src/wheel' returned '0': PYTHONPATH=/media/psf/Home/Desktop/machine/src/install/wheel/lib/python3.8/site-packages:${PYTHONPATH} /usr/bin/python3 setup.py egg_info --egg-base ../build/wheel build --build-base /media/psf/Home/Desktop/machine/src/build/wheel/build install --prefix /media/psf/Home/Desktop/machine/src/install/wheel --record /media/psf/Home/Desktop/machine/src/build/wheel/install.log --single-version-externally-managed
