running egg_info
writing ../build/motor/motor.egg-info/PKG-INFO
writing dependency_links to ../build/motor/motor.egg-info/dependency_links.txt
writing entry points to ../build/motor/motor.egg-info/entry_points.txt
writing requirements to ../build/motor/motor.egg-info/requires.txt
writing top-level names to ../build/motor/motor.egg-info/top_level.txt
reading manifest file '../build/motor/motor.egg-info/SOURCES.txt'
writing manifest file '../build/motor/motor.egg-info/SOURCES.txt'
running build
running build_py
copying motor/motor.py -> /media/psf/Home/Desktop/machine/src/build/motor/build/lib/motor
running install
running install_lib
copying /media/psf/Home/Desktop/machine/src/build/motor/build/lib/motor/motor.py -> /media/psf/Home/Desktop/machine/src/install/motor/lib/python3.8/site-packages/motor
byte-compiling /media/psf/Home/Desktop/machine/src/install/motor/lib/python3.8/site-packages/motor/motor.py to motor.cpython-38.pyc
running install_data
running install_egg_info
removing '/media/psf/Home/Desktop/machine/src/install/motor/lib/python3.8/site-packages/motor-0.0.0-py3.8.egg-info' (and everything under it)
Copying ../build/motor/motor.egg-info to /media/psf/Home/Desktop/machine/src/install/motor/lib/python3.8/site-packages/motor-0.0.0-py3.8.egg-info
running install_scripts
Installing motor_node script to /media/psf/Home/Desktop/machine/src/install/motor/lib/motor
writing list of installed files to '/media/psf/Home/Desktop/machine/src/build/motor/install.log'
